=== Application Started at Tue Mar 11 21:04:17 ICT 2025 ===
โหลดไฟล์จาก: /Users/anapat/Downloads/Java-OOP-CS30-KMITL-Roman-branch/src/../assets/icon/ICONKMITL.png
โหลดไฟล์จาก: /Users/anapat/Downloads/Java-OOP-CS30-KMITL-Roman-branch/src/../assets/icon/minimizeButton.png
โหลดไฟล์จาก: /Users/anapat/Downloads/Java-OOP-CS30-KMITL-Roman-branch/src/../assets/icon/resizeButton.png
โหลดไฟล์จาก: /Users/anapat/Downloads/Java-OOP-CS30-KMITL-Roman-branch/src/../assets/icon/closeButton.png
โหลดไฟล์จาก: /Users/anapat/Downloads/Java-OOP-CS30-KMITL-Roman-branch/src/../assets/background1.jpg
โหลดไฟล์จาก: /Users/anapat/Downloads/Java-OOP-CS30-KMITL-Roman-branch/src/../assets/icon/ICONKMITL.png
โหลดไฟล์จาก: /Users/anapat/Downloads/Java-OOP-CS30-KMITL-Roman-branch/src/../assets/Rok/Rok.png
พบไฟล์ที่: /Users/anapat/Downloads/Java-OOP-CS30-KMITL-Roman-branch/src/../assets/sound/select.wav
โหลดไฟล์เสียงสำเร็จ: select.wav
พบไฟล์ที่: /Users/anapat/Downloads/Java-OOP-CS30-KMITL-Roman-branch/src/../assets/sound/move.wav
โหลดไฟล์เสียงสำเร็จ: move.wav
พบไฟล์ที่: /Users/anapat/Downloads/Java-OOP-CS30-KMITL-Roman-branch/src/../assets/sound/capture.wav
โหลดไฟล์เสียงสำเร็จ: capture.wav
พบไฟล์ที่: /Users/anapat/Downloads/Java-OOP-CS30-KMITL-Roman-branch/src/../assets/sound/start.wav
โหลดไฟล์เสียงสำเร็จ: start.wav
พบไฟล์ที่: /Users/anapat/Downloads/Java-OOP-CS30-KMITL-Roman-branch/src/../assets/sound/error.wav
โหลดไฟล์เสียงสำเร็จ: error.wav
พบไฟล์ที่: /Users/anapat/Downloads/Java-OOP-CS30-KMITL-Roman-branch/src/../assets/sound/victory.wav
โหลดไฟล์เสียงสำเร็จ: victory.wav
พบไฟล์ที่: /Users/anapat/Downloads/Java-OOP-CS30-KMITL-Roman-branch/src/../assets/sound/SongGame.wav
โหลดไฟล์เสียงสำเร็จ: SongGame.wav
เล่นเสียงแบบวนซ้ำ: SongGame
โหลดไฟล์จาก: /Users/anapat/Downloads/Java-OOP-CS30-KMITL-Roman-branch/src/../assets/icon/AppIcon.png
เล่นเสียง: select
เล่นเสียง: select
เล่นเสียง: select
เล่นเสียง: select
โหลดไฟล์จาก: /Users/anapat/Downloads/Java-OOP-CS30-KMITL-Roman-branch/src/../assets/background2.jpg
เล่นเสียง: select
โหลดไฟล์จาก: /Users/anapat/Downloads/Java-OOP-CS30-KMITL-Roman-branch/src/../assets/background2.jpg
เล่นเสียง: select
เล่นเสียง: select
โหลดไฟล์จาก: /Users/anapat/Downloads/Java-OOP-CS30-KMITL-Roman-branch/src/../assets/background2.jpg
เล่นเสียง: select
เล่นเสียง: select
เล่นเสียง: select
Dialog shown successfully
เล่นเสียง: select
โหลดไฟล์จาก: /Users/anapat/Downloads/Java-OOP-CS30-KMITL-Roman-branch/src/../assets/background2.jpg
เล่นเสียง: select
เล่นเสียง: select
เล่นเสียง: select
เล่นเสียง: select
เล่นเสียง: select
เล่นเสียง: select
เล่นเสียง: select
เล่นเสียง: select
โหลดไฟล์จาก: /Users/anapat/Downloads/Java-OOP-CS30-KMITL-Roman-branch/src/../assets/background2.jpg
เล่นเสียง: select
เล่นเสียง: select
เล่นเสียง: select
หยุดเสียง: SongGame
เล่นเสียง: start
GameController set, isWhiteTurn: true
GameController: InfoPanel set
InfoPanel: Updating piece count - White: 8/0, Black: 8/0
GameController set, isWhiteTurn: true
โหลดไฟล์จาก: /Users/anapat/Downloads/Java-OOP-CS30-KMITL-Roman-branch/src/../assets/icon/AppIcon.png
โหลดไฟล์จาก: /Users/anapat/Downloads/Java-OOP-CS30-KMITL-Roman-branch/src/../assets/Rok/Rok.png
โหลดไฟล์จาก: /Users/anapat/Downloads/Java-OOP-CS30-KMITL-Roman-branch/src/../assets/Rok/Rok.png
โหลดไฟล์จาก: /Users/anapat/Downloads/Java-OOP-CS30-KMITL-Roman-branch/src/../assets/Rok/Rok.png
โหลดไฟล์จาก: /Users/anapat/Downloads/Java-OOP-CS30-KMITL-Roman-branch/src/../assets/Rok/Rok.png
โหลดไฟล์จาก: /Users/anapat/Downloads/Java-OOP-CS30-KMITL-Roman-branch/src/../assets/Rok/Rok.png
โหลดไฟล์จาก: /Users/anapat/Downloads/Java-OOP-CS30-KMITL-Roman-branch/src/../assets/Rok/Rok.png
โหลดไฟล์จาก: /Users/anapat/Downloads/Java-OOP-CS30-KMITL-Roman-branch/src/../assets/Rok/Rok.png
โหลดไฟล์จาก: /Users/anapat/Downloads/Java-OOP-CS30-KMITL-Roman-branch/src/../assets/Rok/Rok.png
โหลดไฟล์จาก: /Users/anapat/Downloads/Java-OOP-CS30-KMITL-Roman-branch/src/../assets/Rok/Rok.png
โหลดไฟล์จาก: /Users/anapat/Downloads/Java-OOP-CS30-KMITL-Roman-branch/src/../assets/Rok/Rok.png
โหลดไฟล์จาก: /Users/anapat/Downloads/Java-OOP-CS30-KMITL-Roman-branch/src/../assets/Rok/Rok.png
โหลดไฟล์จาก: /Users/anapat/Downloads/Java-OOP-CS30-KMITL-Roman-branch/src/../assets/Rok/Rok.png
โหลดไฟล์จาก: /Users/anapat/Downloads/Java-OOP-CS30-KMITL-Roman-branch/src/../assets/Rok/Rok.png
โหลดไฟล์จาก: /Users/anapat/Downloads/Java-OOP-CS30-KMITL-Roman-branch/src/../assets/Rok/Rok.png
โหลดไฟล์จาก: /Users/anapat/Downloads/Java-OOP-CS30-KMITL-Roman-branch/src/../assets/Rok/Rok.png
โหลดไฟล์จาก: /Users/anapat/Downloads/Java-OOP-CS30-KMITL-Roman-branch/src/../assets/Rok/Rok.png
White Time: 09:59 | Black Time: 10:00
White Time: 09:59 | Black Time: 10:00
White Time: 09:59 | Black Time: 10:00
White Time: 09:58 | Black Time: 10:00
White Time: 09:58 | Black Time: 10:00
White Time: 09:58 | Black Time: 10:00
White Time: 09:57 | Black Time: 10:00
White Time: 09:57 | Black Time: 10:00
White Time: 09:57 | Black Time: 10:00
White Time: 09:56 | Black Time: 10:00
White Time: 09:56 | Black Time: 10:00
White Time: 09:56 | Black Time: 10:00
White Time: 09:55 | Black Time: 10:00
White Time: 09:55 | Black Time: 10:00
White Time: 09:55 | Black Time: 10:00
White Time: 09:54 | Black Time: 10:00
White Time: 09:54 | Black Time: 10:00
White Time: 09:54 | Black Time: 10:00
White Time: 09:53 | Black Time: 10:00
White Time: 09:53 | Black Time: 10:00
White Time: 09:53 | Black Time: 10:00
เล่นเสียง: select
White Time: 09:52 | Black Time: 10:00
White Time: 09:52 | Black Time: 10:00
White Time: 09:52 | Black Time: 10:00
เล่นเสียง: move
White Time: 09:52 | Black Time: 10:00
DEBUG GameFrame.recordMove: Recording move for WHITE with timeSpent=0
  Timer state: White time 592s remaining, Black time 600s remaining
  Total used times - White: 8s, Black: 0s
DEBUG: Initializing timers with White=0s, Black=0s
DEBUG: Adding move #1 - White time: 8s, Black time: 0s
First move - initializing previous times to 0
White moved and took: 8s
MOVE DATA: WHITE moved from (7,5) to (5,5)
==== MOVE HISTORY DUMP ====
Move 1: White f1->f3 (took 8s), Black -->- (took 0s)
=========================
Remaining pieces: White=8, Black=8
Remaining pieces: White=8, Black=8
White Time: 09:52 | Black Time: 09:59
White Time: 09:51 | Black Time: 10:00
White Time: 09:51 | Black Time: 10:00
White Time: 09:52 | Black Time: 09:58
White Time: 09:50 | Black Time: 10:00
White Time: 09:50 | Black Time: 10:00
เล่นเสียง: select
เล่นเสียง: move
White Time: 09:52 | Black Time: 09:58
DEBUG GameFrame.recordMove: Recording move for BLACK with timeSpent=0
  Using last white move data
  Timer state: White time 590s remaining, Black time 600s remaining
  Total used times - White: 10s, Black: 0s
DEBUG: Adding move #2 - White time: 10s, Black time: 0s
White moved and took: 2s
Black moved and took: 0s
MOVE DATA: BLACK moved from (0,5) to (2,5)
==== MOVE HISTORY DUMP ====
Move 1: White f1->f3 (took 8s), Black -->- (took 0s)
Move 2: White f1->f3 (took 2s), Black f8->f6 (took 0s)
=========================
After BLACK move - ensuring timer is running
Remaining pieces: White=8, Black=8
Remaining pieces: White=8, Black=8
White Time: 09:51 | Black Time: 09:58
White Time: 09:49 | Black Time: 10:00
White Time: 09:49 | Black Time: 10:00
White Time: 09:50 | Black Time: 09:58
White Time: 09:48 | Black Time: 10:00
White Time: 09:48 | Black Time: 10:00
เล่นเสียง: select
เล่นเสียง: move
White Time: 09:50 | Black Time: 09:58
DEBUG GameFrame.recordMove: Recording move for WHITE with timeSpent=0
  Using last black move data
  Timer state: White time 588s remaining, Black time 600s remaining
  Total used times - White: 12s, Black: 0s
DEBUG: Adding move #3 - White time: 12s, Black time: 0s
White moved and took: 2s
Black moved and took: 0s
MOVE DATA: WHITE moved from (7,4) to (5,4)
==== MOVE HISTORY DUMP ====
Move 1: White f1->f3 (took 8s), Black -->- (took 0s)
Move 2: White f1->f3 (took 2s), Black f8->f6 (took 0s)
Move 3: White e1->e3 (took 2s), Black f8->f6 (took 0s)
=========================
Remaining pieces: White=8, Black=8
Remaining pieces: White=8, Black=8
White Time: 09:50 | Black Time: 09:57
White Time: 09:47 | Black Time: 10:00
White Time: 09:47 | Black Time: 10:00
เล่นเสียง: select
เล่นเสียง: move
White Time: 09:50 | Black Time: 09:57
DEBUG GameFrame.recordMove: Recording move for BLACK with timeSpent=0
  Using last white move data
  Timer state: White time 587s remaining, Black time 600s remaining
  Total used times - White: 13s, Black: 0s
DEBUG: Adding move #4 - White time: 13s, Black time: 0s
White moved and took: 1s
Black moved and took: 0s
MOVE DATA: BLACK moved from (2,5) to (2,6)
==== MOVE HISTORY DUMP ====
Move 1: White f1->f3 (took 8s), Black -->- (took 0s)
Move 2: White f1->f3 (took 2s), Black f8->f6 (took 0s)
Move 3: White e1->e3 (took 2s), Black f8->f6 (took 0s)
Move 4: White e1->e3 (took 1s), Black f6->g6 (took 0s)
=========================
After BLACK move - ensuring timer is running
Remaining pieces: White=8, Black=8
Remaining pieces: White=8, Black=8
White Time: 09:49 | Black Time: 09:57
White Time: 09:46 | Black Time: 10:00
White Time: 09:46 | Black Time: 10:00
White Time: 09:48 | Black Time: 09:57
White Time: 09:45 | Black Time: 10:00
White Time: 09:45 | Black Time: 10:00
White Time: 09:47 | Black Time: 09:57
White Time: 09:44 | Black Time: 10:00
White Time: 09:44 | Black Time: 10:00
White Time: 09:46 | Black Time: 09:57
White Time: 09:43 | Black Time: 10:00
White Time: 09:43 | Black Time: 10:00
White Time: 09:45 | Black Time: 09:57
White Time: 09:42 | Black Time: 10:00
White Time: 09:42 | Black Time: 10:00
White Time: 09:44 | Black Time: 09:57
White Time: 09:41 | Black Time: 10:00
White Time: 09:41 | Black Time: 10:00
