=== Application Started at Sun Mar 09 21:17:23 ICT 2025 ===
โหลดไฟล์จาก: C:\Users\rm\Desktop\OOP 2ed Semester\Mak Neeb Game 4\Java-OOP-CS30-KMITL\assets\icon\ICONKMITL.png
โหลดไฟล์จาก: C:\Users\rm\Desktop\OOP 2ed Semester\Mak Neeb Game 4\Java-OOP-CS30-KMITL\assets\icon\minimizeButton.png
โหลดไฟล์จาก: C:\Users\rm\Desktop\OOP 2ed Semester\Mak Neeb Game 4\Java-OOP-CS30-KMITL\assets\icon\resizeButton.png
โหลดไฟล์จาก: C:\Users\rm\Desktop\OOP 2ed Semester\Mak Neeb Game 4\Java-OOP-CS30-KMITL\assets\icon\closeButton.png
โหลดไฟล์จาก: C:\Users\rm\Desktop\OOP 2ed Semester\Mak Neeb Game 4\Java-OOP-CS30-KMITL\assets\background1.jpg
โหลดไฟล์จาก: C:\Users\rm\Desktop\OOP 2ed Semester\Mak Neeb Game 4\Java-OOP-CS30-KMITL\assets\icon\ICONKMITL.png
โหลดไฟล์จาก: C:\Users\rm\Desktop\OOP 2ed Semester\Mak Neeb Game 4\Java-OOP-CS30-KMITL\assets\Rok\Rok.png
พบไฟล์ที่: C:\Users\rm\Desktop\OOP 2ed Semester\Mak Neeb Game 4\Java-OOP-CS30-KMITL\assets\sound\select.wav
โหลดไฟล์เสียงสำเร็จ: select.wav
พบไฟล์ที่: C:\Users\rm\Desktop\OOP 2ed Semester\Mak Neeb Game 4\Java-OOP-CS30-KMITL\assets\sound\move.wav
โหลดไฟล์เสียงสำเร็จ: move.wav
พบไฟล์ที่: C:\Users\rm\Desktop\OOP 2ed Semester\Mak Neeb Game 4\Java-OOP-CS30-KMITL\assets\sound\capture.wav
โหลดไฟล์เสียงสำเร็จ: capture.wav
พบไฟล์ที่: C:\Users\rm\Desktop\OOP 2ed Semester\Mak Neeb Game 4\Java-OOP-CS30-KMITL\assets\sound\start.wav
โหลดไฟล์เสียงสำเร็จ: start.wav
พบไฟล์ที่: C:\Users\rm\Desktop\OOP 2ed Semester\Mak Neeb Game 4\Java-OOP-CS30-KMITL\assets\sound\error.wav
โหลดไฟล์เสียงสำเร็จ: error.wav
พบไฟล์ที่: C:\Users\rm\Desktop\OOP 2ed Semester\Mak Neeb Game 4\Java-OOP-CS30-KMITL\assets\sound\victory.wav
โหลดไฟล์เสียงสำเร็จ: victory.wav
พบไฟล์ที่: C:\Users\rm\Desktop\OOP 2ed Semester\Mak Neeb Game 4\Java-OOP-CS30-KMITL\assets\sound\SongGame.wav
โหลดไฟล์เสียงสำเร็จ: SongGame.wav
เล่นเสียงแบบวนซ้ำ: SongGame
โหลดไฟล์จาก: C:\Users\rm\Desktop\OOP 2ed Semester\Mak Neeb Game 4\Java-OOP-CS30-KMITL\assets\icon\AppIcon.png
เล่นเสียง: select
หยุดเสียง: SongGame
เล่นเสียง: start
GameController set, isWhiteTurn: true
GameController: InfoPanel set
InfoPanel: Updating piece count - White: 8/0, Black: 8/0
GameController set, isWhiteTurn: true
โหลดไฟล์จาก: C:\Users\rm\Desktop\OOP 2ed Semester\Mak Neeb Game 4\Java-OOP-CS30-KMITL\assets\icon\AppIcon.png
โหลดไฟล์จาก: C:\Users\rm\Desktop\OOP 2ed Semester\Mak Neeb Game 4\Java-OOP-CS30-KMITL\assets\Rok\Rok.png
โหลดไฟล์จาก: C:\Users\rm\Desktop\OOP 2ed Semester\Mak Neeb Game 4\Java-OOP-CS30-KMITL\assets\Rok\Rok.png
โหลดไฟล์จาก: C:\Users\rm\Desktop\OOP 2ed Semester\Mak Neeb Game 4\Java-OOP-CS30-KMITL\assets\Rok\Rok.png
โหลดไฟล์จาก: C:\Users\rm\Desktop\OOP 2ed Semester\Mak Neeb Game 4\Java-OOP-CS30-KMITL\assets\Rok\Rok.png
โหลดไฟล์จาก: C:\Users\rm\Desktop\OOP 2ed Semester\Mak Neeb Game 4\Java-OOP-CS30-KMITL\assets\Rok\Rok.png
โหลดไฟล์จาก: C:\Users\rm\Desktop\OOP 2ed Semester\Mak Neeb Game 4\Java-OOP-CS30-KMITL\assets\Rok\Rok.png
โหลดไฟล์จาก: C:\Users\rm\Desktop\OOP 2ed Semester\Mak Neeb Game 4\Java-OOP-CS30-KMITL\assets\Rok\Rok.png
โหลดไฟล์จาก: C:\Users\rm\Desktop\OOP 2ed Semester\Mak Neeb Game 4\Java-OOP-CS30-KMITL\assets\Rok\Rok.png
โหลดไฟล์จาก: C:\Users\rm\Desktop\OOP 2ed Semester\Mak Neeb Game 4\Java-OOP-CS30-KMITL\assets\Rok\Rok.png
โหลดไฟล์จาก: C:\Users\rm\Desktop\OOP 2ed Semester\Mak Neeb Game 4\Java-OOP-CS30-KMITL\assets\Rok\Rok.png
โหลดไฟล์จาก: C:\Users\rm\Desktop\OOP 2ed Semester\Mak Neeb Game 4\Java-OOP-CS30-KMITL\assets\Rok\Rok.png
โหลดไฟล์จาก: C:\Users\rm\Desktop\OOP 2ed Semester\Mak Neeb Game 4\Java-OOP-CS30-KMITL\assets\Rok\Rok.png
โหลดไฟล์จาก: C:\Users\rm\Desktop\OOP 2ed Semester\Mak Neeb Game 4\Java-OOP-CS30-KMITL\assets\Rok\Rok.png
โหลดไฟล์จาก: C:\Users\rm\Desktop\OOP 2ed Semester\Mak Neeb Game 4\Java-OOP-CS30-KMITL\assets\Rok\Rok.png
โหลดไฟล์จาก: C:\Users\rm\Desktop\OOP 2ed Semester\Mak Neeb Game 4\Java-OOP-CS30-KMITL\assets\Rok\Rok.png
โหลดไฟล์จาก: C:\Users\rm\Desktop\OOP 2ed Semester\Mak Neeb Game 4\Java-OOP-CS30-KMITL\assets\Rok\Rok.png
White Time: 09:59 | Black Time: 10:00
White Time: 09:59 | Black Time: 10:00
White Time: 09:59 | Black Time: 10:00
เล่นเสียง: select
เล่นเสียง: move
White Time: 09:59 | Black Time: 10:00
DEBUG GameFrame.recordMove: Recording move for WHITE with timeSpent=0
  Timer state: White time 599s remaining, Black time 600s remaining
  Total used times - White: 1s, Black: 0s
  Previous used times - White: 0s, Black: 0s
  Move time this turn - White: 1s, Black: 0s
DEBUG: Initializing timers with White=0s, Black=0s
  First move - initializing times
DEBUG: Adding move #1 - White time: 1s, Black time: 0s
First move - initializing previous times to 0
White moved and took: 1s
MOVE DATA: WHITE moved from (7,5) to (4,5)
==== MOVE HISTORY DUMP ====
Move 1: White f1->f4 (took 1s), Black -->- (took 0s)
=========================
White Time: 09:59 | Black Time: 09:59
White Time: 09:58 | Black Time: 10:00
White Time: 09:58 | Black Time: 10:00
White Time: 09:59 | Black Time: 09:58
White Time: 09:57 | Black Time: 10:00
White Time: 09:57 | Black Time: 10:00
เล่นเสียง: select
เล่นเสียง: move
White Time: 09:59 | Black Time: 09:58
DEBUG GameFrame.recordMove: Recording move for BLACK with timeSpent=0
  Using last white move data
  Timer state: White time 597s remaining, Black time 600s remaining
  Total used times - White: 3s, Black: 0s
  Previous used times - White: 1s, Black: 0s
  Move time this turn - White: 2s, Black: 0s
DEBUG: Adding move #2 - White time: 0s, Black time: 2s
White moved and took: -1s
Black moved and took: 2s
MOVE DATA: BLACK moved from (0,6) to (5,6)
==== MOVE HISTORY DUMP ====
Move 1: White f1->f4 (took 1s), Black -->- (took 0s)
Move 2: White f1->f4 (took 0s), Black g8->g3 (took 2s)
=========================
White Time: 09:58 | Black Time: 09:58
White Time: 09:56 | Black Time: 10:00
White Time: 09:56 | Black Time: 10:00
เล่นเสียง: select
เล่นเสียง: move
White Time: 09:58 | Black Time: 09:58
DEBUG GameFrame.recordMove: Recording move for WHITE with timeSpent=0
  Using last black move data
  Timer state: White time 596s remaining, Black time 600s remaining
  Total used times - White: 4s, Black: 0s
  Previous used times - White: 1s, Black: 0s
  Move time this turn - White: 3s, Black: 0s
DEBUG: Adding move #3 - White time: 3s, Black time: 0s
White moved and took: 3s
Black moved and took: -2s
MOVE DATA: WHITE moved from (7,4) to (5,4)
==== MOVE HISTORY DUMP ====
Move 1: White f1->f4 (took 1s), Black -->- (took 0s)
Move 2: White f1->f4 (took 0s), Black g8->g3 (took 2s)
Move 3: White e1->e3 (took 3s), Black g8->g3 (took 0s)
=========================
White Time: 09:58 | Black Time: 09:57
White Time: 09:55 | Black Time: 10:00
White Time: 09:55 | Black Time: 10:00
White Time: 09:58 | Black Time: 09:56
White Time: 09:54 | Black Time: 10:00
White Time: 09:54 | Black Time: 10:00
เล่นเสียง: select
เล่นเสียง: move
White Time: 09:58 | Black Time: 09:56
DEBUG GameFrame.recordMove: Recording move for BLACK with timeSpent=0
  Using last white move data
  Timer state: White time 594s remaining, Black time 600s remaining
  Total used times - White: 6s, Black: 0s
  Previous used times - White: 4s, Black: 0s
  Move time this turn - White: 2s, Black: 0s
DEBUG: Adding move #4 - White time: 0s, Black time: 2s
White moved and took: -3s
Black moved and took: 2s
MOVE DATA: BLACK moved from (0,4) to (3,4)
==== MOVE HISTORY DUMP ====
Move 1: White f1->f4 (took 1s), Black -->- (took 0s)
Move 2: White f1->f4 (took 0s), Black g8->g3 (took 2s)
Move 3: White e1->e3 (took 3s), Black g8->g3 (took 0s)
Move 4: White e1->e3 (took 0s), Black e8->e5 (took 2s)
=========================
White Time: 09:57 | Black Time: 09:56
White Time: 09:53 | Black Time: 10:00
White Time: 09:53 | Black Time: 10:00
White Time: 09:56 | Black Time: 09:56
White Time: 09:52 | Black Time: 10:00
White Time: 09:52 | Black Time: 10:00
เล่นเสียง: select
เล่นเสียง: move
White Time: 09:56 | Black Time: 09:56
DEBUG GameFrame.recordMove: Recording move for WHITE with timeSpent=0
  Using last black move data
  Timer state: White time 592s remaining, Black time 600s remaining
  Total used times - White: 8s, Black: 0s
  Previous used times - White: 4s, Black: 0s
  Move time this turn - White: 4s, Black: 0s
DEBUG: Adding move #5 - White time: 4s, Black time: 0s
White moved and took: 4s
Black moved and took: -2s
MOVE DATA: WHITE moved from (7,3) to (6,3)
==== MOVE HISTORY DUMP ====
Move 1: White f1->f4 (took 1s), Black -->- (took 0s)
Move 2: White f1->f4 (took 0s), Black g8->g3 (took 2s)
Move 3: White e1->e3 (took 3s), Black g8->g3 (took 0s)
Move 4: White e1->e3 (took 0s), Black e8->e5 (took 2s)
Move 5: White d1->d2 (took 4s), Black e8->e5 (took 0s)
=========================
White Time: 09:56 | Black Time: 09:55
White Time: 09:51 | Black Time: 10:00
White Time: 09:51 | Black Time: 10:00
White Time: 09:56 | Black Time: 09:54
White Time: 09:50 | Black Time: 10:00
White Time: 09:50 | Black Time: 10:00
เล่นเสียง: select
เล่นเสียง: move
White Time: 09:56 | Black Time: 09:54
DEBUG GameFrame.recordMove: Recording move for BLACK with timeSpent=0
  Using last white move data
  Timer state: White time 590s remaining, Black time 600s remaining
  Total used times - White: 10s, Black: 0s
  Previous used times - White: 8s, Black: 0s
  Move time this turn - White: 2s, Black: 0s
DEBUG: Adding move #6 - White time: 0s, Black time: 2s
White moved and took: -4s
Black moved and took: 2s
MOVE DATA: BLACK moved from (0,3) to (1,3)
==== MOVE HISTORY DUMP ====
Move 1: White f1->f4 (took 1s), Black -->- (took 0s)
Move 2: White f1->f4 (took 0s), Black g8->g3 (took 2s)
Move 3: White e1->e3 (took 3s), Black g8->g3 (took 0s)
Move 4: White e1->e3 (took 0s), Black e8->e5 (took 2s)
Move 5: White d1->d2 (took 4s), Black e8->e5 (took 0s)
Move 6: White d1->d2 (took 0s), Black d8->d7 (took 2s)
=========================
White Time: 09:55 | Black Time: 09:54
White Time: 09:49 | Black Time: 10:00
White Time: 09:49 | Black Time: 10:00
White Time: 09:54 | Black Time: 09:54
White Time: 09:48 | Black Time: 10:00
White Time: 09:48 | Black Time: 10:00
เล่นเสียง: select
เล่นเสียง: move
White Time: 09:54 | Black Time: 09:54
DEBUG GameFrame.recordMove: Recording move for WHITE with timeSpent=0
  Using last black move data
  Timer state: White time 588s remaining, Black time 600s remaining
  Total used times - White: 12s, Black: 0s
  Previous used times - White: 8s, Black: 0s
  Move time this turn - White: 4s, Black: 0s
DEBUG: Adding move #7 - White time: 4s, Black time: 0s
White moved and took: 4s
Black moved and took: -2s
MOVE DATA: WHITE moved from (7,2) to (6,2)
==== MOVE HISTORY DUMP ====
Move 1: White f1->f4 (took 1s), Black -->- (took 0s)
Move 2: White f1->f4 (took 0s), Black g8->g3 (took 2s)
Move 3: White e1->e3 (took 3s), Black g8->g3 (took 0s)
Move 4: White e1->e3 (took 0s), Black e8->e5 (took 2s)
Move 5: White d1->d2 (took 4s), Black e8->e5 (took 0s)
Move 6: White d1->d2 (took 0s), Black d8->d7 (took 2s)
Move 7: White c1->c2 (took 4s), Black d8->d7 (took 0s)
=========================
White Time: 09:54 | Black Time: 09:53
White Time: 09:47 | Black Time: 10:00
White Time: 09:47 | Black Time: 10:00
White Time: 09:54 | Black Time: 09:52
White Time: 09:46 | Black Time: 10:00
White Time: 09:46 | Black Time: 10:00
White Time: 09:54 | Black Time: 09:51
White Time: 09:45 | Black Time: 10:00
White Time: 09:45 | Black Time: 10:00
เล่นเสียง: select
เล่นเสียง: move
White Time: 09:54 | Black Time: 09:51
DEBUG GameFrame.recordMove: Recording move for BLACK with timeSpent=0
  Using last white move data
  Timer state: White time 585s remaining, Black time 600s remaining
  Total used times - White: 15s, Black: 0s
  Previous used times - White: 12s, Black: 0s
  Move time this turn - White: 3s, Black: 0s
DEBUG: Adding move #8 - White time: 0s, Black time: 3s
White moved and took: -4s
Black moved and took: 3s
MOVE DATA: BLACK moved from (3,4) to (3,3)
==== MOVE HISTORY DUMP ====
Move 1: White f1->f4 (took 1s), Black -->- (took 0s)
Move 2: White f1->f4 (took 0s), Black g8->g3 (took 2s)
Move 3: White e1->e3 (took 3s), Black g8->g3 (took 0s)
Move 4: White e1->e3 (took 0s), Black e8->e5 (took 2s)
Move 5: White d1->d2 (took 4s), Black e8->e5 (took 0s)
Move 6: White d1->d2 (took 0s), Black d8->d7 (took 2s)
Move 7: White c1->c2 (took 4s), Black d8->d7 (took 0s)
Move 8: White c1->c2 (took 0s), Black e5->d5 (took 3s)
=========================
White Time: 09:53 | Black Time: 09:51
White Time: 09:44 | Black Time: 10:00
White Time: 09:44 | Black Time: 10:00
White Time: 09:52 | Black Time: 09:51
White Time: 09:43 | Black Time: 10:00
White Time: 09:43 | Black Time: 10:00
เล่นเสียง: select
เล่นเสียง: move
White Time: 09:52 | Black Time: 09:51
DEBUG GameFrame.recordMove: Recording move for WHITE with timeSpent=0
  Using last black move data
  Timer state: White time 583s remaining, Black time 600s remaining
  Total used times - White: 17s, Black: 0s
  Previous used times - White: 12s, Black: 0s
  Move time this turn - White: 5s, Black: 0s
DEBUG: Adding move #9 - White time: 5s, Black time: 0s
White moved and took: 5s
Black moved and took: -3s
MOVE DATA: WHITE moved from (6,2) to (5,2)
==== MOVE HISTORY DUMP ====
Move 1: White f1->f4 (took 1s), Black -->- (took 0s)
Move 2: White f1->f4 (took 0s), Black g8->g3 (took 2s)
Move 3: White e1->e3 (took 3s), Black g8->g3 (took 0s)
Move 4: White e1->e3 (took 0s), Black e8->e5 (took 2s)
Move 5: White d1->d2 (took 4s), Black e8->e5 (took 0s)
Move 6: White d1->d2 (took 0s), Black d8->d7 (took 2s)
Move 7: White c1->c2 (took 4s), Black d8->d7 (took 0s)
Move 8: White c1->c2 (took 0s), Black e5->d5 (took 3s)
Move 9: White c2->c3 (took 5s), Black e5->d5 (took 0s)
=========================
White Time: 09:52 | Black Time: 09:50
White Time: 09:42 | Black Time: 10:00
White Time: 09:42 | Black Time: 10:00
White Time: 09:52 | Black Time: 09:49
White Time: 09:41 | Black Time: 10:00
White Time: 09:41 | Black Time: 10:00
White Time: 09:52 | Black Time: 09:48
White Time: 09:40 | Black Time: 10:00
White Time: 09:40 | Black Time: 10:00
เล่นเสียง: select
เล่นเสียง: move
White Time: 09:52 | Black Time: 09:48
DEBUG GameFrame.recordMove: Recording move for BLACK with timeSpent=0
  Using last white move data
  Timer state: White time 580s remaining, Black time 600s remaining
  Total used times - White: 20s, Black: 0s
  Previous used times - White: 17s, Black: 0s
  Move time this turn - White: 3s, Black: 0s
DEBUG: Adding move #10 - White time: 0s, Black time: 3s
White moved and took: -5s
Black moved and took: 3s
MOVE DATA: BLACK moved from (0,7) to (1,7)
==== MOVE HISTORY DUMP ====
Move 1: White f1->f4 (took 1s), Black -->- (took 0s)
Move 2: White f1->f4 (took 0s), Black g8->g3 (took 2s)
Move 3: White e1->e3 (took 3s), Black g8->g3 (took 0s)
Move 4: White e1->e3 (took 0s), Black e8->e5 (took 2s)
Move 5: White d1->d2 (took 4s), Black e8->e5 (took 0s)
Move 6: White d1->d2 (took 0s), Black d8->d7 (took 2s)
Move 7: White c1->c2 (took 4s), Black d8->d7 (took 0s)
Move 8: White c1->c2 (took 0s), Black e5->d5 (took 3s)
Move 9: White c2->c3 (took 5s), Black e5->d5 (took 0s)
Move 10: White c2->c3 (took 0s), Black h8->h7 (took 3s)
=========================
White Time: 09:51 | Black Time: 09:48
White Time: 09:39 | Black Time: 10:00
White Time: 09:39 | Black Time: 10:00
White Time: 09:50 | Black Time: 09:48
White Time: 09:38 | Black Time: 10:00
White Time: 09:38 | Black Time: 10:00
White Time: 09:49 | Black Time: 09:48
White Time: 09:37 | Black Time: 10:00
White Time: 09:37 | Black Time: 10:00
เล่นเสียง: select
เล่นเสียง: move
White Time: 09:49 | Black Time: 09:48
DEBUG GameFrame.recordMove: Recording move for WHITE with timeSpent=0
  Using last black move data
  Timer state: White time 577s remaining, Black time 600s remaining
  Total used times - White: 23s, Black: 0s
  Previous used times - White: 17s, Black: 0s
  Move time this turn - White: 6s, Black: 0s
DEBUG: Adding move #11 - White time: 6s, Black time: 0s
White moved and took: 6s
Black moved and took: -3s
MOVE DATA: WHITE moved from (4,5) to (3,5)
==== MOVE HISTORY DUMP ====
Move 1: White f1->f4 (took 1s), Black -->- (took 0s)
Move 2: White f1->f4 (took 0s), Black g8->g3 (took 2s)
Move 3: White e1->e3 (took 3s), Black g8->g3 (took 0s)
Move 4: White e1->e3 (took 0s), Black e8->e5 (took 2s)
Move 5: White d1->d2 (took 4s), Black e8->e5 (took 0s)
Move 6: White d1->d2 (took 0s), Black d8->d7 (took 2s)
Move 7: White c1->c2 (took 4s), Black d8->d7 (took 0s)
Move 8: White c1->c2 (took 0s), Black e5->d5 (took 3s)
Move 9: White c2->c3 (took 5s), Black e5->d5 (took 0s)
Move 10: White c2->c3 (took 0s), Black h8->h7 (took 3s)
Move 11: White f4->f5 (took 6s), Black h8->h7 (took 0s)
=========================
White Time: 09:49 | Black Time: 09:47
White Time: 09:36 | Black Time: 10:00
White Time: 09:36 | Black Time: 10:00
White Time: 09:49 | Black Time: 09:46
White Time: 09:35 | Black Time: 10:00
White Time: 09:35 | Black Time: 10:00
White Time: 09:49 | Black Time: 09:45
White Time: 09:34 | Black Time: 10:00
เล่นเสียง: select
White Time: 09:34 | Black Time: 10:00
เล่นเสียง: move
White Time: 09:49 | Black Time: 09:45
DEBUG GameFrame.recordMove: Recording move for BLACK with timeSpent=0
  Using last white move data
  Timer state: White time 574s remaining, Black time 600s remaining
  Total used times - White: 26s, Black: 0s
  Previous used times - White: 23s, Black: 0s
  Move time this turn - White: 3s, Black: 0s
DEBUG: Adding move #12 - White time: 0s, Black time: 3s
White moved and took: -6s
Black moved and took: 3s
MOVE DATA: BLACK moved from (0,5) to (1,5)
==== MOVE HISTORY DUMP ====
Move 1: White f1->f4 (took 1s), Black -->- (took 0s)
Move 2: White f1->f4 (took 0s), Black g8->g3 (took 2s)
Move 3: White e1->e3 (took 3s), Black g8->g3 (took 0s)
Move 4: White e1->e3 (took 0s), Black e8->e5 (took 2s)
Move 5: White d1->d2 (took 4s), Black e8->e5 (took 0s)
Move 6: White d1->d2 (took 0s), Black d8->d7 (took 2s)
Move 7: White c1->c2 (took 4s), Black d8->d7 (took 0s)
Move 8: White c1->c2 (took 0s), Black e5->d5 (took 3s)
Move 9: White c2->c3 (took 5s), Black e5->d5 (took 0s)
Move 10: White c2->c3 (took 0s), Black h8->h7 (took 3s)
Move 11: White f4->f5 (took 6s), Black h8->h7 (took 0s)
Move 12: White f4->f5 (took 0s), Black f8->f7 (took 3s)
=========================
White Time: 09:48 | Black Time: 09:45
White Time: 09:33 | Black Time: 10:00
White Time: 09:33 | Black Time: 10:00
White Time: 09:47 | Black Time: 09:45
White Time: 09:32 | Black Time: 10:00
White Time: 09:32 | Black Time: 10:00
เล่นเสียง: select
เล่นเสียง: move
White Time: 09:47 | Black Time: 09:45
DEBUG GameFrame.recordMove: Recording move for WHITE with timeSpent=0
  Using last black move data
  Timer state: White time 572s remaining, Black time 600s remaining
  Total used times - White: 28s, Black: 0s
  Previous used times - White: 23s, Black: 0s
  Move time this turn - White: 5s, Black: 0s
DEBUG: Adding move #13 - White time: 5s, Black time: 0s
White moved and took: 5s
Black moved and took: -3s
MOVE DATA: WHITE moved from (7,7) to (6,7)
==== MOVE HISTORY DUMP ====
Move 1: White f1->f4 (took 1s), Black -->- (took 0s)
Move 2: White f1->f4 (took 0s), Black g8->g3 (took 2s)
Move 3: White e1->e3 (took 3s), Black g8->g3 (took 0s)
Move 4: White e1->e3 (took 0s), Black e8->e5 (took 2s)
Move 5: White d1->d2 (took 4s), Black e8->e5 (took 0s)
Move 6: White d1->d2 (took 0s), Black d8->d7 (took 2s)
Move 7: White c1->c2 (took 4s), Black d8->d7 (took 0s)
Move 8: White c1->c2 (took 0s), Black e5->d5 (took 3s)
Move 9: White c2->c3 (took 5s), Black e5->d5 (took 0s)
Move 10: White c2->c3 (took 0s), Black h8->h7 (took 3s)
Move 11: White f4->f5 (took 6s), Black h8->h7 (took 0s)
Move 12: White f4->f5 (took 0s), Black f8->f7 (took 3s)
Move 13: White h1->h2 (took 5s), Black f8->f7 (took 0s)
=========================
White Time: 09:47 | Black Time: 09:44
White Time: 09:31 | Black Time: 10:00
White Time: 09:31 | Black Time: 10:00
White Time: 09:47 | Black Time: 09:43
White Time: 09:30 | Black Time: 10:00
White Time: 09:30 | Black Time: 10:00
เล่นเสียง: select
เล่นเสียง: move
White Time: 09:47 | Black Time: 09:43
DEBUG GameFrame.recordMove: Recording move for BLACK with timeSpent=0
  Using last white move data
  Timer state: White time 570s remaining, Black time 600s remaining
  Total used times - White: 30s, Black: 0s
  Previous used times - White: 28s, Black: 0s
  Move time this turn - White: 2s, Black: 0s
DEBUG: Adding move #14 - White time: 0s, Black time: 2s
White moved and took: -5s
Black moved and took: 2s
MOVE DATA: BLACK moved from (5,6) to (6,6)
==== MOVE HISTORY DUMP ====
Move 1: White f1->f4 (took 1s), Black -->- (took 0s)
Move 2: White f1->f4 (took 0s), Black g8->g3 (took 2s)
Move 3: White e1->e3 (took 3s), Black g8->g3 (took 0s)
Move 4: White e1->e3 (took 0s), Black e8->e5 (took 2s)
Move 5: White d1->d2 (took 4s), Black e8->e5 (took 0s)
Move 6: White d1->d2 (took 0s), Black d8->d7 (took 2s)
Move 7: White c1->c2 (took 4s), Black d8->d7 (took 0s)
Move 8: White c1->c2 (took 0s), Black e5->d5 (took 3s)
Move 9: White c2->c3 (took 5s), Black e5->d5 (took 0s)
Move 10: White c2->c3 (took 0s), Black h8->h7 (took 3s)
Move 11: White f4->f5 (took 6s), Black h8->h7 (took 0s)
Move 12: White f4->f5 (took 0s), Black f8->f7 (took 3s)
Move 13: White h1->h2 (took 5s), Black f8->f7 (took 0s)
Move 14: White h1->h2 (took 0s), Black g3->g2 (took 2s)
=========================
White Time: 09:46 | Black Time: 09:43
White Time: 09:29 | Black Time: 10:00
White Time: 09:29 | Black Time: 10:00
White Time: 09:45 | Black Time: 09:43
White Time: 09:28 | Black Time: 10:00
White Time: 09:28 | Black Time: 10:00
White Time: 09:44 | Black Time: 09:43
White Time: 09:27 | Black Time: 10:00
White Time: 09:27 | Black Time: 10:00
เล่นเสียง: select
เล่นเสียง: move
White Time: 09:44 | Black Time: 09:43
DEBUG GameFrame.recordMove: Recording move for WHITE with timeSpent=0
  Using last black move data
  Timer state: White time 567s remaining, Black time 600s remaining
  Total used times - White: 33s, Black: 0s
  Previous used times - White: 28s, Black: 0s
  Move time this turn - White: 5s, Black: 0s
DEBUG: Adding move #15 - White time: 5s, Black time: 0s
White moved and took: 5s
Black moved and took: -2s
MOVE DATA: WHITE moved from (3,5) to (4,5)
==== MOVE HISTORY DUMP ====
Move 1: White f1->f4 (took 1s), Black -->- (took 0s)
Move 2: White f1->f4 (took 0s), Black g8->g3 (took 2s)
Move 3: White e1->e3 (took 3s), Black g8->g3 (took 0s)
Move 4: White e1->e3 (took 0s), Black e8->e5 (took 2s)
Move 5: White d1->d2 (took 4s), Black e8->e5 (took 0s)
Move 6: White d1->d2 (took 0s), Black d8->d7 (took 2s)
Move 7: White c1->c2 (took 4s), Black d8->d7 (took 0s)
Move 8: White c1->c2 (took 0s), Black e5->d5 (took 3s)
Move 9: White c2->c3 (took 5s), Black e5->d5 (took 0s)
Move 10: White c2->c3 (took 0s), Black h8->h7 (took 3s)
Move 11: White f4->f5 (took 6s), Black h8->h7 (took 0s)
Move 12: White f4->f5 (took 0s), Black f8->f7 (took 3s)
Move 13: White h1->h2 (took 5s), Black f8->f7 (took 0s)
Move 14: White h1->h2 (took 0s), Black g3->g2 (took 2s)
Move 15: White f5->f4 (took 5s), Black g3->g2 (took 0s)
=========================
White Time: 09:44 | Black Time: 09:42
White Time: 09:26 | Black Time: 10:00
White Time: 09:26 | Black Time: 10:00
White Time: 09:44 | Black Time: 09:41
White Time: 09:25 | Black Time: 10:00
White Time: 09:25 | Black Time: 10:00
White Time: 09:44 | Black Time: 09:40
White Time: 09:24 | Black Time: 10:00
White Time: 09:24 | Black Time: 10:00
White Time: 09:44 | Black Time: 09:39
White Time: 09:23 | Black Time: 10:00
White Time: 09:23 | Black Time: 10:00
White Time: 09:44 | Black Time: 09:38
White Time: 09:22 | Black Time: 10:00
White Time: 09:22 | Black Time: 10:00
White Time: 09:44 | Black Time: 09:37
White Time: 09:21 | Black Time: 10:00
White Time: 09:21 | Black Time: 10:00
White Time: 09:44 | Black Time: 09:36
White Time: 09:20 | Black Time: 10:00
White Time: 09:20 | Black Time: 10:00
White Time: 09:44 | Black Time: 09:35
White Time: 09:19 | Black Time: 10:00
White Time: 09:19 | Black Time: 10:00
White Time: 09:44 | Black Time: 09:34
White Time: 09:18 | Black Time: 10:00
White Time: 09:18 | Black Time: 10:00
เล่นเสียง: select
เล่นเสียง: move
White Time: 09:44 | Black Time: 09:34
DEBUG GameFrame.recordMove: Recording move for BLACK with timeSpent=0
  Using last white move data
  Timer state: White time 558s remaining, Black time 600s remaining
  Total used times - White: 42s, Black: 0s
  Previous used times - White: 33s, Black: 0s
  Move time this turn - White: 9s, Black: 0s
DEBUG: Adding move #16 - White time: 0s, Black time: 9s
White moved and took: -5s
Black moved and took: 9s
MOVE DATA: BLACK moved from (6,6) to (4,6)
==== MOVE HISTORY DUMP ====
Move 1: White f1->f4 (took 1s), Black -->- (took 0s)
Move 2: White f1->f4 (took 0s), Black g8->g3 (took 2s)
Move 3: White e1->e3 (took 3s), Black g8->g3 (took 0s)
Move 4: White e1->e3 (took 0s), Black e8->e5 (took 2s)
Move 5: White d1->d2 (took 4s), Black e8->e5 (took 0s)
Move 6: White d1->d2 (took 0s), Black d8->d7 (took 2s)
Move 7: White c1->c2 (took 4s), Black d8->d7 (took 0s)
Move 8: White c1->c2 (took 0s), Black e5->d5 (took 3s)
Move 9: White c2->c3 (took 5s), Black e5->d5 (took 0s)
Move 10: White c2->c3 (took 0s), Black h8->h7 (took 3s)
Move 11: White f4->f5 (took 6s), Black h8->h7 (took 0s)
Move 12: White f4->f5 (took 0s), Black f8->f7 (took 3s)
Move 13: White h1->h2 (took 5s), Black f8->f7 (took 0s)
Move 14: White h1->h2 (took 0s), Black g3->g2 (took 2s)
Move 15: White f5->f4 (took 5s), Black g3->g2 (took 0s)
Move 16: White f5->f4 (took 0s), Black g2->g4 (took 9s)
=========================
White Time: 09:43 | Black Time: 09:34
White Time: 09:17 | Black Time: 10:00
White Time: 09:17 | Black Time: 10:00
White Time: 09:42 | Black Time: 09:34
เล่นเสียง: select
White Time: 09:16 | Black Time: 10:00
White Time: 09:16 | Black Time: 10:00
เล่นเสียง: move
White Time: 09:42 | Black Time: 09:34
DEBUG GameFrame.recordMove: Recording move for WHITE with timeSpent=0
  Using last black move data
  Timer state: White time 556s remaining, Black time 600s remaining
  Total used times - White: 44s, Black: 0s
  Previous used times - White: 33s, Black: 0s
  Move time this turn - White: 11s, Black: 0s
DEBUG: Adding move #17 - White time: 11s, Black time: 0s
White moved and took: 11s
Black moved and took: -9s
MOVE DATA: WHITE moved from (7,6) to (6,6)
==== MOVE HISTORY DUMP ====
Move 1: White f1->f4 (took 1s), Black -->- (took 0s)
Move 2: White f1->f4 (took 0s), Black g8->g3 (took 2s)
Move 3: White e1->e3 (took 3s), Black g8->g3 (took 0s)
Move 4: White e1->e3 (took 0s), Black e8->e5 (took 2s)
Move 5: White d1->d2 (took 4s), Black e8->e5 (took 0s)
Move 6: White d1->d2 (took 0s), Black d8->d7 (took 2s)
Move 7: White c1->c2 (took 4s), Black d8->d7 (took 0s)
Move 8: White c1->c2 (took 0s), Black e5->d5 (took 3s)
Move 9: White c2->c3 (took 5s), Black e5->d5 (took 0s)
Move 10: White c2->c3 (took 0s), Black h8->h7 (took 3s)
Move 11: White f4->f5 (took 6s), Black h8->h7 (took 0s)
Move 12: White f4->f5 (took 0s), Black f8->f7 (took 3s)
Move 13: White h1->h2 (took 5s), Black f8->f7 (took 0s)
Move 14: White h1->h2 (took 0s), Black g3->g2 (took 2s)
Move 15: White f5->f4 (took 5s), Black g3->g2 (took 0s)
Move 16: White f5->f4 (took 0s), Black g2->g4 (took 9s)
Move 17: White g1->g2 (took 11s), Black g2->g4 (took 0s)
=========================
White Time: 09:42 | Black Time: 09:33
White Time: 09:15 | Black Time: 10:00
White Time: 09:15 | Black Time: 10:00
White Time: 09:42 | Black Time: 09:32
White Time: 09:14 | Black Time: 10:00
White Time: 09:14 | Black Time: 10:00
White Time: 09:42 | Black Time: 09:31
White Time: 09:13 | Black Time: 10:00
White Time: 09:13 | Black Time: 10:00
White Time: 09:42 | Black Time: 09:30
White Time: 09:12 | Black Time: 10:00
White Time: 09:12 | Black Time: 10:00
White Time: 09:42 | Black Time: 09:29
White Time: 09:11 | Black Time: 10:00
White Time: 09:11 | Black Time: 10:00
White Time: 09:42 | Black Time: 09:28
White Time: 09:10 | Black Time: 10:00
White Time: 09:10 | Black Time: 10:00
White Time: 09:42 | Black Time: 09:27
White Time: 09:09 | Black Time: 10:00
White Time: 09:09 | Black Time: 10:00
White Time: 09:42 | Black Time: 09:26
White Time: 09:08 | Black Time: 10:00
White Time: 09:08 | Black Time: 10:00
White Time: 09:42 | Black Time: 09:25
White Time: 09:07 | Black Time: 10:00
White Time: 09:07 | Black Time: 10:00
เล่นเสียง: select
White Time: 09:42 | Black Time: 09:24
White Time: 09:06 | Black Time: 10:00
White Time: 09:06 | Black Time: 10:00
เล่นเสียง: move
White Time: 09:42 | Black Time: 09:24
DEBUG GameFrame.recordMove: Recording move for BLACK with timeSpent=0
  Using last white move data
  Timer state: White time 546s remaining, Black time 600s remaining
  Total used times - White: 54s, Black: 0s
  Previous used times - White: 44s, Black: 0s
  Move time this turn - White: 10s, Black: 0s
DEBUG: Adding move #18 - White time: 0s, Black time: 10s
White moved and took: -11s
Black moved and took: 10s
MOVE DATA: BLACK moved from (3,3) to (3,2)
==== MOVE HISTORY DUMP ====
Move 1: White f1->f4 (took 1s), Black -->- (took 0s)
Move 2: White f1->f4 (took 0s), Black g8->g3 (took 2s)
Move 3: White e1->e3 (took 3s), Black g8->g3 (took 0s)
Move 4: White e1->e3 (took 0s), Black e8->e5 (took 2s)
Move 5: White d1->d2 (took 4s), Black e8->e5 (took 0s)
Move 6: White d1->d2 (took 0s), Black d8->d7 (took 2s)
Move 7: White c1->c2 (took 4s), Black d8->d7 (took 0s)
Move 8: White c1->c2 (took 0s), Black e5->d5 (took 3s)
Move 9: White c2->c3 (took 5s), Black e5->d5 (took 0s)
Move 10: White c2->c3 (took 0s), Black h8->h7 (took 3s)
Move 11: White f4->f5 (took 6s), Black h8->h7 (took 0s)
Move 12: White f4->f5 (took 0s), Black f8->f7 (took 3s)
Move 13: White h1->h2 (took 5s), Black f8->f7 (took 0s)
Move 14: White h1->h2 (took 0s), Black g3->g2 (took 2s)
Move 15: White f5->f4 (took 5s), Black g3->g2 (took 0s)
Move 16: White f5->f4 (took 0s), Black g2->g4 (took 9s)
Move 17: White g1->g2 (took 11s), Black g2->g4 (took 0s)
Move 18: White g1->g2 (took 0s), Black d5->c5 (took 10s)
=========================
White Time: 09:41 | Black Time: 09:24
White Time: 09:05 | Black Time: 10:00
White Time: 09:05 | Black Time: 10:00
White Time: 09:40 | Black Time: 09:24
White Time: 09:04 | Black Time: 10:00
White Time: 09:04 | Black Time: 10:00
White Time: 09:39 | Black Time: 09:24
White Time: 09:03 | Black Time: 10:00
White Time: 09:03 | Black Time: 10:00
เล่นเสียง: select
เล่นเสียง: move
White Time: 09:39 | Black Time: 09:24
DEBUG GameFrame.recordMove: Recording move for WHITE with timeSpent=0
  Using last black move data
  Timer state: White time 543s remaining, Black time 600s remaining
  Total used times - White: 57s, Black: 0s
  Previous used times - White: 44s, Black: 0s
  Move time this turn - White: 13s, Black: 0s
DEBUG: Adding move #19 - White time: 13s, Black time: 0s
White moved and took: 13s
Black moved and took: -10s
MOVE DATA: WHITE moved from (5,2) to (4,2)
==== MOVE HISTORY DUMP ====
Move 1: White f1->f4 (took 1s), Black -->- (took 0s)
Move 2: White f1->f4 (took 0s), Black g8->g3 (took 2s)
Move 3: White e1->e3 (took 3s), Black g8->g3 (took 0s)
Move 4: White e1->e3 (took 0s), Black e8->e5 (took 2s)
Move 5: White d1->d2 (took 4s), Black e8->e5 (took 0s)
Move 6: White d1->d2 (took 0s), Black d8->d7 (took 2s)
Move 7: White c1->c2 (took 4s), Black d8->d7 (took 0s)
Move 8: White c1->c2 (took 0s), Black e5->d5 (took 3s)
Move 9: White c2->c3 (took 5s), Black e5->d5 (took 0s)
Move 10: White c2->c3 (took 0s), Black h8->h7 (took 3s)
Move 11: White f4->f5 (took 6s), Black h8->h7 (took 0s)
Move 12: White f4->f5 (took 0s), Black f8->f7 (took 3s)
Move 13: White h1->h2 (took 5s), Black f8->f7 (took 0s)
Move 14: White h1->h2 (took 0s), Black g3->g2 (took 2s)
Move 15: White f5->f4 (took 5s), Black g3->g2 (took 0s)
Move 16: White f5->f4 (took 0s), Black g2->g4 (took 9s)
Move 17: White g1->g2 (took 11s), Black g2->g4 (took 0s)
Move 18: White g1->g2 (took 0s), Black d5->c5 (took 10s)
Move 19: White c3->c4 (took 13s), Black d5->c5 (took 0s)
=========================
White Time: 09:39 | Black Time: 09:23
White Time: 09:02 | Black Time: 10:00
White Time: 09:02 | Black Time: 10:00
White Time: 09:39 | Black Time: 09:22
White Time: 09:01 | Black Time: 10:00
White Time: 09:01 | Black Time: 10:00
เล่นเสียง: select
White Time: 09:39 | Black Time: 09:21
White Time: 09:00 | Black Time: 10:00
White Time: 09:00 | Black Time: 10:00
เล่นเสียง: move
White Time: 09:39 | Black Time: 09:21
DEBUG GameFrame.recordMove: Recording move for BLACK with timeSpent=0
  Using last white move data
  Timer state: White time 540s remaining, Black time 600s remaining
  Total used times - White: 60s, Black: 0s
  Previous used times - White: 57s, Black: 0s
  Move time this turn - White: 3s, Black: 0s
DEBUG: Adding move #20 - White time: 0s, Black time: 3s
White moved and took: -13s
Black moved and took: 3s
MOVE DATA: BLACK moved from (0,2) to (1,2)
==== MOVE HISTORY DUMP ====
Move 1: White f1->f4 (took 1s), Black -->- (took 0s)
Move 2: White f1->f4 (took 0s), Black g8->g3 (took 2s)
Move 3: White e1->e3 (took 3s), Black g8->g3 (took 0s)
Move 4: White e1->e3 (took 0s), Black e8->e5 (took 2s)
Move 5: White d1->d2 (took 4s), Black e8->e5 (took 0s)
Move 6: White d1->d2 (took 0s), Black d8->d7 (took 2s)
Move 7: White c1->c2 (took 4s), Black d8->d7 (took 0s)
Move 8: White c1->c2 (took 0s), Black e5->d5 (took 3s)
Move 9: White c2->c3 (took 5s), Black e5->d5 (took 0s)
Move 10: White c2->c3 (took 0s), Black h8->h7 (took 3s)
Move 11: White f4->f5 (took 6s), Black h8->h7 (took 0s)
Move 12: White f4->f5 (took 0s), Black f8->f7 (took 3s)
Move 13: White h1->h2 (took 5s), Black f8->f7 (took 0s)
Move 14: White h1->h2 (took 0s), Black g3->g2 (took 2s)
Move 15: White f5->f4 (took 5s), Black g3->g2 (took 0s)
Move 16: White f5->f4 (took 0s), Black g2->g4 (took 9s)
Move 17: White g1->g2 (took 11s), Black g2->g4 (took 0s)
Move 18: White g1->g2 (took 0s), Black d5->c5 (took 10s)
Move 19: White c3->c4 (took 13s), Black d5->c5 (took 0s)
Move 20: White c3->c4 (took 0s), Black c8->c7 (took 3s)
=========================
White Time: 09:38 | Black Time: 09:21
White Time: 08:59 | Black Time: 10:00
White Time: 08:59 | Black Time: 10:00
White Time: 09:37 | Black Time: 09:21
White Time: 08:58 | Black Time: 10:00
White Time: 08:58 | Black Time: 10:00
เล่นเสียง: select
White Time: 09:36 | Black Time: 09:21
เล่นเสียง: move
White Time: 09:36 | Black Time: 09:21
DEBUG GameFrame.recordMove: Recording move for WHITE with timeSpent=0
  Using last black move data
  Timer state: White time 538s remaining, Black time 600s remaining
  Total used times - White: 62s, Black: 0s
  Previous used times - White: 57s, Black: 0s
  Move time this turn - White: 5s, Black: 0s
DEBUG: Adding move #21 - White time: 5s, Black time: 0s
White moved and took: 5s
Black moved and took: -3s
MOVE DATA: WHITE moved from (5,4) to (3,4)
==== MOVE HISTORY DUMP ====
Move 1: White f1->f4 (took 1s), Black -->- (took 0s)
Move 2: White f1->f4 (took 0s), Black g8->g3 (took 2s)
Move 3: White e1->e3 (took 3s), Black g8->g3 (took 0s)
Move 4: White e1->e3 (took 0s), Black e8->e5 (took 2s)
Move 5: White d1->d2 (took 4s), Black e8->e5 (took 0s)
Move 6: White d1->d2 (took 0s), Black d8->d7 (took 2s)
Move 7: White c1->c2 (took 4s), Black d8->d7 (took 0s)
Move 8: White c1->c2 (took 0s), Black e5->d5 (took 3s)
Move 9: White c2->c3 (took 5s), Black e5->d5 (took 0s)
Move 10: White c2->c3 (took 0s), Black h8->h7 (took 3s)
Move 11: White f4->f5 (took 6s), Black h8->h7 (took 0s)
Move 12: White f4->f5 (took 0s), Black f8->f7 (took 3s)
Move 13: White h1->h2 (took 5s), Black f8->f7 (took 0s)
Move 14: White h1->h2 (took 0s), Black g3->g2 (took 2s)
Move 15: White f5->f4 (took 5s), Black g3->g2 (took 0s)
Move 16: White f5->f4 (took 0s), Black g2->g4 (took 9s)
Move 17: White g1->g2 (took 11s), Black g2->g4 (took 0s)
Move 18: White g1->g2 (took 0s), Black d5->c5 (took 10s)
Move 19: White c3->c4 (took 13s), Black d5->c5 (took 0s)
Move 20: White c3->c4 (took 0s), Black c8->c7 (took 3s)
Move 21: White e3->e5 (took 5s), Black c8->c7 (took 0s)
=========================
White Time: 08:57 | Black Time: 10:00
White Time: 08:57 | Black Time: 10:00
White Time: 09:36 | Black Time: 09:20
White Time: 08:56 | Black Time: 10:00
White Time: 08:56 | Black Time: 10:00
White Time: 09:36 | Black Time: 09:19
White Time: 08:55 | Black Time: 10:00
White Time: 08:55 | Black Time: 10:00
เล่นเสียง: select
White Time: 09:36 | Black Time: 09:18
White Time: 08:54 | Black Time: 10:00
White Time: 08:54 | Black Time: 10:00
เล่นเสียง: move
White Time: 09:36 | Black Time: 09:18
DEBUG GameFrame.recordMove: Recording move for BLACK with timeSpent=0
  Using last white move data
  Timer state: White time 534s remaining, Black time 600s remaining
  Total used times - White: 66s, Black: 0s
  Previous used times - White: 62s, Black: 0s
  Move time this turn - White: 4s, Black: 0s
DEBUG: Adding move #22 - White time: 0s, Black time: 4s
White moved and took: -5s
Black moved and took: 4s
MOVE DATA: BLACK moved from (1,5) to (2,5)
==== MOVE HISTORY DUMP ====
Move 1: White f1->f4 (took 1s), Black -->- (took 0s)
Move 2: White f1->f4 (took 0s), Black g8->g3 (took 2s)
Move 3: White e1->e3 (took 3s), Black g8->g3 (took 0s)
Move 4: White e1->e3 (took 0s), Black e8->e5 (took 2s)
Move 5: White d1->d2 (took 4s), Black e8->e5 (took 0s)
Move 6: White d1->d2 (took 0s), Black d8->d7 (took 2s)
Move 7: White c1->c2 (took 4s), Black d8->d7 (took 0s)
Move 8: White c1->c2 (took 0s), Black e5->d5 (took 3s)
Move 9: White c2->c3 (took 5s), Black e5->d5 (took 0s)
Move 10: White c2->c3 (took 0s), Black h8->h7 (took 3s)
Move 11: White f4->f5 (took 6s), Black h8->h7 (took 0s)
Move 12: White f4->f5 (took 0s), Black f8->f7 (took 3s)
Move 13: White h1->h2 (took 5s), Black f8->f7 (took 0s)
Move 14: White h1->h2 (took 0s), Black g3->g2 (took 2s)
Move 15: White f5->f4 (took 5s), Black g3->g2 (took 0s)
Move 16: White f5->f4 (took 0s), Black g2->g4 (took 9s)
Move 17: White g1->g2 (took 11s), Black g2->g4 (took 0s)
Move 18: White g1->g2 (took 0s), Black d5->c5 (took 10s)
Move 19: White c3->c4 (took 13s), Black d5->c5 (took 0s)
Move 20: White c3->c4 (took 0s), Black c8->c7 (took 3s)
Move 21: White e3->e5 (took 5s), Black c8->c7 (took 0s)
Move 22: White e3->e5 (took 0s), Black f7->f6 (took 4s)
=========================
White Time: 09:35 | Black Time: 09:18
White Time: 08:53 | Black Time: 10:00
White Time: 08:53 | Black Time: 10:00
เล่นเสียง: select
White Time: 09:34 | Black Time: 09:18
เล่นเสียง: move
White Time: 09:34 | Black Time: 09:18
DEBUG GameFrame.recordMove: Recording move for WHITE with timeSpent=0
  Using last black move data
  Timer state: White time 533s remaining, Black time 600s remaining
  Total used times - White: 67s, Black: 0s
  Previous used times - White: 62s, Black: 0s
  Move time this turn - White: 5s, Black: 0s
DEBUG: Adding move #23 - White time: 5s, Black time: 0s
White moved and took: 5s
Black moved and took: -4s
MOVE DATA: WHITE moved from (3,4) to (5,4)
==== MOVE HISTORY DUMP ====
Move 1: White f1->f4 (took 1s), Black -->- (took 0s)
Move 2: White f1->f4 (took 0s), Black g8->g3 (took 2s)
Move 3: White e1->e3 (took 3s), Black g8->g3 (took 0s)
Move 4: White e1->e3 (took 0s), Black e8->e5 (took 2s)
Move 5: White d1->d2 (took 4s), Black e8->e5 (took 0s)
Move 6: White d1->d2 (took 0s), Black d8->d7 (took 2s)
Move 7: White c1->c2 (took 4s), Black d8->d7 (took 0s)
Move 8: White c1->c2 (took 0s), Black e5->d5 (took 3s)
Move 9: White c2->c3 (took 5s), Black e5->d5 (took 0s)
Move 10: White c2->c3 (took 0s), Black h8->h7 (took 3s)
Move 11: White f4->f5 (took 6s), Black h8->h7 (took 0s)
Move 12: White f4->f5 (took 0s), Black f8->f7 (took 3s)
Move 13: White h1->h2 (took 5s), Black f8->f7 (took 0s)
Move 14: White h1->h2 (took 0s), Black g3->g2 (took 2s)
Move 15: White f5->f4 (took 5s), Black g3->g2 (took 0s)
Move 16: White f5->f4 (took 0s), Black g2->g4 (took 9s)
Move 17: White g1->g2 (took 11s), Black g2->g4 (took 0s)
Move 18: White g1->g2 (took 0s), Black d5->c5 (took 10s)
Move 19: White c3->c4 (took 13s), Black d5->c5 (took 0s)
Move 20: White c3->c4 (took 0s), Black c8->c7 (took 3s)
Move 21: White e3->e5 (took 5s), Black c8->c7 (took 0s)
Move 22: White e3->e5 (took 0s), Black f7->f6 (took 4s)
Move 23: White e5->e3 (took 5s), Black f7->f6 (took 0s)
=========================
White Time: 08:52 | Black Time: 10:00
White Time: 08:52 | Black Time: 10:00
White Time: 09:34 | Black Time: 09:17
White Time: 08:51 | Black Time: 10:00
White Time: 08:51 | Black Time: 10:00
White Time: 09:34 | Black Time: 09:16
White Time: 08:50 | Black Time: 10:00
White Time: 08:50 | Black Time: 10:00
เล่นเสียง: select
เล่นเสียง: move
White Time: 09:34 | Black Time: 09:16
DEBUG GameFrame.recordMove: Recording move for BLACK with timeSpent=0
  Using last white move data
  Timer state: White time 530s remaining, Black time 600s remaining
  Total used times - White: 70s, Black: 0s
  Previous used times - White: 67s, Black: 0s
  Move time this turn - White: 3s, Black: 0s
DEBUG: Adding move #24 - White time: 0s, Black time: 3s
White moved and took: -5s
Black moved and took: 3s
MOVE DATA: BLACK moved from (4,6) to (5,6)
==== MOVE HISTORY DUMP ====
Move 1: White f1->f4 (took 1s), Black -->- (took 0s)
Move 2: White f1->f4 (took 0s), Black g8->g3 (took 2s)
Move 3: White e1->e3 (took 3s), Black g8->g3 (took 0s)
Move 4: White e1->e3 (took 0s), Black e8->e5 (took 2s)
Move 5: White d1->d2 (took 4s), Black e8->e5 (took 0s)
Move 6: White d1->d2 (took 0s), Black d8->d7 (took 2s)
Move 7: White c1->c2 (took 4s), Black d8->d7 (took 0s)
Move 8: White c1->c2 (took 0s), Black e5->d5 (took 3s)
Move 9: White c2->c3 (took 5s), Black e5->d5 (took 0s)
Move 10: White c2->c3 (took 0s), Black h8->h7 (took 3s)
Move 11: White f4->f5 (took 6s), Black h8->h7 (took 0s)
Move 12: White f4->f5 (took 0s), Black f8->f7 (took 3s)
Move 13: White h1->h2 (took 5s), Black f8->f7 (took 0s)
Move 14: White h1->h2 (took 0s), Black g3->g2 (took 2s)
Move 15: White f5->f4 (took 5s), Black g3->g2 (took 0s)
Move 16: White f5->f4 (took 0s), Black g2->g4 (took 9s)
Move 17: White g1->g2 (took 11s), Black g2->g4 (took 0s)
Move 18: White g1->g2 (took 0s), Black d5->c5 (took 10s)
Move 19: White c3->c4 (took 13s), Black d5->c5 (took 0s)
Move 20: White c3->c4 (took 0s), Black c8->c7 (took 3s)
Move 21: White e3->e5 (took 5s), Black c8->c7 (took 0s)
Move 22: White e3->e5 (took 0s), Black f7->f6 (took 4s)
Move 23: White e5->e3 (took 5s), Black f7->f6 (took 0s)
Move 24: White e5->e3 (took 0s), Black g4->g3 (took 3s)
=========================
White Time: 09:33 | Black Time: 09:16
White Time: 08:49 | Black Time: 10:00
White Time: 08:49 | Black Time: 10:00
White Time: 09:32 | Black Time: 09:16
White Time: 08:48 | Black Time: 10:00
White Time: 08:48 | Black Time: 10:00
White Time: 09:31 | Black Time: 09:16
White Time: 08:47 | Black Time: 10:00
White Time: 08:47 | Black Time: 10:00
White Time: 09:30 | Black Time: 09:16
White Time: 08:46 | Black Time: 10:00
White Time: 08:46 | Black Time: 10:00
White Time: 09:29 | Black Time: 09:16
White Time: 08:45 | Black Time: 10:00
White Time: 08:45 | Black Time: 10:00
White Time: 09:28 | Black Time: 09:16
White Time: 08:44 | Black Time: 10:00
White Time: 08:44 | Black Time: 10:00
White Time: 09:27 | Black Time: 09:16
White Time: 08:43 | Black Time: 10:00
White Time: 08:43 | Black Time: 10:00
White Time: 09:26 | Black Time: 09:16
White Time: 08:42 | Black Time: 10:00
White Time: 08:42 | Black Time: 10:00
