=== Application Started at Sun Mar 09 22:40:33 ICT 2025 ===
โหลดไฟล์จาก: C:\Users\rm\Desktop\OOP 2ed Semester\Mak Neeb Game 4\Java-OOP-CS30-KMITL\assets\icon\ICONKMITL.png
โหลดไฟล์จาก: C:\Users\rm\Desktop\OOP 2ed Semester\Mak Neeb Game 4\Java-OOP-CS30-KMITL\assets\icon\minimizeButton.png
โหลดไฟล์จาก: C:\Users\rm\Desktop\OOP 2ed Semester\Mak Neeb Game 4\Java-OOP-CS30-KMITL\assets\icon\resizeButton.png
โหลดไฟล์จาก: C:\Users\rm\Desktop\OOP 2ed Semester\Mak Neeb Game 4\Java-OOP-CS30-KMITL\assets\icon\closeButton.png
โหลดไฟล์จาก: C:\Users\rm\Desktop\OOP 2ed Semester\Mak Neeb Game 4\Java-OOP-CS30-KMITL\assets\background1.jpg
โหลดไฟล์จาก: C:\Users\rm\Desktop\OOP 2ed Semester\Mak Neeb Game 4\Java-OOP-CS30-KMITL\assets\icon\ICONKMITL.png
โหลดไฟล์จาก: C:\Users\rm\Desktop\OOP 2ed Semester\Mak Neeb Game 4\Java-OOP-CS30-KMITL\assets\Rok\Rok.png
พบไฟล์ที่: C:\Users\rm\Desktop\OOP 2ed Semester\Mak Neeb Game 4\Java-OOP-CS30-KMITL\assets\sound\select.wav
โหลดไฟล์เสียงสำเร็จ: select.wav
พบไฟล์ที่: C:\Users\rm\Desktop\OOP 2ed Semester\Mak Neeb Game 4\Java-OOP-CS30-KMITL\assets\sound\move.wav
โหลดไฟล์เสียงสำเร็จ: move.wav
พบไฟล์ที่: C:\Users\rm\Desktop\OOP 2ed Semester\Mak Neeb Game 4\Java-OOP-CS30-KMITL\assets\sound\capture.wav
โหลดไฟล์เสียงสำเร็จ: capture.wav
พบไฟล์ที่: C:\Users\rm\Desktop\OOP 2ed Semester\Mak Neeb Game 4\Java-OOP-CS30-KMITL\assets\sound\start.wav
โหลดไฟล์เสียงสำเร็จ: start.wav
พบไฟล์ที่: C:\Users\rm\Desktop\OOP 2ed Semester\Mak Neeb Game 4\Java-OOP-CS30-KMITL\assets\sound\error.wav
โหลดไฟล์เสียงสำเร็จ: error.wav
พบไฟล์ที่: C:\Users\rm\Desktop\OOP 2ed Semester\Mak Neeb Game 4\Java-OOP-CS30-KMITL\assets\sound\victory.wav
โหลดไฟล์เสียงสำเร็จ: victory.wav
พบไฟล์ที่: C:\Users\rm\Desktop\OOP 2ed Semester\Mak Neeb Game 4\Java-OOP-CS30-KMITL\assets\sound\SongGame.wav
โหลดไฟล์เสียงสำเร็จ: SongGame.wav
เล่นเสียงแบบวนซ้ำ: SongGame
โหลดไฟล์จาก: C:\Users\rm\Desktop\OOP 2ed Semester\Mak Neeb Game 4\Java-OOP-CS30-KMITL\assets\icon\AppIcon.png
เล่นเสียง: select
เล่นเสียง: select
เล่นเสียง: select
เล่นเสียง: select
เล่นเสียง: select
หยุดเสียง: SongGame
เล่นเสียง: start
GameController set, isWhiteTurn: true
GameController: InfoPanel set
InfoPanel: Updating piece count - White: 8/0, Black: 8/0
GameController set, isWhiteTurn: true
โหลดไฟล์จาก: C:\Users\rm\Desktop\OOP 2ed Semester\Mak Neeb Game 4\Java-OOP-CS30-KMITL\assets\icon\AppIcon.png
โหลดไฟล์จาก: C:\Users\rm\Desktop\OOP 2ed Semester\Mak Neeb Game 4\Java-OOP-CS30-KMITL\assets\Rok\Rok.png
โหลดไฟล์จาก: C:\Users\rm\Desktop\OOP 2ed Semester\Mak Neeb Game 4\Java-OOP-CS30-KMITL\assets\Rok\Rok.png
โหลดไฟล์จาก: C:\Users\rm\Desktop\OOP 2ed Semester\Mak Neeb Game 4\Java-OOP-CS30-KMITL\assets\Rok\Rok.png
โหลดไฟล์จาก: C:\Users\rm\Desktop\OOP 2ed Semester\Mak Neeb Game 4\Java-OOP-CS30-KMITL\assets\Rok\Rok.png
โหลดไฟล์จาก: C:\Users\rm\Desktop\OOP 2ed Semester\Mak Neeb Game 4\Java-OOP-CS30-KMITL\assets\Rok\Rok.png
โหลดไฟล์จาก: C:\Users\rm\Desktop\OOP 2ed Semester\Mak Neeb Game 4\Java-OOP-CS30-KMITL\assets\Rok\Rok.png
โหลดไฟล์จาก: C:\Users\rm\Desktop\OOP 2ed Semester\Mak Neeb Game 4\Java-OOP-CS30-KMITL\assets\Rok\Rok.png
โหลดไฟล์จาก: C:\Users\rm\Desktop\OOP 2ed Semester\Mak Neeb Game 4\Java-OOP-CS30-KMITL\assets\Rok\Rok.png
โหลดไฟล์จาก: C:\Users\rm\Desktop\OOP 2ed Semester\Mak Neeb Game 4\Java-OOP-CS30-KMITL\assets\Rok\Rok.png
โหลดไฟล์จาก: C:\Users\rm\Desktop\OOP 2ed Semester\Mak Neeb Game 4\Java-OOP-CS30-KMITL\assets\Rok\Rok.png
โหลดไฟล์จาก: C:\Users\rm\Desktop\OOP 2ed Semester\Mak Neeb Game 4\Java-OOP-CS30-KMITL\assets\Rok\Rok.png
โหลดไฟล์จาก: C:\Users\rm\Desktop\OOP 2ed Semester\Mak Neeb Game 4\Java-OOP-CS30-KMITL\assets\Rok\Rok.png
โหลดไฟล์จาก: C:\Users\rm\Desktop\OOP 2ed Semester\Mak Neeb Game 4\Java-OOP-CS30-KMITL\assets\Rok\Rok.png
โหลดไฟล์จาก: C:\Users\rm\Desktop\OOP 2ed Semester\Mak Neeb Game 4\Java-OOP-CS30-KMITL\assets\Rok\Rok.png
โหลดไฟล์จาก: C:\Users\rm\Desktop\OOP 2ed Semester\Mak Neeb Game 4\Java-OOP-CS30-KMITL\assets\Rok\Rok.png
โหลดไฟล์จาก: C:\Users\rm\Desktop\OOP 2ed Semester\Mak Neeb Game 4\Java-OOP-CS30-KMITL\assets\Rok\Rok.png
เล่นเสียง: select
White Time: 09:59 | Black Time: 10:00
White Time: 09:59 | Black Time: 10:00
เล่นเสียง: move
White Time: 09:59 | Black Time: 10:00
DEBUG GameFrame.recordMove: Recording move for WHITE with timeSpent=0
  Timer state: White time 599s remaining, Black time 600s remaining
  Total used times - White: 1s, Black: 0s
  Previous used times - White: 0s, Black: 0s
  Move time this turn - White: 1s, Black: 0s
DEBUG: Initializing timers with White=0s, Black=0s
  First move - initializing times
DEBUG: Adding move #1 - White time: 1s, Black time: 0s
First move - initializing previous times to 0
White moved and took: 1s
MOVE DATA: WHITE moved from (7,5) to (4,5)
==== MOVE HISTORY DUMP ====
Move 1: White f1->f4 (took 1s), Black -->- (took 0s)
=========================
White Time: 09:59 | Black Time: 10:00
เล่นเสียง: select
White Time: 09:59 | Black Time: 09:59
White Time: 09:58 | Black Time: 10:00
White Time: 09:58 | Black Time: 10:00
เล่นเสียง: move
White Time: 09:59 | Black Time: 09:59
DEBUG GameFrame.recordMove: Recording move for BLACK with timeSpent=0
  Using last white move data
  Timer state: White time 598s remaining, Black time 600s remaining
  Total used times - White: 2s, Black: 0s
  Previous used times - White: 1s, Black: 0s
  Move time this turn - White: 1s, Black: 0s
DEBUG: Adding move #2 - White time: 0s, Black time: 1s
White moved and took: -1s
Black moved and took: 1s
MOVE DATA: BLACK moved from (0,6) to (5,6)
==== MOVE HISTORY DUMP ====
Move 1: White f1->f4 (took 1s), Black -->- (took 0s)
Move 2: White f1->f4 (took 0s), Black g8->g3 (took 1s)
=========================
White Time: 09:58 | Black Time: 09:59
White Time: 09:57 | Black Time: 10:00
White Time: 09:57 | Black Time: 10:00
เล่นเสียง: select
White Time: 09:57 | Black Time: 09:59
White Time: 09:56 | Black Time: 10:00
White Time: 09:56 | Black Time: 10:00
White Time: 09:56 | Black Time: 09:59
White Time: 09:55 | Black Time: 10:00
White Time: 09:55 | Black Time: 10:00
เล่นเสียง: move
White Time: 09:56 | Black Time: 09:59
DEBUG GameFrame.recordMove: Recording move for WHITE with timeSpent=0
  Using last black move data
  Timer state: White time 595s remaining, Black time 600s remaining
  Total used times - White: 5s, Black: 0s
  Previous used times - White: 1s, Black: 0s
  Move time this turn - White: 4s, Black: 0s
DEBUG: Adding move #3 - White time: 4s, Black time: 0s
White moved and took: 4s
Black moved and took: -1s
MOVE DATA: WHITE moved from (4,5) to (4,3)
==== MOVE HISTORY DUMP ====
Move 1: White f1->f4 (took 1s), Black -->- (took 0s)
Move 2: White f1->f4 (took 0s), Black g8->g3 (took 1s)
Move 3: White f4->d4 (took 4s), Black g8->g3 (took 0s)
=========================
White Time: 09:56 | Black Time: 09:58
White Time: 09:54 | Black Time: 10:00
White Time: 09:54 | Black Time: 10:00
White Time: 09:56 | Black Time: 09:57
White Time: 09:53 | Black Time: 10:00
White Time: 09:53 | Black Time: 10:00
White Time: 09:56 | Black Time: 09:56
White Time: 09:52 | Black Time: 10:00
White Time: 09:52 | Black Time: 10:00
White Time: 09:56 | Black Time: 09:55
White Time: 09:51 | Black Time: 10:00
White Time: 09:51 | Black Time: 10:00
เล่นเสียง: select
White Time: 09:56 | Black Time: 09:54
White Time: 09:50 | Black Time: 10:00
White Time: 09:50 | Black Time: 10:00
เล่นเสียง: move
White Time: 09:56 | Black Time: 09:54
DEBUG GameFrame.recordMove: Recording move for BLACK with timeSpent=0
  Using last white move data
  Timer state: White time 590s remaining, Black time 600s remaining
  Total used times - White: 10s, Black: 0s
  Previous used times - White: 5s, Black: 0s
  Move time this turn - White: 5s, Black: 0s
DEBUG: Adding move #4 - White time: 0s, Black time: 5s
White moved and took: -4s
Black moved and took: 5s
MOVE DATA: BLACK moved from (0,4) to (6,4)
==== MOVE HISTORY DUMP ====
Move 1: White f1->f4 (took 1s), Black -->- (took 0s)
Move 2: White f1->f4 (took 0s), Black g8->g3 (took 1s)
Move 3: White f4->d4 (took 4s), Black g8->g3 (took 0s)
Move 4: White f4->d4 (took 0s), Black e8->e2 (took 5s)
=========================
White Time: 09:55 | Black Time: 09:54
White Time: 09:49 | Black Time: 10:00
White Time: 09:49 | Black Time: 10:00
White Time: 09:54 | Black Time: 09:54
White Time: 09:48 | Black Time: 10:00
White Time: 09:48 | Black Time: 10:00
White Time: 09:53 | Black Time: 09:54
White Time: 09:47 | Black Time: 10:00
White Time: 09:47 | Black Time: 10:00
เล่นเสียง: select
เล่นเสียง: move
White Time: 09:53 | Black Time: 09:54
DEBUG GameFrame.recordMove: Recording move for WHITE with timeSpent=0
  Using last black move data
  Timer state: White time 587s remaining, Black time 600s remaining
  Total used times - White: 13s, Black: 0s
  Previous used times - White: 5s, Black: 0s
  Move time this turn - White: 8s, Black: 0s
DEBUG: Adding move #5 - White time: 8s, Black time: 0s
White moved and took: 8s
Black moved and took: -5s
MOVE DATA: WHITE moved from (7,3) to (6,3)
==== MOVE HISTORY DUMP ====
Move 1: White f1->f4 (took 1s), Black -->- (took 0s)
Move 2: White f1->f4 (took 0s), Black g8->g3 (took 1s)
Move 3: White f4->d4 (took 4s), Black g8->g3 (took 0s)
Move 4: White f4->d4 (took 0s), Black e8->e2 (took 5s)
Move 5: White d1->d2 (took 8s), Black e8->e2 (took 0s)
=========================
White Time: 09:53 | Black Time: 09:53
White Time: 09:46 | Black Time: 10:00
White Time: 09:46 | Black Time: 10:00
White Time: 09:53 | Black Time: 09:52
White Time: 09:45 | Black Time: 10:00
White Time: 09:45 | Black Time: 10:00
เล่นเสียง: select
White Time: 09:53 | Black Time: 09:51
White Time: 09:44 | Black Time: 10:00
White Time: 09:44 | Black Time: 10:00
เล่นเสียง: move
White Time: 09:53 | Black Time: 09:51
DEBUG GameFrame.recordMove: Recording move for BLACK with timeSpent=0
  Using last white move data
  Timer state: White time 584s remaining, Black time 600s remaining
  Total used times - White: 16s, Black: 0s
  Previous used times - White: 13s, Black: 0s
  Move time this turn - White: 3s, Black: 0s
DEBUG: Adding move #6 - White time: 0s, Black time: 3s
White moved and took: -8s
Black moved and took: 3s
MOVE DATA: BLACK moved from (6,4) to (2,4)
==== MOVE HISTORY DUMP ====
Move 1: White f1->f4 (took 1s), Black -->- (took 0s)
Move 2: White f1->f4 (took 0s), Black g8->g3 (took 1s)
Move 3: White f4->d4 (took 4s), Black g8->g3 (took 0s)
Move 4: White f4->d4 (took 0s), Black e8->e2 (took 5s)
Move 5: White d1->d2 (took 8s), Black e8->e2 (took 0s)
Move 6: White d1->d2 (took 0s), Black e2->e6 (took 3s)
=========================
White Time: 09:52 | Black Time: 09:51
White Time: 09:43 | Black Time: 10:00
White Time: 09:43 | Black Time: 10:00
White Time: 09:51 | Black Time: 09:51
White Time: 09:42 | Black Time: 10:00
White Time: 09:42 | Black Time: 10:00
White Time: 09:50 | Black Time: 09:51
White Time: 09:41 | Black Time: 10:00
White Time: 09:41 | Black Time: 10:00
White Time: 09:49 | Black Time: 09:51
White Time: 09:40 | Black Time: 10:00
White Time: 09:40 | Black Time: 10:00
White Time: 09:48 | Black Time: 09:51
White Time: 09:39 | Black Time: 10:00
White Time: 09:39 | Black Time: 10:00
White Time: 09:47 | Black Time: 09:51
White Time: 09:38 | Black Time: 10:00
White Time: 09:38 | Black Time: 10:00
White Time: 09:46 | Black Time: 09:51
เล่นเสียง: select
White Time: 09:37 | Black Time: 10:00
White Time: 09:37 | Black Time: 10:00
White Time: 09:45 | Black Time: 09:51
White Time: 09:36 | Black Time: 10:00
White Time: 09:36 | Black Time: 10:00
White Time: 09:44 | Black Time: 09:51
White Time: 09:35 | Black Time: 10:00
White Time: 09:35 | Black Time: 10:00
White Time: 09:43 | Black Time: 09:51
White Time: 09:34 | Black Time: 10:00
White Time: 09:34 | Black Time: 10:00
White Time: 09:42 | Black Time: 09:51
White Time: 09:33 | Black Time: 10:00
White Time: 09:33 | Black Time: 10:00
เล่นเสียง: move
White Time: 09:42 | Black Time: 09:51
DEBUG GameFrame.recordMove: Recording move for WHITE with timeSpent=0
  Using last black move data
  Timer state: White time 573s remaining, Black time 600s remaining
  Total used times - White: 27s, Black: 0s
  Previous used times - White: 13s, Black: 0s
  Move time this turn - White: 14s, Black: 0s
DEBUG: Adding move #7 - White time: 14s, Black time: 0s
White moved and took: 14s
Black moved and took: -3s
MOVE DATA: WHITE moved from (4,3) to (4,1)
==== MOVE HISTORY DUMP ====
Move 1: White f1->f4 (took 1s), Black -->- (took 0s)
Move 2: White f1->f4 (took 0s), Black g8->g3 (took 1s)
Move 3: White f4->d4 (took 4s), Black g8->g3 (took 0s)
Move 4: White f4->d4 (took 0s), Black e8->e2 (took 5s)
Move 5: White d1->d2 (took 8s), Black e8->e2 (took 0s)
Move 6: White d1->d2 (took 0s), Black e2->e6 (took 3s)
Move 7: White d4->b4 (took 14s), Black e2->e6 (took 0s)
=========================
White Time: 09:42 | Black Time: 09:50
White Time: 09:32 | Black Time: 10:00
White Time: 09:32 | Black Time: 10:00
White Time: 09:42 | Black Time: 09:49
White Time: 09:31 | Black Time: 10:00
White Time: 09:31 | Black Time: 10:00
เล่นเสียง: select
White Time: 09:42 | Black Time: 09:48
White Time: 09:30 | Black Time: 10:00
White Time: 09:30 | Black Time: 10:00
เล่นเสียง: move
White Time: 09:42 | Black Time: 09:48
DEBUG GameFrame.recordMove: Recording move for BLACK with timeSpent=0
  Using last white move data
  Timer state: White time 570s remaining, Black time 600s remaining
  Total used times - White: 30s, Black: 0s
  Previous used times - White: 27s, Black: 0s
  Move time this turn - White: 3s, Black: 0s
DEBUG: Adding move #8 - White time: 0s, Black time: 3s
White moved and took: -14s
Black moved and took: 3s
MOVE DATA: BLACK moved from (2,4) to (5,4)
==== MOVE HISTORY DUMP ====
Move 1: White f1->f4 (took 1s), Black -->- (took 0s)
Move 2: White f1->f4 (took 0s), Black g8->g3 (took 1s)
Move 3: White f4->d4 (took 4s), Black g8->g3 (took 0s)
Move 4: White f4->d4 (took 0s), Black e8->e2 (took 5s)
Move 5: White d1->d2 (took 8s), Black e8->e2 (took 0s)
Move 6: White d1->d2 (took 0s), Black e2->e6 (took 3s)
Move 7: White d4->b4 (took 14s), Black e2->e6 (took 0s)
Move 8: White d4->b4 (took 0s), Black e6->e3 (took 3s)
=========================
White Time: 09:41 | Black Time: 09:48
White Time: 09:29 | Black Time: 10:00
White Time: 09:29 | Black Time: 10:00
เล่นเสียง: select
White Time: 09:40 | Black Time: 09:48
White Time: 09:28 | Black Time: 10:00
เล่นเสียง: move
White Time: 09:40 | Black Time: 09:48
DEBUG GameFrame.recordMove: Recording move for WHITE with timeSpent=0
  Using last black move data
  Timer state: White time 568s remaining, Black time 600s remaining
  Total used times - White: 32s, Black: 0s
  Previous used times - White: 27s, Black: 0s
  Move time this turn - White: 5s, Black: 0s
DEBUG: Adding move #9 - White time: 5s, Black time: 0s
White moved and took: 5s
Black moved and took: -3s
MOVE DATA: WHITE moved from (6,3) to (3,3)
==== MOVE HISTORY DUMP ====
Move 1: White f1->f4 (took 1s), Black -->- (took 0s)
Move 2: White f1->f4 (took 0s), Black g8->g3 (took 1s)
Move 3: White f4->d4 (took 4s), Black g8->g3 (took 0s)
Move 4: White f4->d4 (took 0s), Black e8->e2 (took 5s)
Move 5: White d1->d2 (took 8s), Black e8->e2 (took 0s)
Move 6: White d1->d2 (took 0s), Black e2->e6 (took 3s)
Move 7: White d4->b4 (took 14s), Black e2->e6 (took 0s)
Move 8: White d4->b4 (took 0s), Black e6->e3 (took 3s)
Move 9: White d2->d5 (took 5s), Black e6->e3 (took 0s)
=========================
White Time: 09:28 | Black Time: 10:00
White Time: 09:40 | Black Time: 09:47
White Time: 09:27 | Black Time: 10:00
White Time: 09:27 | Black Time: 10:00
เล่นเสียง: select
White Time: 09:40 | Black Time: 09:46
เล่นเสียง: move
White Time: 09:40 | Black Time: 09:46
DEBUG GameFrame.recordMove: Recording move for BLACK with timeSpent=0
  Using last white move data
  Timer state: White time 567s remaining, Black time 600s remaining
  Total used times - White: 33s, Black: 0s
  Previous used times - White: 32s, Black: 0s
  Move time this turn - White: 1s, Black: 0s
DEBUG: Adding move #10 - White time: 0s, Black time: 1s
White moved and took: -5s
Black moved and took: 1s
MOVE DATA: BLACK moved from (0,3) to (0,4)
==== MOVE HISTORY DUMP ====
Move 1: White f1->f4 (took 1s), Black -->- (took 0s)
Move 2: White f1->f4 (took 0s), Black g8->g3 (took 1s)
Move 3: White f4->d4 (took 4s), Black g8->g3 (took 0s)
Move 4: White f4->d4 (took 0s), Black e8->e2 (took 5s)
Move 5: White d1->d2 (took 8s), Black e8->e2 (took 0s)
Move 6: White d1->d2 (took 0s), Black e2->e6 (took 3s)
Move 7: White d4->b4 (took 14s), Black e2->e6 (took 0s)
Move 8: White d4->b4 (took 0s), Black e6->e3 (took 3s)
Move 9: White d2->d5 (took 5s), Black e6->e3 (took 0s)
Move 10: White d2->d5 (took 0s), Black d8->e8 (took 1s)
=========================
White Time: 09:26 | Black Time: 10:00
White Time: 09:26 | Black Time: 10:00
White Time: 09:39 | Black Time: 09:46
White Time: 09:25 | Black Time: 10:00
White Time: 09:25 | Black Time: 10:00
White Time: 09:38 | Black Time: 09:46
White Time: 09:24 | Black Time: 10:00
White Time: 09:24 | Black Time: 10:00
White Time: 09:37 | Black Time: 09:46
White Time: 09:23 | Black Time: 10:00
White Time: 09:23 | Black Time: 10:00
White Time: 09:36 | Black Time: 09:46
White Time: 09:22 | Black Time: 10:00
White Time: 09:22 | Black Time: 10:00
White Time: 09:35 | Black Time: 09:46
White Time: 09:21 | Black Time: 10:00
White Time: 09:21 | Black Time: 10:00
White Time: 09:34 | Black Time: 09:46
White Time: 09:20 | Black Time: 10:00
White Time: 09:20 | Black Time: 10:00
White Time: 09:33 | Black Time: 09:46
White Time: 09:19 | Black Time: 10:00
White Time: 09:19 | Black Time: 10:00
White Time: 09:32 | Black Time: 09:46
White Time: 09:18 | Black Time: 10:00
White Time: 09:18 | Black Time: 10:00
White Time: 09:31 | Black Time: 09:46
White Time: 09:17 | Black Time: 10:00
White Time: 09:17 | Black Time: 10:00
White Time: 09:30 | Black Time: 09:46
White Time: 09:16 | Black Time: 10:00
White Time: 09:16 | Black Time: 10:00
