=== Application Started at Sun Mar 09 21:43:12 ICT 2025 ===
โหลดไฟล์จาก: C:\Users\rm\Desktop\OOP 2ed Semester\Mak Neeb Game 4\Java-OOP-CS30-KMITL\assets\icon\ICONKMITL.png
โหลดไฟล์จาก: C:\Users\rm\Desktop\OOP 2ed Semester\Mak Neeb Game 4\Java-OOP-CS30-KMITL\assets\icon\minimizeButton.png
โหลดไฟล์จาก: C:\Users\rm\Desktop\OOP 2ed Semester\Mak Neeb Game 4\Java-OOP-CS30-KMITL\assets\icon\resizeButton.png
โหลดไฟล์จาก: C:\Users\rm\Desktop\OOP 2ed Semester\Mak Neeb Game 4\Java-OOP-CS30-KMITL\assets\icon\closeButton.png
โหลดไฟล์จาก: C:\Users\rm\Desktop\OOP 2ed Semester\Mak Neeb Game 4\Java-OOP-CS30-KMITL\assets\background1.jpg
โหลดไฟล์จาก: C:\Users\rm\Desktop\OOP 2ed Semester\Mak Neeb Game 4\Java-OOP-CS30-KMITL\assets\icon\ICONKMITL.png
โหลดไฟล์จาก: C:\Users\rm\Desktop\OOP 2ed Semester\Mak Neeb Game 4\Java-OOP-CS30-KMITL\assets\Rok\Rok.png
พบไฟล์ที่: C:\Users\rm\Desktop\OOP 2ed Semester\Mak Neeb Game 4\Java-OOP-CS30-KMITL\assets\sound\select.wav
โหลดไฟล์เสียงสำเร็จ: select.wav
พบไฟล์ที่: C:\Users\rm\Desktop\OOP 2ed Semester\Mak Neeb Game 4\Java-OOP-CS30-KMITL\assets\sound\move.wav
โหลดไฟล์เสียงสำเร็จ: move.wav
พบไฟล์ที่: C:\Users\rm\Desktop\OOP 2ed Semester\Mak Neeb Game 4\Java-OOP-CS30-KMITL\assets\sound\capture.wav
โหลดไฟล์เสียงสำเร็จ: capture.wav
พบไฟล์ที่: C:\Users\rm\Desktop\OOP 2ed Semester\Mak Neeb Game 4\Java-OOP-CS30-KMITL\assets\sound\start.wav
โหลดไฟล์เสียงสำเร็จ: start.wav
พบไฟล์ที่: C:\Users\rm\Desktop\OOP 2ed Semester\Mak Neeb Game 4\Java-OOP-CS30-KMITL\assets\sound\error.wav
โหลดไฟล์เสียงสำเร็จ: error.wav
พบไฟล์ที่: C:\Users\rm\Desktop\OOP 2ed Semester\Mak Neeb Game 4\Java-OOP-CS30-KMITL\assets\sound\victory.wav
โหลดไฟล์เสียงสำเร็จ: victory.wav
พบไฟล์ที่: C:\Users\rm\Desktop\OOP 2ed Semester\Mak Neeb Game 4\Java-OOP-CS30-KMITL\assets\sound\SongGame.wav
โหลดไฟล์เสียงสำเร็จ: SongGame.wav
เล่นเสียงแบบวนซ้ำ: SongGame
โหลดไฟล์จาก: C:\Users\rm\Desktop\OOP 2ed Semester\Mak Neeb Game 4\Java-OOP-CS30-KMITL\assets\icon\AppIcon.png
เล่นเสียง: select
เล่นเสียง: select
เล่นเสียง: select
หยุดเสียง: SongGame
เล่นเสียง: start
GameController set, isWhiteTurn: true
GameController: InfoPanel set
InfoPanel: Updating piece count - White: 8/0, Black: 8/0
GameController set, isWhiteTurn: true
โหลดไฟล์จาก: C:\Users\rm\Desktop\OOP 2ed Semester\Mak Neeb Game 4\Java-OOP-CS30-KMITL\assets\icon\AppIcon.png
โหลดไฟล์จาก: C:\Users\rm\Desktop\OOP 2ed Semester\Mak Neeb Game 4\Java-OOP-CS30-KMITL\assets\Rok\Rok.png
โหลดไฟล์จาก: C:\Users\rm\Desktop\OOP 2ed Semester\Mak Neeb Game 4\Java-OOP-CS30-KMITL\assets\Rok\Rok.png
โหลดไฟล์จาก: C:\Users\rm\Desktop\OOP 2ed Semester\Mak Neeb Game 4\Java-OOP-CS30-KMITL\assets\Rok\Rok.png
โหลดไฟล์จาก: C:\Users\rm\Desktop\OOP 2ed Semester\Mak Neeb Game 4\Java-OOP-CS30-KMITL\assets\Rok\Rok.png
โหลดไฟล์จาก: C:\Users\rm\Desktop\OOP 2ed Semester\Mak Neeb Game 4\Java-OOP-CS30-KMITL\assets\Rok\Rok.png
โหลดไฟล์จาก: C:\Users\rm\Desktop\OOP 2ed Semester\Mak Neeb Game 4\Java-OOP-CS30-KMITL\assets\Rok\Rok.png
โหลดไฟล์จาก: C:\Users\rm\Desktop\OOP 2ed Semester\Mak Neeb Game 4\Java-OOP-CS30-KMITL\assets\Rok\Rok.png
โหลดไฟล์จาก: C:\Users\rm\Desktop\OOP 2ed Semester\Mak Neeb Game 4\Java-OOP-CS30-KMITL\assets\Rok\Rok.png
โหลดไฟล์จาก: C:\Users\rm\Desktop\OOP 2ed Semester\Mak Neeb Game 4\Java-OOP-CS30-KMITL\assets\Rok\Rok.png
โหลดไฟล์จาก: C:\Users\rm\Desktop\OOP 2ed Semester\Mak Neeb Game 4\Java-OOP-CS30-KMITL\assets\Rok\Rok.png
โหลดไฟล์จาก: C:\Users\rm\Desktop\OOP 2ed Semester\Mak Neeb Game 4\Java-OOP-CS30-KMITL\assets\Rok\Rok.png
โหลดไฟล์จาก: C:\Users\rm\Desktop\OOP 2ed Semester\Mak Neeb Game 4\Java-OOP-CS30-KMITL\assets\Rok\Rok.png
โหลดไฟล์จาก: C:\Users\rm\Desktop\OOP 2ed Semester\Mak Neeb Game 4\Java-OOP-CS30-KMITL\assets\Rok\Rok.png
โหลดไฟล์จาก: C:\Users\rm\Desktop\OOP 2ed Semester\Mak Neeb Game 4\Java-OOP-CS30-KMITL\assets\Rok\Rok.png
โหลดไฟล์จาก: C:\Users\rm\Desktop\OOP 2ed Semester\Mak Neeb Game 4\Java-OOP-CS30-KMITL\assets\Rok\Rok.png
โหลดไฟล์จาก: C:\Users\rm\Desktop\OOP 2ed Semester\Mak Neeb Game 4\Java-OOP-CS30-KMITL\assets\Rok\Rok.png
เล่นเสียง: select
White Time: 09:59 | Black Time: 10:00
White Time: 09:59 | Black Time: 10:00
เล่นเสียง: move
White Time: 09:59 | Black Time: 10:00
DEBUG GameFrame.recordMove: Recording move for WHITE with timeSpent=0
  Timer state: White time 599s remaining, Black time 600s remaining
  Total used times - White: 1s, Black: 0s
  Previous used times - White: 0s, Black: 0s
  Move time this turn - White: 1s, Black: 0s
DEBUG: Initializing timers with White=0s, Black=0s
  First move - initializing times
DEBUG: Adding move #1 - White time: 1s, Black time: 0s
First move - initializing previous times to 0
White moved and took: 1s
MOVE DATA: WHITE moved from (7,6) to (4,6)
==== MOVE HISTORY DUMP ====
Move 1: White g1->g4 (took 1s), Black -->- (took 0s)
=========================
White Time: 09:59 | Black Time: 10:00
เล่นเสียง: select
White Time: 09:59 | Black Time: 09:59
White Time: 09:58 | Black Time: 10:00
White Time: 09:58 | Black Time: 10:00
เล่นเสียง: move
White Time: 09:59 | Black Time: 09:59
DEBUG GameFrame.recordMove: Recording move for BLACK with timeSpent=0
  Using last white move data
  Timer state: White time 598s remaining, Black time 600s remaining
  Total used times - White: 2s, Black: 0s
  Previous used times - White: 1s, Black: 0s
  Move time this turn - White: 0s, Black: 0s
DEBUG: Adding move #2 - White time: 0s, Black time: 0s
White moved and took: -1s
Black moved and took: 0s
MOVE DATA: BLACK moved from (0,5) to (4,5)
==== MOVE HISTORY DUMP ====
Move 1: White g1->g4 (took 1s), Black -->- (took 0s)
Move 2: White g1->g4 (took 0s), Black f8->f4 (took 0s)
=========================
White Time: 09:58 | Black Time: 09:59
White Time: 09:57 | Black Time: 10:00
White Time: 09:57 | Black Time: 10:00
เล่นเสียง: select
White Time: 09:57 | Black Time: 09:59
White Time: 09:56 | Black Time: 10:00
เล่นเสียง: move
White Time: 09:57 | Black Time: 09:59
DEBUG GameFrame.recordMove: Recording move for WHITE with timeSpent=0
  Using last black move data
  Timer state: White time 596s remaining, Black time 600s remaining
  Total used times - White: 4s, Black: 0s
  Previous used times - White: 1s, Black: 0s
  Move time this turn - White: 3s, Black: 0s
DEBUG: Adding move #3 - White time: 3s, Black time: 0s
White moved and took: 3s
Black moved and took: 0s
MOVE DATA: WHITE moved from (7,4) to (2,4)
==== MOVE HISTORY DUMP ====
Move 1: White g1->g4 (took 1s), Black -->- (took 0s)
Move 2: White g1->g4 (took 0s), Black f8->f4 (took 0s)
Move 3: White e1->e6 (took 3s), Black f8->f4 (took 0s)
=========================
White Time: 09:56 | Black Time: 10:00
White Time: 09:57 | Black Time: 09:58
White Time: 09:55 | Black Time: 10:00
White Time: 09:55 | Black Time: 10:00
White Time: 09:57 | Black Time: 09:57
White Time: 09:54 | Black Time: 10:00
White Time: 09:54 | Black Time: 10:00
เล่นเสียง: select
InfoPanel: Updating piece count - White: 7/1, Black: 8/0
เล่นเสียง: capture
White Time: 09:57 | Black Time: 09:57
DEBUG GameFrame.recordMove: Recording move for BLACK with timeSpent=0
  Using last white move data
  Timer state: White time 594s remaining, Black time 600s remaining
  Total used times - White: 6s, Black: 0s
  Previous used times - White: 4s, Black: 0s
  Move time this turn - White: 0s, Black: 0s
DEBUG: Adding move #4 - White time: 0s, Black time: 0s
White moved and took: -3s
Black moved and took: 0s
MOVE DATA: BLACK moved from (0,7) to (4,7)
==== MOVE HISTORY DUMP ====
Move 1: White g1->g4 (took 1s), Black -->- (took 0s)
Move 2: White g1->g4 (took 0s), Black f8->f4 (took 0s)
Move 3: White e1->e6 (took 3s), Black f8->f4 (took 0s)
Move 4: White e1->e6 (took 0s), Black h8->h4 (took 0s)
=========================
White Time: 09:56 | Black Time: 09:57
White Time: 09:53 | Black Time: 10:00
White Time: 09:53 | Black Time: 10:00
เล่นเสียง: select
White Time: 09:55 | Black Time: 09:57
White Time: 09:52 | Black Time: 10:00
เล่นเสียง: move
White Time: 09:55 | Black Time: 09:57
DEBUG GameFrame.recordMove: Recording move for WHITE with timeSpent=0
  Using last black move data
  Timer state: White time 592s remaining, Black time 600s remaining
  Total used times - White: 8s, Black: 0s
  Previous used times - White: 4s, Black: 0s
  Move time this turn - White: 4s, Black: 0s
DEBUG: Adding move #5 - White time: 4s, Black time: 0s
White moved and took: 4s
Black moved and took: 0s
MOVE DATA: WHITE moved from (2,4) to (5,4)
==== MOVE HISTORY DUMP ====
Move 1: White g1->g4 (took 1s), Black -->- (took 0s)
Move 2: White g1->g4 (took 0s), Black f8->f4 (took 0s)
Move 3: White e1->e6 (took 3s), Black f8->f4 (took 0s)
Move 4: White e1->e6 (took 0s), Black h8->h4 (took 0s)
Move 5: White e6->e3 (took 4s), Black h8->h4 (took 0s)
=========================
White Time: 09:52 | Black Time: 10:00
White Time: 09:55 | Black Time: 09:56
White Time: 09:51 | Black Time: 10:00
White Time: 09:51 | Black Time: 10:00
White Time: 09:55 | Black Time: 09:55
White Time: 09:50 | Black Time: 10:00
เล่นเสียง: select
White Time: 09:50 | Black Time: 10:00
เล่นเสียง: move
White Time: 09:55 | Black Time: 09:55
DEBUG GameFrame.recordMove: Recording move for BLACK with timeSpent=0
  Using last white move data
  Timer state: White time 590s remaining, Black time 600s remaining
  Total used times - White: 10s, Black: 0s
  Previous used times - White: 8s, Black: 0s
  Move time this turn - White: 0s, Black: 0s
DEBUG: Adding move #6 - White time: 0s, Black time: 0s
White moved and took: -4s
Black moved and took: 0s
MOVE DATA: BLACK moved from (4,5) to (2,5)
==== MOVE HISTORY DUMP ====
Move 1: White g1->g4 (took 1s), Black -->- (took 0s)
Move 2: White g1->g4 (took 0s), Black f8->f4 (took 0s)
Move 3: White e1->e6 (took 3s), Black f8->f4 (took 0s)
Move 4: White e1->e6 (took 0s), Black h8->h4 (took 0s)
Move 5: White e6->e3 (took 4s), Black h8->h4 (took 0s)
Move 6: White e6->e3 (took 0s), Black f4->f6 (took 0s)
=========================
White Time: 09:54 | Black Time: 09:55
White Time: 09:49 | Black Time: 10:00
White Time: 09:49 | Black Time: 10:00
เล่นเสียง: select
เล่นเสียง: move
White Time: 09:54 | Black Time: 09:55
DEBUG GameFrame.recordMove: Recording move for WHITE with timeSpent=0
  Using last black move data
  Timer state: White time 589s remaining, Black time 600s remaining
  Total used times - White: 11s, Black: 0s
  Previous used times - White: 8s, Black: 0s
  Move time this turn - White: 3s, Black: 0s
DEBUG: Adding move #7 - White time: 3s, Black time: 0s
White moved and took: 3s
Black moved and took: 0s
MOVE DATA: WHITE moved from (5,4) to (5,2)
==== MOVE HISTORY DUMP ====
Move 1: White g1->g4 (took 1s), Black -->- (took 0s)
Move 2: White g1->g4 (took 0s), Black f8->f4 (took 0s)
Move 3: White e1->e6 (took 3s), Black f8->f4 (took 0s)
Move 4: White e1->e6 (took 0s), Black h8->h4 (took 0s)
Move 5: White e6->e3 (took 4s), Black h8->h4 (took 0s)
Move 6: White e6->e3 (took 0s), Black f4->f6 (took 0s)
Move 7: White e3->c3 (took 3s), Black f4->f6 (took 0s)
=========================
White Time: 09:54 | Black Time: 09:54
White Time: 09:48 | Black Time: 10:00
White Time: 09:48 | Black Time: 10:00
เล่นเสียง: select
เล่นเสียง: move
White Time: 09:54 | Black Time: 09:54
DEBUG GameFrame.recordMove: Recording move for BLACK with timeSpent=0
  Using last white move data
  Timer state: White time 588s remaining, Black time 600s remaining
  Total used times - White: 12s, Black: 0s
  Previous used times - White: 11s, Black: 0s
  Move time this turn - White: 0s, Black: 0s
DEBUG: Adding move #8 - White time: 0s, Black time: 0s
White moved and took: -3s
Black moved and took: 0s
MOVE DATA: BLACK moved from (2,5) to (5,5)
==== MOVE HISTORY DUMP ====
Move 1: White g1->g4 (took 1s), Black -->- (took 0s)
Move 2: White g1->g4 (took 0s), Black f8->f4 (took 0s)
Move 3: White e1->e6 (took 3s), Black f8->f4 (took 0s)
Move 4: White e1->e6 (took 0s), Black h8->h4 (took 0s)
Move 5: White e6->e3 (took 4s), Black h8->h4 (took 0s)
Move 6: White e6->e3 (took 0s), Black f4->f6 (took 0s)
Move 7: White e3->c3 (took 3s), Black f4->f6 (took 0s)
Move 8: White e3->c3 (took 0s), Black f6->f3 (took 0s)
=========================
White Time: 09:53 | Black Time: 09:54
White Time: 09:47 | Black Time: 10:00
White Time: 09:47 | Black Time: 10:00
เล่นเสียง: select
เล่นเสียง: move
White Time: 09:53 | Black Time: 09:54
DEBUG GameFrame.recordMove: Recording move for WHITE with timeSpent=0
  Using last black move data
  Timer state: White time 587s remaining, Black time 600s remaining
  Total used times - White: 13s, Black: 0s
  Previous used times - White: 11s, Black: 0s
  Move time this turn - White: 2s, Black: 0s
DEBUG: Adding move #9 - White time: 2s, Black time: 0s
White moved and took: 2s
Black moved and took: 0s
MOVE DATA: WHITE moved from (5,2) to (5,4)
==== MOVE HISTORY DUMP ====
Move 1: White g1->g4 (took 1s), Black -->- (took 0s)
Move 2: White g1->g4 (took 0s), Black f8->f4 (took 0s)
Move 3: White e1->e6 (took 3s), Black f8->f4 (took 0s)
Move 4: White e1->e6 (took 0s), Black h8->h4 (took 0s)
Move 5: White e6->e3 (took 4s), Black h8->h4 (took 0s)
Move 6: White e6->e3 (took 0s), Black f4->f6 (took 0s)
Move 7: White e3->c3 (took 3s), Black f4->f6 (took 0s)
Move 8: White e3->c3 (took 0s), Black f6->f3 (took 0s)
Move 9: White c3->e3 (took 2s), Black f6->f3 (took 0s)
=========================
White Time: 09:53 | Black Time: 09:53
เล่นเสียง: select
White Time: 09:46 | Black Time: 10:00
White Time: 09:46 | Black Time: 10:00
เล่นเสียง: move
White Time: 09:53 | Black Time: 09:53
DEBUG GameFrame.recordMove: Recording move for BLACK with timeSpent=0
  Using last white move data
  Timer state: White time 586s remaining, Black time 600s remaining
  Total used times - White: 14s, Black: 0s
  Previous used times - White: 13s, Black: 0s
  Move time this turn - White: 0s, Black: 0s
DEBUG: Adding move #10 - White time: 0s, Black time: 0s
White moved and took: -2s
Black moved and took: 0s
MOVE DATA: BLACK moved from (5,5) to (4,5)
==== MOVE HISTORY DUMP ====
Move 1: White g1->g4 (took 1s), Black -->- (took 0s)
Move 2: White g1->g4 (took 0s), Black f8->f4 (took 0s)
Move 3: White e1->e6 (took 3s), Black f8->f4 (took 0s)
Move 4: White e1->e6 (took 0s), Black h8->h4 (took 0s)
Move 5: White e6->e3 (took 4s), Black h8->h4 (took 0s)
Move 6: White e6->e3 (took 0s), Black f4->f6 (took 0s)
Move 7: White e3->c3 (took 3s), Black f4->f6 (took 0s)
Move 8: White e3->c3 (took 0s), Black f6->f3 (took 0s)
Move 9: White c3->e3 (took 2s), Black f6->f3 (took 0s)
Move 10: White c3->e3 (took 0s), Black f3->f4 (took 0s)
=========================
เล่นเสียง: select
White Time: 09:52 | Black Time: 09:53
เล่นเสียง: move
White Time: 09:52 | Black Time: 09:53
DEBUG GameFrame.recordMove: Recording move for WHITE with timeSpent=0
  Using last black move data
  Timer state: White time 586s remaining, Black time 600s remaining
  Total used times - White: 14s, Black: 0s
  Previous used times - White: 13s, Black: 0s
  Move time this turn - White: 1s, Black: 0s
DEBUG: Adding move #11 - White time: 1s, Black time: 0s
White moved and took: 1s
Black moved and took: 0s
MOVE DATA: WHITE moved from (5,4) to (4,4)
==== MOVE HISTORY DUMP ====
Move 1: White g1->g4 (took 1s), Black -->- (took 0s)
Move 2: White g1->g4 (took 0s), Black f8->f4 (took 0s)
Move 3: White e1->e6 (took 3s), Black f8->f4 (took 0s)
Move 4: White e1->e6 (took 0s), Black h8->h4 (took 0s)
Move 5: White e6->e3 (took 4s), Black h8->h4 (took 0s)
Move 6: White e6->e3 (took 0s), Black f4->f6 (took 0s)
Move 7: White e3->c3 (took 3s), Black f4->f6 (took 0s)
Move 8: White e3->c3 (took 0s), Black f6->f3 (took 0s)
Move 9: White c3->e3 (took 2s), Black f6->f3 (took 0s)
Move 10: White c3->e3 (took 0s), Black f3->f4 (took 0s)
Move 11: White e3->e4 (took 1s), Black f3->f4 (took 0s)
=========================
White Time: 09:45 | Black Time: 10:00
White Time: 09:45 | Black Time: 10:00
เล่นเสียง: select
White Time: 09:52 | Black Time: 09:52
White Time: 09:44 | Black Time: 10:00
เล่นเสียง: move
White Time: 09:52 | Black Time: 09:52
DEBUG GameFrame.recordMove: Recording move for BLACK with timeSpent=0
  Using last white move data
  Timer state: White time 584s remaining, Black time 600s remaining
  Total used times - White: 16s, Black: 0s
  Previous used times - White: 14s, Black: 0s
  Move time this turn - White: 0s, Black: 0s
DEBUG: Adding move #12 - White time: 0s, Black time: 0s
White moved and took: -1s
Black moved and took: 0s
MOVE DATA: BLACK moved from (4,5) to (2,5)
==== MOVE HISTORY DUMP ====
Move 1: White g1->g4 (took 1s), Black -->- (took 0s)
Move 2: White g1->g4 (took 0s), Black f8->f4 (took 0s)
Move 3: White e1->e6 (took 3s), Black f8->f4 (took 0s)
Move 4: White e1->e6 (took 0s), Black h8->h4 (took 0s)
Move 5: White e6->e3 (took 4s), Black h8->h4 (took 0s)
Move 6: White e6->e3 (took 0s), Black f4->f6 (took 0s)
Move 7: White e3->c3 (took 3s), Black f4->f6 (took 0s)
Move 8: White e3->c3 (took 0s), Black f6->f3 (took 0s)
Move 9: White c3->e3 (took 2s), Black f6->f3 (took 0s)
Move 10: White c3->e3 (took 0s), Black f3->f4 (took 0s)
Move 11: White e3->e4 (took 1s), Black f3->f4 (took 0s)
Move 12: White e3->e4 (took 0s), Black f4->f6 (took 0s)
=========================
White Time: 09:44 | Black Time: 10:00
เล่นเสียง: select
เล่นเสียง: move
White Time: 09:52 | Black Time: 09:52
DEBUG GameFrame.recordMove: Recording move for WHITE with timeSpent=0
  Using last black move data
  Timer state: White time 584s remaining, Black time 600s remaining
  Total used times - White: 16s, Black: 0s
  Previous used times - White: 14s, Black: 0s
  Move time this turn - White: 2s, Black: 0s
DEBUG: Adding move #13 - White time: 2s, Black time: 0s
White moved and took: 2s
Black moved and took: 0s
MOVE DATA: WHITE moved from (4,4) to (6,4)
==== MOVE HISTORY DUMP ====
Move 1: White g1->g4 (took 1s), Black -->- (took 0s)
Move 2: White g1->g4 (took 0s), Black f8->f4 (took 0s)
Move 3: White e1->e6 (took 3s), Black f8->f4 (took 0s)
Move 4: White e1->e6 (took 0s), Black h8->h4 (took 0s)
Move 5: White e6->e3 (took 4s), Black h8->h4 (took 0s)
Move 6: White e6->e3 (took 0s), Black f4->f6 (took 0s)
Move 7: White e3->c3 (took 3s), Black f4->f6 (took 0s)
Move 8: White e3->c3 (took 0s), Black f6->f3 (took 0s)
Move 9: White c3->e3 (took 2s), Black f6->f3 (took 0s)
Move 10: White c3->e3 (took 0s), Black f3->f4 (took 0s)
Move 11: White e3->e4 (took 1s), Black f3->f4 (took 0s)
Move 12: White e3->e4 (took 0s), Black f4->f6 (took 0s)
Move 13: White e4->e2 (took 2s), Black f4->f6 (took 0s)
=========================
White Time: 09:52 | Black Time: 09:51
White Time: 09:43 | Black Time: 10:00
White Time: 09:43 | Black Time: 10:00
White Time: 09:52 | Black Time: 09:50
White Time: 09:42 | Black Time: 10:00
White Time: 09:42 | Black Time: 10:00
เล่นเสียง: select
เล่นเสียง: move
White Time: 09:52 | Black Time: 09:50
DEBUG GameFrame.recordMove: Recording move for BLACK with timeSpent=0
  Using last white move data
  Timer state: White time 582s remaining, Black time 600s remaining
  Total used times - White: 18s, Black: 0s
  Previous used times - White: 16s, Black: 0s
  Move time this turn - White: 0s, Black: 0s
DEBUG: Adding move #14 - White time: 0s, Black time: 0s
White moved and took: -2s
Black moved and took: 0s
MOVE DATA: BLACK moved from (2,5) to (2,1)
==== MOVE HISTORY DUMP ====
Move 1: White g1->g4 (took 1s), Black -->- (took 0s)
Move 2: White g1->g4 (took 0s), Black f8->f4 (took 0s)
Move 3: White e1->e6 (took 3s), Black f8->f4 (took 0s)
Move 4: White e1->e6 (took 0s), Black h8->h4 (took 0s)
Move 5: White e6->e3 (took 4s), Black h8->h4 (took 0s)
Move 6: White e6->e3 (took 0s), Black f4->f6 (took 0s)
Move 7: White e3->c3 (took 3s), Black f4->f6 (took 0s)
Move 8: White e3->c3 (took 0s), Black f6->f3 (took 0s)
Move 9: White c3->e3 (took 2s), Black f6->f3 (took 0s)
Move 10: White c3->e3 (took 0s), Black f3->f4 (took 0s)
Move 11: White e3->e4 (took 1s), Black f3->f4 (took 0s)
Move 12: White e3->e4 (took 0s), Black f4->f6 (took 0s)
Move 13: White e4->e2 (took 2s), Black f4->f6 (took 0s)
Move 14: White e4->e2 (took 0s), Black f6->b6 (took 0s)
=========================
White Time: 09:51 | Black Time: 09:50
White Time: 09:41 | Black Time: 10:00
White Time: 09:41 | Black Time: 10:00
เล่นเสียง: select
เล่นเสียง: move
White Time: 09:51 | Black Time: 09:50
DEBUG GameFrame.recordMove: Recording move for WHITE with timeSpent=0
  Using last black move data
  Timer state: White time 581s remaining, Black time 600s remaining
  Total used times - White: 19s, Black: 0s
  Previous used times - White: 16s, Black: 0s
  Move time this turn - White: 3s, Black: 0s
DEBUG: Adding move #15 - White time: 3s, Black time: 0s
White moved and took: 3s
Black moved and took: 0s
MOVE DATA: WHITE moved from (6,4) to (5,4)
==== MOVE HISTORY DUMP ====
Move 1: White g1->g4 (took 1s), Black -->- (took 0s)
Move 2: White g1->g4 (took 0s), Black f8->f4 (took 0s)
Move 3: White e1->e6 (took 3s), Black f8->f4 (took 0s)
Move 4: White e1->e6 (took 0s), Black h8->h4 (took 0s)
Move 5: White e6->e3 (took 4s), Black h8->h4 (took 0s)
Move 6: White e6->e3 (took 0s), Black f4->f6 (took 0s)
Move 7: White e3->c3 (took 3s), Black f4->f6 (took 0s)
Move 8: White e3->c3 (took 0s), Black f6->f3 (took 0s)
Move 9: White c3->e3 (took 2s), Black f6->f3 (took 0s)
Move 10: White c3->e3 (took 0s), Black f3->f4 (took 0s)
Move 11: White e3->e4 (took 1s), Black f3->f4 (took 0s)
Move 12: White e3->e4 (took 0s), Black f4->f6 (took 0s)
Move 13: White e4->e2 (took 2s), Black f4->f6 (took 0s)
Move 14: White e4->e2 (took 0s), Black f6->b6 (took 0s)
Move 15: White e2->e3 (took 3s), Black f6->b6 (took 0s)
=========================
White Time: 09:51 | Black Time: 09:49
White Time: 09:40 | Black Time: 10:00
White Time: 09:40 | Black Time: 10:00
White Time: 09:51 | Black Time: 09:48
White Time: 09:39 | Black Time: 10:00
White Time: 09:39 | Black Time: 10:00
เล่นเสียง: select
เล่นเสียง: move
White Time: 09:51 | Black Time: 09:48
DEBUG GameFrame.recordMove: Recording move for BLACK with timeSpent=0
  Using last white move data
  Timer state: White time 579s remaining, Black time 600s remaining
  Total used times - White: 21s, Black: 0s
  Previous used times - White: 19s, Black: 0s
  Move time this turn - White: 0s, Black: 0s
DEBUG: Adding move #16 - White time: 0s, Black time: 0s
White moved and took: -3s
Black moved and took: 0s
MOVE DATA: BLACK moved from (2,1) to (2,5)
==== MOVE HISTORY DUMP ====
Move 1: White g1->g4 (took 1s), Black -->- (took 0s)
Move 2: White g1->g4 (took 0s), Black f8->f4 (took 0s)
Move 3: White e1->e6 (took 3s), Black f8->f4 (took 0s)
Move 4: White e1->e6 (took 0s), Black h8->h4 (took 0s)
Move 5: White e6->e3 (took 4s), Black h8->h4 (took 0s)
Move 6: White e6->e3 (took 0s), Black f4->f6 (took 0s)
Move 7: White e3->c3 (took 3s), Black f4->f6 (took 0s)
Move 8: White e3->c3 (took 0s), Black f6->f3 (took 0s)
Move 9: White c3->e3 (took 2s), Black f6->f3 (took 0s)
Move 10: White c3->e3 (took 0s), Black f3->f4 (took 0s)
Move 11: White e3->e4 (took 1s), Black f3->f4 (took 0s)
Move 12: White e3->e4 (took 0s), Black f4->f6 (took 0s)
Move 13: White e4->e2 (took 2s), Black f4->f6 (took 0s)
Move 14: White e4->e2 (took 0s), Black f6->b6 (took 0s)
Move 15: White e2->e3 (took 3s), Black f6->b6 (took 0s)
Move 16: White e2->e3 (took 0s), Black b6->f6 (took 0s)
=========================
White Time: 09:50 | Black Time: 09:48
White Time: 09:38 | Black Time: 10:00
White Time: 09:38 | Black Time: 10:00
เล่นเสียง: select
เล่นเสียง: move
White Time: 09:50 | Black Time: 09:48
DEBUG GameFrame.recordMove: Recording move for WHITE with timeSpent=0
  Using last black move data
  Timer state: White time 578s remaining, Black time 600s remaining
  Total used times - White: 22s, Black: 0s
  Previous used times - White: 19s, Black: 0s
  Move time this turn - White: 3s, Black: 0s
DEBUG: Adding move #17 - White time: 3s, Black time: 0s
White moved and took: 3s
Black moved and took: 0s
MOVE DATA: WHITE moved from (5,4) to (2,4)
==== MOVE HISTORY DUMP ====
Move 1: White g1->g4 (took 1s), Black -->- (took 0s)
Move 2: White g1->g4 (took 0s), Black f8->f4 (took 0s)
Move 3: White e1->e6 (took 3s), Black f8->f4 (took 0s)
Move 4: White e1->e6 (took 0s), Black h8->h4 (took 0s)
Move 5: White e6->e3 (took 4s), Black h8->h4 (took 0s)
Move 6: White e6->e3 (took 0s), Black f4->f6 (took 0s)
Move 7: White e3->c3 (took 3s), Black f4->f6 (took 0s)
Move 8: White e3->c3 (took 0s), Black f6->f3 (took 0s)
Move 9: White c3->e3 (took 2s), Black f6->f3 (took 0s)
Move 10: White c3->e3 (took 0s), Black f3->f4 (took 0s)
Move 11: White e3->e4 (took 1s), Black f3->f4 (took 0s)
Move 12: White e3->e4 (took 0s), Black f4->f6 (took 0s)
Move 13: White e4->e2 (took 2s), Black f4->f6 (took 0s)
Move 14: White e4->e2 (took 0s), Black f6->b6 (took 0s)
Move 15: White e2->e3 (took 3s), Black f6->b6 (took 0s)
Move 16: White e2->e3 (took 0s), Black b6->f6 (took 0s)
Move 17: White e3->e6 (took 3s), Black b6->f6 (took 0s)
=========================
White Time: 09:50 | Black Time: 09:47
White Time: 09:37 | Black Time: 10:00
White Time: 09:37 | Black Time: 10:00
เล่นเสียง: select
เล่นเสียง: move
White Time: 09:50 | Black Time: 09:47
DEBUG GameFrame.recordMove: Recording move for BLACK with timeSpent=0
  Using last white move data
  Timer state: White time 577s remaining, Black time 600s remaining
  Total used times - White: 23s, Black: 0s
  Previous used times - White: 22s, Black: 0s
  Move time this turn - White: 0s, Black: 0s
DEBUG: Adding move #18 - White time: 0s, Black time: 0s
White moved and took: -3s
Black moved and took: 0s
MOVE DATA: BLACK moved from (2,5) to (4,5)
==== MOVE HISTORY DUMP ====
Move 1: White g1->g4 (took 1s), Black -->- (took 0s)
Move 2: White g1->g4 (took 0s), Black f8->f4 (took 0s)
Move 3: White e1->e6 (took 3s), Black f8->f4 (took 0s)
Move 4: White e1->e6 (took 0s), Black h8->h4 (took 0s)
Move 5: White e6->e3 (took 4s), Black h8->h4 (took 0s)
Move 6: White e6->e3 (took 0s), Black f4->f6 (took 0s)
Move 7: White e3->c3 (took 3s), Black f4->f6 (took 0s)
Move 8: White e3->c3 (took 0s), Black f6->f3 (took 0s)
Move 9: White c3->e3 (took 2s), Black f6->f3 (took 0s)
Move 10: White c3->e3 (took 0s), Black f3->f4 (took 0s)
Move 11: White e3->e4 (took 1s), Black f3->f4 (took 0s)
Move 12: White e3->e4 (took 0s), Black f4->f6 (took 0s)
Move 13: White e4->e2 (took 2s), Black f4->f6 (took 0s)
Move 14: White e4->e2 (took 0s), Black f6->b6 (took 0s)
Move 15: White e2->e3 (took 3s), Black f6->b6 (took 0s)
Move 16: White e2->e3 (took 0s), Black b6->f6 (took 0s)
Move 17: White e3->e6 (took 3s), Black b6->f6 (took 0s)
Move 18: White e3->e6 (took 0s), Black f6->f4 (took 0s)
=========================
White Time: 09:49 | Black Time: 09:47
White Time: 09:36 | Black Time: 10:00
White Time: 09:36 | Black Time: 10:00
เล่นเสียง: select
เล่นเสียง: move
White Time: 09:49 | Black Time: 09:47
DEBUG GameFrame.recordMove: Recording move for WHITE with timeSpent=0
  Using last black move data
  Timer state: White time 576s remaining, Black time 600s remaining
  Total used times - White: 24s, Black: 0s
  Previous used times - White: 22s, Black: 0s
  Move time this turn - White: 2s, Black: 0s
DEBUG: Adding move #19 - White time: 2s, Black time: 0s
White moved and took: 2s
Black moved and took: 0s
MOVE DATA: WHITE moved from (2,4) to (5,4)
==== MOVE HISTORY DUMP ====
Move 1: White g1->g4 (took 1s), Black -->- (took 0s)
Move 2: White g1->g4 (took 0s), Black f8->f4 (took 0s)
Move 3: White e1->e6 (took 3s), Black f8->f4 (took 0s)
Move 4: White e1->e6 (took 0s), Black h8->h4 (took 0s)
Move 5: White e6->e3 (took 4s), Black h8->h4 (took 0s)
Move 6: White e6->e3 (took 0s), Black f4->f6 (took 0s)
Move 7: White e3->c3 (took 3s), Black f4->f6 (took 0s)
Move 8: White e3->c3 (took 0s), Black f6->f3 (took 0s)
Move 9: White c3->e3 (took 2s), Black f6->f3 (took 0s)
Move 10: White c3->e3 (took 0s), Black f3->f4 (took 0s)
Move 11: White e3->e4 (took 1s), Black f3->f4 (took 0s)
Move 12: White e3->e4 (took 0s), Black f4->f6 (took 0s)
Move 13: White e4->e2 (took 2s), Black f4->f6 (took 0s)
Move 14: White e4->e2 (took 0s), Black f6->b6 (took 0s)
Move 15: White e2->e3 (took 3s), Black f6->b6 (took 0s)
Move 16: White e2->e3 (took 0s), Black b6->f6 (took 0s)
Move 17: White e3->e6 (took 3s), Black b6->f6 (took 0s)
Move 18: White e3->e6 (took 0s), Black f6->f4 (took 0s)
Move 19: White e6->e3 (took 2s), Black f6->f4 (took 0s)
=========================
White Time: 09:49 | Black Time: 09:46
White Time: 09:35 | Black Time: 10:00
White Time: 09:35 | Black Time: 10:00
White Time: 09:49 | Black Time: 09:45
White Time: 09:34 | Black Time: 10:00
White Time: 09:34 | Black Time: 10:00
White Time: 09:49 | Black Time: 09:44
White Time: 09:33 | Black Time: 10:00
White Time: 09:33 | Black Time: 10:00
White Time: 09:49 | Black Time: 09:43
White Time: 09:32 | Black Time: 10:00
White Time: 09:32 | Black Time: 10:00
White Time: 09:49 | Black Time: 09:42
White Time: 09:31 | Black Time: 10:00
White Time: 09:31 | Black Time: 10:00
White Time: 09:49 | Black Time: 09:41
White Time: 09:30 | Black Time: 10:00
White Time: 09:30 | Black Time: 10:00
White Time: 09:49 | Black Time: 09:40
White Time: 09:29 | Black Time: 10:00
White Time: 09:29 | Black Time: 10:00
White Time: 09:49 | Black Time: 09:39
White Time: 09:28 | Black Time: 10:00
White Time: 09:28 | Black Time: 10:00
White Time: 09:49 | Black Time: 09:38
White Time: 09:27 | Black Time: 10:00
White Time: 09:27 | Black Time: 10:00
White Time: 09:49 | Black Time: 09:37
White Time: 09:26 | Black Time: 10:00
White Time: 09:26 | Black Time: 10:00
White Time: 09:49 | Black Time: 09:36
White Time: 09:25 | Black Time: 10:00
White Time: 09:25 | Black Time: 10:00
White Time: 09:49 | Black Time: 09:35
White Time: 09:24 | Black Time: 10:00
White Time: 09:24 | Black Time: 10:00
White Time: 09:49 | Black Time: 09:34
White Time: 09:23 | Black Time: 10:00
White Time: 09:23 | Black Time: 10:00
White Time: 09:49 | Black Time: 09:33
White Time: 09:22 | Black Time: 10:00
White Time: 09:22 | Black Time: 10:00
White Time: 09:49 | Black Time: 09:32
White Time: 09:21 | Black Time: 10:00
White Time: 09:21 | Black Time: 10:00
