=== Application Started at Sun Mar 09 20:34:31 ICT 2025 ===
โหลดไฟล์จาก: C:\Users\rm\Desktop\OOP 2ed Semester\Mak Neeb Game 4\Java-OOP-CS30-KMITL\assets\icon\ICONKMITL.png
โหลดไฟล์จาก: C:\Users\rm\Desktop\OOP 2ed Semester\Mak Neeb Game 4\Java-OOP-CS30-KMITL\assets\icon\minimizeButton.png
โหลดไฟล์จาก: C:\Users\rm\Desktop\OOP 2ed Semester\Mak Neeb Game 4\Java-OOP-CS30-KMITL\assets\icon\resizeButton.png
โหลดไฟล์จาก: C:\Users\rm\Desktop\OOP 2ed Semester\Mak Neeb Game 4\Java-OOP-CS30-KMITL\assets\icon\closeButton.png
โหลดไฟล์จาก: C:\Users\rm\Desktop\OOP 2ed Semester\Mak Neeb Game 4\Java-OOP-CS30-KMITL\assets\background1.jpg
โหลดไฟล์จาก: C:\Users\rm\Desktop\OOP 2ed Semester\Mak Neeb Game 4\Java-OOP-CS30-KMITL\assets\icon\ICONKMITL.png
โหลดไฟล์จาก: C:\Users\rm\Desktop\OOP 2ed Semester\Mak Neeb Game 4\Java-OOP-CS30-KMITL\assets\Rok\Rok.png
พบไฟล์ที่: C:\Users\rm\Desktop\OOP 2ed Semester\Mak Neeb Game 4\Java-OOP-CS30-KMITL\assets\sound\select.wav
โหลดไฟล์เสียงสำเร็จ: select.wav
พบไฟล์ที่: C:\Users\rm\Desktop\OOP 2ed Semester\Mak Neeb Game 4\Java-OOP-CS30-KMITL\assets\sound\move.wav
โหลดไฟล์เสียงสำเร็จ: move.wav
พบไฟล์ที่: C:\Users\rm\Desktop\OOP 2ed Semester\Mak Neeb Game 4\Java-OOP-CS30-KMITL\assets\sound\capture.wav
โหลดไฟล์เสียงสำเร็จ: capture.wav
พบไฟล์ที่: C:\Users\rm\Desktop\OOP 2ed Semester\Mak Neeb Game 4\Java-OOP-CS30-KMITL\assets\sound\start.wav
โหลดไฟล์เสียงสำเร็จ: start.wav
พบไฟล์ที่: C:\Users\rm\Desktop\OOP 2ed Semester\Mak Neeb Game 4\Java-OOP-CS30-KMITL\assets\sound\error.wav
โหลดไฟล์เสียงสำเร็จ: error.wav
พบไฟล์ที่: C:\Users\rm\Desktop\OOP 2ed Semester\Mak Neeb Game 4\Java-OOP-CS30-KMITL\assets\sound\victory.wav
โหลดไฟล์เสียงสำเร็จ: victory.wav
พบไฟล์ที่: C:\Users\rm\Desktop\OOP 2ed Semester\Mak Neeb Game 4\Java-OOP-CS30-KMITL\assets\sound\SongGame.wav
โหลดไฟล์เสียงสำเร็จ: SongGame.wav
เล่นเสียงแบบวนซ้ำ: SongGame
โหลดไฟล์จาก: C:\Users\rm\Desktop\OOP 2ed Semester\Mak Neeb Game 4\Java-OOP-CS30-KMITL\assets\icon\AppIcon.png
เล่นเสียง: select
เล่นเสียง: select
เล่นเสียง: select
หยุดเสียง: SongGame
เล่นเสียง: start
GameController set, isWhiteTurn: true
GameController: InfoPanel set
InfoPanel: Updating piece count - White: 8/0, Black: 8/0
GameController set, isWhiteTurn: true
โหลดไฟล์จาก: C:\Users\rm\Desktop\OOP 2ed Semester\Mak Neeb Game 4\Java-OOP-CS30-KMITL\assets\icon\AppIcon.png
โหลดไฟล์จาก: C:\Users\rm\Desktop\OOP 2ed Semester\Mak Neeb Game 4\Java-OOP-CS30-KMITL\assets\Rok\Rok.png
โหลดไฟล์จาก: C:\Users\rm\Desktop\OOP 2ed Semester\Mak Neeb Game 4\Java-OOP-CS30-KMITL\assets\Rok\Rok.png
โหลดไฟล์จาก: C:\Users\rm\Desktop\OOP 2ed Semester\Mak Neeb Game 4\Java-OOP-CS30-KMITL\assets\Rok\Rok.png
โหลดไฟล์จาก: C:\Users\rm\Desktop\OOP 2ed Semester\Mak Neeb Game 4\Java-OOP-CS30-KMITL\assets\Rok\Rok.png
โหลดไฟล์จาก: C:\Users\rm\Desktop\OOP 2ed Semester\Mak Neeb Game 4\Java-OOP-CS30-KMITL\assets\Rok\Rok.png
โหลดไฟล์จาก: C:\Users\rm\Desktop\OOP 2ed Semester\Mak Neeb Game 4\Java-OOP-CS30-KMITL\assets\Rok\Rok.png
โหลดไฟล์จาก: C:\Users\rm\Desktop\OOP 2ed Semester\Mak Neeb Game 4\Java-OOP-CS30-KMITL\assets\Rok\Rok.png
โหลดไฟล์จาก: C:\Users\rm\Desktop\OOP 2ed Semester\Mak Neeb Game 4\Java-OOP-CS30-KMITL\assets\Rok\Rok.png
โหลดไฟล์จาก: C:\Users\rm\Desktop\OOP 2ed Semester\Mak Neeb Game 4\Java-OOP-CS30-KMITL\assets\Rok\Rok.png
โหลดไฟล์จาก: C:\Users\rm\Desktop\OOP 2ed Semester\Mak Neeb Game 4\Java-OOP-CS30-KMITL\assets\Rok\Rok.png
โหลดไฟล์จาก: C:\Users\rm\Desktop\OOP 2ed Semester\Mak Neeb Game 4\Java-OOP-CS30-KMITL\assets\Rok\Rok.png
โหลดไฟล์จาก: C:\Users\rm\Desktop\OOP 2ed Semester\Mak Neeb Game 4\Java-OOP-CS30-KMITL\assets\Rok\Rok.png
โหลดไฟล์จาก: C:\Users\rm\Desktop\OOP 2ed Semester\Mak Neeb Game 4\Java-OOP-CS30-KMITL\assets\Rok\Rok.png
โหลดไฟล์จาก: C:\Users\rm\Desktop\OOP 2ed Semester\Mak Neeb Game 4\Java-OOP-CS30-KMITL\assets\Rok\Rok.png
โหลดไฟล์จาก: C:\Users\rm\Desktop\OOP 2ed Semester\Mak Neeb Game 4\Java-OOP-CS30-KMITL\assets\Rok\Rok.png
โหลดไฟล์จาก: C:\Users\rm\Desktop\OOP 2ed Semester\Mak Neeb Game 4\Java-OOP-CS30-KMITL\assets\Rok\Rok.png
เล่นเสียง: select
White Time: 09:59 | Black Time: 10:00
White Time: 09:59 | Black Time: 10:00
White Time: 09:59 | Black Time: 10:00
เล่นเสียง: move
White Time: 09:59 | Black Time: 10:00
DEBUG GameFrame.recordMove: Recording move for WHITE with timeSpent=0
  Timer state: White time 599s remaining, Black time 600s remaining
  Total used times - White: 1s, Black: 0s
  Previous used times - White: 0s, Black: 0s
  Move time this turn - White: 1s, Black: 0s
DEBUG: Initializing timers with White=0s, Black=0s
  First move - initializing times
DEBUG: Adding move #1 - White time: 1s, Black time: 0s
First move - initializing previous times to 0
White moved and took: 1s
MOVE DATA: WHITE moved from (7,7) to (5,7)
==== MOVE HISTORY DUMP ====
Move 1: White h1->h3 (took 1s), Black -->- (took 0s)
=========================
White Time: 09:59 | Black Time: 09:59
White Time: 09:58 | Black Time: 10:00
White Time: 09:58 | Black Time: 10:00
เล่นเสียง: select
เล่นเสียง: move
White Time: 09:59 | Black Time: 09:59
DEBUG GameFrame.recordMove: Recording move for BLACK with timeSpent=0
  Using last white move data
  Timer state: White time 598s remaining, Black time 600s remaining
  Total used times - White: 2s, Black: 0s
  Previous used times - White: 1s, Black: 0s
  Move time this turn - White: 1s, Black: 0s
DEBUG: Adding move #2 - White time: 0s, Black time: 1s
White moved and took: -1s
Black moved and took: 1s
MOVE DATA: BLACK moved from (0,5) to (5,5)
==== MOVE HISTORY DUMP ====
Move 1: White h1->h3 (took 1s), Black -->- (took 0s)
Move 2: White h1->h3 (took 0s), Black f8->f3 (took 1s)
=========================
White Time: 09:58 | Black Time: 09:59
White Time: 09:57 | Black Time: 10:00
White Time: 09:57 | Black Time: 10:00
White Time: 09:57 | Black Time: 09:59
White Time: 09:56 | Black Time: 10:00
White Time: 09:56 | Black Time: 10:00
เล่นเสียง: select
เล่นเสียง: move
White Time: 09:57 | Black Time: 09:59
DEBUG GameFrame.recordMove: Recording move for WHITE with timeSpent=0
  Using last black move data
  Timer state: White time 596s remaining, Black time 600s remaining
  Total used times - White: 4s, Black: 0s
  Previous used times - White: 1s, Black: 0s
  Move time this turn - White: 3s, Black: 0s
DEBUG: Adding move #3 - White time: 3s, Black time: 0s
White moved and took: 3s
Black moved and took: -1s
MOVE DATA: WHITE moved from (7,4) to (3,4)
==== MOVE HISTORY DUMP ====
Move 1: White h1->h3 (took 1s), Black -->- (took 0s)
Move 2: White h1->h3 (took 0s), Black f8->f3 (took 1s)
Move 3: White e1->e5 (took 3s), Black f8->f3 (took 0s)
=========================
White Time: 09:57 | Black Time: 09:58
White Time: 09:55 | Black Time: 10:00
White Time: 09:55 | Black Time: 10:00
White Time: 09:57 | Black Time: 09:57
White Time: 09:54 | Black Time: 10:00
White Time: 09:54 | Black Time: 10:00
เล่นเสียง: select
White Time: 09:57 | Black Time: 09:56
White Time: 09:53 | Black Time: 10:00
เล่นเสียง: move
White Time: 09:57 | Black Time: 09:56
DEBUG GameFrame.recordMove: Recording move for BLACK with timeSpent=0
  Using last white move data
  Timer state: White time 593s remaining, Black time 600s remaining
  Total used times - White: 7s, Black: 0s
  Previous used times - White: 4s, Black: 0s
  Move time this turn - White: 3s, Black: 0s
DEBUG: Adding move #4 - White time: 0s, Black time: 3s
White moved and took: -3s
Black moved and took: 3s
MOVE DATA: BLACK moved from (0,2) to (5,2)
==== MOVE HISTORY DUMP ====
Move 1: White h1->h3 (took 1s), Black -->- (took 0s)
Move 2: White h1->h3 (took 0s), Black f8->f3 (took 1s)
Move 3: White e1->e5 (took 3s), Black f8->f3 (took 0s)
Move 4: White e1->e5 (took 0s), Black c8->c3 (took 3s)
=========================
White Time: 09:53 | Black Time: 10:00
White Time: 09:56 | Black Time: 09:56
White Time: 09:52 | Black Time: 10:00
White Time: 09:52 | Black Time: 10:00
เล่นเสียง: select
เล่นเสียง: move
White Time: 09:56 | Black Time: 09:56
DEBUG GameFrame.recordMove: Recording move for WHITE with timeSpent=0
  Using last black move data
  Timer state: White time 592s remaining, Black time 600s remaining
  Total used times - White: 8s, Black: 0s
  Previous used times - White: 4s, Black: 0s
  Move time this turn - White: 4s, Black: 0s
DEBUG: Adding move #5 - White time: 4s, Black time: 0s
White moved and took: 4s
Black moved and took: -3s
MOVE DATA: WHITE moved from (7,3) to (6,3)
==== MOVE HISTORY DUMP ====
Move 1: White h1->h3 (took 1s), Black -->- (took 0s)
Move 2: White h1->h3 (took 0s), Black f8->f3 (took 1s)
Move 3: White e1->e5 (took 3s), Black f8->f3 (took 0s)
Move 4: White e1->e5 (took 0s), Black c8->c3 (took 3s)
Move 5: White d1->d2 (took 4s), Black c8->c3 (took 0s)
=========================
White Time: 09:56 | Black Time: 09:55
White Time: 09:51 | Black Time: 10:00
White Time: 09:51 | Black Time: 10:00
White Time: 09:56 | Black Time: 09:54
White Time: 09:50 | Black Time: 10:00
White Time: 09:50 | Black Time: 10:00
เล่นเสียง: select
เล่นเสียง: move
White Time: 09:56 | Black Time: 09:54
DEBUG GameFrame.recordMove: Recording move for BLACK with timeSpent=0
  Using last white move data
  Timer state: White time 590s remaining, Black time 600s remaining
  Total used times - White: 10s, Black: 0s
  Previous used times - White: 8s, Black: 0s
  Move time this turn - White: 2s, Black: 0s
DEBUG: Adding move #6 - White time: 0s, Black time: 2s
White moved and took: -4s
Black moved and took: 2s
MOVE DATA: BLACK moved from (5,5) to (6,5)
==== MOVE HISTORY DUMP ====
Move 1: White h1->h3 (took 1s), Black -->- (took 0s)
Move 2: White h1->h3 (took 0s), Black f8->f3 (took 1s)
Move 3: White e1->e5 (took 3s), Black f8->f3 (took 0s)
Move 4: White e1->e5 (took 0s), Black c8->c3 (took 3s)
Move 5: White d1->d2 (took 4s), Black c8->c3 (took 0s)
Move 6: White d1->d2 (took 0s), Black f3->f2 (took 2s)
=========================
White Time: 09:55 | Black Time: 09:54
White Time: 09:49 | Black Time: 10:00
White Time: 09:49 | Black Time: 10:00
White Time: 09:54 | Black Time: 09:54
White Time: 09:48 | Black Time: 10:00
White Time: 09:48 | Black Time: 10:00
เล่นเสียง: select
เล่นเสียง: move
White Time: 09:54 | Black Time: 09:54
DEBUG GameFrame.recordMove: Recording move for WHITE with timeSpent=0
  Using last black move data
  Timer state: White time 588s remaining, Black time 600s remaining
  Total used times - White: 12s, Black: 0s
  Previous used times - White: 8s, Black: 0s
  Move time this turn - White: 4s, Black: 0s
DEBUG: Adding move #7 - White time: 4s, Black time: 0s
White moved and took: 4s
Black moved and took: -2s
MOVE DATA: WHITE moved from (7,6) to (5,6)
==== MOVE HISTORY DUMP ====
Move 1: White h1->h3 (took 1s), Black -->- (took 0s)
Move 2: White h1->h3 (took 0s), Black f8->f3 (took 1s)
Move 3: White e1->e5 (took 3s), Black f8->f3 (took 0s)
Move 4: White e1->e5 (took 0s), Black c8->c3 (took 3s)
Move 5: White d1->d2 (took 4s), Black c8->c3 (took 0s)
Move 6: White d1->d2 (took 0s), Black f3->f2 (took 2s)
Move 7: White g1->g3 (took 4s), Black f3->f2 (took 0s)
=========================
White Time: 09:54 | Black Time: 09:53
White Time: 09:47 | Black Time: 10:00
White Time: 09:47 | Black Time: 10:00
White Time: 09:54 | Black Time: 09:52
White Time: 09:46 | Black Time: 10:00
White Time: 09:46 | Black Time: 10:00
เล่นเสียง: select
เล่นเสียง: move
White Time: 09:54 | Black Time: 09:52
DEBUG GameFrame.recordMove: Recording move for BLACK with timeSpent=0
  Using last white move data
  Timer state: White time 586s remaining, Black time 600s remaining
  Total used times - White: 14s, Black: 0s
  Previous used times - White: 12s, Black: 0s
  Move time this turn - White: 2s, Black: 0s
DEBUG: Adding move #8 - White time: 0s, Black time: 2s
White moved and took: -4s
Black moved and took: 2s
MOVE DATA: BLACK moved from (6,5) to (6,4)
==== MOVE HISTORY DUMP ====
Move 1: White h1->h3 (took 1s), Black -->- (took 0s)
Move 2: White h1->h3 (took 0s), Black f8->f3 (took 1s)
Move 3: White e1->e5 (took 3s), Black f8->f3 (took 0s)
Move 4: White e1->e5 (took 0s), Black c8->c3 (took 3s)
Move 5: White d1->d2 (took 4s), Black c8->c3 (took 0s)
Move 6: White d1->d2 (took 0s), Black f3->f2 (took 2s)
Move 7: White g1->g3 (took 4s), Black f3->f2 (took 0s)
Move 8: White g1->g3 (took 0s), Black f2->e2 (took 2s)
=========================
เล่นเสียง: select
White Time: 09:53 | Black Time: 09:52
White Time: 09:45 | Black Time: 10:00
White Time: 09:45 | Black Time: 10:00
เล่นเสียง: move
White Time: 09:53 | Black Time: 09:52
DEBUG GameFrame.recordMove: Recording move for WHITE with timeSpent=0
  Using last black move data
  Timer state: White time 585s remaining, Black time 600s remaining
  Total used times - White: 15s, Black: 0s
  Previous used times - White: 12s, Black: 0s
  Move time this turn - White: 3s, Black: 0s
DEBUG: Adding move #9 - White time: 3s, Black time: 0s
White moved and took: 3s
Black moved and took: -2s
MOVE DATA: WHITE moved from (3,4) to (4,4)
==== MOVE HISTORY DUMP ====
Move 1: White h1->h3 (took 1s), Black -->- (took 0s)
Move 2: White h1->h3 (took 0s), Black f8->f3 (took 1s)
Move 3: White e1->e5 (took 3s), Black f8->f3 (took 0s)
Move 4: White e1->e5 (took 0s), Black c8->c3 (took 3s)
Move 5: White d1->d2 (took 4s), Black c8->c3 (took 0s)
Move 6: White d1->d2 (took 0s), Black f3->f2 (took 2s)
Move 7: White g1->g3 (took 4s), Black f3->f2 (took 0s)
Move 8: White g1->g3 (took 0s), Black f2->e2 (took 2s)
Move 9: White e5->e4 (took 3s), Black f2->e2 (took 0s)
=========================
White Time: 09:53 | Black Time: 09:51
White Time: 09:44 | Black Time: 10:00
White Time: 09:44 | Black Time: 10:00
White Time: 09:53 | Black Time: 09:50
White Time: 09:43 | Black Time: 10:00
เล่นเสียง: select
White Time: 09:43 | Black Time: 10:00
เล่นเสียง: move
White Time: 09:53 | Black Time: 09:50
DEBUG GameFrame.recordMove: Recording move for BLACK with timeSpent=0
  Using last white move data
  Timer state: White time 583s remaining, Black time 600s remaining
  Total used times - White: 17s, Black: 0s
  Previous used times - White: 15s, Black: 0s
  Move time this turn - White: 2s, Black: 0s
DEBUG: Adding move #10 - White time: 0s, Black time: 2s
White moved and took: -3s
Black moved and took: 2s
MOVE DATA: BLACK moved from (6,4) to (6,5)
==== MOVE HISTORY DUMP ====
Move 1: White h1->h3 (took 1s), Black -->- (took 0s)
Move 2: White h1->h3 (took 0s), Black f8->f3 (took 1s)
Move 3: White e1->e5 (took 3s), Black f8->f3 (took 0s)
Move 4: White e1->e5 (took 0s), Black c8->c3 (took 3s)
Move 5: White d1->d2 (took 4s), Black c8->c3 (took 0s)
Move 6: White d1->d2 (took 0s), Black f3->f2 (took 2s)
Move 7: White g1->g3 (took 4s), Black f3->f2 (took 0s)
Move 8: White g1->g3 (took 0s), Black f2->e2 (took 2s)
Move 9: White e5->e4 (took 3s), Black f2->e2 (took 0s)
Move 10: White e5->e4 (took 0s), Black e2->f2 (took 2s)
=========================
เล่นเสียง: select
White Time: 09:52 | Black Time: 09:50
White Time: 09:42 | Black Time: 10:00
White Time: 09:42 | Black Time: 10:00
เล่นเสียง: move
White Time: 09:52 | Black Time: 09:50
DEBUG GameFrame.recordMove: Recording move for WHITE with timeSpent=0
  Using last black move data
  Timer state: White time 582s remaining, Black time 600s remaining
  Total used times - White: 18s, Black: 0s
  Previous used times - White: 15s, Black: 0s
  Move time this turn - White: 3s, Black: 0s
DEBUG: Adding move #11 - White time: 3s, Black time: 0s
White moved and took: 3s
Black moved and took: -2s
MOVE DATA: WHITE moved from (4,4) to (5,4)
==== MOVE HISTORY DUMP ====
Move 1: White h1->h3 (took 1s), Black -->- (took 0s)
Move 2: White h1->h3 (took 0s), Black f8->f3 (took 1s)
Move 3: White e1->e5 (took 3s), Black f8->f3 (took 0s)
Move 4: White e1->e5 (took 0s), Black c8->c3 (took 3s)
Move 5: White d1->d2 (took 4s), Black c8->c3 (took 0s)
Move 6: White d1->d2 (took 0s), Black f3->f2 (took 2s)
Move 7: White g1->g3 (took 4s), Black f3->f2 (took 0s)
Move 8: White g1->g3 (took 0s), Black f2->e2 (took 2s)
Move 9: White e5->e4 (took 3s), Black f2->e2 (took 0s)
Move 10: White e5->e4 (took 0s), Black e2->f2 (took 2s)
Move 11: White e4->e3 (took 3s), Black e2->f2 (took 0s)
=========================
White Time: 09:52 | Black Time: 09:49
White Time: 09:41 | Black Time: 10:00
White Time: 09:41 | Black Time: 10:00
เล่นเสียง: select
เล่นเสียง: move
White Time: 09:52 | Black Time: 09:49
DEBUG GameFrame.recordMove: Recording move for BLACK with timeSpent=0
  Using last white move data
  Timer state: White time 581s remaining, Black time 600s remaining
  Total used times - White: 19s, Black: 0s
  Previous used times - White: 18s, Black: 0s
  Move time this turn - White: 1s, Black: 0s
DEBUG: Adding move #12 - White time: 0s, Black time: 1s
White moved and took: -3s
Black moved and took: 1s
MOVE DATA: BLACK moved from (6,5) to (4,5)
==== MOVE HISTORY DUMP ====
Move 1: White h1->h3 (took 1s), Black -->- (took 0s)
Move 2: White h1->h3 (took 0s), Black f8->f3 (took 1s)
Move 3: White e1->e5 (took 3s), Black f8->f3 (took 0s)
Move 4: White e1->e5 (took 0s), Black c8->c3 (took 3s)
Move 5: White d1->d2 (took 4s), Black c8->c3 (took 0s)
Move 6: White d1->d2 (took 0s), Black f3->f2 (took 2s)
Move 7: White g1->g3 (took 4s), Black f3->f2 (took 0s)
Move 8: White g1->g3 (took 0s), Black f2->e2 (took 2s)
Move 9: White e5->e4 (took 3s), Black f2->e2 (took 0s)
Move 10: White e5->e4 (took 0s), Black e2->f2 (took 2s)
Move 11: White e4->e3 (took 3s), Black e2->f2 (took 0s)
Move 12: White e4->e3 (took 0s), Black f2->f4 (took 1s)
=========================
White Time: 09:51 | Black Time: 09:49
White Time: 09:40 | Black Time: 10:00
White Time: 09:40 | Black Time: 10:00
เล่นเสียง: select
White Time: 09:50 | Black Time: 09:49
White Time: 09:39 | Black Time: 10:00
เล่นเสียง: move
White Time: 09:50 | Black Time: 09:49
DEBUG GameFrame.recordMove: Recording move for WHITE with timeSpent=0
  Using last black move data
  Timer state: White time 579s remaining, Black time 600s remaining
  Total used times - White: 21s, Black: 0s
  Previous used times - White: 18s, Black: 0s
  Move time this turn - White: 3s, Black: 0s
DEBUG: Adding move #13 - White time: 3s, Black time: 0s
White moved and took: 3s
Black moved and took: -1s
MOVE DATA: WHITE moved from (5,6) to (6,6)
==== MOVE HISTORY DUMP ====
Move 1: White h1->h3 (took 1s), Black -->- (took 0s)
Move 2: White h1->h3 (took 0s), Black f8->f3 (took 1s)
Move 3: White e1->e5 (took 3s), Black f8->f3 (took 0s)
Move 4: White e1->e5 (took 0s), Black c8->c3 (took 3s)
Move 5: White d1->d2 (took 4s), Black c8->c3 (took 0s)
Move 6: White d1->d2 (took 0s), Black f3->f2 (took 2s)
Move 7: White g1->g3 (took 4s), Black f3->f2 (took 0s)
Move 8: White g1->g3 (took 0s), Black f2->e2 (took 2s)
Move 9: White e5->e4 (took 3s), Black f2->e2 (took 0s)
Move 10: White e5->e4 (took 0s), Black e2->f2 (took 2s)
Move 11: White e4->e3 (took 3s), Black e2->f2 (took 0s)
Move 12: White e4->e3 (took 0s), Black f2->f4 (took 1s)
Move 13: White g3->g2 (took 3s), Black f2->f4 (took 0s)
=========================
White Time: 09:39 | Black Time: 10:00
เล่นเสียง: select
เล่นเสียง: move
White Time: 09:50 | Black Time: 09:49
DEBUG GameFrame.recordMove: Recording move for BLACK with timeSpent=0
  Using last white move data
  Timer state: White time 579s remaining, Black time 600s remaining
  Total used times - White: 21s, Black: 0s
  Previous used times - White: 21s, Black: 0s
  Move time this turn - White: 0s, Black: 0s
DEBUG: Adding move #14 - White time: 0s, Black time: 0s
White moved and took: -3s
Black moved and took: 0s
MOVE DATA: BLACK moved from (4,5) to (5,5)
==== MOVE HISTORY DUMP ====
Move 1: White h1->h3 (took 1s), Black -->- (took 0s)
Move 2: White h1->h3 (took 0s), Black f8->f3 (took 1s)
Move 3: White e1->e5 (took 3s), Black f8->f3 (took 0s)
Move 4: White e1->e5 (took 0s), Black c8->c3 (took 3s)
Move 5: White d1->d2 (took 4s), Black c8->c3 (took 0s)
Move 6: White d1->d2 (took 0s), Black f3->f2 (took 2s)
Move 7: White g1->g3 (took 4s), Black f3->f2 (took 0s)
Move 8: White g1->g3 (took 0s), Black f2->e2 (took 2s)
Move 9: White e5->e4 (took 3s), Black f2->e2 (took 0s)
Move 10: White e5->e4 (took 0s), Black e2->f2 (took 2s)
Move 11: White e4->e3 (took 3s), Black e2->f2 (took 0s)
Move 12: White e4->e3 (took 0s), Black f2->f4 (took 1s)
Move 13: White g3->g2 (took 3s), Black f2->f4 (took 0s)
Move 14: White g3->g2 (took 0s), Black f4->f3 (took 0s)
=========================
White Time: 09:49 | Black Time: 09:49
White Time: 09:38 | Black Time: 10:00
White Time: 09:38 | Black Time: 10:00
เล่นเสียง: select
White Time: 09:48 | Black Time: 09:49
White Time: 09:37 | Black Time: 10:00
InfoPanel: Updating piece count - White: 8/0, Black: 7/1
เล่นเสียง: capture
White Time: 09:48 | Black Time: 09:49
DEBUG GameFrame.recordMove: Recording move for WHITE with timeSpent=0
  Using last black move data
  Timer state: White time 577s remaining, Black time 600s remaining
  Total used times - White: 23s, Black: 0s
  Previous used times - White: 21s, Black: 0s
  Move time this turn - White: 2s, Black: 0s
DEBUG: Adding move #15 - White time: 2s, Black time: 0s
White moved and took: 2s
Black moved and took: 0s
MOVE DATA: WHITE moved from (6,6) to (5,6)
==== MOVE HISTORY DUMP ====
Move 1: White h1->h3 (took 1s), Black -->- (took 0s)
Move 2: White h1->h3 (took 0s), Black f8->f3 (took 1s)
Move 3: White e1->e5 (took 3s), Black f8->f3 (took 0s)
Move 4: White e1->e5 (took 0s), Black c8->c3 (took 3s)
Move 5: White d1->d2 (took 4s), Black c8->c3 (took 0s)
Move 6: White d1->d2 (took 0s), Black f3->f2 (took 2s)
Move 7: White g1->g3 (took 4s), Black f3->f2 (took 0s)
Move 8: White g1->g3 (took 0s), Black f2->e2 (took 2s)
Move 9: White e5->e4 (took 3s), Black f2->e2 (took 0s)
Move 10: White e5->e4 (took 0s), Black e2->f2 (took 2s)
Move 11: White e4->e3 (took 3s), Black e2->f2 (took 0s)
Move 12: White e4->e3 (took 0s), Black f2->f4 (took 1s)
Move 13: White g3->g2 (took 3s), Black f2->f4 (took 0s)
Move 14: White g3->g2 (took 0s), Black f4->f3 (took 0s)
Move 15: White g2->g3 (took 2s), Black f4->f3 (took 0s)
=========================
White Time: 09:37 | Black Time: 10:00
White Time: 09:48 | Black Time: 09:48
White Time: 09:36 | Black Time: 10:00
White Time: 09:36 | Black Time: 10:00
White Time: 09:48 | Black Time: 09:47
White Time: 09:35 | Black Time: 10:00
White Time: 09:35 | Black Time: 10:00
เล่นเสียง: select
เล่นเสียง: move
White Time: 09:48 | Black Time: 09:47
DEBUG GameFrame.recordMove: Recording move for BLACK with timeSpent=0
  Using last white move data
  Timer state: White time 575s remaining, Black time 600s remaining
  Total used times - White: 25s, Black: 0s
  Previous used times - White: 23s, Black: 0s
  Move time this turn - White: 2s, Black: 0s
DEBUG: Adding move #16 - White time: 0s, Black time: 2s
White moved and took: -2s
Black moved and took: 2s
MOVE DATA: BLACK moved from (5,2) to (5,3)
==== MOVE HISTORY DUMP ====
Move 1: White h1->h3 (took 1s), Black -->- (took 0s)
Move 2: White h1->h3 (took 0s), Black f8->f3 (took 1s)
Move 3: White e1->e5 (took 3s), Black f8->f3 (took 0s)
Move 4: White e1->e5 (took 0s), Black c8->c3 (took 3s)
Move 5: White d1->d2 (took 4s), Black c8->c3 (took 0s)
Move 6: White d1->d2 (took 0s), Black f3->f2 (took 2s)
Move 7: White g1->g3 (took 4s), Black f3->f2 (took 0s)
Move 8: White g1->g3 (took 0s), Black f2->e2 (took 2s)
Move 9: White e5->e4 (took 3s), Black f2->e2 (took 0s)
Move 10: White e5->e4 (took 0s), Black e2->f2 (took 2s)
Move 11: White e4->e3 (took 3s), Black e2->f2 (took 0s)
Move 12: White e4->e3 (took 0s), Black f2->f4 (took 1s)
Move 13: White g3->g2 (took 3s), Black f2->f4 (took 0s)
Move 14: White g3->g2 (took 0s), Black f4->f3 (took 0s)
Move 15: White g2->g3 (took 2s), Black f4->f3 (took 0s)
Move 16: White g2->g3 (took 0s), Black c3->d3 (took 2s)
=========================
White Time: 09:47 | Black Time: 09:47
White Time: 09:34 | Black Time: 10:00
White Time: 09:34 | Black Time: 10:00
เล่นเสียง: select
เล่นเสียง: move
White Time: 09:47 | Black Time: 09:47
DEBUG GameFrame.recordMove: Recording move for WHITE with timeSpent=0
  Using last black move data
  Timer state: White time 574s remaining, Black time 600s remaining
  Total used times - White: 26s, Black: 0s
  Previous used times - White: 23s, Black: 0s
  Move time this turn - White: 3s, Black: 0s
DEBUG: Adding move #17 - White time: 3s, Black time: 0s
White moved and took: 3s
Black moved and took: -2s
MOVE DATA: WHITE moved from (6,3) to (7,3)
==== MOVE HISTORY DUMP ====
Move 1: White h1->h3 (took 1s), Black -->- (took 0s)
Move 2: White h1->h3 (took 0s), Black f8->f3 (took 1s)
Move 3: White e1->e5 (took 3s), Black f8->f3 (took 0s)
Move 4: White e1->e5 (took 0s), Black c8->c3 (took 3s)
Move 5: White d1->d2 (took 4s), Black c8->c3 (took 0s)
Move 6: White d1->d2 (took 0s), Black f3->f2 (took 2s)
Move 7: White g1->g3 (took 4s), Black f3->f2 (took 0s)
Move 8: White g1->g3 (took 0s), Black f2->e2 (took 2s)
Move 9: White e5->e4 (took 3s), Black f2->e2 (took 0s)
Move 10: White e5->e4 (took 0s), Black e2->f2 (took 2s)
Move 11: White e4->e3 (took 3s), Black e2->f2 (took 0s)
Move 12: White e4->e3 (took 0s), Black f2->f4 (took 1s)
Move 13: White g3->g2 (took 3s), Black f2->f4 (took 0s)
Move 14: White g3->g2 (took 0s), Black f4->f3 (took 0s)
Move 15: White g2->g3 (took 2s), Black f4->f3 (took 0s)
Move 16: White g2->g3 (took 0s), Black c3->d3 (took 2s)
Move 17: White d2->d1 (took 3s), Black c3->d3 (took 0s)
=========================
White Time: 09:47 | Black Time: 09:46
White Time: 09:33 | Black Time: 10:00
White Time: 09:33 | Black Time: 10:00
เล่นเสียง: select
เล่นเสียง: move
White Time: 09:47 | Black Time: 09:46
DEBUG GameFrame.recordMove: Recording move for BLACK with timeSpent=0
  Using last white move data
  Timer state: White time 573s remaining, Black time 600s remaining
  Total used times - White: 27s, Black: 0s
  Previous used times - White: 26s, Black: 0s
  Move time this turn - White: 1s, Black: 0s
DEBUG: Adding move #18 - White time: 0s, Black time: 1s
White moved and took: -3s
Black moved and took: 1s
MOVE DATA: BLACK moved from (5,3) to (4,3)
==== MOVE HISTORY DUMP ====
Move 1: White h1->h3 (took 1s), Black -->- (took 0s)
Move 2: White h1->h3 (took 0s), Black f8->f3 (took 1s)
Move 3: White e1->e5 (took 3s), Black f8->f3 (took 0s)
Move 4: White e1->e5 (took 0s), Black c8->c3 (took 3s)
Move 5: White d1->d2 (took 4s), Black c8->c3 (took 0s)
Move 6: White d1->d2 (took 0s), Black f3->f2 (took 2s)
Move 7: White g1->g3 (took 4s), Black f3->f2 (took 0s)
Move 8: White g1->g3 (took 0s), Black f2->e2 (took 2s)
Move 9: White e5->e4 (took 3s), Black f2->e2 (took 0s)
Move 10: White e5->e4 (took 0s), Black e2->f2 (took 2s)
Move 11: White e4->e3 (took 3s), Black e2->f2 (took 0s)
Move 12: White e4->e3 (took 0s), Black f2->f4 (took 1s)
Move 13: White g3->g2 (took 3s), Black f2->f4 (took 0s)
Move 14: White g3->g2 (took 0s), Black f4->f3 (took 0s)
Move 15: White g2->g3 (took 2s), Black f4->f3 (took 0s)
Move 16: White g2->g3 (took 0s), Black c3->d3 (took 2s)
Move 17: White d2->d1 (took 3s), Black c3->d3 (took 0s)
Move 18: White d2->d1 (took 0s), Black d3->d4 (took 1s)
=========================
White Time: 09:46 | Black Time: 09:46
White Time: 09:32 | Black Time: 10:00
White Time: 09:32 | Black Time: 10:00
White Time: 09:45 | Black Time: 09:46
White Time: 09:31 | Black Time: 10:00
White Time: 09:31 | Black Time: 10:00
เล่นเสียง: select
เล่นเสียง: move
White Time: 09:45 | Black Time: 09:46
DEBUG GameFrame.recordMove: Recording move for WHITE with timeSpent=0
  Using last black move data
  Timer state: White time 571s remaining, Black time 600s remaining
  Total used times - White: 29s, Black: 0s
  Previous used times - White: 26s, Black: 0s
  Move time this turn - White: 3s, Black: 0s
DEBUG: Adding move #19 - White time: 3s, Black time: 0s
White moved and took: 3s
Black moved and took: -1s
MOVE DATA: WHITE moved from (5,4) to (6,4)
==== MOVE HISTORY DUMP ====
Move 1: White h1->h3 (took 1s), Black -->- (took 0s)
Move 2: White h1->h3 (took 0s), Black f8->f3 (took 1s)
Move 3: White e1->e5 (took 3s), Black f8->f3 (took 0s)
Move 4: White e1->e5 (took 0s), Black c8->c3 (took 3s)
Move 5: White d1->d2 (took 4s), Black c8->c3 (took 0s)
Move 6: White d1->d2 (took 0s), Black f3->f2 (took 2s)
Move 7: White g1->g3 (took 4s), Black f3->f2 (took 0s)
Move 8: White g1->g3 (took 0s), Black f2->e2 (took 2s)
Move 9: White e5->e4 (took 3s), Black f2->e2 (took 0s)
Move 10: White e5->e4 (took 0s), Black e2->f2 (took 2s)
Move 11: White e4->e3 (took 3s), Black e2->f2 (took 0s)
Move 12: White e4->e3 (took 0s), Black f2->f4 (took 1s)
Move 13: White g3->g2 (took 3s), Black f2->f4 (took 0s)
Move 14: White g3->g2 (took 0s), Black f4->f3 (took 0s)
Move 15: White g2->g3 (took 2s), Black f4->f3 (took 0s)
Move 16: White g2->g3 (took 0s), Black c3->d3 (took 2s)
Move 17: White d2->d1 (took 3s), Black c3->d3 (took 0s)
Move 18: White d2->d1 (took 0s), Black d3->d4 (took 1s)
Move 19: White e3->e2 (took 3s), Black d3->d4 (took 0s)
=========================
White Time: 09:45 | Black Time: 09:45
White Time: 09:30 | Black Time: 10:00
White Time: 09:30 | Black Time: 10:00
White Time: 09:45 | Black Time: 09:44
White Time: 09:29 | Black Time: 10:00
White Time: 09:29 | Black Time: 10:00
White Time: 09:45 | Black Time: 09:43
White Time: 09:28 | Black Time: 10:00
White Time: 09:28 | Black Time: 10:00
White Time: 09:45 | Black Time: 09:42
White Time: 09:27 | Black Time: 10:00
White Time: 09:27 | Black Time: 10:00
เล่นเสียง: select
เล่นเสียง: move
White Time: 09:45 | Black Time: 09:42
DEBUG GameFrame.recordMove: Recording move for BLACK with timeSpent=0
  Using last white move data
  Timer state: White time 567s remaining, Black time 600s remaining
  Total used times - White: 33s, Black: 0s
  Previous used times - White: 29s, Black: 0s
  Move time this turn - White: 4s, Black: 0s
DEBUG: Adding move #20 - White time: 0s, Black time: 4s
White moved and took: -3s
Black moved and took: 4s
MOVE DATA: BLACK moved from (4,3) to (5,3)
==== MOVE HISTORY DUMP ====
Move 1: White h1->h3 (took 1s), Black -->- (took 0s)
Move 2: White h1->h3 (took 0s), Black f8->f3 (took 1s)
Move 3: White e1->e5 (took 3s), Black f8->f3 (took 0s)
Move 4: White e1->e5 (took 0s), Black c8->c3 (took 3s)
Move 5: White d1->d2 (took 4s), Black c8->c3 (took 0s)
Move 6: White d1->d2 (took 0s), Black f3->f2 (took 2s)
Move 7: White g1->g3 (took 4s), Black f3->f2 (took 0s)
Move 8: White g1->g3 (took 0s), Black f2->e2 (took 2s)
Move 9: White e5->e4 (took 3s), Black f2->e2 (took 0s)
Move 10: White e5->e4 (took 0s), Black e2->f2 (took 2s)
Move 11: White e4->e3 (took 3s), Black e2->f2 (took 0s)
Move 12: White e4->e3 (took 0s), Black f2->f4 (took 1s)
Move 13: White g3->g2 (took 3s), Black f2->f4 (took 0s)
Move 14: White g3->g2 (took 0s), Black f4->f3 (took 0s)
Move 15: White g2->g3 (took 2s), Black f4->f3 (took 0s)
Move 16: White g2->g3 (took 0s), Black c3->d3 (took 2s)
Move 17: White d2->d1 (took 3s), Black c3->d3 (took 0s)
Move 18: White d2->d1 (took 0s), Black d3->d4 (took 1s)
Move 19: White e3->e2 (took 3s), Black d3->d4 (took 0s)
Move 20: White e3->e2 (took 0s), Black d4->d3 (took 4s)
=========================
White Time: 09:44 | Black Time: 09:42
White Time: 09:26 | Black Time: 10:00
White Time: 09:26 | Black Time: 10:00
White Time: 09:43 | Black Time: 09:42
White Time: 09:25 | Black Time: 10:00
White Time: 09:25 | Black Time: 10:00
เล่นเสียง: select
เล่นเสียง: move
White Time: 09:43 | Black Time: 09:42
DEBUG GameFrame.recordMove: Recording move for WHITE with timeSpent=0
  Using last black move data
  Timer state: White time 565s remaining, Black time 600s remaining
  Total used times - White: 35s, Black: 0s
  Previous used times - White: 29s, Black: 0s
  Move time this turn - White: 6s, Black: 0s
DEBUG: Adding move #21 - White time: 6s, Black time: 0s
White moved and took: 6s
Black moved and took: -4s
MOVE DATA: WHITE moved from (6,4) to (5,4)
==== MOVE HISTORY DUMP ====
Move 1: White h1->h3 (took 1s), Black -->- (took 0s)
Move 2: White h1->h3 (took 0s), Black f8->f3 (took 1s)
Move 3: White e1->e5 (took 3s), Black f8->f3 (took 0s)
Move 4: White e1->e5 (took 0s), Black c8->c3 (took 3s)
Move 5: White d1->d2 (took 4s), Black c8->c3 (took 0s)
Move 6: White d1->d2 (took 0s), Black f3->f2 (took 2s)
Move 7: White g1->g3 (took 4s), Black f3->f2 (took 0s)
Move 8: White g1->g3 (took 0s), Black f2->e2 (took 2s)
Move 9: White e5->e4 (took 3s), Black f2->e2 (took 0s)
Move 10: White e5->e4 (took 0s), Black e2->f2 (took 2s)
Move 11: White e4->e3 (took 3s), Black e2->f2 (took 0s)
Move 12: White e4->e3 (took 0s), Black f2->f4 (took 1s)
Move 13: White g3->g2 (took 3s), Black f2->f4 (took 0s)
Move 14: White g3->g2 (took 0s), Black f4->f3 (took 0s)
Move 15: White g2->g3 (took 2s), Black f4->f3 (took 0s)
Move 16: White g2->g3 (took 0s), Black c3->d3 (took 2s)
Move 17: White d2->d1 (took 3s), Black c3->d3 (took 0s)
Move 18: White d2->d1 (took 0s), Black d3->d4 (took 1s)
Move 19: White e3->e2 (took 3s), Black d3->d4 (took 0s)
Move 20: White e3->e2 (took 0s), Black d4->d3 (took 4s)
Move 21: White e2->e3 (took 6s), Black d4->d3 (took 0s)
=========================
White Time: 09:43 | Black Time: 09:41
White Time: 09:24 | Black Time: 10:00
White Time: 09:24 | Black Time: 10:00
เล่นเสียง: select
เล่นเสียง: move
White Time: 09:43 | Black Time: 09:41
DEBUG GameFrame.recordMove: Recording move for BLACK with timeSpent=0
  Using last white move data
  Timer state: White time 564s remaining, Black time 600s remaining
  Total used times - White: 36s, Black: 0s
  Previous used times - White: 35s, Black: 0s
  Move time this turn - White: 1s, Black: 0s
DEBUG: Adding move #22 - White time: 0s, Black time: 1s
White moved and took: -6s
Black moved and took: 1s
MOVE DATA: BLACK moved from (5,3) to (6,3)
==== MOVE HISTORY DUMP ====
Move 1: White h1->h3 (took 1s), Black -->- (took 0s)
Move 2: White h1->h3 (took 0s), Black f8->f3 (took 1s)
Move 3: White e1->e5 (took 3s), Black f8->f3 (took 0s)
Move 4: White e1->e5 (took 0s), Black c8->c3 (took 3s)
Move 5: White d1->d2 (took 4s), Black c8->c3 (took 0s)
Move 6: White d1->d2 (took 0s), Black f3->f2 (took 2s)
Move 7: White g1->g3 (took 4s), Black f3->f2 (took 0s)
Move 8: White g1->g3 (took 0s), Black f2->e2 (took 2s)
Move 9: White e5->e4 (took 3s), Black f2->e2 (took 0s)
Move 10: White e5->e4 (took 0s), Black e2->f2 (took 2s)
Move 11: White e4->e3 (took 3s), Black e2->f2 (took 0s)
Move 12: White e4->e3 (took 0s), Black f2->f4 (took 1s)
Move 13: White g3->g2 (took 3s), Black f2->f4 (took 0s)
Move 14: White g3->g2 (took 0s), Black f4->f3 (took 0s)
Move 15: White g2->g3 (took 2s), Black f4->f3 (took 0s)
Move 16: White g2->g3 (took 0s), Black c3->d3 (took 2s)
Move 17: White d2->d1 (took 3s), Black c3->d3 (took 0s)
Move 18: White d2->d1 (took 0s), Black d3->d4 (took 1s)
Move 19: White e3->e2 (took 3s), Black d3->d4 (took 0s)
Move 20: White e3->e2 (took 0s), Black d4->d3 (took 4s)
Move 21: White e2->e3 (took 6s), Black d4->d3 (took 0s)
Move 22: White e2->e3 (took 0s), Black d3->d2 (took 1s)
=========================
White Time: 09:42 | Black Time: 09:41
White Time: 09:23 | Black Time: 10:00
White Time: 09:23 | Black Time: 10:00
White Time: 09:41 | Black Time: 09:41
White Time: 09:22 | Black Time: 10:00
White Time: 09:22 | Black Time: 10:00
เล่นเสียง: select
InfoPanel: Updating piece count - White: 8/0, Black: 6/2
เล่นเสียง: capture
White Time: 09:41 | Black Time: 09:41
DEBUG GameFrame.recordMove: Recording move for WHITE with timeSpent=0
  Using last black move data
  Timer state: White time 562s remaining, Black time 600s remaining
  Total used times - White: 38s, Black: 0s
  Previous used times - White: 35s, Black: 0s
  Move time this turn - White: 3s, Black: 0s
DEBUG: Adding move #23 - White time: 3s, Black time: 0s
White moved and took: 3s
Black moved and took: -1s
MOVE DATA: WHITE moved from (5,4) to (5,3)
==== MOVE HISTORY DUMP ====
Move 1: White h1->h3 (took 1s), Black -->- (took 0s)
Move 2: White h1->h3 (took 0s), Black f8->f3 (took 1s)
Move 3: White e1->e5 (took 3s), Black f8->f3 (took 0s)
Move 4: White e1->e5 (took 0s), Black c8->c3 (took 3s)
Move 5: White d1->d2 (took 4s), Black c8->c3 (took 0s)
Move 6: White d1->d2 (took 0s), Black f3->f2 (took 2s)
Move 7: White g1->g3 (took 4s), Black f3->f2 (took 0s)
Move 8: White g1->g3 (took 0s), Black f2->e2 (took 2s)
Move 9: White e5->e4 (took 3s), Black f2->e2 (took 0s)
Move 10: White e5->e4 (took 0s), Black e2->f2 (took 2s)
Move 11: White e4->e3 (took 3s), Black e2->f2 (took 0s)
Move 12: White e4->e3 (took 0s), Black f2->f4 (took 1s)
Move 13: White g3->g2 (took 3s), Black f2->f4 (took 0s)
Move 14: White g3->g2 (took 0s), Black f4->f3 (took 0s)
Move 15: White g2->g3 (took 2s), Black f4->f3 (took 0s)
Move 16: White g2->g3 (took 0s), Black c3->d3 (took 2s)
Move 17: White d2->d1 (took 3s), Black c3->d3 (took 0s)
Move 18: White d2->d1 (took 0s), Black d3->d4 (took 1s)
Move 19: White e3->e2 (took 3s), Black d3->d4 (took 0s)
Move 20: White e3->e2 (took 0s), Black d4->d3 (took 4s)
Move 21: White e2->e3 (took 6s), Black d4->d3 (took 0s)
Move 22: White e2->e3 (took 0s), Black d3->d2 (took 1s)
Move 23: White e3->d3 (took 3s), Black d3->d2 (took 0s)
=========================
White Time: 09:41 | Black Time: 09:40
White Time: 09:21 | Black Time: 10:00
White Time: 09:21 | Black Time: 10:00
White Time: 09:41 | Black Time: 09:39
White Time: 09:20 | Black Time: 10:00
White Time: 09:20 | Black Time: 10:00
White Time: 09:41 | Black Time: 09:38
White Time: 09:19 | Black Time: 10:00
White Time: 09:19 | Black Time: 10:00
White Time: 09:41 | Black Time: 09:37
White Time: 09:18 | Black Time: 10:00
White Time: 09:18 | Black Time: 10:00
เล่นเสียง: select
เล่นเสียง: move
White Time: 09:41 | Black Time: 09:37
DEBUG GameFrame.recordMove: Recording move for BLACK with timeSpent=0
  Using last white move data
  Timer state: White time 558s remaining, Black time 600s remaining
  Total used times - White: 42s, Black: 0s
  Previous used times - White: 38s, Black: 0s
  Move time this turn - White: 4s, Black: 0s
DEBUG: Adding move #24 - White time: 0s, Black time: 4s
White moved and took: -3s
Black moved and took: 4s
MOVE DATA: BLACK moved from (0,4) to (1,4)
==== MOVE HISTORY DUMP ====
Move 1: White h1->h3 (took 1s), Black -->- (took 0s)
Move 2: White h1->h3 (took 0s), Black f8->f3 (took 1s)
Move 3: White e1->e5 (took 3s), Black f8->f3 (took 0s)
Move 4: White e1->e5 (took 0s), Black c8->c3 (took 3s)
Move 5: White d1->d2 (took 4s), Black c8->c3 (took 0s)
Move 6: White d1->d2 (took 0s), Black f3->f2 (took 2s)
Move 7: White g1->g3 (took 4s), Black f3->f2 (took 0s)
Move 8: White g1->g3 (took 0s), Black f2->e2 (took 2s)
Move 9: White e5->e4 (took 3s), Black f2->e2 (took 0s)
Move 10: White e5->e4 (took 0s), Black e2->f2 (took 2s)
Move 11: White e4->e3 (took 3s), Black e2->f2 (took 0s)
Move 12: White e4->e3 (took 0s), Black f2->f4 (took 1s)
Move 13: White g3->g2 (took 3s), Black f2->f4 (took 0s)
Move 14: White g3->g2 (took 0s), Black f4->f3 (took 0s)
Move 15: White g2->g3 (took 2s), Black f4->f3 (took 0s)
Move 16: White g2->g3 (took 0s), Black c3->d3 (took 2s)
Move 17: White d2->d1 (took 3s), Black c3->d3 (took 0s)
Move 18: White d2->d1 (took 0s), Black d3->d4 (took 1s)
Move 19: White e3->e2 (took 3s), Black d3->d4 (took 0s)
Move 20: White e3->e2 (took 0s), Black d4->d3 (took 4s)
Move 21: White e2->e3 (took 6s), Black d4->d3 (took 0s)
Move 22: White e2->e3 (took 0s), Black d3->d2 (took 1s)
Move 23: White e3->d3 (took 3s), Black d3->d2 (took 0s)
Move 24: White e3->d3 (took 0s), Black e8->e7 (took 4s)
=========================
White Time: 09:40 | Black Time: 09:37
White Time: 09:17 | Black Time: 10:00
White Time: 09:17 | Black Time: 10:00
เล่นเสียง: select
White Time: 09:39 | Black Time: 09:37
เล่นเสียง: move
White Time: 09:39 | Black Time: 09:37
DEBUG GameFrame.recordMove: Recording move for WHITE with timeSpent=0
  Using last black move data
  Timer state: White time 557s remaining, Black time 600s remaining
  Total used times - White: 43s, Black: 0s
  Previous used times - White: 38s, Black: 0s
  Move time this turn - White: 5s, Black: 0s
DEBUG: Adding move #25 - White time: 5s, Black time: 0s
White moved and took: 5s
Black moved and took: -4s
MOVE DATA: WHITE moved from (5,6) to (4,6)
==== MOVE HISTORY DUMP ====
Move 1: White h1->h3 (took 1s), Black -->- (took 0s)
Move 2: White h1->h3 (took 0s), Black f8->f3 (took 1s)
Move 3: White e1->e5 (took 3s), Black f8->f3 (took 0s)
Move 4: White e1->e5 (took 0s), Black c8->c3 (took 3s)
Move 5: White d1->d2 (took 4s), Black c8->c3 (took 0s)
Move 6: White d1->d2 (took 0s), Black f3->f2 (took 2s)
Move 7: White g1->g3 (took 4s), Black f3->f2 (took 0s)
Move 8: White g1->g3 (took 0s), Black f2->e2 (took 2s)
Move 9: White e5->e4 (took 3s), Black f2->e2 (took 0s)
Move 10: White e5->e4 (took 0s), Black e2->f2 (took 2s)
Move 11: White e4->e3 (took 3s), Black e2->f2 (took 0s)
Move 12: White e4->e3 (took 0s), Black f2->f4 (took 1s)
Move 13: White g3->g2 (took 3s), Black f2->f4 (took 0s)
Move 14: White g3->g2 (took 0s), Black f4->f3 (took 0s)
Move 15: White g2->g3 (took 2s), Black f4->f3 (took 0s)
Move 16: White g2->g3 (took 0s), Black c3->d3 (took 2s)
Move 17: White d2->d1 (took 3s), Black c3->d3 (took 0s)
Move 18: White d2->d1 (took 0s), Black d3->d4 (took 1s)
Move 19: White e3->e2 (took 3s), Black d3->d4 (took 0s)
Move 20: White e3->e2 (took 0s), Black d4->d3 (took 4s)
Move 21: White e2->e3 (took 6s), Black d4->d3 (took 0s)
Move 22: White e2->e3 (took 0s), Black d3->d2 (took 1s)
Move 23: White e3->d3 (took 3s), Black d3->d2 (took 0s)
Move 24: White e3->d3 (took 0s), Black e8->e7 (took 4s)
Move 25: White g3->g4 (took 5s), Black e8->e7 (took 0s)
=========================
White Time: 09:16 | Black Time: 10:00
White Time: 09:16 | Black Time: 10:00
White Time: 09:39 | Black Time: 09:36
White Time: 09:15 | Black Time: 10:00
White Time: 09:15 | Black Time: 10:00
เล่นเสียง: select
เล่นเสียง: move
White Time: 09:39 | Black Time: 09:36
DEBUG GameFrame.recordMove: Recording move for BLACK with timeSpent=0
  Using last white move data
  Timer state: White time 555s remaining, Black time 600s remaining
  Total used times - White: 45s, Black: 0s
  Previous used times - White: 43s, Black: 0s
  Move time this turn - White: 2s, Black: 0s
DEBUG: Adding move #26 - White time: 0s, Black time: 2s
White moved and took: -5s
Black moved and took: 2s
MOVE DATA: BLACK moved from (0,6) to (1,6)
==== MOVE HISTORY DUMP ====
Move 1: White h1->h3 (took 1s), Black -->- (took 0s)
Move 2: White h1->h3 (took 0s), Black f8->f3 (took 1s)
Move 3: White e1->e5 (took 3s), Black f8->f3 (took 0s)
Move 4: White e1->e5 (took 0s), Black c8->c3 (took 3s)
Move 5: White d1->d2 (took 4s), Black c8->c3 (took 0s)
Move 6: White d1->d2 (took 0s), Black f3->f2 (took 2s)
Move 7: White g1->g3 (took 4s), Black f3->f2 (took 0s)
Move 8: White g1->g3 (took 0s), Black f2->e2 (took 2s)
Move 9: White e5->e4 (took 3s), Black f2->e2 (took 0s)
Move 10: White e5->e4 (took 0s), Black e2->f2 (took 2s)
Move 11: White e4->e3 (took 3s), Black e2->f2 (took 0s)
Move 12: White e4->e3 (took 0s), Black f2->f4 (took 1s)
Move 13: White g3->g2 (took 3s), Black f2->f4 (took 0s)
Move 14: White g3->g2 (took 0s), Black f4->f3 (took 0s)
Move 15: White g2->g3 (took 2s), Black f4->f3 (took 0s)
Move 16: White g2->g3 (took 0s), Black c3->d3 (took 2s)
Move 17: White d2->d1 (took 3s), Black c3->d3 (took 0s)
Move 18: White d2->d1 (took 0s), Black d3->d4 (took 1s)
Move 19: White e3->e2 (took 3s), Black d3->d4 (took 0s)
Move 20: White e3->e2 (took 0s), Black d4->d3 (took 4s)
Move 21: White e2->e3 (took 6s), Black d4->d3 (took 0s)
Move 22: White e2->e3 (took 0s), Black d3->d2 (took 1s)
Move 23: White e3->d3 (took 3s), Black d3->d2 (took 0s)
Move 24: White e3->d3 (took 0s), Black e8->e7 (took 4s)
Move 25: White g3->g4 (took 5s), Black e8->e7 (took 0s)
Move 26: White g3->g4 (took 0s), Black g8->g7 (took 2s)
=========================
White Time: 09:38 | Black Time: 09:36
White Time: 09:14 | Black Time: 10:00
White Time: 09:14 | Black Time: 10:00
White Time: 09:37 | Black Time: 09:36
White Time: 09:13 | Black Time: 10:00
White Time: 09:13 | Black Time: 10:00
เล่นเสียง: select
เล่นเสียง: move
White Time: 09:37 | Black Time: 09:36
DEBUG GameFrame.recordMove: Recording move for WHITE with timeSpent=0
  Using last black move data
  Timer state: White time 553s remaining, Black time 600s remaining
  Total used times - White: 47s, Black: 0s
  Previous used times - White: 43s, Black: 0s
  Move time this turn - White: 4s, Black: 0s
DEBUG: Adding move #27 - White time: 4s, Black time: 0s
White moved and took: 4s
Black moved and took: -2s
MOVE DATA: WHITE moved from (5,3) to (4,3)
==== MOVE HISTORY DUMP ====
Move 1: White h1->h3 (took 1s), Black -->- (took 0s)
Move 2: White h1->h3 (took 0s), Black f8->f3 (took 1s)
Move 3: White e1->e5 (took 3s), Black f8->f3 (took 0s)
Move 4: White e1->e5 (took 0s), Black c8->c3 (took 3s)
Move 5: White d1->d2 (took 4s), Black c8->c3 (took 0s)
Move 6: White d1->d2 (took 0s), Black f3->f2 (took 2s)
Move 7: White g1->g3 (took 4s), Black f3->f2 (took 0s)
Move 8: White g1->g3 (took 0s), Black f2->e2 (took 2s)
Move 9: White e5->e4 (took 3s), Black f2->e2 (took 0s)
Move 10: White e5->e4 (took 0s), Black e2->f2 (took 2s)
Move 11: White e4->e3 (took 3s), Black e2->f2 (took 0s)
Move 12: White e4->e3 (took 0s), Black f2->f4 (took 1s)
Move 13: White g3->g2 (took 3s), Black f2->f4 (took 0s)
Move 14: White g3->g2 (took 0s), Black f4->f3 (took 0s)
Move 15: White g2->g3 (took 2s), Black f4->f3 (took 0s)
Move 16: White g2->g3 (took 0s), Black c3->d3 (took 2s)
Move 17: White d2->d1 (took 3s), Black c3->d3 (took 0s)
Move 18: White d2->d1 (took 0s), Black d3->d4 (took 1s)
Move 19: White e3->e2 (took 3s), Black d3->d4 (took 0s)
Move 20: White e3->e2 (took 0s), Black d4->d3 (took 4s)
Move 21: White e2->e3 (took 6s), Black d4->d3 (took 0s)
Move 22: White e2->e3 (took 0s), Black d3->d2 (took 1s)
Move 23: White e3->d3 (took 3s), Black d3->d2 (took 0s)
Move 24: White e3->d3 (took 0s), Black e8->e7 (took 4s)
Move 25: White g3->g4 (took 5s), Black e8->e7 (took 0s)
Move 26: White g3->g4 (took 0s), Black g8->g7 (took 2s)
Move 27: White d3->d4 (took 4s), Black g8->g7 (took 0s)
=========================
White Time: 09:37 | Black Time: 09:35
White Time: 09:12 | Black Time: 10:00
White Time: 09:12 | Black Time: 10:00
White Time: 09:37 | Black Time: 09:34
White Time: 09:11 | Black Time: 10:00
White Time: 09:11 | Black Time: 10:00
White Time: 09:37 | Black Time: 09:33
White Time: 09:10 | Black Time: 10:00
White Time: 09:10 | Black Time: 10:00
White Time: 09:37 | Black Time: 09:32
White Time: 09:09 | Black Time: 10:00
White Time: 09:09 | Black Time: 10:00
White Time: 09:37 | Black Time: 09:31
White Time: 09:08 | Black Time: 10:00
White Time: 09:08 | Black Time: 10:00
เล่นเสียง: select
เล่นเสียง: move
White Time: 09:37 | Black Time: 09:31
DEBUG GameFrame.recordMove: Recording move for BLACK with timeSpent=0
  Using last white move data
  Timer state: White time 548s remaining, Black time 600s remaining
  Total used times - White: 52s, Black: 0s
  Previous used times - White: 47s, Black: 0s
  Move time this turn - White: 5s, Black: 0s
DEBUG: Adding move #28 - White time: 0s, Black time: 5s
White moved and took: -4s
Black moved and took: 5s
MOVE DATA: BLACK moved from (1,6) to (2,6)
==== MOVE HISTORY DUMP ====
Move 1: White h1->h3 (took 1s), Black -->- (took 0s)
Move 2: White h1->h3 (took 0s), Black f8->f3 (took 1s)
Move 3: White e1->e5 (took 3s), Black f8->f3 (took 0s)
Move 4: White e1->e5 (took 0s), Black c8->c3 (took 3s)
Move 5: White d1->d2 (took 4s), Black c8->c3 (took 0s)
Move 6: White d1->d2 (took 0s), Black f3->f2 (took 2s)
Move 7: White g1->g3 (took 4s), Black f3->f2 (took 0s)
Move 8: White g1->g3 (took 0s), Black f2->e2 (took 2s)
Move 9: White e5->e4 (took 3s), Black f2->e2 (took 0s)
Move 10: White e5->e4 (took 0s), Black e2->f2 (took 2s)
Move 11: White e4->e3 (took 3s), Black e2->f2 (took 0s)
Move 12: White e4->e3 (took 0s), Black f2->f4 (took 1s)
Move 13: White g3->g2 (took 3s), Black f2->f4 (took 0s)
Move 14: White g3->g2 (took 0s), Black f4->f3 (took 0s)
Move 15: White g2->g3 (took 2s), Black f4->f3 (took 0s)
Move 16: White g2->g3 (took 0s), Black c3->d3 (took 2s)
Move 17: White d2->d1 (took 3s), Black c3->d3 (took 0s)
Move 18: White d2->d1 (took 0s), Black d3->d4 (took 1s)
Move 19: White e3->e2 (took 3s), Black d3->d4 (took 0s)
Move 20: White e3->e2 (took 0s), Black d4->d3 (took 4s)
Move 21: White e2->e3 (took 6s), Black d4->d3 (took 0s)
Move 22: White e2->e3 (took 0s), Black d3->d2 (took 1s)
Move 23: White e3->d3 (took 3s), Black d3->d2 (took 0s)
Move 24: White e3->d3 (took 0s), Black e8->e7 (took 4s)
Move 25: White g3->g4 (took 5s), Black e8->e7 (took 0s)
Move 26: White g3->g4 (took 0s), Black g8->g7 (took 2s)
Move 27: White d3->d4 (took 4s), Black g8->g7 (took 0s)
Move 28: White d3->d4 (took 0s), Black g7->g6 (took 5s)
=========================
White Time: 09:36 | Black Time: 09:31
White Time: 09:07 | Black Time: 10:00
White Time: 09:07 | Black Time: 10:00
เล่นเสียง: select
เล่นเสียง: move
White Time: 09:36 | Black Time: 09:31
DEBUG GameFrame.recordMove: Recording move for WHITE with timeSpent=0
  Using last black move data
  Timer state: White time 547s remaining, Black time 600s remaining
  Total used times - White: 53s, Black: 0s
  Previous used times - White: 47s, Black: 0s
  Move time this turn - White: 6s, Black: 0s
DEBUG: Adding move #29 - White time: 6s, Black time: 0s
White moved and took: 6s
Black moved and took: -5s
MOVE DATA: WHITE moved from (4,6) to (4,5)
==== MOVE HISTORY DUMP ====
Move 1: White h1->h3 (took 1s), Black -->- (took 0s)
Move 2: White h1->h3 (took 0s), Black f8->f3 (took 1s)
Move 3: White e1->e5 (took 3s), Black f8->f3 (took 0s)
Move 4: White e1->e5 (took 0s), Black c8->c3 (took 3s)
Move 5: White d1->d2 (took 4s), Black c8->c3 (took 0s)
Move 6: White d1->d2 (took 0s), Black f3->f2 (took 2s)
Move 7: White g1->g3 (took 4s), Black f3->f2 (took 0s)
Move 8: White g1->g3 (took 0s), Black f2->e2 (took 2s)
Move 9: White e5->e4 (took 3s), Black f2->e2 (took 0s)
Move 10: White e5->e4 (took 0s), Black e2->f2 (took 2s)
Move 11: White e4->e3 (took 3s), Black e2->f2 (took 0s)
Move 12: White e4->e3 (took 0s), Black f2->f4 (took 1s)
Move 13: White g3->g2 (took 3s), Black f2->f4 (took 0s)
Move 14: White g3->g2 (took 0s), Black f4->f3 (took 0s)
Move 15: White g2->g3 (took 2s), Black f4->f3 (took 0s)
Move 16: White g2->g3 (took 0s), Black c3->d3 (took 2s)
Move 17: White d2->d1 (took 3s), Black c3->d3 (took 0s)
Move 18: White d2->d1 (took 0s), Black d3->d4 (took 1s)
Move 19: White e3->e2 (took 3s), Black d3->d4 (took 0s)
Move 20: White e3->e2 (took 0s), Black d4->d3 (took 4s)
Move 21: White e2->e3 (took 6s), Black d4->d3 (took 0s)
Move 22: White e2->e3 (took 0s), Black d3->d2 (took 1s)
Move 23: White e3->d3 (took 3s), Black d3->d2 (took 0s)
Move 24: White e3->d3 (took 0s), Black e8->e7 (took 4s)
Move 25: White g3->g4 (took 5s), Black e8->e7 (took 0s)
Move 26: White g3->g4 (took 0s), Black g8->g7 (took 2s)
Move 27: White d3->d4 (took 4s), Black g8->g7 (took 0s)
Move 28: White d3->d4 (took 0s), Black g7->g6 (took 5s)
Move 29: White g4->f4 (took 6s), Black g7->g6 (took 0s)
=========================
White Time: 09:36 | Black Time: 09:30
White Time: 09:06 | Black Time: 10:00
White Time: 09:06 | Black Time: 10:00
White Time: 09:36 | Black Time: 09:29
White Time: 09:05 | Black Time: 10:00
White Time: 09:05 | Black Time: 10:00
เล่นเสียง: select
เล่นเสียง: move
White Time: 09:36 | Black Time: 09:29
DEBUG GameFrame.recordMove: Recording move for BLACK with timeSpent=0
  Using last white move data
  Timer state: White time 545s remaining, Black time 600s remaining
  Total used times - White: 55s, Black: 0s
  Previous used times - White: 53s, Black: 0s
  Move time this turn - White: 2s, Black: 0s
DEBUG: Adding move #30 - White time: 0s, Black time: 2s
White moved and took: -6s
Black moved and took: 2s
MOVE DATA: BLACK moved from (1,4) to (3,4)
==== MOVE HISTORY DUMP ====
Move 1: White h1->h3 (took 1s), Black -->- (took 0s)
Move 2: White h1->h3 (took 0s), Black f8->f3 (took 1s)
Move 3: White e1->e5 (took 3s), Black f8->f3 (took 0s)
Move 4: White e1->e5 (took 0s), Black c8->c3 (took 3s)
Move 5: White d1->d2 (took 4s), Black c8->c3 (took 0s)
Move 6: White d1->d2 (took 0s), Black f3->f2 (took 2s)
Move 7: White g1->g3 (took 4s), Black f3->f2 (took 0s)
Move 8: White g1->g3 (took 0s), Black f2->e2 (took 2s)
Move 9: White e5->e4 (took 3s), Black f2->e2 (took 0s)
Move 10: White e5->e4 (took 0s), Black e2->f2 (took 2s)
Move 11: White e4->e3 (took 3s), Black e2->f2 (took 0s)
Move 12: White e4->e3 (took 0s), Black f2->f4 (took 1s)
Move 13: White g3->g2 (took 3s), Black f2->f4 (took 0s)
Move 14: White g3->g2 (took 0s), Black f4->f3 (took 0s)
Move 15: White g2->g3 (took 2s), Black f4->f3 (took 0s)
Move 16: White g2->g3 (took 0s), Black c3->d3 (took 2s)
Move 17: White d2->d1 (took 3s), Black c3->d3 (took 0s)
Move 18: White d2->d1 (took 0s), Black d3->d4 (took 1s)
Move 19: White e3->e2 (took 3s), Black d3->d4 (took 0s)
Move 20: White e3->e2 (took 0s), Black d4->d3 (took 4s)
Move 21: White e2->e3 (took 6s), Black d4->d3 (took 0s)
Move 22: White e2->e3 (took 0s), Black d3->d2 (took 1s)
Move 23: White e3->d3 (took 3s), Black d3->d2 (took 0s)
Move 24: White e3->d3 (took 0s), Black e8->e7 (took 4s)
Move 25: White g3->g4 (took 5s), Black e8->e7 (took 0s)
Move 26: White g3->g4 (took 0s), Black g8->g7 (took 2s)
Move 27: White d3->d4 (took 4s), Black g8->g7 (took 0s)
Move 28: White d3->d4 (took 0s), Black g7->g6 (took 5s)
Move 29: White g4->f4 (took 6s), Black g7->g6 (took 0s)
Move 30: White g4->f4 (took 0s), Black e7->e5 (took 2s)
=========================
White Time: 09:35 | Black Time: 09:29
White Time: 09:04 | Black Time: 10:00
White Time: 09:04 | Black Time: 10:00
White Time: 09:34 | Black Time: 09:29
White Time: 09:03 | Black Time: 10:00
White Time: 09:03 | Black Time: 10:00
White Time: 09:33 | Black Time: 09:29
White Time: 09:02 | Black Time: 10:00
White Time: 09:02 | Black Time: 10:00
เล่นเสียง: select
เล่นเสียง: move
White Time: 09:33 | Black Time: 09:29
DEBUG GameFrame.recordMove: Recording move for WHITE with timeSpent=0
  Using last black move data
  Timer state: White time 542s remaining, Black time 600s remaining
  Total used times - White: 58s, Black: 0s
  Previous used times - White: 53s, Black: 0s
  Move time this turn - White: 5s, Black: 0s
DEBUG: Adding move #31 - White time: 5s, Black time: 0s
White moved and took: 5s
Black moved and took: -2s
MOVE DATA: WHITE moved from (4,3) to (4,2)
==== MOVE HISTORY DUMP ====
Move 1: White h1->h3 (took 1s), Black -->- (took 0s)
Move 2: White h1->h3 (took 0s), Black f8->f3 (took 1s)
Move 3: White e1->e5 (took 3s), Black f8->f3 (took 0s)
Move 4: White e1->e5 (took 0s), Black c8->c3 (took 3s)
Move 5: White d1->d2 (took 4s), Black c8->c3 (took 0s)
Move 6: White d1->d2 (took 0s), Black f3->f2 (took 2s)
Move 7: White g1->g3 (took 4s), Black f3->f2 (took 0s)
Move 8: White g1->g3 (took 0s), Black f2->e2 (took 2s)
Move 9: White e5->e4 (took 3s), Black f2->e2 (took 0s)
Move 10: White e5->e4 (took 0s), Black e2->f2 (took 2s)
Move 11: White e4->e3 (took 3s), Black e2->f2 (took 0s)
Move 12: White e4->e3 (took 0s), Black f2->f4 (took 1s)
Move 13: White g3->g2 (took 3s), Black f2->f4 (took 0s)
Move 14: White g3->g2 (took 0s), Black f4->f3 (took 0s)
Move 15: White g2->g3 (took 2s), Black f4->f3 (took 0s)
Move 16: White g2->g3 (took 0s), Black c3->d3 (took 2s)
Move 17: White d2->d1 (took 3s), Black c3->d3 (took 0s)
Move 18: White d2->d1 (took 0s), Black d3->d4 (took 1s)
Move 19: White e3->e2 (took 3s), Black d3->d4 (took 0s)
Move 20: White e3->e2 (took 0s), Black d4->d3 (took 4s)
Move 21: White e2->e3 (took 6s), Black d4->d3 (took 0s)
Move 22: White e2->e3 (took 0s), Black d3->d2 (took 1s)
Move 23: White e3->d3 (took 3s), Black d3->d2 (took 0s)
Move 24: White e3->d3 (took 0s), Black e8->e7 (took 4s)
Move 25: White g3->g4 (took 5s), Black e8->e7 (took 0s)
Move 26: White g3->g4 (took 0s), Black g8->g7 (took 2s)
Move 27: White d3->d4 (took 4s), Black g8->g7 (took 0s)
Move 28: White d3->d4 (took 0s), Black g7->g6 (took 5s)
Move 29: White g4->f4 (took 6s), Black g7->g6 (took 0s)
Move 30: White g4->f4 (took 0s), Black e7->e5 (took 2s)
Move 31: White d4->c4 (took 5s), Black e7->e5 (took 0s)
=========================
White Time: 09:33 | Black Time: 09:28
White Time: 09:01 | Black Time: 10:00
White Time: 09:01 | Black Time: 10:00
White Time: 09:33 | Black Time: 09:27
White Time: 09:00 | Black Time: 10:00
White Time: 09:00 | Black Time: 10:00
White Time: 09:33 | Black Time: 09:26
White Time: 08:59 | Black Time: 10:00
White Time: 08:59 | Black Time: 10:00
White Time: 09:33 | Black Time: 09:25
เล่นเสียง: select
White Time: 08:58 | Black Time: 10:00
White Time: 08:58 | Black Time: 10:00
เล่นเสียง: move
White Time: 09:33 | Black Time: 09:25
DEBUG GameFrame.recordMove: Recording move for BLACK with timeSpent=0
  Using last white move data
  Timer state: White time 538s remaining, Black time 600s remaining
  Total used times - White: 62s, Black: 0s
  Previous used times - White: 58s, Black: 0s
  Move time this turn - White: 4s, Black: 0s
DEBUG: Adding move #32 - White time: 0s, Black time: 4s
White moved and took: -5s
Black moved and took: 4s
MOVE DATA: BLACK moved from (3,4) to (4,4)
==== MOVE HISTORY DUMP ====
Move 1: White h1->h3 (took 1s), Black -->- (took 0s)
Move 2: White h1->h3 (took 0s), Black f8->f3 (took 1s)
Move 3: White e1->e5 (took 3s), Black f8->f3 (took 0s)
Move 4: White e1->e5 (took 0s), Black c8->c3 (took 3s)
Move 5: White d1->d2 (took 4s), Black c8->c3 (took 0s)
Move 6: White d1->d2 (took 0s), Black f3->f2 (took 2s)
Move 7: White g1->g3 (took 4s), Black f3->f2 (took 0s)
Move 8: White g1->g3 (took 0s), Black f2->e2 (took 2s)
Move 9: White e5->e4 (took 3s), Black f2->e2 (took 0s)
Move 10: White e5->e4 (took 0s), Black e2->f2 (took 2s)
Move 11: White e4->e3 (took 3s), Black e2->f2 (took 0s)
Move 12: White e4->e3 (took 0s), Black f2->f4 (took 1s)
Move 13: White g3->g2 (took 3s), Black f2->f4 (took 0s)
Move 14: White g3->g2 (took 0s), Black f4->f3 (took 0s)
Move 15: White g2->g3 (took 2s), Black f4->f3 (took 0s)
Move 16: White g2->g3 (took 0s), Black c3->d3 (took 2s)
Move 17: White d2->d1 (took 3s), Black c3->d3 (took 0s)
Move 18: White d2->d1 (took 0s), Black d3->d4 (took 1s)
Move 19: White e3->e2 (took 3s), Black d3->d4 (took 0s)
Move 20: White e3->e2 (took 0s), Black d4->d3 (took 4s)
Move 21: White e2->e3 (took 6s), Black d4->d3 (took 0s)
Move 22: White e2->e3 (took 0s), Black d3->d2 (took 1s)
Move 23: White e3->d3 (took 3s), Black d3->d2 (took 0s)
Move 24: White e3->d3 (took 0s), Black e8->e7 (took 4s)
Move 25: White g3->g4 (took 5s), Black e8->e7 (took 0s)
Move 26: White g3->g4 (took 0s), Black g8->g7 (took 2s)
Move 27: White d3->d4 (took 4s), Black g8->g7 (took 0s)
Move 28: White d3->d4 (took 0s), Black g7->g6 (took 5s)
Move 29: White g4->f4 (took 6s), Black g7->g6 (took 0s)
Move 30: White g4->f4 (took 0s), Black e7->e5 (took 2s)
Move 31: White d4->c4 (took 5s), Black e7->e5 (took 0s)
Move 32: White d4->c4 (took 0s), Black e5->e4 (took 4s)
=========================
White Time: 09:32 | Black Time: 09:25
White Time: 08:57 | Black Time: 10:00
White Time: 08:57 | Black Time: 10:00
White Time: 09:31 | Black Time: 09:25
White Time: 08:56 | Black Time: 10:00
White Time: 08:56 | Black Time: 10:00
White Time: 09:30 | Black Time: 09:25
White Time: 08:55 | Black Time: 10:00
White Time: 08:55 | Black Time: 10:00
เล่นเสียง: select
White Time: 09:29 | Black Time: 09:25
White Time: 08:54 | Black Time: 10:00
White Time: 08:54 | Black Time: 10:00
InfoPanel: Updating piece count - White: 8/0, Black: 5/3
เล่นเสียง: capture
White Time: 09:29 | Black Time: 09:25
DEBUG GameFrame.recordMove: Recording move for WHITE with timeSpent=0
  Using last black move data
  Timer state: White time 534s remaining, Black time 600s remaining
  Total used times - White: 66s, Black: 0s
  Previous used times - White: 58s, Black: 0s
  Move time this turn - White: 8s, Black: 0s
DEBUG: Adding move #33 - White time: 8s, Black time: 0s
White moved and took: 8s
Black moved and took: -4s
MOVE DATA: WHITE moved from (4,2) to (4,3)
==== MOVE HISTORY DUMP ====
Move 1: White h1->h3 (took 1s), Black -->- (took 0s)
Move 2: White h1->h3 (took 0s), Black f8->f3 (took 1s)
Move 3: White e1->e5 (took 3s), Black f8->f3 (took 0s)
Move 4: White e1->e5 (took 0s), Black c8->c3 (took 3s)
Move 5: White d1->d2 (took 4s), Black c8->c3 (took 0s)
Move 6: White d1->d2 (took 0s), Black f3->f2 (took 2s)
Move 7: White g1->g3 (took 4s), Black f3->f2 (took 0s)
Move 8: White g1->g3 (took 0s), Black f2->e2 (took 2s)
Move 9: White e5->e4 (took 3s), Black f2->e2 (took 0s)
Move 10: White e5->e4 (took 0s), Black e2->f2 (took 2s)
Move 11: White e4->e3 (took 3s), Black e2->f2 (took 0s)
Move 12: White e4->e3 (took 0s), Black f2->f4 (took 1s)
Move 13: White g3->g2 (took 3s), Black f2->f4 (took 0s)
Move 14: White g3->g2 (took 0s), Black f4->f3 (took 0s)
Move 15: White g2->g3 (took 2s), Black f4->f3 (took 0s)
Move 16: White g2->g3 (took 0s), Black c3->d3 (took 2s)
Move 17: White d2->d1 (took 3s), Black c3->d3 (took 0s)
Move 18: White d2->d1 (took 0s), Black d3->d4 (took 1s)
Move 19: White e3->e2 (took 3s), Black d3->d4 (took 0s)
Move 20: White e3->e2 (took 0s), Black d4->d3 (took 4s)
Move 21: White e2->e3 (took 6s), Black d4->d3 (took 0s)
Move 22: White e2->e3 (took 0s), Black d3->d2 (took 1s)
Move 23: White e3->d3 (took 3s), Black d3->d2 (took 0s)
Move 24: White e3->d3 (took 0s), Black e8->e7 (took 4s)
Move 25: White g3->g4 (took 5s), Black e8->e7 (took 0s)
Move 26: White g3->g4 (took 0s), Black g8->g7 (took 2s)
Move 27: White d3->d4 (took 4s), Black g8->g7 (took 0s)
Move 28: White d3->d4 (took 0s), Black g7->g6 (took 5s)
Move 29: White g4->f4 (took 6s), Black g7->g6 (took 0s)
Move 30: White g4->f4 (took 0s), Black e7->e5 (took 2s)
Move 31: White d4->c4 (took 5s), Black e7->e5 (took 0s)
Move 32: White d4->c4 (took 0s), Black e5->e4 (took 4s)
Move 33: White c4->d4 (took 8s), Black e5->e4 (took 0s)
=========================
White Time: 09:29 | Black Time: 09:24
White Time: 08:53 | Black Time: 10:00
White Time: 08:53 | Black Time: 10:00
White Time: 09:29 | Black Time: 09:23
White Time: 08:52 | Black Time: 10:00
White Time: 08:52 | Black Time: 10:00
White Time: 09:29 | Black Time: 09:22
White Time: 08:51 | Black Time: 10:00
White Time: 08:51 | Black Time: 10:00
White Time: 09:29 | Black Time: 09:21
White Time: 08:50 | Black Time: 10:00
White Time: 08:50 | Black Time: 10:00
White Time: 09:29 | Black Time: 09:20
White Time: 08:49 | Black Time: 10:00
เล่นเสียง: select
White Time: 08:49 | Black Time: 10:00
เล่นเสียง: move
White Time: 09:29 | Black Time: 09:20
DEBUG GameFrame.recordMove: Recording move for BLACK with timeSpent=0
  Using last white move data
  Timer state: White time 529s remaining, Black time 600s remaining
  Total used times - White: 71s, Black: 0s
  Previous used times - White: 66s, Black: 0s
  Move time this turn - White: 5s, Black: 0s
DEBUG: Adding move #34 - White time: 0s, Black time: 5s
White moved and took: -8s
Black moved and took: 5s
MOVE DATA: BLACK moved from (2,6) to (3,6)
==== MOVE HISTORY DUMP ====
Move 1: White h1->h3 (took 1s), Black -->- (took 0s)
Move 2: White h1->h3 (took 0s), Black f8->f3 (took 1s)
Move 3: White e1->e5 (took 3s), Black f8->f3 (took 0s)
Move 4: White e1->e5 (took 0s), Black c8->c3 (took 3s)
Move 5: White d1->d2 (took 4s), Black c8->c3 (took 0s)
Move 6: White d1->d2 (took 0s), Black f3->f2 (took 2s)
Move 7: White g1->g3 (took 4s), Black f3->f2 (took 0s)
Move 8: White g1->g3 (took 0s), Black f2->e2 (took 2s)
Move 9: White e5->e4 (took 3s), Black f2->e2 (took 0s)
Move 10: White e5->e4 (took 0s), Black e2->f2 (took 2s)
Move 11: White e4->e3 (took 3s), Black e2->f2 (took 0s)
Move 12: White e4->e3 (took 0s), Black f2->f4 (took 1s)
Move 13: White g3->g2 (took 3s), Black f2->f4 (took 0s)
Move 14: White g3->g2 (took 0s), Black f4->f3 (took 0s)
Move 15: White g2->g3 (took 2s), Black f4->f3 (took 0s)
Move 16: White g2->g3 (took 0s), Black c3->d3 (took 2s)
Move 17: White d2->d1 (took 3s), Black c3->d3 (took 0s)
Move 18: White d2->d1 (took 0s), Black d3->d4 (took 1s)
Move 19: White e3->e2 (took 3s), Black d3->d4 (took 0s)
Move 20: White e3->e2 (took 0s), Black d4->d3 (took 4s)
Move 21: White e2->e3 (took 6s), Black d4->d3 (took 0s)
Move 22: White e2->e3 (took 0s), Black d3->d2 (took 1s)
Move 23: White e3->d3 (took 3s), Black d3->d2 (took 0s)
Move 24: White e3->d3 (took 0s), Black e8->e7 (took 4s)
Move 25: White g3->g4 (took 5s), Black e8->e7 (took 0s)
Move 26: White g3->g4 (took 0s), Black g8->g7 (took 2s)
Move 27: White d3->d4 (took 4s), Black g8->g7 (took 0s)
Move 28: White d3->d4 (took 0s), Black g7->g6 (took 5s)
Move 29: White g4->f4 (took 6s), Black g7->g6 (took 0s)
Move 30: White g4->f4 (took 0s), Black e7->e5 (took 2s)
Move 31: White d4->c4 (took 5s), Black e7->e5 (took 0s)
Move 32: White d4->c4 (took 0s), Black e5->e4 (took 4s)
Move 33: White c4->d4 (took 8s), Black e5->e4 (took 0s)
Move 34: White c4->d4 (took 0s), Black g6->g5 (took 5s)
=========================
White Time: 09:28 | Black Time: 09:20
White Time: 08:48 | Black Time: 10:00
White Time: 08:48 | Black Time: 10:00
White Time: 09:27 | Black Time: 09:20
White Time: 08:47 | Black Time: 10:00
White Time: 08:47 | Black Time: 10:00
White Time: 09:26 | Black Time: 09:20
White Time: 08:46 | Black Time: 10:00
White Time: 08:46 | Black Time: 10:00
White Time: 09:25 | Black Time: 09:20
White Time: 08:45 | Black Time: 10:00
White Time: 08:45 | Black Time: 10:00
White Time: 09:24 | Black Time: 09:20
White Time: 08:44 | Black Time: 10:00
White Time: 08:44 | Black Time: 10:00
White Time: 09:23 | Black Time: 09:20
White Time: 08:43 | Black Time: 10:00
White Time: 08:43 | Black Time: 10:00
White Time: 09:22 | Black Time: 09:20
White Time: 08:42 | Black Time: 10:00
White Time: 08:42 | Black Time: 10:00
