=== Application Started at Mon Mar 10 18:17:54 ICT 2025 ===
โหลดไฟล์จาก: C:\Users\rm\Desktop\OOP 2ed Semester\Mak Neeb Game 5\Java-OOP-CS30-KMITL\assets\icon\ICONKMITL.png
โหลดไฟล์จาก: C:\Users\rm\Desktop\OOP 2ed Semester\Mak Neeb Game 5\Java-OOP-CS30-KMITL\assets\icon\minimizeButton.png
โหลดไฟล์จาก: C:\Users\rm\Desktop\OOP 2ed Semester\Mak Neeb Game 5\Java-OOP-CS30-KMITL\assets\icon\resizeButton.png
โหลดไฟล์จาก: C:\Users\rm\Desktop\OOP 2ed Semester\Mak Neeb Game 5\Java-OOP-CS30-KMITL\assets\icon\closeButton.png
โหลดไฟล์จาก: C:\Users\rm\Desktop\OOP 2ed Semester\Mak Neeb Game 5\Java-OOP-CS30-KMITL\assets\background1.jpg
โหลดไฟล์จาก: C:\Users\rm\Desktop\OOP 2ed Semester\Mak Neeb Game 5\Java-OOP-CS30-KMITL\assets\icon\ICONKMITL.png
โหลดไฟล์จาก: C:\Users\rm\Desktop\OOP 2ed Semester\Mak Neeb Game 5\Java-OOP-CS30-KMITL\assets\Rok\Rok.png
พบไฟล์ที่: C:\Users\rm\Desktop\OOP 2ed Semester\Mak Neeb Game 5\Java-OOP-CS30-KMITL\assets\sound\select.wav
โหลดไฟล์เสียงสำเร็จ: select.wav
พบไฟล์ที่: C:\Users\rm\Desktop\OOP 2ed Semester\Mak Neeb Game 5\Java-OOP-CS30-KMITL\assets\sound\move.wav
โหลดไฟล์เสียงสำเร็จ: move.wav
พบไฟล์ที่: C:\Users\rm\Desktop\OOP 2ed Semester\Mak Neeb Game 5\Java-OOP-CS30-KMITL\assets\sound\capture.wav
โหลดไฟล์เสียงสำเร็จ: capture.wav
พบไฟล์ที่: C:\Users\rm\Desktop\OOP 2ed Semester\Mak Neeb Game 5\Java-OOP-CS30-KMITL\assets\sound\start.wav
โหลดไฟล์เสียงสำเร็จ: start.wav
พบไฟล์ที่: C:\Users\rm\Desktop\OOP 2ed Semester\Mak Neeb Game 5\Java-OOP-CS30-KMITL\assets\sound\error.wav
โหลดไฟล์เสียงสำเร็จ: error.wav
พบไฟล์ที่: C:\Users\rm\Desktop\OOP 2ed Semester\Mak Neeb Game 5\Java-OOP-CS30-KMITL\assets\sound\victory.wav
โหลดไฟล์เสียงสำเร็จ: victory.wav
พบไฟล์ที่: C:\Users\rm\Desktop\OOP 2ed Semester\Mak Neeb Game 5\Java-OOP-CS30-KMITL\assets\sound\SongGame.wav
โหลดไฟล์เสียงสำเร็จ: SongGame.wav
เล่นเสียงแบบวนซ้ำ: SongGame
โหลดไฟล์จาก: C:\Users\rm\Desktop\OOP 2ed Semester\Mak Neeb Game 5\Java-OOP-CS30-KMITL\assets\icon\AppIcon.png
เล่นเสียง: select
เล่นเสียง: select
เล่นเสียง: select
เล่นเสียง: select
เล่นเสียง: select
เล่นเสียง: select
หยุดเสียง: SongGame
เล่นเสียง: start
GameController set, isWhiteTurn: true
GameController: InfoPanel set
InfoPanel: Updating piece count - White: 8/0, Black: 8/0
GameController set, isWhiteTurn: true
โหลดไฟล์จาก: C:\Users\rm\Desktop\OOP 2ed Semester\Mak Neeb Game 5\Java-OOP-CS30-KMITL\assets\icon\AppIcon.png
โหลดไฟล์จาก: C:\Users\rm\Desktop\OOP 2ed Semester\Mak Neeb Game 5\Java-OOP-CS30-KMITL\assets\Rok\Rok.png
โหลดไฟล์จาก: C:\Users\rm\Desktop\OOP 2ed Semester\Mak Neeb Game 5\Java-OOP-CS30-KMITL\assets\Rok\Rok.png
โหลดไฟล์จาก: C:\Users\rm\Desktop\OOP 2ed Semester\Mak Neeb Game 5\Java-OOP-CS30-KMITL\assets\Rok\Rok.png
โหลดไฟล์จาก: C:\Users\rm\Desktop\OOP 2ed Semester\Mak Neeb Game 5\Java-OOP-CS30-KMITL\assets\Rok\Rok.png
โหลดไฟล์จาก: C:\Users\rm\Desktop\OOP 2ed Semester\Mak Neeb Game 5\Java-OOP-CS30-KMITL\assets\Rok\Rok.png
โหลดไฟล์จาก: C:\Users\rm\Desktop\OOP 2ed Semester\Mak Neeb Game 5\Java-OOP-CS30-KMITL\assets\Rok\Rok.png
โหลดไฟล์จาก: C:\Users\rm\Desktop\OOP 2ed Semester\Mak Neeb Game 5\Java-OOP-CS30-KMITL\assets\Rok\Rok.png
โหลดไฟล์จาก: C:\Users\rm\Desktop\OOP 2ed Semester\Mak Neeb Game 5\Java-OOP-CS30-KMITL\assets\Rok\Rok.png
โหลดไฟล์จาก: C:\Users\rm\Desktop\OOP 2ed Semester\Mak Neeb Game 5\Java-OOP-CS30-KMITL\assets\Rok\Rok.png
โหลดไฟล์จาก: C:\Users\rm\Desktop\OOP 2ed Semester\Mak Neeb Game 5\Java-OOP-CS30-KMITL\assets\Rok\Rok.png
โหลดไฟล์จาก: C:\Users\rm\Desktop\OOP 2ed Semester\Mak Neeb Game 5\Java-OOP-CS30-KMITL\assets\Rok\Rok.png
โหลดไฟล์จาก: C:\Users\rm\Desktop\OOP 2ed Semester\Mak Neeb Game 5\Java-OOP-CS30-KMITL\assets\Rok\Rok.png
โหลดไฟล์จาก: C:\Users\rm\Desktop\OOP 2ed Semester\Mak Neeb Game 5\Java-OOP-CS30-KMITL\assets\Rok\Rok.png
โหลดไฟล์จาก: C:\Users\rm\Desktop\OOP 2ed Semester\Mak Neeb Game 5\Java-OOP-CS30-KMITL\assets\Rok\Rok.png
โหลดไฟล์จาก: C:\Users\rm\Desktop\OOP 2ed Semester\Mak Neeb Game 5\Java-OOP-CS30-KMITL\assets\Rok\Rok.png
โหลดไฟล์จาก: C:\Users\rm\Desktop\OOP 2ed Semester\Mak Neeb Game 5\Java-OOP-CS30-KMITL\assets\Rok\Rok.png
White Time: 09:59 | Black Time: 10:00
White Time: 09:59 | Black Time: 10:00
White Time: 09:59 | Black Time: 10:00
เล่นเสียง: select
เล่นเสียง: move
White Time: 09:59 | Black Time: 10:00
DEBUG GameFrame.recordMove: Recording move for WHITE with timeSpent=0
  Timer state: White time 599s remaining, Black time 600s remaining
  Total used times - White: 1s, Black: 0s
DEBUG: Initializing timers with White=0s, Black=0s
DEBUG: Adding move #1 - White time: 1s, Black time: 0s
First move - initializing previous times to 0
White moved and took: 1s
MOVE DATA: WHITE moved from (7,3) to (5,3)
==== MOVE HISTORY DUMP ====
Move 1: White d1->d3 (took 1s), Black -->- (took 0s)
=========================
Remaining pieces: White=8, Black=8
Remaining pieces: White=8, Black=8
White Time: 09:59 | Black Time: 09:59
White Time: 09:58 | Black Time: 10:00
White Time: 09:58 | Black Time: 10:00
เล่นเสียง: select
White Time: 09:59 | Black Time: 09:58
White Time: 09:57 | Black Time: 10:00
เล่นเสียง: move
White Time: 09:59 | Black Time: 09:58
DEBUG GameFrame.recordMove: Recording move for BLACK with timeSpent=0
  Using last white move data
  Timer state: White time 597s remaining, Black time 600s remaining
  Total used times - White: 3s, Black: 0s
DEBUG: Adding move #2 - White time: 3s, Black time: 0s
White moved and took: 2s
Black moved and took: 0s
MOVE DATA: BLACK moved from (0,4) to (5,4)
==== MOVE HISTORY DUMP ====
Move 1: White d1->d3 (took 1s), Black -->- (took 0s)
Move 2: White d1->d3 (took 2s), Black e8->e3 (took 0s)
=========================
After BLACK move - ensuring timer is running
Remaining pieces: White=8, Black=8
Remaining pieces: White=8, Black=8
White Time: 09:57 | Black Time: 10:00
เล่นเสียง: select
InfoPanel: Updating piece count - White: 8/0, Black: 7/1
เล่นเสียง: capture
White Time: 09:59 | Black Time: 09:58
DEBUG GameFrame.recordMove: Recording move for WHITE with timeSpent=0
  Using last black move data
  Timer state: White time 597s remaining, Black time 600s remaining
  Total used times - White: 3s, Black: 0s
DEBUG: Adding move #3 - White time: 3s, Black time: 0s
White moved and took: 0s
Black moved and took: 0s
MOVE DATA: WHITE moved from (7,5) to (5,5)
==== MOVE HISTORY DUMP ====
Move 1: White d1->d3 (took 1s), Black -->- (took 0s)
Move 2: White d1->d3 (took 2s), Black e8->e3 (took 0s)
Move 3: White f1->f3 (took 0s), Black e8->e3 (took 0s)
=========================
Remaining pieces: White=8, Black=7
Remaining pieces: White=8, Black=7
White Time: 09:59 | Black Time: 09:57
White Time: 09:56 | Black Time: 10:00
White Time: 09:56 | Black Time: 10:00
เล่นเสียง: select
เล่นเสียง: move
White Time: 09:59 | Black Time: 09:57
DEBUG GameFrame.recordMove: Recording move for BLACK with timeSpent=0
  Using last white move data
  Timer state: White time 596s remaining, Black time 600s remaining
  Total used times - White: 4s, Black: 0s
DEBUG: Adding move #4 - White time: 4s, Black time: 0s
White moved and took: 1s
Black moved and took: 0s
MOVE DATA: BLACK moved from (0,3) to (0,4)
==== MOVE HISTORY DUMP ====
Move 1: White d1->d3 (took 1s), Black -->- (took 0s)
Move 2: White d1->d3 (took 2s), Black e8->e3 (took 0s)
Move 3: White f1->f3 (took 0s), Black e8->e3 (took 0s)
Move 4: White f1->f3 (took 1s), Black d8->e8 (took 0s)
=========================
After BLACK move - ensuring timer is running
Remaining pieces: White=8, Black=7
Remaining pieces: White=8, Black=7
เล่นเสียง: select
White Time: 09:58 | Black Time: 09:57
White Time: 09:55 | Black Time: 10:00
White Time: 09:55 | Black Time: 10:00
InfoPanel: Updating piece count - White: 8/0, Black: 5/3
เล่นเสียง: capture
White Time: 09:58 | Black Time: 09:57
DEBUG GameFrame.recordMove: Recording move for WHITE with timeSpent=0
  Using last black move data
  Timer state: White time 595s remaining, Black time 600s remaining
  Total used times - White: 5s, Black: 0s
DEBUG: Adding move #5 - White time: 5s, Black time: 0s
White moved and took: 1s
Black moved and took: 0s
MOVE DATA: WHITE moved from (5,3) to (0,3)
==== MOVE HISTORY DUMP ====
Move 1: White d1->d3 (took 1s), Black -->- (took 0s)
Move 2: White d1->d3 (took 2s), Black e8->e3 (took 0s)
Move 3: White f1->f3 (took 0s), Black e8->e3 (took 0s)
Move 4: White f1->f3 (took 1s), Black d8->e8 (took 0s)
Move 5: White d3->d8 (took 1s), Black d8->e8 (took 0s)
=========================
Remaining pieces: White=8, Black=5
Remaining pieces: White=8, Black=5
เล่นเสียง: select
เล่นเสียง: move
White Time: 09:58 | Black Time: 09:57
DEBUG GameFrame.recordMove: Recording move for BLACK with timeSpent=0
  Using last white move data
  Timer state: White time 595s remaining, Black time 600s remaining
  Total used times - White: 5s, Black: 0s
DEBUG: Adding move #6 - White time: 5s, Black time: 0s
White moved and took: 0s
Black moved and took: 0s
MOVE DATA: BLACK moved from (0,1) to (0,2)
==== MOVE HISTORY DUMP ====
Move 1: White d1->d3 (took 1s), Black -->- (took 0s)
Move 2: White d1->d3 (took 2s), Black e8->e3 (took 0s)
Move 3: White f1->f3 (took 0s), Black e8->e3 (took 0s)
Move 4: White f1->f3 (took 1s), Black d8->e8 (took 0s)
Move 5: White d3->d8 (took 1s), Black d8->e8 (took 0s)
Move 6: White d3->d8 (took 0s), Black b8->c8 (took 0s)
=========================
After BLACK move - ensuring timer is running
Remaining pieces: White=8, Black=5
Remaining pieces: White=8, Black=5
White Time: 09:57 | Black Time: 09:57
White Time: 09:54 | Black Time: 10:00
White Time: 09:54 | Black Time: 10:00
เล่นเสียง: select
White Time: 09:56 | Black Time: 09:57
White Time: 09:53 | Black Time: 10:00
White Time: 09:53 | Black Time: 10:00
InfoPanel: Updating piece count - White: 8/0, Black: 3/5
เล่นเสียง: capture
White Time: 09:56 | Black Time: 09:57
DEBUG GameFrame.recordMove: Recording move for WHITE with timeSpent=0
  Using last black move data
  Timer state: White time 593s remaining, Black time 600s remaining
  Total used times - White: 7s, Black: 0s
DEBUG: Adding move #7 - White time: 7s, Black time: 0s
White moved and took: 2s
Black moved and took: 0s
MOVE DATA: WHITE moved from (7,1) to (0,1)
==== MOVE HISTORY DUMP ====
Move 1: White d1->d3 (took 1s), Black -->- (took 0s)
Move 2: White d1->d3 (took 2s), Black e8->e3 (took 0s)
Move 3: White f1->f3 (took 0s), Black e8->e3 (took 0s)
Move 4: White f1->f3 (took 1s), Black d8->e8 (took 0s)
Move 5: White d3->d8 (took 1s), Black d8->e8 (took 0s)
Move 6: White d3->d8 (took 0s), Black b8->c8 (took 0s)
Move 7: White b1->b8 (took 2s), Black b8->c8 (took 0s)
=========================
Remaining pieces: White=8, Black=3
Remaining pieces: White=8, Black=3
เล่นเสียง: select
เล่นเสียง: move
White Time: 09:56 | Black Time: 09:57
DEBUG GameFrame.recordMove: Recording move for BLACK with timeSpent=0
  Using last white move data
  Timer state: White time 593s remaining, Black time 600s remaining
  Total used times - White: 7s, Black: 0s
DEBUG: Adding move #8 - White time: 7s, Black time: 0s
White moved and took: 0s
Black moved and took: 0s
MOVE DATA: BLACK moved from (0,5) to (0,4)
==== MOVE HISTORY DUMP ====
Move 1: White d1->d3 (took 1s), Black -->- (took 0s)
Move 2: White d1->d3 (took 2s), Black e8->e3 (took 0s)
Move 3: White f1->f3 (took 0s), Black e8->e3 (took 0s)
Move 4: White f1->f3 (took 1s), Black d8->e8 (took 0s)
Move 5: White d3->d8 (took 1s), Black d8->e8 (took 0s)
Move 6: White d3->d8 (took 0s), Black b8->c8 (took 0s)
Move 7: White b1->b8 (took 2s), Black b8->c8 (took 0s)
Move 8: White b1->b8 (took 0s), Black f8->e8 (took 0s)
=========================
After BLACK move - ensuring timer is running
Remaining pieces: White=8, Black=3
Remaining pieces: White=8, Black=3
White Time: 09:55 | Black Time: 09:57
White Time: 09:52 | Black Time: 10:00
White Time: 09:52 | Black Time: 10:00
เล่นเสียง: select
InfoPanel: Updating piece count - White: 8/0, Black: 1/7
เล่นเสียง: capture
White Time: 09:55 | Black Time: 09:57
DEBUG GameFrame.recordMove: Recording move for WHITE with timeSpent=0
  Using last black move data
  Timer state: White time 592s remaining, Black time 600s remaining
  Total used times - White: 8s, Black: 0s
DEBUG: Adding move #9 - White time: 8s, Black time: 0s
White moved and took: 1s
Black moved and took: 0s
MOVE DATA: WHITE moved from (5,5) to (0,5)
==== MOVE HISTORY DUMP ====
Move 1: White d1->d3 (took 1s), Black -->- (took 0s)
Move 2: White d1->d3 (took 2s), Black e8->e3 (took 0s)
Move 3: White f1->f3 (took 0s), Black e8->e3 (took 0s)
Move 4: White f1->f3 (took 1s), Black d8->e8 (took 0s)
Move 5: White d3->d8 (took 1s), Black d8->e8 (took 0s)
Move 6: White d3->d8 (took 0s), Black b8->c8 (took 0s)
Move 7: White b1->b8 (took 2s), Black b8->c8 (took 0s)
Move 8: White b1->b8 (took 0s), Black f8->e8 (took 0s)
Move 9: White f3->f8 (took 1s), Black f8->e8 (took 0s)
=========================
Remaining pieces: White=8, Black=1
Game timer stopped
Game over detected. Timer stopped.
Game over! Winner: WHITE
Game timer stopped
เล่นเสียง: victory
White Time: 09:52 | Black Time: 10:00
White Time: 09:52 | Black Time: 10:00
White Time: 09:52 | Black Time: 10:00
White Time: 09:52 | Black Time: 10:00
GameController set, isWhiteTurn: true
GameController: InfoPanel set
InfoPanel: Updating piece count - White: 8/0, Black: 8/0
GameController set, isWhiteTurn: true
โหลดไฟล์จาก: C:\Users\rm\Desktop\OOP 2ed Semester\Mak Neeb Game 5\Java-OOP-CS30-KMITL\assets\Rok\Rok.png
โหลดไฟล์จาก: C:\Users\rm\Desktop\OOP 2ed Semester\Mak Neeb Game 5\Java-OOP-CS30-KMITL\assets\Rok\Rok.png
โหลดไฟล์จาก: C:\Users\rm\Desktop\OOP 2ed Semester\Mak Neeb Game 5\Java-OOP-CS30-KMITL\assets\Rok\Rok.png
โหลดไฟล์จาก: C:\Users\rm\Desktop\OOP 2ed Semester\Mak Neeb Game 5\Java-OOP-CS30-KMITL\assets\Rok\Rok.png
โหลดไฟล์จาก: C:\Users\rm\Desktop\OOP 2ed Semester\Mak Neeb Game 5\Java-OOP-CS30-KMITL\assets\Rok\Rok.png
โหลดไฟล์จาก: C:\Users\rm\Desktop\OOP 2ed Semester\Mak Neeb Game 5\Java-OOP-CS30-KMITL\assets\Rok\Rok.png
โหลดไฟล์จาก: C:\Users\rm\Desktop\OOP 2ed Semester\Mak Neeb Game 5\Java-OOP-CS30-KMITL\assets\Rok\Rok.png
โหลดไฟล์จาก: C:\Users\rm\Desktop\OOP 2ed Semester\Mak Neeb Game 5\Java-OOP-CS30-KMITL\assets\Rok\Rok.png
โหลดไฟล์จาก: C:\Users\rm\Desktop\OOP 2ed Semester\Mak Neeb Game 5\Java-OOP-CS30-KMITL\assets\Rok\Rok.png
โหลดไฟล์จาก: C:\Users\rm\Desktop\OOP 2ed Semester\Mak Neeb Game 5\Java-OOP-CS30-KMITL\assets\Rok\Rok.png
โหลดไฟล์จาก: C:\Users\rm\Desktop\OOP 2ed Semester\Mak Neeb Game 5\Java-OOP-CS30-KMITL\assets\Rok\Rok.png
โหลดไฟล์จาก: C:\Users\rm\Desktop\OOP 2ed Semester\Mak Neeb Game 5\Java-OOP-CS30-KMITL\assets\Rok\Rok.png
โหลดไฟล์จาก: C:\Users\rm\Desktop\OOP 2ed Semester\Mak Neeb Game 5\Java-OOP-CS30-KMITL\assets\Rok\Rok.png
โหลดไฟล์จาก: C:\Users\rm\Desktop\OOP 2ed Semester\Mak Neeb Game 5\Java-OOP-CS30-KMITL\assets\Rok\Rok.png
โหลดไฟล์จาก: C:\Users\rm\Desktop\OOP 2ed Semester\Mak Neeb Game 5\Java-OOP-CS30-KMITL\assets\Rok\Rok.png
โหลดไฟล์จาก: C:\Users\rm\Desktop\OOP 2ed Semester\Mak Neeb Game 5\Java-OOP-CS30-KMITL\assets\Rok\Rok.png
White Time: 09:52 | Black Time: 10:00
White Time: 09:59 | Black Time: 10:00
White Time: 09:59 | Black Time: 10:00
White Time: 09:59 | Black Time: 10:00
White Time: 09:52 | Black Time: 10:00
White Time: 09:58 | Black Time: 10:00
White Time: 09:58 | Black Time: 10:00
White Time: 09:58 | Black Time: 10:00
เล่นเสียง: select
เล่นเสียง: move
White Time: 09:58 | Black Time: 10:00
DEBUG GameFrame.recordMove: Recording move for WHITE with timeSpent=0
  Timer state: White time 598s remaining, Black time 600s remaining
  Total used times - White: 2s, Black: 0s
DEBUG: Initializing timers with White=0s, Black=0s
DEBUG: Adding move #1 - White time: 2s, Black time: 0s
First move - initializing previous times to 0
White moved and took: 2s
MOVE DATA: WHITE moved from (7,2) to (5,2)
==== MOVE HISTORY DUMP ====
Move 1: White c1->c3 (took 2s), Black -->- (took 0s)
=========================
Remaining pieces: White=8, Black=8
Remaining pieces: White=8, Black=8
White Time: 09:52 | Black Time: 10:00
เล่นเสียง: select
White Time: 09:58 | Black Time: 09:59
White Time: 09:57 | Black Time: 10:00
White Time: 09:57 | Black Time: 10:00
เล่นเสียง: move
White Time: 09:58 | Black Time: 09:59
DEBUG GameFrame.recordMove: Recording move for BLACK with timeSpent=0
  Using last white move data
  Timer state: White time 597s remaining, Black time 600s remaining
  Total used times - White: 3s, Black: 0s
DEBUG: Adding move #2 - White time: 3s, Black time: 0s
White moved and took: 1s
Black moved and took: 0s
MOVE DATA: BLACK moved from (0,3) to (5,3)
==== MOVE HISTORY DUMP ====
Move 1: White c1->c3 (took 2s), Black -->- (took 0s)
Move 2: White c1->c3 (took 1s), Black d8->d3 (took 0s)
=========================
After BLACK move - ensuring timer is running
Remaining pieces: White=8, Black=8
Remaining pieces: White=8, Black=8
เล่นเสียง: select
InfoPanel: Updating piece count - White: 8/0, Black: 7/1
เล่นเสียง: capture
White Time: 09:58 | Black Time: 09:59
DEBUG GameFrame.recordMove: Recording move for WHITE with timeSpent=0
  Using last black move data
  Timer state: White time 597s remaining, Black time 600s remaining
  Total used times - White: 3s, Black: 0s
DEBUG: Adding move #3 - White time: 3s, Black time: 0s
White moved and took: 0s
Black moved and took: 0s
MOVE DATA: WHITE moved from (7,4) to (5,4)
==== MOVE HISTORY DUMP ====
Move 1: White c1->c3 (took 2s), Black -->- (took 0s)
Move 2: White c1->c3 (took 1s), Black d8->d3 (took 0s)
Move 3: White e1->e3 (took 0s), Black d8->d3 (took 0s)
=========================
Remaining pieces: White=8, Black=7
Remaining pieces: White=8, Black=7
White Time: 09:52 | Black Time: 10:00
White Time: 09:58 | Black Time: 09:58
White Time: 09:56 | Black Time: 10:00
White Time: 09:56 | Black Time: 10:00
เล่นเสียง: select
เล่นเสียง: move
White Time: 09:58 | Black Time: 09:58
DEBUG GameFrame.recordMove: Recording move for BLACK with timeSpent=0
  Using last white move data
  Timer state: White time 596s remaining, Black time 600s remaining
  Total used times - White: 4s, Black: 0s
DEBUG: Adding move #4 - White time: 4s, Black time: 0s
White moved and took: 1s
Black moved and took: 0s
MOVE DATA: BLACK moved from (0,2) to (0,3)
==== MOVE HISTORY DUMP ====
Move 1: White c1->c3 (took 2s), Black -->- (took 0s)
Move 2: White c1->c3 (took 1s), Black d8->d3 (took 0s)
Move 3: White e1->e3 (took 0s), Black d8->d3 (took 0s)
Move 4: White e1->e3 (took 1s), Black c8->d8 (took 0s)
=========================
After BLACK move - ensuring timer is running
Remaining pieces: White=8, Black=7
Remaining pieces: White=8, Black=7
White Time: 09:52 | Black Time: 10:00
White Time: 09:57 | Black Time: 09:58
White Time: 09:55 | Black Time: 10:00
White Time: 09:55 | Black Time: 10:00
เล่นเสียง: select
InfoPanel: Updating piece count - White: 8/0, Black: 5/3
เล่นเสียง: capture
White Time: 09:57 | Black Time: 09:58
DEBUG GameFrame.recordMove: Recording move for WHITE with timeSpent=0
  Using last black move data
  Timer state: White time 595s remaining, Black time 600s remaining
  Total used times - White: 5s, Black: 0s
DEBUG: Adding move #5 - White time: 5s, Black time: 0s
White moved and took: 1s
Black moved and took: 0s
MOVE DATA: WHITE moved from (5,2) to (0,2)
==== MOVE HISTORY DUMP ====
Move 1: White c1->c3 (took 2s), Black -->- (took 0s)
Move 2: White c1->c3 (took 1s), Black d8->d3 (took 0s)
Move 3: White e1->e3 (took 0s), Black d8->d3 (took 0s)
Move 4: White e1->e3 (took 1s), Black c8->d8 (took 0s)
Move 5: White c3->c8 (took 1s), Black c8->d8 (took 0s)
=========================
Remaining pieces: White=8, Black=5
Remaining pieces: White=8, Black=5
เล่นเสียง: select
White Time: 09:52 | Black Time: 10:00
เล่นเสียง: move
White Time: 09:57 | Black Time: 09:58
DEBUG GameFrame.recordMove: Recording move for BLACK with timeSpent=0
  Using last white move data
  Timer state: White time 595s remaining, Black time 600s remaining
  Total used times - White: 5s, Black: 0s
DEBUG: Adding move #6 - White time: 5s, Black time: 0s
White moved and took: 0s
Black moved and took: 0s
MOVE DATA: BLACK moved from (0,4) to (0,3)
==== MOVE HISTORY DUMP ====
Move 1: White c1->c3 (took 2s), Black -->- (took 0s)
Move 2: White c1->c3 (took 1s), Black d8->d3 (took 0s)
Move 3: White e1->e3 (took 0s), Black d8->d3 (took 0s)
Move 4: White e1->e3 (took 1s), Black c8->d8 (took 0s)
Move 5: White c3->c8 (took 1s), Black c8->d8 (took 0s)
Move 6: White c3->c8 (took 0s), Black e8->d8 (took 0s)
=========================
After BLACK move - ensuring timer is running
Remaining pieces: White=8, Black=5
Remaining pieces: White=8, Black=5
White Time: 09:56 | Black Time: 09:58
White Time: 09:54 | Black Time: 10:00
White Time: 09:54 | Black Time: 10:00
เล่นเสียง: select
InfoPanel: Updating piece count - White: 8/0, Black: 3/5
เล่นเสียง: capture
White Time: 09:56 | Black Time: 09:58
DEBUG GameFrame.recordMove: Recording move for WHITE with timeSpent=0
  Using last black move data
  Timer state: White time 594s remaining, Black time 600s remaining
  Total used times - White: 6s, Black: 0s
DEBUG: Adding move #7 - White time: 6s, Black time: 0s
White moved and took: 1s
Black moved and took: 0s
MOVE DATA: WHITE moved from (5,4) to (0,4)
==== MOVE HISTORY DUMP ====
Move 1: White c1->c3 (took 2s), Black -->- (took 0s)
Move 2: White c1->c3 (took 1s), Black d8->d3 (took 0s)
Move 3: White e1->e3 (took 0s), Black d8->d3 (took 0s)
Move 4: White e1->e3 (took 1s), Black c8->d8 (took 0s)
Move 5: White c3->c8 (took 1s), Black c8->d8 (took 0s)
Move 6: White c3->c8 (took 0s), Black e8->d8 (took 0s)
Move 7: White e3->e8 (took 1s), Black e8->d8 (took 0s)
=========================
Remaining pieces: White=8, Black=3
Remaining pieces: White=8, Black=3
White Time: 09:52 | Black Time: 10:00
White Time: 09:56 | Black Time: 09:57
White Time: 09:53 | Black Time: 10:00
White Time: 09:53 | Black Time: 10:00
เล่นเสียง: select
เล่นเสียง: move
White Time: 09:56 | Black Time: 09:57
DEBUG GameFrame.recordMove: Recording move for BLACK with timeSpent=0
  Using last white move data
  Timer state: White time 593s remaining, Black time 600s remaining
  Total used times - White: 7s, Black: 0s
DEBUG: Adding move #8 - White time: 7s, Black time: 0s
White moved and took: 1s
Black moved and took: 0s
MOVE DATA: BLACK moved from (0,6) to (0,5)
==== MOVE HISTORY DUMP ====
Move 1: White c1->c3 (took 2s), Black -->- (took 0s)
Move 2: White c1->c3 (took 1s), Black d8->d3 (took 0s)
Move 3: White e1->e3 (took 0s), Black d8->d3 (took 0s)
Move 4: White e1->e3 (took 1s), Black c8->d8 (took 0s)
Move 5: White c3->c8 (took 1s), Black c8->d8 (took 0s)
Move 6: White c3->c8 (took 0s), Black e8->d8 (took 0s)
Move 7: White e3->e8 (took 1s), Black e8->d8 (took 0s)
Move 8: White e3->e8 (took 1s), Black g8->f8 (took 0s)
=========================
After BLACK move - ensuring timer is running
Remaining pieces: White=8, Black=3
Remaining pieces: White=8, Black=3
White Time: 09:52 | Black Time: 10:00
เล่นเสียง: select
White Time: 09:55 | Black Time: 09:57
White Time: 09:52 | Black Time: 10:00
White Time: 09:52 | Black Time: 10:00
InfoPanel: Updating piece count - White: 8/0, Black: 1/7
เล่นเสียง: capture
White Time: 09:55 | Black Time: 09:57
DEBUG GameFrame.recordMove: Recording move for WHITE with timeSpent=0
  Using last black move data
  Timer state: White time 592s remaining, Black time 600s remaining
  Total used times - White: 8s, Black: 0s
DEBUG: Adding move #9 - White time: 8s, Black time: 0s
White moved and took: 1s
Black moved and took: 0s
MOVE DATA: WHITE moved from (7,6) to (0,6)
==== MOVE HISTORY DUMP ====
Move 1: White c1->c3 (took 2s), Black -->- (took 0s)
Move 2: White c1->c3 (took 1s), Black d8->d3 (took 0s)
Move 3: White e1->e3 (took 0s), Black d8->d3 (took 0s)
Move 4: White e1->e3 (took 1s), Black c8->d8 (took 0s)
Move 5: White c3->c8 (took 1s), Black c8->d8 (took 0s)
Move 6: White c3->c8 (took 0s), Black e8->d8 (took 0s)
Move 7: White e3->e8 (took 1s), Black e8->d8 (took 0s)
Move 8: White e3->e8 (took 1s), Black g8->f8 (took 0s)
Move 9: White g1->g8 (took 1s), Black g8->f8 (took 0s)
=========================
Remaining pieces: White=8, Black=1
Game timer stopped
Game over detected. Timer stopped.
Game over! Winner: WHITE
Game timer stopped
เล่นเสียง: victory
White Time: 09:52 | Black Time: 10:00
White Time: 09:52 | Black Time: 10:00
โหลดไฟล์จาก: C:\Users\rm\Desktop\OOP 2ed Semester\Mak Neeb Game 5\Java-OOP-CS30-KMITL\assets\icon\ICONKMITL.png
โหลดไฟล์จาก: C:\Users\rm\Desktop\OOP 2ed Semester\Mak Neeb Game 5\Java-OOP-CS30-KMITL\assets\icon\minimizeButton.png
โหลดไฟล์จาก: C:\Users\rm\Desktop\OOP 2ed Semester\Mak Neeb Game 5\Java-OOP-CS30-KMITL\assets\icon\resizeButton.png
โหลดไฟล์จาก: C:\Users\rm\Desktop\OOP 2ed Semester\Mak Neeb Game 5\Java-OOP-CS30-KMITL\assets\icon\closeButton.png
โหลดไฟล์จาก: C:\Users\rm\Desktop\OOP 2ed Semester\Mak Neeb Game 5\Java-OOP-CS30-KMITL\assets\background1.jpg
โหลดไฟล์จาก: C:\Users\rm\Desktop\OOP 2ed Semester\Mak Neeb Game 5\Java-OOP-CS30-KMITL\assets\icon\ICONKMITL.png
โหลดไฟล์จาก: C:\Users\rm\Desktop\OOP 2ed Semester\Mak Neeb Game 5\Java-OOP-CS30-KMITL\assets\Rok\Rok.png
เล่นเสียงแบบวนซ้ำ: SongGame
White Time: 09:52 | Black Time: 10:00
White Time: 09:52 | Black Time: 10:00
White Time: 09:52 | Black Time: 10:00
White Time: 09:52 | Black Time: 10:00
เล่นเสียง: select
เล่นเสียง: select
เล่นเสียง: select
เล่นเสียง: select
เล่นเสียง: select
เล่นเสียง: select
เล่นเสียง: select
เล่นเสียง: select
เล่นเสียง: select
เล่นเสียง: select
เล่นเสียง: select
เล่นเสียง: select
เล่นเสียง: select
เล่นเสียง: select
เล่นเสียง: select
เล่นเสียง: select
เล่นเสียง: select
White Time: 09:52 | Black Time: 10:00
White Time: 09:52 | Black Time: 10:00
เล่นเสียง: select
เล่นเสียง: select
เล่นเสียง: select
เล่นเสียง: select
เล่นเสียง: select
เล่นเสียง: select
เล่นเสียง: select
เล่นเสียง: select
เล่นเสียง: select
เล่นเสียง: select
เล่นเสียง: select
เล่นเสียง: select
เล่นเสียง: select
เล่นเสียง: select
เล่นเสียง: select
เล่นเสียง: select
เล่นเสียง: select
เล่นเสียง: select
เล่นเสียง: select
เล่นเสียง: select
White Time: 09:52 | Black Time: 10:00
เล่นเสียง: select
เล่นเสียง: select
เล่นเสียง: select
เล่นเสียง: select
เล่นเสียง: select
เล่นเสียง: select
White Time: 09:52 | Black Time: 10:00
เล่นเสียง: select
เล่นเสียง: select
เล่นเสียง: select
เล่นเสียง: select
เล่นเสียง: select
เล่นเสียง: select
เล่นเสียง: select
เล่นเสียง: select
เล่นเสียง: select
เล่นเสียง: select
เล่นเสียง: select
เล่นเสียง: select
เล่นเสียง: select
เล่นเสียง: select
เล่นเสียง: select
เล่นเสียง: select
เล่นเสียง: select
เล่นเสียง: select
เล่นเสียง: select
White Time: 09:52 | Black Time: 10:00
เล่นเสียง: select
เล่นเสียง: select
เล่นเสียง: select
เล่นเสียง: select
White Time: 09:52 | Black Time: 10:00
เล่นเสียง: select
White Time: 09:52 | Black Time: 10:00
เล่นเสียง: select
White Time: 09:52 | Black Time: 10:00
โหลดไฟล์จาก: C:\Users\rm\Desktop\OOP 2ed Semester\Mak Neeb Game 5\Java-OOP-CS30-KMITL\assets\background2.jpg
Dialog shown successfully
เล่นเสียง: select
White Time: 09:52 | Black Time: 10:00
เล่นเสียง: select
เล่นเสียง: select
White Time: 09:52 | Black Time: 10:00
หยุดเสียง: SongGame
เล่นเสียง: start
GameController set, isWhiteTurn: true
GameController: InfoPanel set
InfoPanel: Updating piece count - White: 8/0, Black: 8/0
GameController set, isWhiteTurn: true
โหลดไฟล์จาก: C:\Users\rm\Desktop\OOP 2ed Semester\Mak Neeb Game 5\Java-OOP-CS30-KMITL\assets\icon\AppIcon.png
โหลดไฟล์จาก: C:\Users\rm\Desktop\OOP 2ed Semester\Mak Neeb Game 5\Java-OOP-CS30-KMITL\assets\Rok\Rok.png
โหลดไฟล์จาก: C:\Users\rm\Desktop\OOP 2ed Semester\Mak Neeb Game 5\Java-OOP-CS30-KMITL\assets\Rok\Rok.png
โหลดไฟล์จาก: C:\Users\rm\Desktop\OOP 2ed Semester\Mak Neeb Game 5\Java-OOP-CS30-KMITL\assets\Rok\Rok.png
โหลดไฟล์จาก: C:\Users\rm\Desktop\OOP 2ed Semester\Mak Neeb Game 5\Java-OOP-CS30-KMITL\assets\Rok\Rok.png
โหลดไฟล์จาก: C:\Users\rm\Desktop\OOP 2ed Semester\Mak Neeb Game 5\Java-OOP-CS30-KMITL\assets\Rok\Rok.png
โหลดไฟล์จาก: C:\Users\rm\Desktop\OOP 2ed Semester\Mak Neeb Game 5\Java-OOP-CS30-KMITL\assets\Rok\Rok.png
โหลดไฟล์จาก: C:\Users\rm\Desktop\OOP 2ed Semester\Mak Neeb Game 5\Java-OOP-CS30-KMITL\assets\Rok\Rok.png
โหลดไฟล์จาก: C:\Users\rm\Desktop\OOP 2ed Semester\Mak Neeb Game 5\Java-OOP-CS30-KMITL\assets\Rok\Rok.png
โหลดไฟล์จาก: C:\Users\rm\Desktop\OOP 2ed Semester\Mak Neeb Game 5\Java-OOP-CS30-KMITL\assets\Rok\Rok.png
โหลดไฟล์จาก: C:\Users\rm\Desktop\OOP 2ed Semester\Mak Neeb Game 5\Java-OOP-CS30-KMITL\assets\Rok\Rok.png
โหลดไฟล์จาก: C:\Users\rm\Desktop\OOP 2ed Semester\Mak Neeb Game 5\Java-OOP-CS30-KMITL\assets\Rok\Rok.png
โหลดไฟล์จาก: C:\Users\rm\Desktop\OOP 2ed Semester\Mak Neeb Game 5\Java-OOP-CS30-KMITL\assets\Rok\Rok.png
โหลดไฟล์จาก: C:\Users\rm\Desktop\OOP 2ed Semester\Mak Neeb Game 5\Java-OOP-CS30-KMITL\assets\Rok\Rok.png
โหลดไฟล์จาก: C:\Users\rm\Desktop\OOP 2ed Semester\Mak Neeb Game 5\Java-OOP-CS30-KMITL\assets\Rok\Rok.png
โหลดไฟล์จาก: C:\Users\rm\Desktop\OOP 2ed Semester\Mak Neeb Game 5\Java-OOP-CS30-KMITL\assets\Rok\Rok.png
โหลดไฟล์จาก: C:\Users\rm\Desktop\OOP 2ed Semester\Mak Neeb Game 5\Java-OOP-CS30-KMITL\assets\Rok\Rok.png
เล่นเสียง: select
White Time: 09:52 | Black Time: 10:00
เล่นเสียง: move
White Time: 10:00 | Black Time: 10:00
DEBUG GameFrame.recordMove: Recording move for WHITE with timeSpent=0
  Timer state: White time 600s remaining, Black time 600s remaining
  Total used times - White: 0s, Black: 0s
DEBUG: Initializing timers with White=0s, Black=0s
DEBUG: Adding move #1 - White time: 0s, Black time: 0s
First move - initializing previous times to 0
White moved and took: 0s
MOVE DATA: WHITE moved from (7,4) to (5,4)
==== MOVE HISTORY DUMP ====
Move 1: White e1->e3 (took 0s), Black -->- (took 0s)
=========================
Remaining pieces: White=8, Black=8
Remaining pieces: White=8, Black=8
White Time: 09:52 | Black Time: 10:00
White Time: 10:00 | Black Time: 09:59
White Time: 09:59 | Black Time: 10:00
White Time: 09:59 | Black Time: 10:00
เล่นเสียง: select
White Time: 09:52 | Black Time: 10:00
เล่นเสียง: move
White Time: 10:00 | Black Time: 09:59
DEBUG GameFrame.recordMove: Recording move for BLACK with timeSpent=0
  Using last white move data
  Timer state: White time 599s remaining, Black time 600s remaining
  Total used times - White: 1s, Black: 0s
DEBUG: Adding move #2 - White time: 1s, Black time: 0s
White moved and took: 1s
Black moved and took: 0s
MOVE DATA: BLACK moved from (0,5) to (5,5)
==== MOVE HISTORY DUMP ====
Move 1: White e1->e3 (took 0s), Black -->- (took 0s)
Move 2: White e1->e3 (took 1s), Black f8->f3 (took 0s)
=========================
After BLACK move - ensuring timer is running
Remaining pieces: White=8, Black=8
Remaining pieces: White=8, Black=8
White Time: 09:52 | Black Time: 10:00
White Time: 09:59 | Black Time: 09:59
White Time: 09:58 | Black Time: 10:00
White Time: 09:58 | Black Time: 10:00
เล่นเสียง: select
InfoPanel: Updating piece count - White: 8/0, Black: 7/1
เล่นเสียง: capture
White Time: 09:59 | Black Time: 09:59
DEBUG GameFrame.recordMove: Recording move for WHITE with timeSpent=0
  Using last black move data
  Timer state: White time 598s remaining, Black time 600s remaining
  Total used times - White: 2s, Black: 0s
DEBUG: Adding move #3 - White time: 2s, Black time: 0s
White moved and took: 1s
Black moved and took: 0s
MOVE DATA: WHITE moved from (7,6) to (5,6)
==== MOVE HISTORY DUMP ====
Move 1: White e1->e3 (took 0s), Black -->- (took 0s)
Move 2: White e1->e3 (took 1s), Black f8->f3 (took 0s)
Move 3: White g1->g3 (took 1s), Black f8->f3 (took 0s)
=========================
Remaining pieces: White=8, Black=7
Remaining pieces: White=8, Black=7
White Time: 09:52 | Black Time: 10:00
White Time: 09:52 | Black Time: 10:00
White Time: 09:59 | Black Time: 09:58
White Time: 09:57 | Black Time: 10:00
White Time: 09:57 | Black Time: 10:00
เล่นเสียง: select
เล่นเสียง: move
White Time: 09:59 | Black Time: 09:58
DEBUG GameFrame.recordMove: Recording move for BLACK with timeSpent=0
  Using last white move data
  Timer state: White time 597s remaining, Black time 600s remaining
  Total used times - White: 3s, Black: 0s
DEBUG: Adding move #4 - White time: 3s, Black time: 0s
White moved and took: 1s
Black moved and took: 0s
MOVE DATA: BLACK moved from (0,4) to (0,5)
==== MOVE HISTORY DUMP ====
Move 1: White e1->e3 (took 0s), Black -->- (took 0s)
Move 2: White e1->e3 (took 1s), Black f8->f3 (took 0s)
Move 3: White g1->g3 (took 1s), Black f8->f3 (took 0s)
Move 4: White g1->g3 (took 1s), Black e8->f8 (took 0s)
=========================
After BLACK move - ensuring timer is running
Remaining pieces: White=8, Black=7
Remaining pieces: White=8, Black=7
White Time: 09:52 | Black Time: 10:00
White Time: 09:52 | Black Time: 10:00
White Time: 09:58 | Black Time: 09:58
White Time: 09:56 | Black Time: 10:00
White Time: 09:56 | Black Time: 10:00
เล่นเสียง: select
White Time: 09:52 | Black Time: 10:00
White Time: 09:52 | Black Time: 10:00
White Time: 09:57 | Black Time: 09:58
White Time: 09:55 | Black Time: 10:00
White Time: 09:55 | Black Time: 10:00
InfoPanel: Updating piece count - White: 8/0, Black: 5/3
เล่นเสียง: capture
White Time: 09:57 | Black Time: 09:58
DEBUG GameFrame.recordMove: Recording move for WHITE with timeSpent=0
  Using last black move data
  Timer state: White time 595s remaining, Black time 600s remaining
  Total used times - White: 5s, Black: 0s
DEBUG: Adding move #5 - White time: 5s, Black time: 0s
White moved and took: 2s
Black moved and took: 0s
MOVE DATA: WHITE moved from (5,4) to (0,4)
==== MOVE HISTORY DUMP ====
Move 1: White e1->e3 (took 0s), Black -->- (took 0s)
Move 2: White e1->e3 (took 1s), Black f8->f3 (took 0s)
Move 3: White g1->g3 (took 1s), Black f8->f3 (took 0s)
Move 4: White g1->g3 (took 1s), Black e8->f8 (took 0s)
Move 5: White e3->e8 (took 2s), Black e8->f8 (took 0s)
=========================
Remaining pieces: White=8, Black=5
Remaining pieces: White=8, Black=5
White Time: 09:52 | Black Time: 10:00
เล่นเสียง: select
White Time: 09:52 | Black Time: 10:00
White Time: 09:57 | Black Time: 09:57
White Time: 09:54 | Black Time: 10:00
White Time: 09:54 | Black Time: 10:00
เล่นเสียง: move
White Time: 09:57 | Black Time: 09:57
DEBUG GameFrame.recordMove: Recording move for BLACK with timeSpent=0
  Using last white move data
  Timer state: White time 594s remaining, Black time 600s remaining
  Total used times - White: 6s, Black: 0s
DEBUG: Adding move #6 - White time: 6s, Black time: 0s
White moved and took: 1s
Black moved and took: 0s
MOVE DATA: BLACK moved from (0,6) to (0,5)
==== MOVE HISTORY DUMP ====
Move 1: White e1->e3 (took 0s), Black -->- (took 0s)
Move 2: White e1->e3 (took 1s), Black f8->f3 (took 0s)
Move 3: White g1->g3 (took 1s), Black f8->f3 (took 0s)
Move 4: White g1->g3 (took 1s), Black e8->f8 (took 0s)
Move 5: White e3->e8 (took 2s), Black e8->f8 (took 0s)
Move 6: White e3->e8 (took 1s), Black g8->f8 (took 0s)
=========================
After BLACK move - ensuring timer is running
Remaining pieces: White=8, Black=5
Remaining pieces: White=8, Black=5
เล่นเสียง: select
White Time: 09:52 | Black Time: 10:00
InfoPanel: Updating piece count - White: 8/0, Black: 3/5
เล่นเสียง: capture
White Time: 09:57 | Black Time: 09:57
DEBUG GameFrame.recordMove: Recording move for WHITE with timeSpent=0
  Using last black move data
  Timer state: White time 594s remaining, Black time 600s remaining
  Total used times - White: 6s, Black: 0s
DEBUG: Adding move #7 - White time: 6s, Black time: 0s
White moved and took: 0s
Black moved and took: 0s
MOVE DATA: WHITE moved from (5,6) to (0,6)
==== MOVE HISTORY DUMP ====
Move 1: White e1->e3 (took 0s), Black -->- (took 0s)
Move 2: White e1->e3 (took 1s), Black f8->f3 (took 0s)
Move 3: White g1->g3 (took 1s), Black f8->f3 (took 0s)
Move 4: White g1->g3 (took 1s), Black e8->f8 (took 0s)
Move 5: White e3->e8 (took 2s), Black e8->f8 (took 0s)
Move 6: White e3->e8 (took 1s), Black g8->f8 (took 0s)
Move 7: White g3->g8 (took 0s), Black g8->f8 (took 0s)
=========================
Remaining pieces: White=8, Black=3
Remaining pieces: White=8, Black=3
White Time: 09:52 | Black Time: 10:00
White Time: 09:57 | Black Time: 09:56
White Time: 09:53 | Black Time: 10:00
White Time: 09:53 | Black Time: 10:00
เล่นเสียง: select
เล่นเสียง: move
White Time: 09:57 | Black Time: 09:56
DEBUG GameFrame.recordMove: Recording move for BLACK with timeSpent=0
  Using last white move data
  Timer state: White time 593s remaining, Black time 600s remaining
  Total used times - White: 7s, Black: 0s
DEBUG: Adding move #8 - White time: 7s, Black time: 0s
White moved and took: 1s
Black moved and took: 0s
MOVE DATA: BLACK moved from (0,2) to (0,3)
==== MOVE HISTORY DUMP ====
Move 1: White e1->e3 (took 0s), Black -->- (took 0s)
Move 2: White e1->e3 (took 1s), Black f8->f3 (took 0s)
Move 3: White g1->g3 (took 1s), Black f8->f3 (took 0s)
Move 4: White g1->g3 (took 1s), Black e8->f8 (took 0s)
Move 5: White e3->e8 (took 2s), Black e8->f8 (took 0s)
Move 6: White e3->e8 (took 1s), Black g8->f8 (took 0s)
Move 7: White g3->g8 (took 0s), Black g8->f8 (took 0s)
Move 8: White g3->g8 (took 1s), Black c8->d8 (took 0s)
=========================
After BLACK move - ensuring timer is running
Remaining pieces: White=8, Black=3
Remaining pieces: White=8, Black=3
White Time: 09:52 | Black Time: 10:00
เล่นเสียง: select
White Time: 09:52 | Black Time: 10:00
White Time: 09:56 | Black Time: 09:56
White Time: 09:52 | Black Time: 10:00
White Time: 09:52 | Black Time: 10:00
InfoPanel: Updating piece count - White: 8/0, Black: 1/7
เล่นเสียง: capture
White Time: 09:56 | Black Time: 09:56
DEBUG GameFrame.recordMove: Recording move for WHITE with timeSpent=0
  Using last black move data
  Timer state: White time 592s remaining, Black time 600s remaining
  Total used times - White: 8s, Black: 0s
DEBUG: Adding move #9 - White time: 8s, Black time: 0s
White moved and took: 1s
Black moved and took: 0s
MOVE DATA: WHITE moved from (7,2) to (0,2)
==== MOVE HISTORY DUMP ====
Move 1: White e1->e3 (took 0s), Black -->- (took 0s)
Move 2: White e1->e3 (took 1s), Black f8->f3 (took 0s)
Move 3: White g1->g3 (took 1s), Black f8->f3 (took 0s)
Move 4: White g1->g3 (took 1s), Black e8->f8 (took 0s)
Move 5: White e3->e8 (took 2s), Black e8->f8 (took 0s)
Move 6: White e3->e8 (took 1s), Black g8->f8 (took 0s)
Move 7: White g3->g8 (took 0s), Black g8->f8 (took 0s)
Move 8: White g3->g8 (took 1s), Black c8->d8 (took 0s)
Move 9: White c1->c8 (took 1s), Black c8->d8 (took 0s)
=========================
Remaining pieces: White=8, Black=1
Game timer stopped
Game over detected. Timer stopped.
Game over! Winner: WHITE
Game timer stopped
เล่นเสียง: victory
White Time: 09:52 | Black Time: 10:00
White Time: 09:52 | Black Time: 10:00
White Time: 09:52 | Black Time: 10:00
White Time: 09:52 | Black Time: 10:00
White Time: 09:52 | Black Time: 10:00
White Time: 09:52 | Black Time: 10:00
White Time: 09:52 | Black Time: 10:00
White Time: 09:52 | Black Time: 10:00
White Time: 09:52 | Black Time: 10:00
White Time: 09:52 | Black Time: 10:00
White Time: 09:52 | Black Time: 10:00
White Time: 09:52 | Black Time: 10:00
White Time: 09:52 | Black Time: 10:00
White Time: 09:52 | Black Time: 10:00
White Time: 09:52 | Black Time: 10:00
White Time: 09:52 | Black Time: 10:00
White Time: 09:52 | Black Time: 10:00
White Time: 09:52 | Black Time: 10:00
White Time: 09:52 | Black Time: 10:00
White Time: 09:52 | Black Time: 10:00
White Time: 09:52 | Black Time: 10:00
โหลดไฟล์จาก: C:\Users\rm\Desktop\OOP 2ed Semester\Mak Neeb Game 5\Java-OOP-CS30-KMITL\assets\icon\ICONKMITL.png
โหลดไฟล์จาก: C:\Users\rm\Desktop\OOP 2ed Semester\Mak Neeb Game 5\Java-OOP-CS30-KMITL\assets\icon\minimizeButton.png
โหลดไฟล์จาก: C:\Users\rm\Desktop\OOP 2ed Semester\Mak Neeb Game 5\Java-OOP-CS30-KMITL\assets\icon\resizeButton.png
โหลดไฟล์จาก: C:\Users\rm\Desktop\OOP 2ed Semester\Mak Neeb Game 5\Java-OOP-CS30-KMITL\assets\icon\closeButton.png
โหลดไฟล์จาก: C:\Users\rm\Desktop\OOP 2ed Semester\Mak Neeb Game 5\Java-OOP-CS30-KMITL\assets\background1.jpg
โหลดไฟล์จาก: C:\Users\rm\Desktop\OOP 2ed Semester\Mak Neeb Game 5\Java-OOP-CS30-KMITL\assets\icon\ICONKMITL.png
โหลดไฟล์จาก: C:\Users\rm\Desktop\OOP 2ed Semester\Mak Neeb Game 5\Java-OOP-CS30-KMITL\assets\Rok\Rok.png
เล่นเสียงแบบวนซ้ำ: SongGame
White Time: 09:52 | Black Time: 10:00
White Time: 09:52 | Black Time: 10:00
White Time: 09:52 | Black Time: 10:00
White Time: 09:52 | Black Time: 10:00
White Time: 09:52 | Black Time: 10:00
White Time: 09:52 | Black Time: 10:00
เล่นเสียง: select
เล่นเสียง: select
เล่นเสียง: select
เล่นเสียง: select
เล่นเสียง: select
