=== Application Started at Sun Mar 09 17:36:09 ICT 2025 ===
โหลดไฟล์จาก: C:\Users\rm\Desktop\OOP 2ed Semester\Mak Neeb Game 4\Java-OOP-CS30-KMITL\assets\icon\ICONKMITL.png
โหลดไฟล์จาก: C:\Users\rm\Desktop\OOP 2ed Semester\Mak Neeb Game 4\Java-OOP-CS30-KMITL\assets\icon\minimizeButton.png
โหลดไฟล์จาก: C:\Users\rm\Desktop\OOP 2ed Semester\Mak Neeb Game 4\Java-OOP-CS30-KMITL\assets\icon\resizeButton.png
โหลดไฟล์จาก: C:\Users\rm\Desktop\OOP 2ed Semester\Mak Neeb Game 4\Java-OOP-CS30-KMITL\assets\icon\closeButton.png
โหลดไฟล์จาก: C:\Users\rm\Desktop\OOP 2ed Semester\Mak Neeb Game 4\Java-OOP-CS30-KMITL\assets\background1.jpg
โหลดไฟล์จาก: C:\Users\rm\Desktop\OOP 2ed Semester\Mak Neeb Game 4\Java-OOP-CS30-KMITL\assets\icon\ICONKMITL.png
โหลดไฟล์จาก: C:\Users\rm\Desktop\OOP 2ed Semester\Mak Neeb Game 4\Java-OOP-CS30-KMITL\assets\Rok\Rok.png
พบไฟล์ที่: C:\Users\rm\Desktop\OOP 2ed Semester\Mak Neeb Game 4\Java-OOP-CS30-KMITL\assets\sound\select.wav
โหลดไฟล์เสียงสำเร็จ: select.wav
พบไฟล์ที่: C:\Users\rm\Desktop\OOP 2ed Semester\Mak Neeb Game 4\Java-OOP-CS30-KMITL\assets\sound\move.wav
โหลดไฟล์เสียงสำเร็จ: move.wav
พบไฟล์ที่: C:\Users\rm\Desktop\OOP 2ed Semester\Mak Neeb Game 4\Java-OOP-CS30-KMITL\assets\sound\capture.wav
โหลดไฟล์เสียงสำเร็จ: capture.wav
พบไฟล์ที่: C:\Users\rm\Desktop\OOP 2ed Semester\Mak Neeb Game 4\Java-OOP-CS30-KMITL\assets\sound\start.wav
โหลดไฟล์เสียงสำเร็จ: start.wav
พบไฟล์ที่: C:\Users\rm\Desktop\OOP 2ed Semester\Mak Neeb Game 4\Java-OOP-CS30-KMITL\assets\sound\error.wav
โหลดไฟล์เสียงสำเร็จ: error.wav
พบไฟล์ที่: C:\Users\rm\Desktop\OOP 2ed Semester\Mak Neeb Game 4\Java-OOP-CS30-KMITL\assets\sound\victory.wav
โหลดไฟล์เสียงสำเร็จ: victory.wav
พบไฟล์ที่: C:\Users\rm\Desktop\OOP 2ed Semester\Mak Neeb Game 4\Java-OOP-CS30-KMITL\assets\sound\SongGame.wav
โหลดไฟล์เสียงสำเร็จ: SongGame.wav
เล่นเสียงแบบวนซ้ำ: SongGame
โหลดไฟล์จาก: C:\Users\rm\Desktop\OOP 2ed Semester\Mak Neeb Game 4\Java-OOP-CS30-KMITL\assets\icon\AppIcon.png
เล่นเสียง: select
เล่นเสียง: select
หยุดเสียง: SongGame
เล่นเสียง: start
GameController set, isWhiteTurn: true
GameController: InfoPanel set
InfoPanel: Updating piece count - White: 8/0, Black: 8/0
GameController set, isWhiteTurn: true
โหลดไฟล์จาก: C:\Users\rm\Desktop\OOP 2ed Semester\Mak Neeb Game 4\Java-OOP-CS30-KMITL\assets\icon\AppIcon.png
โหลดไฟล์จาก: C:\Users\rm\Desktop\OOP 2ed Semester\Mak Neeb Game 4\Java-OOP-CS30-KMITL\assets\Rok\Rok.png
โหลดไฟล์จาก: C:\Users\rm\Desktop\OOP 2ed Semester\Mak Neeb Game 4\Java-OOP-CS30-KMITL\assets\Rok\Rok.png
โหลดไฟล์จาก: C:\Users\rm\Desktop\OOP 2ed Semester\Mak Neeb Game 4\Java-OOP-CS30-KMITL\assets\Rok\Rok.png
โหลดไฟล์จาก: C:\Users\rm\Desktop\OOP 2ed Semester\Mak Neeb Game 4\Java-OOP-CS30-KMITL\assets\Rok\Rok.png
โหลดไฟล์จาก: C:\Users\rm\Desktop\OOP 2ed Semester\Mak Neeb Game 4\Java-OOP-CS30-KMITL\assets\Rok\Rok.png
โหลดไฟล์จาก: C:\Users\rm\Desktop\OOP 2ed Semester\Mak Neeb Game 4\Java-OOP-CS30-KMITL\assets\Rok\Rok.png
โหลดไฟล์จาก: C:\Users\rm\Desktop\OOP 2ed Semester\Mak Neeb Game 4\Java-OOP-CS30-KMITL\assets\Rok\Rok.png
โหลดไฟล์จาก: C:\Users\rm\Desktop\OOP 2ed Semester\Mak Neeb Game 4\Java-OOP-CS30-KMITL\assets\Rok\Rok.png
โหลดไฟล์จาก: C:\Users\rm\Desktop\OOP 2ed Semester\Mak Neeb Game 4\Java-OOP-CS30-KMITL\assets\Rok\Rok.png
โหลดไฟล์จาก: C:\Users\rm\Desktop\OOP 2ed Semester\Mak Neeb Game 4\Java-OOP-CS30-KMITL\assets\Rok\Rok.png
โหลดไฟล์จาก: C:\Users\rm\Desktop\OOP 2ed Semester\Mak Neeb Game 4\Java-OOP-CS30-KMITL\assets\Rok\Rok.png
โหลดไฟล์จาก: C:\Users\rm\Desktop\OOP 2ed Semester\Mak Neeb Game 4\Java-OOP-CS30-KMITL\assets\Rok\Rok.png
โหลดไฟล์จาก: C:\Users\rm\Desktop\OOP 2ed Semester\Mak Neeb Game 4\Java-OOP-CS30-KMITL\assets\Rok\Rok.png
โหลดไฟล์จาก: C:\Users\rm\Desktop\OOP 2ed Semester\Mak Neeb Game 4\Java-OOP-CS30-KMITL\assets\Rok\Rok.png
โหลดไฟล์จาก: C:\Users\rm\Desktop\OOP 2ed Semester\Mak Neeb Game 4\Java-OOP-CS30-KMITL\assets\Rok\Rok.png
โหลดไฟล์จาก: C:\Users\rm\Desktop\OOP 2ed Semester\Mak Neeb Game 4\Java-OOP-CS30-KMITL\assets\Rok\Rok.png
White Time: 09:59 | Black Time: 10:00
White Time: 09:59 | Black Time: 10:00
White Time: 09:59 | Black Time: 10:00
White Time: 09:58 | Black Time: 10:00
White Time: 09:58 | Black Time: 10:00
White Time: 09:58 | Black Time: 10:00
White Time: 09:57 | Black Time: 10:00
White Time: 09:57 | Black Time: 10:00
White Time: 09:57 | Black Time: 10:00
เล่นเสียง: select
White Time: 09:56 | Black Time: 10:00
White Time: 09:56 | Black Time: 10:00
White Time: 09:56 | Black Time: 10:00
เล่นเสียง: move
White Time: 09:56 | Black Time: 10:00
DEBUG GameFrame.recordMove: Recording move for WHITE with timeSpent=0
  Timer raw values: White=596, Black=600
DEBUG [1]: Times received - White: 4s, Black: 0s
First move, setting previous times - White: 4s, Black: 0s
Move 1: Calculated time - White: 0s, Black: 0s
Move 1 displaying - White time: -, Black time: - (Raw values: white=0, black=0)
White Time: 09:56 | Black Time: 09:59
White Time: 09:55 | Black Time: 10:00
White Time: 09:55 | Black Time: 10:00
White Time: 09:56 | Black Time: 09:58
White Time: 09:54 | Black Time: 10:00
White Time: 09:54 | Black Time: 10:00
เล่นเสียง: select
เล่นเสียง: move
White Time: 09:56 | Black Time: 09:58
DEBUG GameFrame.recordMove: Recording move for BLACK with timeSpent=0
  Using last white move time: 4
  Timer raw values: White=594, Black=600
DEBUG [2]: Times received - White: 6s, Black: 0s
Move 2: Calculated time - White: 2s, Black: 0s
Move 1 displaying - White time: -, Black time: - (Raw values: white=0, black=0)
Move 2 displaying - White time: 2s, Black time: - (Raw values: white=2, black=0)
White Time: 09:55 | Black Time: 09:58
White Time: 09:53 | Black Time: 10:00
White Time: 09:53 | Black Time: 10:00
เล่นเสียง: select
เล่นเสียง: error
White Time: 09:54 | Black Time: 09:58
White Time: 09:52 | Black Time: 10:00
White Time: 09:52 | Black Time: 10:00
เล่นเสียง: select
เล่นเสียง: move
White Time: 09:54 | Black Time: 09:58
DEBUG GameFrame.recordMove: Recording move for WHITE with timeSpent=0
  Using last black move time: 0
  Timer raw values: White=592, Black=600
DEBUG [3]: Times received - White: 8s, Black: 0s
Move 3: Calculated time - White: 2s, Black: 0s
Move 1 displaying - White time: -, Black time: - (Raw values: white=0, black=0)
Move 2 displaying - White time: 2s, Black time: - (Raw values: white=2, black=0)
Move 3 displaying - White time: 2s, Black time: - (Raw values: white=2, black=0)
White Time: 09:54 | Black Time: 09:57
White Time: 09:51 | Black Time: 10:00
White Time: 09:51 | Black Time: 10:00
White Time: 09:54 | Black Time: 09:56
White Time: 09:50 | Black Time: 10:00
White Time: 09:50 | Black Time: 10:00
White Time: 09:54 | Black Time: 09:55
White Time: 09:49 | Black Time: 10:00
White Time: 09:49 | Black Time: 10:00
White Time: 09:54 | Black Time: 09:54
White Time: 09:48 | Black Time: 10:00
White Time: 09:48 | Black Time: 10:00
White Time: 09:54 | Black Time: 09:53
White Time: 09:47 | Black Time: 10:00
White Time: 09:47 | Black Time: 10:00
White Time: 09:54 | Black Time: 09:52
White Time: 09:46 | Black Time: 10:00
White Time: 09:46 | Black Time: 10:00
White Time: 09:54 | Black Time: 09:51
White Time: 09:45 | Black Time: 10:00
White Time: 09:45 | Black Time: 10:00
White Time: 09:54 | Black Time: 09:50
White Time: 09:44 | Black Time: 10:00
White Time: 09:44 | Black Time: 10:00
White Time: 09:54 | Black Time: 09:49
White Time: 09:43 | Black Time: 10:00
White Time: 09:43 | Black Time: 10:00
White Time: 09:54 | Black Time: 09:48
White Time: 09:42 | Black Time: 10:00
White Time: 09:42 | Black Time: 10:00
White Time: 09:54 | Black Time: 09:47
White Time: 09:41 | Black Time: 10:00
White Time: 09:41 | Black Time: 10:00
White Time: 09:54 | Black Time: 09:46
White Time: 09:40 | Black Time: 10:00
White Time: 09:40 | Black Time: 10:00
White Time: 09:54 | Black Time: 09:45
White Time: 09:39 | Black Time: 10:00
White Time: 09:39 | Black Time: 10:00
White Time: 09:54 | Black Time: 09:44
White Time: 09:38 | Black Time: 10:00
White Time: 09:38 | Black Time: 10:00
White Time: 09:54 | Black Time: 09:43
White Time: 09:37 | Black Time: 10:00
White Time: 09:37 | Black Time: 10:00
White Time: 09:54 | Black Time: 09:42
White Time: 09:36 | Black Time: 10:00
White Time: 09:36 | Black Time: 10:00
White Time: 09:54 | Black Time: 09:41
White Time: 09:35 | Black Time: 10:00
White Time: 09:35 | Black Time: 10:00
White Time: 09:54 | Black Time: 09:40
White Time: 09:34 | Black Time: 10:00
White Time: 09:34 | Black Time: 10:00
White Time: 09:54 | Black Time: 09:39
White Time: 09:33 | Black Time: 10:00
White Time: 09:33 | Black Time: 10:00
White Time: 09:54 | Black Time: 09:38
White Time: 09:32 | Black Time: 10:00
White Time: 09:32 | Black Time: 10:00
White Time: 09:54 | Black Time: 09:37
White Time: 09:31 | Black Time: 10:00
White Time: 09:31 | Black Time: 10:00
White Time: 09:54 | Black Time: 09:36
White Time: 09:30 | Black Time: 10:00
White Time: 09:30 | Black Time: 10:00
White Time: 09:54 | Black Time: 09:35
White Time: 09:29 | Black Time: 10:00
White Time: 09:29 | Black Time: 10:00
White Time: 09:54 | Black Time: 09:34
White Time: 09:28 | Black Time: 10:00
White Time: 09:28 | Black Time: 10:00
White Time: 09:54 | Black Time: 09:33
White Time: 09:27 | Black Time: 10:00
White Time: 09:27 | Black Time: 10:00
White Time: 09:54 | Black Time: 09:32
White Time: 09:26 | Black Time: 10:00
White Time: 09:26 | Black Time: 10:00
White Time: 09:54 | Black Time: 09:31
White Time: 09:25 | Black Time: 10:00
White Time: 09:25 | Black Time: 10:00
White Time: 09:54 | Black Time: 09:30
White Time: 09:24 | Black Time: 10:00
White Time: 09:24 | Black Time: 10:00
White Time: 09:54 | Black Time: 09:29
White Time: 09:23 | Black Time: 10:00
White Time: 09:23 | Black Time: 10:00
White Time: 09:54 | Black Time: 09:28
White Time: 09:22 | Black Time: 10:00
White Time: 09:22 | Black Time: 10:00
White Time: 09:54 | Black Time: 09:27
White Time: 09:21 | Black Time: 10:00
White Time: 09:21 | Black Time: 10:00
White Time: 09:54 | Black Time: 09:26
White Time: 09:20 | Black Time: 10:00
White Time: 09:20 | Black Time: 10:00
White Time: 09:54 | Black Time: 09:25
White Time: 09:19 | Black Time: 10:00
White Time: 09:19 | Black Time: 10:00
White Time: 09:54 | Black Time: 09:24
White Time: 09:18 | Black Time: 10:00
White Time: 09:18 | Black Time: 10:00
White Time: 09:54 | Black Time: 09:23
White Time: 09:17 | Black Time: 10:00
White Time: 09:17 | Black Time: 10:00
White Time: 09:54 | Black Time: 09:22
White Time: 09:16 | Black Time: 10:00
White Time: 09:16 | Black Time: 10:00
White Time: 09:54 | Black Time: 09:21
White Time: 09:15 | Black Time: 10:00
White Time: 09:15 | Black Time: 10:00
White Time: 09:54 | Black Time: 09:20
White Time: 09:14 | Black Time: 10:00
White Time: 09:14 | Black Time: 10:00
White Time: 09:54 | Black Time: 09:19
White Time: 09:13 | Black Time: 10:00
White Time: 09:13 | Black Time: 10:00
White Time: 09:54 | Black Time: 09:18
White Time: 09:12 | Black Time: 10:00
White Time: 09:12 | Black Time: 10:00
White Time: 09:54 | Black Time: 09:17
White Time: 09:11 | Black Time: 10:00
White Time: 09:11 | Black Time: 10:00
White Time: 09:54 | Black Time: 09:16
White Time: 09:10 | Black Time: 10:00
White Time: 09:10 | Black Time: 10:00
White Time: 09:54 | Black Time: 09:15
White Time: 09:09 | Black Time: 10:00
White Time: 09:09 | Black Time: 10:00
White Time: 09:54 | Black Time: 09:14
White Time: 09:08 | Black Time: 10:00
White Time: 09:08 | Black Time: 10:00
White Time: 09:54 | Black Time: 09:13
White Time: 09:07 | Black Time: 10:00
White Time: 09:07 | Black Time: 10:00
White Time: 09:54 | Black Time: 09:12
White Time: 09:06 | Black Time: 10:00
White Time: 09:06 | Black Time: 10:00
White Time: 09:54 | Black Time: 09:11
White Time: 09:05 | Black Time: 10:00
White Time: 09:05 | Black Time: 10:00
White Time: 09:54 | Black Time: 09:10
White Time: 09:04 | Black Time: 10:00
White Time: 09:04 | Black Time: 10:00
White Time: 09:54 | Black Time: 09:09
White Time: 09:03 | Black Time: 10:00
White Time: 09:03 | Black Time: 10:00
White Time: 09:54 | Black Time: 09:08
White Time: 09:02 | Black Time: 10:00
White Time: 09:02 | Black Time: 10:00
White Time: 09:54 | Black Time: 09:07
White Time: 09:01 | Black Time: 10:00
White Time: 09:01 | Black Time: 10:00
White Time: 09:54 | Black Time: 09:06
White Time: 09:00 | Black Time: 10:00
White Time: 09:00 | Black Time: 10:00
White Time: 09:54 | Black Time: 09:05
White Time: 08:59 | Black Time: 10:00
White Time: 08:59 | Black Time: 10:00
White Time: 09:54 | Black Time: 09:04
White Time: 08:58 | Black Time: 10:00
White Time: 08:58 | Black Time: 10:00
White Time: 09:54 | Black Time: 09:03
White Time: 08:57 | Black Time: 10:00
White Time: 08:57 | Black Time: 10:00
White Time: 09:54 | Black Time: 09:02
White Time: 08:56 | Black Time: 10:00
White Time: 08:56 | Black Time: 10:00
White Time: 09:54 | Black Time: 09:01
White Time: 08:55 | Black Time: 10:00
White Time: 08:55 | Black Time: 10:00
White Time: 09:54 | Black Time: 09:00
White Time: 08:54 | Black Time: 10:00
White Time: 08:54 | Black Time: 10:00
White Time: 09:54 | Black Time: 08:59
White Time: 08:53 | Black Time: 10:00
White Time: 08:53 | Black Time: 10:00
White Time: 09:54 | Black Time: 08:58
White Time: 08:52 | Black Time: 10:00
White Time: 08:52 | Black Time: 10:00
White Time: 09:54 | Black Time: 08:57
White Time: 08:51 | Black Time: 10:00
White Time: 08:51 | Black Time: 10:00
White Time: 09:54 | Black Time: 08:56
White Time: 08:50 | Black Time: 10:00
White Time: 08:50 | Black Time: 10:00
White Time: 09:54 | Black Time: 08:55
White Time: 08:49 | Black Time: 10:00
White Time: 08:49 | Black Time: 10:00
White Time: 09:54 | Black Time: 08:54
White Time: 08:48 | Black Time: 10:00
White Time: 08:48 | Black Time: 10:00
White Time: 09:54 | Black Time: 08:53
White Time: 08:47 | Black Time: 10:00
White Time: 08:47 | Black Time: 10:00
White Time: 09:54 | Black Time: 08:52
White Time: 08:46 | Black Time: 10:00
White Time: 08:46 | Black Time: 10:00
White Time: 09:54 | Black Time: 08:51
White Time: 08:45 | Black Time: 10:00
White Time: 08:45 | Black Time: 10:00
White Time: 09:54 | Black Time: 08:50
White Time: 08:44 | Black Time: 10:00
White Time: 08:44 | Black Time: 10:00
White Time: 09:54 | Black Time: 08:49
White Time: 08:43 | Black Time: 10:00
White Time: 08:43 | Black Time: 10:00
White Time: 09:54 | Black Time: 08:48
White Time: 08:42 | Black Time: 10:00
White Time: 08:42 | Black Time: 10:00
White Time: 09:54 | Black Time: 08:47
White Time: 08:41 | Black Time: 10:00
White Time: 08:41 | Black Time: 10:00
White Time: 09:54 | Black Time: 08:46
White Time: 08:40 | Black Time: 10:00
White Time: 08:40 | Black Time: 10:00
White Time: 09:54 | Black Time: 08:45
White Time: 08:39 | Black Time: 10:00
White Time: 08:39 | Black Time: 10:00
White Time: 09:54 | Black Time: 08:44
White Time: 08:38 | Black Time: 10:00
White Time: 08:38 | Black Time: 10:00
White Time: 09:54 | Black Time: 08:43
White Time: 08:37 | Black Time: 10:00
White Time: 08:37 | Black Time: 10:00
White Time: 09:54 | Black Time: 08:42
White Time: 08:36 | Black Time: 10:00
White Time: 08:36 | Black Time: 10:00
White Time: 09:54 | Black Time: 08:41
White Time: 08:35 | Black Time: 10:00
White Time: 08:35 | Black Time: 10:00
White Time: 09:54 | Black Time: 08:40
White Time: 08:34 | Black Time: 10:00
White Time: 08:34 | Black Time: 10:00
White Time: 09:54 | Black Time: 08:39
White Time: 08:33 | Black Time: 10:00
White Time: 08:33 | Black Time: 10:00
White Time: 09:54 | Black Time: 08:38
White Time: 08:32 | Black Time: 10:00
White Time: 08:32 | Black Time: 10:00
White Time: 09:54 | Black Time: 08:37
White Time: 08:31 | Black Time: 10:00
White Time: 08:31 | Black Time: 10:00
White Time: 09:54 | Black Time: 08:36
White Time: 08:30 | Black Time: 10:00
White Time: 08:30 | Black Time: 10:00
White Time: 09:54 | Black Time: 08:35
White Time: 08:29 | Black Time: 10:00
White Time: 08:29 | Black Time: 10:00
White Time: 09:54 | Black Time: 08:34
White Time: 08:28 | Black Time: 10:00
White Time: 08:28 | Black Time: 10:00
White Time: 09:54 | Black Time: 08:33
White Time: 08:27 | Black Time: 10:00
White Time: 08:27 | Black Time: 10:00
White Time: 09:54 | Black Time: 08:32
White Time: 08:26 | Black Time: 10:00
White Time: 08:26 | Black Time: 10:00
White Time: 09:54 | Black Time: 08:31
White Time: 08:25 | Black Time: 10:00
White Time: 08:25 | Black Time: 10:00
White Time: 09:54 | Black Time: 08:30
White Time: 08:24 | Black Time: 10:00
White Time: 08:24 | Black Time: 10:00
White Time: 09:54 | Black Time: 08:29
White Time: 08:23 | Black Time: 10:00
White Time: 08:23 | Black Time: 10:00
White Time: 09:54 | Black Time: 08:28
White Time: 08:22 | Black Time: 10:00
White Time: 08:22 | Black Time: 10:00
White Time: 09:54 | Black Time: 08:27
White Time: 08:21 | Black Time: 10:00
White Time: 08:21 | Black Time: 10:00
White Time: 09:54 | Black Time: 08:26
White Time: 08:20 | Black Time: 10:00
White Time: 08:20 | Black Time: 10:00
White Time: 09:54 | Black Time: 08:25
White Time: 08:19 | Black Time: 10:00
White Time: 08:19 | Black Time: 10:00
White Time: 09:54 | Black Time: 08:24
White Time: 08:18 | Black Time: 10:00
White Time: 08:18 | Black Time: 10:00
White Time: 09:54 | Black Time: 08:23
White Time: 08:17 | Black Time: 10:00
White Time: 08:17 | Black Time: 10:00
White Time: 09:54 | Black Time: 08:22
White Time: 08:16 | Black Time: 10:00
White Time: 08:16 | Black Time: 10:00
White Time: 09:54 | Black Time: 08:21
White Time: 08:15 | Black Time: 10:00
White Time: 08:15 | Black Time: 10:00
White Time: 09:54 | Black Time: 08:20
White Time: 08:14 | Black Time: 10:00
White Time: 08:14 | Black Time: 10:00
White Time: 09:54 | Black Time: 08:19
White Time: 08:13 | Black Time: 10:00
White Time: 08:13 | Black Time: 10:00
White Time: 09:54 | Black Time: 08:18
White Time: 08:12 | Black Time: 10:00
White Time: 08:12 | Black Time: 10:00
White Time: 09:54 | Black Time: 08:17
White Time: 08:11 | Black Time: 10:00
White Time: 08:11 | Black Time: 10:00
White Time: 09:54 | Black Time: 08:16
White Time: 08:10 | Black Time: 10:00
White Time: 08:10 | Black Time: 10:00
White Time: 09:54 | Black Time: 08:15
White Time: 08:09 | Black Time: 10:00
White Time: 08:09 | Black Time: 10:00
White Time: 09:54 | Black Time: 08:14
White Time: 08:08 | Black Time: 10:00
White Time: 08:08 | Black Time: 10:00
White Time: 09:54 | Black Time: 08:13
White Time: 08:07 | Black Time: 10:00
White Time: 08:07 | Black Time: 10:00
White Time: 09:54 | Black Time: 08:12
White Time: 08:06 | Black Time: 10:00
White Time: 08:06 | Black Time: 10:00
White Time: 09:54 | Black Time: 08:11
White Time: 08:05 | Black Time: 10:00
White Time: 08:05 | Black Time: 10:00
White Time: 09:54 | Black Time: 08:10
White Time: 08:04 | Black Time: 10:00
White Time: 08:04 | Black Time: 10:00
White Time: 09:54 | Black Time: 08:09
White Time: 08:03 | Black Time: 10:00
White Time: 08:03 | Black Time: 10:00
White Time: 09:54 | Black Time: 08:08
White Time: 08:02 | Black Time: 10:00
White Time: 08:02 | Black Time: 10:00
White Time: 09:54 | Black Time: 08:07
White Time: 08:01 | Black Time: 10:00
White Time: 08:01 | Black Time: 10:00
White Time: 09:54 | Black Time: 08:06
White Time: 08:00 | Black Time: 10:00
White Time: 08:00 | Black Time: 10:00
White Time: 09:54 | Black Time: 08:05
White Time: 07:59 | Black Time: 10:00
White Time: 07:59 | Black Time: 10:00
White Time: 09:54 | Black Time: 08:04
White Time: 07:58 | Black Time: 10:00
White Time: 07:58 | Black Time: 10:00
White Time: 09:54 | Black Time: 08:03
White Time: 07:57 | Black Time: 10:00
White Time: 07:57 | Black Time: 10:00
White Time: 09:54 | Black Time: 08:02
White Time: 07:56 | Black Time: 10:00
White Time: 07:56 | Black Time: 10:00
White Time: 09:54 | Black Time: 08:01
White Time: 07:55 | Black Time: 10:00
White Time: 07:55 | Black Time: 10:00
White Time: 09:54 | Black Time: 08:00
White Time: 07:54 | Black Time: 10:00
White Time: 07:54 | Black Time: 10:00
White Time: 09:54 | Black Time: 07:59
White Time: 07:53 | Black Time: 10:00
White Time: 07:53 | Black Time: 10:00
White Time: 09:54 | Black Time: 07:58
White Time: 07:52 | Black Time: 10:00
White Time: 07:52 | Black Time: 10:00
White Time: 09:54 | Black Time: 07:57
White Time: 07:51 | Black Time: 10:00
White Time: 07:51 | Black Time: 10:00
White Time: 09:54 | Black Time: 07:56
White Time: 07:50 | Black Time: 10:00
White Time: 07:50 | Black Time: 10:00
White Time: 09:54 | Black Time: 07:55
White Time: 07:49 | Black Time: 10:00
White Time: 07:49 | Black Time: 10:00
White Time: 09:54 | Black Time: 07:54
White Time: 07:48 | Black Time: 10:00
White Time: 07:48 | Black Time: 10:00
White Time: 09:54 | Black Time: 07:53
White Time: 07:47 | Black Time: 10:00
White Time: 07:47 | Black Time: 10:00
White Time: 09:54 | Black Time: 07:52
White Time: 07:46 | Black Time: 10:00
White Time: 07:46 | Black Time: 10:00
White Time: 09:54 | Black Time: 07:51
White Time: 07:45 | Black Time: 10:00
White Time: 07:45 | Black Time: 10:00
White Time: 09:54 | Black Time: 07:50
White Time: 07:44 | Black Time: 10:00
White Time: 07:44 | Black Time: 10:00
White Time: 09:54 | Black Time: 07:49
White Time: 07:43 | Black Time: 10:00
White Time: 07:43 | Black Time: 10:00
White Time: 09:54 | Black Time: 07:48
White Time: 07:42 | Black Time: 10:00
White Time: 07:42 | Black Time: 10:00
White Time: 09:54 | Black Time: 07:47
White Time: 07:41 | Black Time: 10:00
White Time: 07:41 | Black Time: 10:00
White Time: 09:54 | Black Time: 07:46
White Time: 07:40 | Black Time: 10:00
White Time: 07:40 | Black Time: 10:00
White Time: 09:54 | Black Time: 07:45
White Time: 07:39 | Black Time: 10:00
White Time: 07:39 | Black Time: 10:00
White Time: 09:54 | Black Time: 07:44
White Time: 07:38 | Black Time: 10:00
White Time: 07:38 | Black Time: 10:00
White Time: 09:54 | Black Time: 07:43
White Time: 07:37 | Black Time: 10:00
White Time: 07:37 | Black Time: 10:00
White Time: 09:54 | Black Time: 07:42
White Time: 07:36 | Black Time: 10:00
White Time: 07:36 | Black Time: 10:00
White Time: 09:54 | Black Time: 07:41
White Time: 07:35 | Black Time: 10:00
White Time: 07:35 | Black Time: 10:00
White Time: 09:54 | Black Time: 07:40
White Time: 07:34 | Black Time: 10:00
White Time: 07:34 | Black Time: 10:00
White Time: 09:54 | Black Time: 07:39
White Time: 07:33 | Black Time: 10:00
White Time: 07:33 | Black Time: 10:00
White Time: 09:54 | Black Time: 07:38
White Time: 07:32 | Black Time: 10:00
White Time: 07:32 | Black Time: 10:00
White Time: 09:54 | Black Time: 07:37
White Time: 07:31 | Black Time: 10:00
White Time: 07:31 | Black Time: 10:00
White Time: 09:54 | Black Time: 07:36
White Time: 07:30 | Black Time: 10:00
White Time: 07:30 | Black Time: 10:00
White Time: 09:54 | Black Time: 07:35
White Time: 07:29 | Black Time: 10:00
White Time: 07:29 | Black Time: 10:00
White Time: 09:54 | Black Time: 07:34
White Time: 07:28 | Black Time: 10:00
White Time: 07:28 | Black Time: 10:00
White Time: 09:54 | Black Time: 07:33
White Time: 07:27 | Black Time: 10:00
White Time: 07:27 | Black Time: 10:00
White Time: 09:54 | Black Time: 07:32
White Time: 07:26 | Black Time: 10:00
White Time: 07:26 | Black Time: 10:00
White Time: 09:54 | Black Time: 07:31
White Time: 07:25 | Black Time: 10:00
White Time: 07:25 | Black Time: 10:00
White Time: 09:54 | Black Time: 07:30
White Time: 07:24 | Black Time: 10:00
White Time: 07:24 | Black Time: 10:00
White Time: 09:54 | Black Time: 07:29
White Time: 07:23 | Black Time: 10:00
White Time: 07:23 | Black Time: 10:00
White Time: 09:54 | Black Time: 07:28
White Time: 07:22 | Black Time: 10:00
White Time: 07:22 | Black Time: 10:00
White Time: 09:54 | Black Time: 07:27
White Time: 07:21 | Black Time: 10:00
White Time: 07:21 | Black Time: 10:00
White Time: 09:54 | Black Time: 07:26
White Time: 07:20 | Black Time: 10:00
White Time: 07:20 | Black Time: 10:00
White Time: 09:54 | Black Time: 07:25
White Time: 07:19 | Black Time: 10:00
White Time: 07:19 | Black Time: 10:00
White Time: 09:54 | Black Time: 07:24
White Time: 07:18 | Black Time: 10:00
White Time: 07:18 | Black Time: 10:00
White Time: 09:54 | Black Time: 07:23
White Time: 07:17 | Black Time: 10:00
White Time: 07:17 | Black Time: 10:00
White Time: 09:54 | Black Time: 07:22
White Time: 07:16 | Black Time: 10:00
White Time: 07:16 | Black Time: 10:00
White Time: 09:54 | Black Time: 07:21
White Time: 07:15 | Black Time: 10:00
White Time: 07:15 | Black Time: 10:00
White Time: 09:54 | Black Time: 07:20
White Time: 07:14 | Black Time: 10:00
White Time: 07:14 | Black Time: 10:00
White Time: 09:54 | Black Time: 07:19
White Time: 07:13 | Black Time: 10:00
White Time: 07:13 | Black Time: 10:00
White Time: 09:54 | Black Time: 07:18
White Time: 07:12 | Black Time: 10:00
White Time: 07:12 | Black Time: 10:00
White Time: 09:54 | Black Time: 07:17
White Time: 07:11 | Black Time: 10:00
White Time: 07:11 | Black Time: 10:00
White Time: 09:54 | Black Time: 07:16
White Time: 07:10 | Black Time: 10:00
White Time: 07:10 | Black Time: 10:00
White Time: 09:54 | Black Time: 07:15
White Time: 07:09 | Black Time: 10:00
White Time: 07:09 | Black Time: 10:00
White Time: 09:54 | Black Time: 07:14
White Time: 07:08 | Black Time: 10:00
White Time: 07:08 | Black Time: 10:00
White Time: 09:54 | Black Time: 07:13
White Time: 07:07 | Black Time: 10:00
White Time: 07:07 | Black Time: 10:00
White Time: 09:54 | Black Time: 07:12
White Time: 07:06 | Black Time: 10:00
White Time: 07:06 | Black Time: 10:00
White Time: 09:54 | Black Time: 07:11
White Time: 07:05 | Black Time: 10:00
White Time: 07:05 | Black Time: 10:00
White Time: 09:54 | Black Time: 07:10
White Time: 07:04 | Black Time: 10:00
White Time: 07:04 | Black Time: 10:00
White Time: 09:54 | Black Time: 07:09
White Time: 07:03 | Black Time: 10:00
White Time: 07:03 | Black Time: 10:00
White Time: 09:54 | Black Time: 07:08
White Time: 07:02 | Black Time: 10:00
White Time: 07:02 | Black Time: 10:00
White Time: 09:54 | Black Time: 07:07
White Time: 07:01 | Black Time: 10:00
White Time: 07:01 | Black Time: 10:00
White Time: 09:54 | Black Time: 07:06
White Time: 07:00 | Black Time: 10:00
White Time: 07:00 | Black Time: 10:00
White Time: 09:54 | Black Time: 07:05
White Time: 06:59 | Black Time: 10:00
White Time: 06:59 | Black Time: 10:00
White Time: 09:54 | Black Time: 07:04
White Time: 06:58 | Black Time: 10:00
White Time: 06:58 | Black Time: 10:00
White Time: 09:54 | Black Time: 07:03
White Time: 06:57 | Black Time: 10:00
White Time: 06:57 | Black Time: 10:00
White Time: 09:54 | Black Time: 07:02
White Time: 06:56 | Black Time: 10:00
White Time: 06:56 | Black Time: 10:00
White Time: 09:54 | Black Time: 07:01
White Time: 06:55 | Black Time: 10:00
White Time: 06:55 | Black Time: 10:00
White Time: 09:54 | Black Time: 07:00
White Time: 06:54 | Black Time: 10:00
White Time: 06:54 | Black Time: 10:00
White Time: 09:54 | Black Time: 06:59
White Time: 06:53 | Black Time: 10:00
White Time: 06:53 | Black Time: 10:00
White Time: 09:54 | Black Time: 06:58
White Time: 06:52 | Black Time: 10:00
White Time: 06:52 | Black Time: 10:00
White Time: 09:54 | Black Time: 06:57
White Time: 06:51 | Black Time: 10:00
White Time: 06:51 | Black Time: 10:00
White Time: 09:54 | Black Time: 06:56
White Time: 06:50 | Black Time: 10:00
White Time: 06:50 | Black Time: 10:00
White Time: 09:54 | Black Time: 06:55
White Time: 06:49 | Black Time: 10:00
White Time: 06:49 | Black Time: 10:00
White Time: 09:54 | Black Time: 06:54
White Time: 06:48 | Black Time: 10:00
White Time: 06:48 | Black Time: 10:00
White Time: 09:54 | Black Time: 06:53
White Time: 06:47 | Black Time: 10:00
White Time: 06:47 | Black Time: 10:00
White Time: 09:54 | Black Time: 06:52
White Time: 06:46 | Black Time: 10:00
White Time: 06:46 | Black Time: 10:00
White Time: 09:54 | Black Time: 06:51
White Time: 06:45 | Black Time: 10:00
White Time: 06:45 | Black Time: 10:00
White Time: 09:54 | Black Time: 06:50
White Time: 06:44 | Black Time: 10:00
White Time: 06:44 | Black Time: 10:00
White Time: 09:54 | Black Time: 06:49
White Time: 06:43 | Black Time: 10:00
White Time: 06:43 | Black Time: 10:00
White Time: 09:54 | Black Time: 06:48
White Time: 06:42 | Black Time: 10:00
White Time: 06:42 | Black Time: 10:00
White Time: 09:54 | Black Time: 06:47
White Time: 06:41 | Black Time: 10:00
White Time: 06:41 | Black Time: 10:00
White Time: 09:54 | Black Time: 06:46
White Time: 06:40 | Black Time: 10:00
White Time: 06:40 | Black Time: 10:00
White Time: 09:54 | Black Time: 06:45
White Time: 06:39 | Black Time: 10:00
White Time: 06:39 | Black Time: 10:00
White Time: 09:54 | Black Time: 06:44
White Time: 06:38 | Black Time: 10:00
White Time: 06:38 | Black Time: 10:00
White Time: 09:54 | Black Time: 06:43
White Time: 06:37 | Black Time: 10:00
White Time: 06:37 | Black Time: 10:00
White Time: 09:54 | Black Time: 06:42
White Time: 06:36 | Black Time: 10:00
White Time: 06:36 | Black Time: 10:00
White Time: 09:54 | Black Time: 06:41
White Time: 06:35 | Black Time: 10:00
White Time: 06:35 | Black Time: 10:00
White Time: 09:54 | Black Time: 06:40
White Time: 06:34 | Black Time: 10:00
White Time: 06:34 | Black Time: 10:00
White Time: 09:54 | Black Time: 06:39
White Time: 06:33 | Black Time: 10:00
White Time: 06:33 | Black Time: 10:00
White Time: 09:54 | Black Time: 06:38
White Time: 06:32 | Black Time: 10:00
White Time: 06:32 | Black Time: 10:00
White Time: 09:54 | Black Time: 06:37
White Time: 06:31 | Black Time: 10:00
White Time: 06:31 | Black Time: 10:00
White Time: 09:54 | Black Time: 06:36
White Time: 06:30 | Black Time: 10:00
White Time: 06:30 | Black Time: 10:00
White Time: 09:54 | Black Time: 06:35
White Time: 06:29 | Black Time: 10:00
White Time: 06:29 | Black Time: 10:00
White Time: 09:54 | Black Time: 06:34
White Time: 06:28 | Black Time: 10:00
White Time: 06:28 | Black Time: 10:00
White Time: 09:54 | Black Time: 06:33
White Time: 06:27 | Black Time: 10:00
White Time: 06:27 | Black Time: 10:00
White Time: 09:54 | Black Time: 06:32
White Time: 06:26 | Black Time: 10:00
White Time: 06:26 | Black Time: 10:00
White Time: 09:54 | Black Time: 06:31
White Time: 06:25 | Black Time: 10:00
White Time: 06:25 | Black Time: 10:00
White Time: 09:54 | Black Time: 06:30
White Time: 06:24 | Black Time: 10:00
White Time: 06:24 | Black Time: 10:00
White Time: 09:54 | Black Time: 06:29
White Time: 06:23 | Black Time: 10:00
White Time: 06:23 | Black Time: 10:00
White Time: 09:54 | Black Time: 06:28
White Time: 06:22 | Black Time: 10:00
White Time: 06:22 | Black Time: 10:00
White Time: 09:54 | Black Time: 06:27
White Time: 06:21 | Black Time: 10:00
White Time: 06:21 | Black Time: 10:00
White Time: 09:54 | Black Time: 06:26
White Time: 06:20 | Black Time: 10:00
White Time: 06:20 | Black Time: 10:00
White Time: 09:54 | Black Time: 06:25
White Time: 06:19 | Black Time: 10:00
White Time: 06:19 | Black Time: 10:00
White Time: 09:54 | Black Time: 06:24
White Time: 06:18 | Black Time: 10:00
White Time: 06:18 | Black Time: 10:00
White Time: 09:54 | Black Time: 06:23
White Time: 06:17 | Black Time: 10:00
White Time: 06:17 | Black Time: 10:00
White Time: 09:54 | Black Time: 06:22
White Time: 06:16 | Black Time: 10:00
White Time: 06:16 | Black Time: 10:00
White Time: 09:54 | Black Time: 06:21
White Time: 06:15 | Black Time: 10:00
White Time: 06:15 | Black Time: 10:00
White Time: 09:54 | Black Time: 06:20
White Time: 06:14 | Black Time: 10:00
White Time: 06:14 | Black Time: 10:00
White Time: 09:54 | Black Time: 06:19
White Time: 06:13 | Black Time: 10:00
White Time: 06:13 | Black Time: 10:00
White Time: 09:54 | Black Time: 06:18
White Time: 06:12 | Black Time: 10:00
White Time: 06:12 | Black Time: 10:00
White Time: 09:54 | Black Time: 06:17
White Time: 06:11 | Black Time: 10:00
White Time: 06:11 | Black Time: 10:00
White Time: 09:54 | Black Time: 06:16
White Time: 06:10 | Black Time: 10:00
White Time: 06:10 | Black Time: 10:00
White Time: 09:54 | Black Time: 06:15
White Time: 06:09 | Black Time: 10:00
White Time: 06:09 | Black Time: 10:00
White Time: 09:54 | Black Time: 06:14
White Time: 06:08 | Black Time: 10:00
White Time: 06:08 | Black Time: 10:00
White Time: 09:54 | Black Time: 06:13
White Time: 06:07 | Black Time: 10:00
White Time: 06:07 | Black Time: 10:00
White Time: 09:54 | Black Time: 06:12
White Time: 06:06 | Black Time: 10:00
White Time: 06:06 | Black Time: 10:00
White Time: 09:54 | Black Time: 06:11
White Time: 06:05 | Black Time: 10:00
White Time: 06:05 | Black Time: 10:00
White Time: 09:54 | Black Time: 06:10
White Time: 06:04 | Black Time: 10:00
White Time: 06:04 | Black Time: 10:00
White Time: 09:54 | Black Time: 06:09
White Time: 06:03 | Black Time: 10:00
White Time: 06:03 | Black Time: 10:00
White Time: 09:54 | Black Time: 06:08
White Time: 06:02 | Black Time: 10:00
White Time: 06:02 | Black Time: 10:00
White Time: 09:54 | Black Time: 06:07
White Time: 06:01 | Black Time: 10:00
White Time: 06:01 | Black Time: 10:00
White Time: 09:54 | Black Time: 06:06
White Time: 06:00 | Black Time: 10:00
White Time: 06:00 | Black Time: 10:00
White Time: 09:54 | Black Time: 06:05
White Time: 05:59 | Black Time: 10:00
White Time: 05:59 | Black Time: 10:00
White Time: 09:54 | Black Time: 06:04
White Time: 05:58 | Black Time: 10:00
White Time: 05:58 | Black Time: 10:00
White Time: 09:54 | Black Time: 06:03
White Time: 05:57 | Black Time: 10:00
White Time: 05:57 | Black Time: 10:00
White Time: 09:54 | Black Time: 06:02
White Time: 05:56 | Black Time: 10:00
White Time: 05:56 | Black Time: 10:00
White Time: 09:54 | Black Time: 06:01
White Time: 05:55 | Black Time: 10:00
White Time: 05:55 | Black Time: 10:00
White Time: 09:54 | Black Time: 06:00
White Time: 05:54 | Black Time: 10:00
White Time: 05:54 | Black Time: 10:00
White Time: 09:54 | Black Time: 05:59
White Time: 05:53 | Black Time: 10:00
White Time: 05:53 | Black Time: 10:00
White Time: 09:54 | Black Time: 05:58
White Time: 05:52 | Black Time: 10:00
White Time: 05:52 | Black Time: 10:00
White Time: 09:54 | Black Time: 05:57
White Time: 05:51 | Black Time: 10:00
White Time: 05:51 | Black Time: 10:00
White Time: 09:54 | Black Time: 05:56
White Time: 05:50 | Black Time: 10:00
White Time: 05:50 | Black Time: 10:00
White Time: 09:54 | Black Time: 05:55
White Time: 05:49 | Black Time: 10:00
White Time: 05:49 | Black Time: 10:00
White Time: 09:54 | Black Time: 05:54
White Time: 05:48 | Black Time: 10:00
White Time: 05:48 | Black Time: 10:00
White Time: 09:54 | Black Time: 05:53
White Time: 05:47 | Black Time: 10:00
White Time: 05:47 | Black Time: 10:00
White Time: 09:54 | Black Time: 05:52
White Time: 05:46 | Black Time: 10:00
White Time: 05:46 | Black Time: 10:00
White Time: 09:54 | Black Time: 05:51
White Time: 05:45 | Black Time: 10:00
White Time: 05:45 | Black Time: 10:00
White Time: 09:54 | Black Time: 05:50
White Time: 05:44 | Black Time: 10:00
White Time: 05:44 | Black Time: 10:00
White Time: 09:54 | Black Time: 05:49
White Time: 05:43 | Black Time: 10:00
White Time: 05:43 | Black Time: 10:00
White Time: 09:54 | Black Time: 05:48
White Time: 05:42 | Black Time: 10:00
White Time: 05:42 | Black Time: 10:00
White Time: 09:54 | Black Time: 05:47
White Time: 05:41 | Black Time: 10:00
White Time: 05:41 | Black Time: 10:00
White Time: 09:54 | Black Time: 05:46
White Time: 05:40 | Black Time: 10:00
White Time: 05:40 | Black Time: 10:00
White Time: 09:54 | Black Time: 05:45
White Time: 05:39 | Black Time: 10:00
White Time: 05:39 | Black Time: 10:00
White Time: 09:54 | Black Time: 05:44
White Time: 05:38 | Black Time: 10:00
White Time: 05:38 | Black Time: 10:00
White Time: 09:54 | Black Time: 05:43
White Time: 05:37 | Black Time: 10:00
White Time: 05:37 | Black Time: 10:00
White Time: 09:54 | Black Time: 05:42
White Time: 05:36 | Black Time: 10:00
White Time: 05:36 | Black Time: 10:00
White Time: 09:54 | Black Time: 05:41
White Time: 05:35 | Black Time: 10:00
White Time: 05:35 | Black Time: 10:00
White Time: 09:54 | Black Time: 05:40
White Time: 05:34 | Black Time: 10:00
White Time: 05:34 | Black Time: 10:00
White Time: 09:54 | Black Time: 05:39
White Time: 05:33 | Black Time: 10:00
White Time: 05:33 | Black Time: 10:00
White Time: 09:54 | Black Time: 05:38
White Time: 05:32 | Black Time: 10:00
White Time: 05:32 | Black Time: 10:00
White Time: 09:54 | Black Time: 05:37
White Time: 05:31 | Black Time: 10:00
White Time: 05:31 | Black Time: 10:00
White Time: 09:54 | Black Time: 05:36
White Time: 05:30 | Black Time: 10:00
White Time: 05:30 | Black Time: 10:00
White Time: 09:54 | Black Time: 05:35
White Time: 05:29 | Black Time: 10:00
White Time: 05:29 | Black Time: 10:00
White Time: 09:54 | Black Time: 05:34
White Time: 05:28 | Black Time: 10:00
White Time: 05:28 | Black Time: 10:00
White Time: 09:54 | Black Time: 05:33
White Time: 05:27 | Black Time: 10:00
White Time: 05:27 | Black Time: 10:00
White Time: 09:54 | Black Time: 05:32
White Time: 05:26 | Black Time: 10:00
White Time: 05:26 | Black Time: 10:00
White Time: 09:54 | Black Time: 05:31
White Time: 05:25 | Black Time: 10:00
White Time: 05:25 | Black Time: 10:00
White Time: 09:54 | Black Time: 05:30
White Time: 05:24 | Black Time: 10:00
White Time: 05:24 | Black Time: 10:00
White Time: 09:54 | Black Time: 05:29
White Time: 05:23 | Black Time: 10:00
White Time: 05:23 | Black Time: 10:00
White Time: 09:54 | Black Time: 05:28
White Time: 05:22 | Black Time: 10:00
White Time: 05:22 | Black Time: 10:00
White Time: 09:54 | Black Time: 05:27
White Time: 05:21 | Black Time: 10:00
White Time: 05:21 | Black Time: 10:00
White Time: 09:54 | Black Time: 05:26
White Time: 05:20 | Black Time: 10:00
White Time: 05:20 | Black Time: 10:00
White Time: 09:54 | Black Time: 05:25
White Time: 05:19 | Black Time: 10:00
White Time: 05:19 | Black Time: 10:00
White Time: 09:54 | Black Time: 05:24
White Time: 05:18 | Black Time: 10:00
White Time: 05:18 | Black Time: 10:00
White Time: 09:54 | Black Time: 05:23
White Time: 05:17 | Black Time: 10:00
White Time: 05:17 | Black Time: 10:00
White Time: 09:54 | Black Time: 05:22
White Time: 05:16 | Black Time: 10:00
White Time: 05:16 | Black Time: 10:00
White Time: 09:54 | Black Time: 05:21
White Time: 05:15 | Black Time: 10:00
White Time: 05:15 | Black Time: 10:00
White Time: 09:54 | Black Time: 05:20
White Time: 05:14 | Black Time: 10:00
White Time: 05:14 | Black Time: 10:00
White Time: 09:54 | Black Time: 05:19
White Time: 05:13 | Black Time: 10:00
White Time: 05:13 | Black Time: 10:00
White Time: 09:54 | Black Time: 05:18
White Time: 05:12 | Black Time: 10:00
White Time: 05:12 | Black Time: 10:00
White Time: 09:54 | Black Time: 05:17
White Time: 05:11 | Black Time: 10:00
White Time: 05:11 | Black Time: 10:00
White Time: 09:54 | Black Time: 05:16
White Time: 05:10 | Black Time: 10:00
White Time: 05:10 | Black Time: 10:00
White Time: 09:54 | Black Time: 05:15
White Time: 05:09 | Black Time: 10:00
White Time: 05:09 | Black Time: 10:00
White Time: 09:54 | Black Time: 05:14
White Time: 05:08 | Black Time: 10:00
White Time: 05:08 | Black Time: 10:00
White Time: 09:54 | Black Time: 05:13
White Time: 05:07 | Black Time: 10:00
White Time: 05:07 | Black Time: 10:00
White Time: 09:54 | Black Time: 05:12
White Time: 05:06 | Black Time: 10:00
White Time: 05:06 | Black Time: 10:00
White Time: 09:54 | Black Time: 05:11
White Time: 05:05 | Black Time: 10:00
White Time: 05:05 | Black Time: 10:00
White Time: 09:54 | Black Time: 05:10
White Time: 05:04 | Black Time: 10:00
White Time: 05:04 | Black Time: 10:00
White Time: 09:54 | Black Time: 05:09
White Time: 05:03 | Black Time: 10:00
White Time: 05:03 | Black Time: 10:00
White Time: 09:54 | Black Time: 05:08
White Time: 05:02 | Black Time: 10:00
White Time: 05:02 | Black Time: 10:00
White Time: 09:54 | Black Time: 05:07
White Time: 05:01 | Black Time: 10:00
White Time: 05:01 | Black Time: 10:00
White Time: 09:54 | Black Time: 05:06
White Time: 05:00 | Black Time: 10:00
White Time: 05:00 | Black Time: 10:00
White Time: 09:54 | Black Time: 05:05
White Time: 04:59 | Black Time: 10:00
White Time: 04:59 | Black Time: 10:00
White Time: 09:54 | Black Time: 05:04
White Time: 04:58 | Black Time: 10:00
White Time: 04:58 | Black Time: 10:00
White Time: 09:54 | Black Time: 05:03
White Time: 04:57 | Black Time: 10:00
White Time: 04:57 | Black Time: 10:00
White Time: 09:54 | Black Time: 05:02
White Time: 04:56 | Black Time: 10:00
White Time: 04:56 | Black Time: 10:00
White Time: 09:54 | Black Time: 05:01
White Time: 04:55 | Black Time: 10:00
White Time: 04:55 | Black Time: 10:00
White Time: 09:54 | Black Time: 05:00
White Time: 04:54 | Black Time: 10:00
White Time: 04:54 | Black Time: 10:00
White Time: 09:54 | Black Time: 04:59
White Time: 04:53 | Black Time: 10:00
White Time: 04:53 | Black Time: 10:00
White Time: 09:54 | Black Time: 04:58
White Time: 04:52 | Black Time: 10:00
White Time: 04:52 | Black Time: 10:00
White Time: 09:54 | Black Time: 04:57
White Time: 04:51 | Black Time: 10:00
White Time: 04:51 | Black Time: 10:00
White Time: 09:54 | Black Time: 04:56
White Time: 04:50 | Black Time: 10:00
White Time: 04:50 | Black Time: 10:00
White Time: 09:54 | Black Time: 04:55
White Time: 04:49 | Black Time: 10:00
White Time: 04:49 | Black Time: 10:00
White Time: 09:54 | Black Time: 04:54
White Time: 04:48 | Black Time: 10:00
White Time: 04:48 | Black Time: 10:00
White Time: 09:54 | Black Time: 04:53
White Time: 04:47 | Black Time: 10:00
White Time: 04:47 | Black Time: 10:00
