=== Application Started at Sun Mar 09 22:39:10 ICT 2025 ===
โหลดไฟล์จาก: C:\Users\rm\Desktop\OOP 2ed Semester\Mak Neeb Game 4\Java-OOP-CS30-KMITL\assets\icon\ICONKMITL.png
โหลดไฟล์จาก: C:\Users\rm\Desktop\OOP 2ed Semester\Mak Neeb Game 4\Java-OOP-CS30-KMITL\assets\icon\minimizeButton.png
โหลดไฟล์จาก: C:\Users\rm\Desktop\OOP 2ed Semester\Mak Neeb Game 4\Java-OOP-CS30-KMITL\assets\icon\resizeButton.png
โหลดไฟล์จาก: C:\Users\rm\Desktop\OOP 2ed Semester\Mak Neeb Game 4\Java-OOP-CS30-KMITL\assets\icon\closeButton.png
โหลดไฟล์จาก: C:\Users\rm\Desktop\OOP 2ed Semester\Mak Neeb Game 4\Java-OOP-CS30-KMITL\assets\background1.jpg
โหลดไฟล์จาก: C:\Users\rm\Desktop\OOP 2ed Semester\Mak Neeb Game 4\Java-OOP-CS30-KMITL\assets\icon\ICONKMITL.png
โหลดไฟล์จาก: C:\Users\rm\Desktop\OOP 2ed Semester\Mak Neeb Game 4\Java-OOP-CS30-KMITL\assets\Rok\Rok.png
พบไฟล์ที่: C:\Users\rm\Desktop\OOP 2ed Semester\Mak Neeb Game 4\Java-OOP-CS30-KMITL\assets\sound\select.wav
โหลดไฟล์เสียงสำเร็จ: select.wav
พบไฟล์ที่: C:\Users\rm\Desktop\OOP 2ed Semester\Mak Neeb Game 4\Java-OOP-CS30-KMITL\assets\sound\move.wav
โหลดไฟล์เสียงสำเร็จ: move.wav
พบไฟล์ที่: C:\Users\rm\Desktop\OOP 2ed Semester\Mak Neeb Game 4\Java-OOP-CS30-KMITL\assets\sound\capture.wav
โหลดไฟล์เสียงสำเร็จ: capture.wav
พบไฟล์ที่: C:\Users\rm\Desktop\OOP 2ed Semester\Mak Neeb Game 4\Java-OOP-CS30-KMITL\assets\sound\start.wav
โหลดไฟล์เสียงสำเร็จ: start.wav
พบไฟล์ที่: C:\Users\rm\Desktop\OOP 2ed Semester\Mak Neeb Game 4\Java-OOP-CS30-KMITL\assets\sound\error.wav
โหลดไฟล์เสียงสำเร็จ: error.wav
พบไฟล์ที่: C:\Users\rm\Desktop\OOP 2ed Semester\Mak Neeb Game 4\Java-OOP-CS30-KMITL\assets\sound\victory.wav
โหลดไฟล์เสียงสำเร็จ: victory.wav
พบไฟล์ที่: C:\Users\rm\Desktop\OOP 2ed Semester\Mak Neeb Game 4\Java-OOP-CS30-KMITL\assets\sound\SongGame.wav
โหลดไฟล์เสียงสำเร็จ: SongGame.wav
เล่นเสียงแบบวนซ้ำ: SongGame
โหลดไฟล์จาก: C:\Users\rm\Desktop\OOP 2ed Semester\Mak Neeb Game 4\Java-OOP-CS30-KMITL\assets\icon\AppIcon.png
เล่นเสียง: select
หยุดเสียง: SongGame
เล่นเสียง: start
GameController set, isWhiteTurn: true
GameController: InfoPanel set
InfoPanel: Updating piece count - White: 8/0, Black: 8/0
GameController set, isWhiteTurn: true
โหลดไฟล์จาก: C:\Users\rm\Desktop\OOP 2ed Semester\Mak Neeb Game 4\Java-OOP-CS30-KMITL\assets\icon\AppIcon.png
โหลดไฟล์จาก: C:\Users\rm\Desktop\OOP 2ed Semester\Mak Neeb Game 4\Java-OOP-CS30-KMITL\assets\Rok\Rok.png
โหลดไฟล์จาก: C:\Users\rm\Desktop\OOP 2ed Semester\Mak Neeb Game 4\Java-OOP-CS30-KMITL\assets\Rok\Rok.png
โหลดไฟล์จาก: C:\Users\rm\Desktop\OOP 2ed Semester\Mak Neeb Game 4\Java-OOP-CS30-KMITL\assets\Rok\Rok.png
โหลดไฟล์จาก: C:\Users\rm\Desktop\OOP 2ed Semester\Mak Neeb Game 4\Java-OOP-CS30-KMITL\assets\Rok\Rok.png
โหลดไฟล์จาก: C:\Users\rm\Desktop\OOP 2ed Semester\Mak Neeb Game 4\Java-OOP-CS30-KMITL\assets\Rok\Rok.png
โหลดไฟล์จาก: C:\Users\rm\Desktop\OOP 2ed Semester\Mak Neeb Game 4\Java-OOP-CS30-KMITL\assets\Rok\Rok.png
โหลดไฟล์จาก: C:\Users\rm\Desktop\OOP 2ed Semester\Mak Neeb Game 4\Java-OOP-CS30-KMITL\assets\Rok\Rok.png
โหลดไฟล์จาก: C:\Users\rm\Desktop\OOP 2ed Semester\Mak Neeb Game 4\Java-OOP-CS30-KMITL\assets\Rok\Rok.png
โหลดไฟล์จาก: C:\Users\rm\Desktop\OOP 2ed Semester\Mak Neeb Game 4\Java-OOP-CS30-KMITL\assets\Rok\Rok.png
โหลดไฟล์จาก: C:\Users\rm\Desktop\OOP 2ed Semester\Mak Neeb Game 4\Java-OOP-CS30-KMITL\assets\Rok\Rok.png
โหลดไฟล์จาก: C:\Users\rm\Desktop\OOP 2ed Semester\Mak Neeb Game 4\Java-OOP-CS30-KMITL\assets\Rok\Rok.png
โหลดไฟล์จาก: C:\Users\rm\Desktop\OOP 2ed Semester\Mak Neeb Game 4\Java-OOP-CS30-KMITL\assets\Rok\Rok.png
โหลดไฟล์จาก: C:\Users\rm\Desktop\OOP 2ed Semester\Mak Neeb Game 4\Java-OOP-CS30-KMITL\assets\Rok\Rok.png
โหลดไฟล์จาก: C:\Users\rm\Desktop\OOP 2ed Semester\Mak Neeb Game 4\Java-OOP-CS30-KMITL\assets\Rok\Rok.png
โหลดไฟล์จาก: C:\Users\rm\Desktop\OOP 2ed Semester\Mak Neeb Game 4\Java-OOP-CS30-KMITL\assets\Rok\Rok.png
โหลดไฟล์จาก: C:\Users\rm\Desktop\OOP 2ed Semester\Mak Neeb Game 4\Java-OOP-CS30-KMITL\assets\Rok\Rok.png
เล่นเสียง: select
White Time: 09:59 | Black Time: 10:00
White Time: 09:59 | Black Time: 10:00
White Time: 09:59 | Black Time: 10:00
เล่นเสียง: move
White Time: 09:59 | Black Time: 10:00
DEBUG GameFrame.recordMove: Recording move for WHITE with timeSpent=0
  Timer state: White time 599s remaining, Black time 600s remaining
  Total used times - White: 1s, Black: 0s
  Previous used times - White: 0s, Black: 0s
  Move time this turn - White: 1s, Black: 0s
DEBUG: Initializing timers with White=0s, Black=0s
  First move - initializing times
DEBUG: Adding move #1 - White time: 1s, Black time: 0s
First move - initializing previous times to 0
White moved and took: 1s
MOVE DATA: WHITE moved from (7,7) to (4,7)
==== MOVE HISTORY DUMP ====
Move 1: White h1->h4 (took 1s), Black -->- (took 0s)
=========================
White Time: 09:59 | Black Time: 09:59
White Time: 09:58 | Black Time: 10:00
White Time: 09:58 | Black Time: 10:00
White Time: 09:59 | Black Time: 09:58
White Time: 09:57 | Black Time: 10:00
White Time: 09:57 | Black Time: 10:00
White Time: 09:59 | Black Time: 09:57
White Time: 09:56 | Black Time: 10:00
White Time: 09:56 | Black Time: 10:00
White Time: 09:59 | Black Time: 09:56
White Time: 09:55 | Black Time: 10:00
White Time: 09:55 | Black Time: 10:00
เล่นเสียง: select
เล่นเสียง: move
White Time: 09:59 | Black Time: 09:56
DEBUG GameFrame.recordMove: Recording move for WHITE with timeSpent=0
  Timer state: White time 595s remaining, Black time 600s remaining
  Total used times - White: 5s, Black: 0s
  Previous used times - White: 1s, Black: 0s
  Move time this turn - White: 4s, Black: 0s
DEBUG: Adding move #2 - White time: 4s, Black time: 0s
White moved and took: 3s
MOVE DATA: WHITE moved from (7,4) to (5,4)
==== MOVE HISTORY DUMP ====
Move 1: White h1->h4 (took 1s), Black -->- (took 0s)
Move 2: White e1->e3 (took 3s), Black -->- (took 0s)
=========================
White Time: 09:58 | Black Time: 09:56
White Time: 09:54 | Black Time: 10:00
White Time: 09:54 | Black Time: 10:00
White Time: 09:57 | Black Time: 09:56
White Time: 09:53 | Black Time: 10:00
White Time: 09:53 | Black Time: 10:00
เล่นเสียง: select
White Time: 09:56 | Black Time: 09:56
White Time: 09:52 | Black Time: 10:00
White Time: 09:52 | Black Time: 10:00
เล่นเสียง: move
White Time: 09:56 | Black Time: 09:56
DEBUG GameFrame.recordMove: Recording move for BLACK with timeSpent=0
  Using last white move data
  Timer state: White time 592s remaining, Black time 600s remaining
  Total used times - White: 8s, Black: 0s
  Previous used times - White: 5s, Black: 0s
  Move time this turn - White: 3s, Black: 0s
DEBUG: Adding move #3 - White time: 0s, Black time: 3s
White moved and took: -4s
Black moved and took: 3s
MOVE DATA: BLACK moved from (0,5) to (5,5)
==== MOVE HISTORY DUMP ====
Move 1: White h1->h4 (took 1s), Black -->- (took 0s)
Move 2: White e1->e3 (took 3s), Black -->- (took 0s)
Move 3: White e1->e3 (took 0s), Black f8->f3 (took 3s)
=========================
Ensuring timer continues after BLACK move
White Time: 09:56 | Black Time: 09:55
White Time: 09:51 | Black Time: 10:00
White Time: 09:51 | Black Time: 10:00
White Time: 09:56 | Black Time: 09:54
White Time: 09:50 | Black Time: 10:00
White Time: 09:50 | Black Time: 10:00
เล่นเสียง: select
เล่นเสียง: move
White Time: 09:56 | Black Time: 09:54
DEBUG GameFrame.recordMove: Recording move for WHITE with timeSpent=0
  Using last black move data
  Timer state: White time 590s remaining, Black time 600s remaining
  Total used times - White: 10s, Black: 0s
  Previous used times - White: 5s, Black: 0s
  Move time this turn - White: 5s, Black: 0s
DEBUG: Adding move #4 - White time: 5s, Black time: 0s
White moved and took: 5s
Black moved and took: -3s
MOVE DATA: WHITE moved from (5,4) to (4,4)
==== MOVE HISTORY DUMP ====
Move 1: White h1->h4 (took 1s), Black -->- (took 0s)
Move 2: White e1->e3 (took 3s), Black -->- (took 0s)
Move 3: White e1->e3 (took 0s), Black f8->f3 (took 3s)
Move 4: White e3->e4 (took 5s), Black f8->f3 (took 0s)
=========================
White Time: 09:55 | Black Time: 09:54
White Time: 09:49 | Black Time: 10:00
White Time: 09:49 | Black Time: 10:00
White Time: 09:54 | Black Time: 09:54
White Time: 09:48 | Black Time: 10:00
เล่นเสียง: select
White Time: 09:48 | Black Time: 10:00
เล่นเสียง: move
White Time: 09:54 | Black Time: 09:54
DEBUG GameFrame.recordMove: Recording move for BLACK with timeSpent=0
  Using last white move data
  Timer state: White time 588s remaining, Black time 600s remaining
  Total used times - White: 12s, Black: 0s
  Previous used times - White: 10s, Black: 0s
  Move time this turn - White: 2s, Black: 0s
DEBUG: Adding move #5 - White time: 0s, Black time: 2s
White moved and took: -5s
Black moved and took: 2s
MOVE DATA: BLACK moved from (0,6) to (6,6)
==== MOVE HISTORY DUMP ====
Move 1: White h1->h4 (took 1s), Black -->- (took 0s)
Move 2: White e1->e3 (took 3s), Black -->- (took 0s)
Move 3: White e1->e3 (took 0s), Black f8->f3 (took 3s)
Move 4: White e3->e4 (took 5s), Black f8->f3 (took 0s)
Move 5: White e3->e4 (took 0s), Black g8->g2 (took 2s)
=========================
Ensuring timer continues after BLACK move
White Time: 09:54 | Black Time: 09:53
White Time: 09:47 | Black Time: 10:00
White Time: 09:47 | Black Time: 10:00
White Time: 09:54 | Black Time: 09:52
White Time: 09:46 | Black Time: 10:00
White Time: 09:46 | Black Time: 10:00
White Time: 09:54 | Black Time: 09:51
White Time: 09:45 | Black Time: 10:00
White Time: 09:45 | Black Time: 10:00
เล่นเสียง: select
White Time: 09:54 | Black Time: 09:50
White Time: 09:44 | Black Time: 10:00
เล่นเสียง: move
White Time: 09:54 | Black Time: 09:50
DEBUG GameFrame.recordMove: Recording move for WHITE with timeSpent=0
  Using last black move data
  Timer state: White time 584s remaining, Black time 600s remaining
  Total used times - White: 16s, Black: 0s
  Previous used times - White: 10s, Black: 0s
  Move time this turn - White: 6s, Black: 0s
DEBUG: Adding move #6 - White time: 6s, Black time: 0s
White moved and took: 6s
Black moved and took: -2s
MOVE DATA: WHITE moved from (4,4) to (4,3)
==== MOVE HISTORY DUMP ====
Move 1: White h1->h4 (took 1s), Black -->- (took 0s)
Move 2: White e1->e3 (took 3s), Black -->- (took 0s)
Move 3: White e1->e3 (took 0s), Black f8->f3 (took 3s)
Move 4: White e3->e4 (took 5s), Black f8->f3 (took 0s)
Move 5: White e3->e4 (took 0s), Black g8->g2 (took 2s)
Move 6: White e4->d4 (took 6s), Black g8->g2 (took 0s)
=========================
White Time: 09:44 | Black Time: 10:00
White Time: 09:53 | Black Time: 09:50
White Time: 09:43 | Black Time: 10:00
White Time: 09:43 | Black Time: 10:00
เล่นเสียง: select
เล่นเสียง: move
White Time: 09:53 | Black Time: 09:50
DEBUG GameFrame.recordMove: Recording move for BLACK with timeSpent=0
  Using last white move data
  Timer state: White time 583s remaining, Black time 600s remaining
  Total used times - White: 17s, Black: 0s
  Previous used times - White: 16s, Black: 0s
  Move time this turn - White: 1s, Black: 0s
DEBUG: Adding move #7 - White time: 0s, Black time: 1s
White moved and took: -6s
Black moved and took: 1s
MOVE DATA: BLACK moved from (0,4) to (5,4)
==== MOVE HISTORY DUMP ====
Move 1: White h1->h4 (took 1s), Black -->- (took 0s)
Move 2: White e1->e3 (took 3s), Black -->- (took 0s)
Move 3: White e1->e3 (took 0s), Black f8->f3 (took 3s)
Move 4: White e3->e4 (took 5s), Black f8->f3 (took 0s)
Move 5: White e3->e4 (took 0s), Black g8->g2 (took 2s)
Move 6: White e4->d4 (took 6s), Black g8->g2 (took 0s)
Move 7: White e4->d4 (took 0s), Black e8->e3 (took 1s)
=========================
Ensuring timer continues after BLACK move
White Time: 09:53 | Black Time: 09:49
White Time: 09:42 | Black Time: 10:00
White Time: 09:42 | Black Time: 10:00
White Time: 09:53 | Black Time: 09:48
White Time: 09:41 | Black Time: 10:00
White Time: 09:41 | Black Time: 10:00
เล่นเสียง: select
White Time: 09:53 | Black Time: 09:47
White Time: 09:40 | Black Time: 10:00
เล่นเสียง: move
White Time: 09:53 | Black Time: 09:47
DEBUG GameFrame.recordMove: Recording move for WHITE with timeSpent=0
  Using last black move data
  Timer state: White time 580s remaining, Black time 600s remaining
  Total used times - White: 20s, Black: 0s
  Previous used times - White: 16s, Black: 0s
  Move time this turn - White: 4s, Black: 0s
DEBUG: Adding move #8 - White time: 4s, Black time: 0s
White moved and took: 4s
Black moved and took: -1s
MOVE DATA: WHITE moved from (4,3) to (4,4)
==== MOVE HISTORY DUMP ====
Move 1: White h1->h4 (took 1s), Black -->- (took 0s)
Move 2: White e1->e3 (took 3s), Black -->- (took 0s)
Move 3: White e1->e3 (took 0s), Black f8->f3 (took 3s)
Move 4: White e3->e4 (took 5s), Black f8->f3 (took 0s)
Move 5: White e3->e4 (took 0s), Black g8->g2 (took 2s)
Move 6: White e4->d4 (took 6s), Black g8->g2 (took 0s)
Move 7: White e4->d4 (took 0s), Black e8->e3 (took 1s)
Move 8: White d4->e4 (took 4s), Black e8->e3 (took 0s)
=========================
White Time: 09:40 | Black Time: 10:00
White Time: 09:52 | Black Time: 09:47
White Time: 09:39 | Black Time: 10:00
White Time: 09:39 | Black Time: 10:00
White Time: 09:51 | Black Time: 09:47
White Time: 09:38 | Black Time: 10:00
White Time: 09:38 | Black Time: 10:00
เล่นเสียง: select
เล่นเสียง: move
White Time: 09:51 | Black Time: 09:47
DEBUG GameFrame.recordMove: Recording move for BLACK with timeSpent=0
  Using last white move data
  Timer state: White time 578s remaining, Black time 600s remaining
  Total used times - White: 22s, Black: 0s
  Previous used times - White: 20s, Black: 0s
  Move time this turn - White: 2s, Black: 0s
DEBUG: Adding move #9 - White time: 0s, Black time: 2s
White moved and took: -4s
Black moved and took: 2s
MOVE DATA: BLACK moved from (5,4) to (5,2)
==== MOVE HISTORY DUMP ====
Move 1: White h1->h4 (took 1s), Black -->- (took 0s)
Move 2: White e1->e3 (took 3s), Black -->- (took 0s)
Move 3: White e1->e3 (took 0s), Black f8->f3 (took 3s)
Move 4: White e3->e4 (took 5s), Black f8->f3 (took 0s)
Move 5: White e3->e4 (took 0s), Black g8->g2 (took 2s)
Move 6: White e4->d4 (took 6s), Black g8->g2 (took 0s)
Move 7: White e4->d4 (took 0s), Black e8->e3 (took 1s)
Move 8: White d4->e4 (took 4s), Black e8->e3 (took 0s)
Move 9: White d4->e4 (took 0s), Black e3->c3 (took 2s)
=========================
Ensuring timer continues after BLACK move
White Time: 09:51 | Black Time: 09:46
White Time: 09:37 | Black Time: 10:00
White Time: 09:37 | Black Time: 10:00
White Time: 09:51 | Black Time: 09:45
White Time: 09:36 | Black Time: 10:00
White Time: 09:36 | Black Time: 10:00
White Time: 09:51 | Black Time: 09:44
White Time: 09:35 | Black Time: 10:00
White Time: 09:35 | Black Time: 10:00
White Time: 09:51 | Black Time: 09:43
White Time: 09:34 | Black Time: 10:00
White Time: 09:34 | Black Time: 10:00
เล่นเสียง: select
เล่นเสียง: move
White Time: 09:51 | Black Time: 09:43
DEBUG GameFrame.recordMove: Recording move for WHITE with timeSpent=0
  Using last black move data
  Timer state: White time 574s remaining, Black time 600s remaining
  Total used times - White: 26s, Black: 0s
  Previous used times - White: 20s, Black: 0s
  Move time this turn - White: 6s, Black: 0s
DEBUG: Adding move #10 - White time: 6s, Black time: 0s
White moved and took: 6s
Black moved and took: -2s
MOVE DATA: WHITE moved from (4,4) to (2,4)
==== MOVE HISTORY DUMP ====
Move 1: White h1->h4 (took 1s), Black -->- (took 0s)
Move 2: White e1->e3 (took 3s), Black -->- (took 0s)
Move 3: White e1->e3 (took 0s), Black f8->f3 (took 3s)
Move 4: White e3->e4 (took 5s), Black f8->f3 (took 0s)
Move 5: White e3->e4 (took 0s), Black g8->g2 (took 2s)
Move 6: White e4->d4 (took 6s), Black g8->g2 (took 0s)
Move 7: White e4->d4 (took 0s), Black e8->e3 (took 1s)
Move 8: White d4->e4 (took 4s), Black e8->e3 (took 0s)
Move 9: White d4->e4 (took 0s), Black e3->c3 (took 2s)
Move 10: White e4->e6 (took 6s), Black e3->c3 (took 0s)
=========================
White Time: 09:50 | Black Time: 09:43
White Time: 09:33 | Black Time: 10:00
White Time: 09:33 | Black Time: 10:00
White Time: 09:49 | Black Time: 09:43
White Time: 09:32 | Black Time: 10:00
White Time: 09:32 | Black Time: 10:00
White Time: 09:48 | Black Time: 09:43
White Time: 09:31 | Black Time: 10:00
White Time: 09:31 | Black Time: 10:00
White Time: 09:47 | Black Time: 09:43
White Time: 09:30 | Black Time: 10:00
White Time: 09:30 | Black Time: 10:00
เล่นเสียง: select
เล่นเสียง: move
White Time: 09:47 | Black Time: 09:43
DEBUG GameFrame.recordMove: Recording move for BLACK with timeSpent=0
  Using last white move data
  Timer state: White time 570s remaining, Black time 600s remaining
  Total used times - White: 30s, Black: 0s
  Previous used times - White: 26s, Black: 0s
  Move time this turn - White: 4s, Black: 0s
DEBUG: Adding move #11 - White time: 0s, Black time: 4s
White moved and took: -6s
Black moved and took: 4s
MOVE DATA: BLACK moved from (5,5) to (3,5)
==== MOVE HISTORY DUMP ====
Move 1: White h1->h4 (took 1s), Black -->- (took 0s)
Move 2: White e1->e3 (took 3s), Black -->- (took 0s)
Move 3: White e1->e3 (took 0s), Black f8->f3 (took 3s)
Move 4: White e3->e4 (took 5s), Black f8->f3 (took 0s)
Move 5: White e3->e4 (took 0s), Black g8->g2 (took 2s)
Move 6: White e4->d4 (took 6s), Black g8->g2 (took 0s)
Move 7: White e4->d4 (took 0s), Black e8->e3 (took 1s)
Move 8: White d4->e4 (took 4s), Black e8->e3 (took 0s)
Move 9: White d4->e4 (took 0s), Black e3->c3 (took 2s)
Move 10: White e4->e6 (took 6s), Black e3->c3 (took 0s)
Move 11: White e4->e6 (took 0s), Black f3->f5 (took 4s)
=========================
Ensuring timer continues after BLACK move
White Time: 09:47 | Black Time: 09:42
White Time: 09:29 | Black Time: 10:00
White Time: 09:29 | Black Time: 10:00
White Time: 09:47 | Black Time: 09:41
White Time: 09:28 | Black Time: 10:00
White Time: 09:28 | Black Time: 10:00
White Time: 09:47 | Black Time: 09:40
White Time: 09:27 | Black Time: 10:00
White Time: 09:27 | Black Time: 10:00
White Time: 09:47 | Black Time: 09:39
White Time: 09:26 | Black Time: 10:00
White Time: 09:26 | Black Time: 10:00
White Time: 09:47 | Black Time: 09:38
White Time: 09:25 | Black Time: 10:00
White Time: 09:25 | Black Time: 10:00
White Time: 09:47 | Black Time: 09:37
White Time: 09:24 | Black Time: 10:00
White Time: 09:24 | Black Time: 10:00
White Time: 09:47 | Black Time: 09:36
White Time: 09:23 | Black Time: 10:00
White Time: 09:23 | Black Time: 10:00
White Time: 09:47 | Black Time: 09:35
White Time: 09:22 | Black Time: 10:00
White Time: 09:22 | Black Time: 10:00
White Time: 09:47 | Black Time: 09:34
White Time: 09:21 | Black Time: 10:00
White Time: 09:21 | Black Time: 10:00
White Time: 09:47 | Black Time: 09:33
White Time: 09:20 | Black Time: 10:00
White Time: 09:20 | Black Time: 10:00
White Time: 09:47 | Black Time: 09:32
White Time: 09:19 | Black Time: 10:00
White Time: 09:19 | Black Time: 10:00
White Time: 09:47 | Black Time: 09:31
White Time: 09:18 | Black Time: 10:00
White Time: 09:18 | Black Time: 10:00
White Time: 09:47 | Black Time: 09:30
White Time: 09:17 | Black Time: 10:00
White Time: 09:17 | Black Time: 10:00
White Time: 09:47 | Black Time: 09:29
White Time: 09:16 | Black Time: 10:00
White Time: 09:16 | Black Time: 10:00
White Time: 09:47 | Black Time: 09:28
White Time: 09:15 | Black Time: 10:00
White Time: 09:15 | Black Time: 10:00
White Time: 09:47 | Black Time: 09:27
White Time: 09:14 | Black Time: 10:00
White Time: 09:14 | Black Time: 10:00
White Time: 09:47 | Black Time: 09:26
White Time: 09:13 | Black Time: 10:00
White Time: 09:13 | Black Time: 10:00
White Time: 09:47 | Black Time: 09:25
White Time: 09:12 | Black Time: 10:00
White Time: 09:12 | Black Time: 10:00
White Time: 09:47 | Black Time: 09:24
White Time: 09:11 | Black Time: 10:00
White Time: 09:11 | Black Time: 10:00
White Time: 09:47 | Black Time: 09:23
White Time: 09:10 | Black Time: 10:00
White Time: 09:10 | Black Time: 10:00
White Time: 09:47 | Black Time: 09:22
White Time: 09:09 | Black Time: 10:00
White Time: 09:09 | Black Time: 10:00
White Time: 09:47 | Black Time: 09:21
White Time: 09:08 | Black Time: 10:00
White Time: 09:08 | Black Time: 10:00
White Time: 09:47 | Black Time: 09:20
White Time: 09:07 | Black Time: 10:00
White Time: 09:07 | Black Time: 10:00
White Time: 09:47 | Black Time: 09:19
White Time: 09:06 | Black Time: 10:00
White Time: 09:06 | Black Time: 10:00
White Time: 09:47 | Black Time: 09:18
White Time: 09:05 | Black Time: 10:00
White Time: 09:05 | Black Time: 10:00
White Time: 09:47 | Black Time: 09:17
White Time: 09:04 | Black Time: 10:00
White Time: 09:04 | Black Time: 10:00
White Time: 09:47 | Black Time: 09:16
White Time: 09:03 | Black Time: 10:00
White Time: 09:03 | Black Time: 10:00
White Time: 09:47 | Black Time: 09:15
White Time: 09:02 | Black Time: 10:00
White Time: 09:02 | Black Time: 10:00
White Time: 09:47 | Black Time: 09:14
White Time: 09:01 | Black Time: 10:00
White Time: 09:01 | Black Time: 10:00
White Time: 09:47 | Black Time: 09:13
White Time: 09:00 | Black Time: 10:00
White Time: 09:00 | Black Time: 10:00
White Time: 09:47 | Black Time: 09:12
White Time: 08:59 | Black Time: 10:00
White Time: 08:59 | Black Time: 10:00
White Time: 09:47 | Black Time: 09:11
White Time: 08:58 | Black Time: 10:00
White Time: 08:58 | Black Time: 10:00
White Time: 09:47 | Black Time: 09:10
White Time: 08:57 | Black Time: 10:00
White Time: 08:57 | Black Time: 10:00
White Time: 09:47 | Black Time: 09:09
White Time: 08:56 | Black Time: 10:00
White Time: 08:56 | Black Time: 10:00
White Time: 09:47 | Black Time: 09:08
White Time: 08:55 | Black Time: 10:00
White Time: 08:55 | Black Time: 10:00
White Time: 09:47 | Black Time: 09:07
White Time: 08:54 | Black Time: 10:00
White Time: 08:54 | Black Time: 10:00
White Time: 09:47 | Black Time: 09:06
White Time: 08:53 | Black Time: 10:00
White Time: 08:53 | Black Time: 10:00
White Time: 09:47 | Black Time: 09:05
White Time: 08:52 | Black Time: 10:00
White Time: 08:52 | Black Time: 10:00
White Time: 09:47 | Black Time: 09:04
White Time: 08:51 | Black Time: 10:00
White Time: 08:51 | Black Time: 10:00
White Time: 09:47 | Black Time: 09:03
White Time: 08:50 | Black Time: 10:00
White Time: 08:50 | Black Time: 10:00
White Time: 09:47 | Black Time: 09:02
White Time: 08:49 | Black Time: 10:00
White Time: 08:49 | Black Time: 10:00
White Time: 09:47 | Black Time: 09:01
White Time: 08:48 | Black Time: 10:00
White Time: 08:48 | Black Time: 10:00
White Time: 09:47 | Black Time: 09:00
White Time: 08:47 | Black Time: 10:00
White Time: 08:47 | Black Time: 10:00
White Time: 09:47 | Black Time: 08:59
White Time: 08:46 | Black Time: 10:00
White Time: 08:46 | Black Time: 10:00
White Time: 09:47 | Black Time: 08:58
White Time: 08:45 | Black Time: 10:00
White Time: 08:45 | Black Time: 10:00
White Time: 09:47 | Black Time: 08:57
White Time: 08:44 | Black Time: 10:00
White Time: 08:44 | Black Time: 10:00
White Time: 09:47 | Black Time: 08:56
White Time: 08:43 | Black Time: 10:00
White Time: 08:43 | Black Time: 10:00
White Time: 09:47 | Black Time: 08:55
White Time: 08:42 | Black Time: 10:00
White Time: 08:42 | Black Time: 10:00
White Time: 09:47 | Black Time: 08:54
White Time: 08:41 | Black Time: 10:00
White Time: 08:41 | Black Time: 10:00
White Time: 09:47 | Black Time: 08:53
White Time: 08:40 | Black Time: 10:00
White Time: 08:40 | Black Time: 10:00
White Time: 09:47 | Black Time: 08:52
White Time: 08:39 | Black Time: 10:00
White Time: 08:39 | Black Time: 10:00
White Time: 09:47 | Black Time: 08:51
White Time: 08:38 | Black Time: 10:00
White Time: 08:38 | Black Time: 10:00
White Time: 09:47 | Black Time: 08:50
White Time: 08:37 | Black Time: 10:00
White Time: 08:37 | Black Time: 10:00
White Time: 09:47 | Black Time: 08:49
White Time: 08:36 | Black Time: 10:00
White Time: 08:36 | Black Time: 10:00
White Time: 09:47 | Black Time: 08:48
White Time: 08:35 | Black Time: 10:00
White Time: 08:35 | Black Time: 10:00
White Time: 09:47 | Black Time: 08:47
White Time: 08:34 | Black Time: 10:00
White Time: 08:34 | Black Time: 10:00
White Time: 09:47 | Black Time: 08:46
White Time: 08:33 | Black Time: 10:00
White Time: 08:33 | Black Time: 10:00
White Time: 09:47 | Black Time: 08:45
White Time: 08:32 | Black Time: 10:00
White Time: 08:32 | Black Time: 10:00
White Time: 09:47 | Black Time: 08:44
White Time: 08:31 | Black Time: 10:00
White Time: 08:31 | Black Time: 10:00
White Time: 09:47 | Black Time: 08:43
White Time: 08:30 | Black Time: 10:00
White Time: 08:30 | Black Time: 10:00
White Time: 09:47 | Black Time: 08:42
White Time: 08:29 | Black Time: 10:00
White Time: 08:29 | Black Time: 10:00
White Time: 09:47 | Black Time: 08:41
White Time: 08:28 | Black Time: 10:00
White Time: 08:28 | Black Time: 10:00
White Time: 09:47 | Black Time: 08:40
White Time: 08:27 | Black Time: 10:00
White Time: 08:27 | Black Time: 10:00
White Time: 09:47 | Black Time: 08:39
White Time: 08:26 | Black Time: 10:00
White Time: 08:26 | Black Time: 10:00
White Time: 09:47 | Black Time: 08:38
White Time: 08:25 | Black Time: 10:00
White Time: 08:25 | Black Time: 10:00
White Time: 09:47 | Black Time: 08:37
White Time: 08:24 | Black Time: 10:00
White Time: 08:24 | Black Time: 10:00
White Time: 09:47 | Black Time: 08:36
White Time: 08:23 | Black Time: 10:00
White Time: 08:23 | Black Time: 10:00
White Time: 09:47 | Black Time: 08:35
White Time: 08:22 | Black Time: 10:00
White Time: 08:22 | Black Time: 10:00
White Time: 09:47 | Black Time: 08:34
White Time: 08:21 | Black Time: 10:00
White Time: 08:21 | Black Time: 10:00
White Time: 09:47 | Black Time: 08:33
White Time: 08:20 | Black Time: 10:00
White Time: 08:20 | Black Time: 10:00
White Time: 09:47 | Black Time: 08:32
White Time: 08:19 | Black Time: 10:00
White Time: 08:19 | Black Time: 10:00
White Time: 09:47 | Black Time: 08:31
White Time: 08:18 | Black Time: 10:00
White Time: 08:18 | Black Time: 10:00
White Time: 09:47 | Black Time: 08:30
White Time: 08:17 | Black Time: 10:00
White Time: 08:17 | Black Time: 10:00
White Time: 09:47 | Black Time: 08:29
White Time: 08:16 | Black Time: 10:00
White Time: 08:16 | Black Time: 10:00
White Time: 09:47 | Black Time: 08:28
White Time: 08:15 | Black Time: 10:00
White Time: 08:15 | Black Time: 10:00
White Time: 09:47 | Black Time: 08:27
White Time: 08:14 | Black Time: 10:00
White Time: 08:14 | Black Time: 10:00
White Time: 09:47 | Black Time: 08:26
White Time: 08:13 | Black Time: 10:00
White Time: 08:13 | Black Time: 10:00
White Time: 09:47 | Black Time: 08:25
White Time: 08:12 | Black Time: 10:00
White Time: 08:12 | Black Time: 10:00
White Time: 09:47 | Black Time: 08:24
White Time: 08:11 | Black Time: 10:00
White Time: 08:11 | Black Time: 10:00
White Time: 09:47 | Black Time: 08:23
White Time: 08:10 | Black Time: 10:00
White Time: 08:10 | Black Time: 10:00
White Time: 09:47 | Black Time: 08:22
White Time: 08:09 | Black Time: 10:00
White Time: 08:09 | Black Time: 10:00
White Time: 09:47 | Black Time: 08:21
White Time: 08:08 | Black Time: 10:00
White Time: 08:08 | Black Time: 10:00
White Time: 09:47 | Black Time: 08:20
White Time: 08:07 | Black Time: 10:00
White Time: 08:07 | Black Time: 10:00
White Time: 09:47 | Black Time: 08:19
White Time: 08:06 | Black Time: 10:00
White Time: 08:06 | Black Time: 10:00
White Time: 09:47 | Black Time: 08:18
White Time: 08:05 | Black Time: 10:00
White Time: 08:05 | Black Time: 10:00
White Time: 09:47 | Black Time: 08:17
White Time: 08:04 | Black Time: 10:00
White Time: 08:04 | Black Time: 10:00
White Time: 09:47 | Black Time: 08:16
White Time: 08:03 | Black Time: 10:00
White Time: 08:03 | Black Time: 10:00
White Time: 09:47 | Black Time: 08:15
White Time: 08:02 | Black Time: 10:00
White Time: 08:02 | Black Time: 10:00
White Time: 09:47 | Black Time: 08:14
White Time: 08:01 | Black Time: 10:00
White Time: 08:01 | Black Time: 10:00
White Time: 09:47 | Black Time: 08:13
White Time: 08:00 | Black Time: 10:00
White Time: 08:00 | Black Time: 10:00
White Time: 09:47 | Black Time: 08:12
White Time: 07:59 | Black Time: 10:00
White Time: 07:59 | Black Time: 10:00
White Time: 09:47 | Black Time: 08:11
White Time: 07:58 | Black Time: 10:00
White Time: 07:58 | Black Time: 10:00
White Time: 09:47 | Black Time: 08:10
White Time: 07:57 | Black Time: 10:00
White Time: 07:57 | Black Time: 10:00
White Time: 09:47 | Black Time: 08:09
White Time: 07:56 | Black Time: 10:00
White Time: 07:56 | Black Time: 10:00
White Time: 09:47 | Black Time: 08:08
White Time: 07:55 | Black Time: 10:00
White Time: 07:55 | Black Time: 10:00
