=== Application Started at Sun Mar 09 18:09:56 ICT 2025 ===
โหลดไฟล์จาก: C:\Users\rm\Desktop\OOP 2ed Semester\Mak Neeb Game 4\Java-OOP-CS30-KMITL\assets\icon\ICONKMITL.png
โหลดไฟล์จาก: C:\Users\rm\Desktop\OOP 2ed Semester\Mak Neeb Game 4\Java-OOP-CS30-KMITL\assets\icon\minimizeButton.png
โหลดไฟล์จาก: C:\Users\rm\Desktop\OOP 2ed Semester\Mak Neeb Game 4\Java-OOP-CS30-KMITL\assets\icon\resizeButton.png
โหลดไฟล์จาก: C:\Users\rm\Desktop\OOP 2ed Semester\Mak Neeb Game 4\Java-OOP-CS30-KMITL\assets\icon\closeButton.png
โหลดไฟล์จาก: C:\Users\rm\Desktop\OOP 2ed Semester\Mak Neeb Game 4\Java-OOP-CS30-KMITL\assets\background1.jpg
โหลดไฟล์จาก: C:\Users\rm\Desktop\OOP 2ed Semester\Mak Neeb Game 4\Java-OOP-CS30-KMITL\assets\icon\ICONKMITL.png
โหลดไฟล์จาก: C:\Users\rm\Desktop\OOP 2ed Semester\Mak Neeb Game 4\Java-OOP-CS30-KMITL\assets\Rok\Rok.png
พบไฟล์ที่: C:\Users\rm\Desktop\OOP 2ed Semester\Mak Neeb Game 4\Java-OOP-CS30-KMITL\assets\sound\select.wav
โหลดไฟล์เสียงสำเร็จ: select.wav
พบไฟล์ที่: C:\Users\rm\Desktop\OOP 2ed Semester\Mak Neeb Game 4\Java-OOP-CS30-KMITL\assets\sound\move.wav
โหลดไฟล์เสียงสำเร็จ: move.wav
พบไฟล์ที่: C:\Users\rm\Desktop\OOP 2ed Semester\Mak Neeb Game 4\Java-OOP-CS30-KMITL\assets\sound\capture.wav
โหลดไฟล์เสียงสำเร็จ: capture.wav
พบไฟล์ที่: C:\Users\rm\Desktop\OOP 2ed Semester\Mak Neeb Game 4\Java-OOP-CS30-KMITL\assets\sound\start.wav
โหลดไฟล์เสียงสำเร็จ: start.wav
พบไฟล์ที่: C:\Users\rm\Desktop\OOP 2ed Semester\Mak Neeb Game 4\Java-OOP-CS30-KMITL\assets\sound\error.wav
โหลดไฟล์เสียงสำเร็จ: error.wav
พบไฟล์ที่: C:\Users\rm\Desktop\OOP 2ed Semester\Mak Neeb Game 4\Java-OOP-CS30-KMITL\assets\sound\victory.wav
โหลดไฟล์เสียงสำเร็จ: victory.wav
พบไฟล์ที่: C:\Users\rm\Desktop\OOP 2ed Semester\Mak Neeb Game 4\Java-OOP-CS30-KMITL\assets\sound\SongGame.wav
โหลดไฟล์เสียงสำเร็จ: SongGame.wav
เล่นเสียงแบบวนซ้ำ: SongGame
โหลดไฟล์จาก: C:\Users\rm\Desktop\OOP 2ed Semester\Mak Neeb Game 4\Java-OOP-CS30-KMITL\assets\icon\AppIcon.png
เล่นเสียง: select
เล่นเสียง: select
เล่นเสียง: select
หยุดเสียง: SongGame
เล่นเสียง: start
GameController set, isWhiteTurn: true
GameController: InfoPanel set
InfoPanel: Updating piece count - White: 8/0, Black: 8/0
GameController set, isWhiteTurn: true
โหลดไฟล์จาก: C:\Users\rm\Desktop\OOP 2ed Semester\Mak Neeb Game 4\Java-OOP-CS30-KMITL\assets\icon\AppIcon.png
โหลดไฟล์จาก: C:\Users\rm\Desktop\OOP 2ed Semester\Mak Neeb Game 4\Java-OOP-CS30-KMITL\assets\Rok\Rok.png
โหลดไฟล์จาก: C:\Users\rm\Desktop\OOP 2ed Semester\Mak Neeb Game 4\Java-OOP-CS30-KMITL\assets\Rok\Rok.png
โหลดไฟล์จาก: C:\Users\rm\Desktop\OOP 2ed Semester\Mak Neeb Game 4\Java-OOP-CS30-KMITL\assets\Rok\Rok.png
โหลดไฟล์จาก: C:\Users\rm\Desktop\OOP 2ed Semester\Mak Neeb Game 4\Java-OOP-CS30-KMITL\assets\Rok\Rok.png
โหลดไฟล์จาก: C:\Users\rm\Desktop\OOP 2ed Semester\Mak Neeb Game 4\Java-OOP-CS30-KMITL\assets\Rok\Rok.png
โหลดไฟล์จาก: C:\Users\rm\Desktop\OOP 2ed Semester\Mak Neeb Game 4\Java-OOP-CS30-KMITL\assets\Rok\Rok.png
โหลดไฟล์จาก: C:\Users\rm\Desktop\OOP 2ed Semester\Mak Neeb Game 4\Java-OOP-CS30-KMITL\assets\Rok\Rok.png
โหลดไฟล์จาก: C:\Users\rm\Desktop\OOP 2ed Semester\Mak Neeb Game 4\Java-OOP-CS30-KMITL\assets\Rok\Rok.png
โหลดไฟล์จาก: C:\Users\rm\Desktop\OOP 2ed Semester\Mak Neeb Game 4\Java-OOP-CS30-KMITL\assets\Rok\Rok.png
โหลดไฟล์จาก: C:\Users\rm\Desktop\OOP 2ed Semester\Mak Neeb Game 4\Java-OOP-CS30-KMITL\assets\Rok\Rok.png
โหลดไฟล์จาก: C:\Users\rm\Desktop\OOP 2ed Semester\Mak Neeb Game 4\Java-OOP-CS30-KMITL\assets\Rok\Rok.png
โหลดไฟล์จาก: C:\Users\rm\Desktop\OOP 2ed Semester\Mak Neeb Game 4\Java-OOP-CS30-KMITL\assets\Rok\Rok.png
โหลดไฟล์จาก: C:\Users\rm\Desktop\OOP 2ed Semester\Mak Neeb Game 4\Java-OOP-CS30-KMITL\assets\Rok\Rok.png
โหลดไฟล์จาก: C:\Users\rm\Desktop\OOP 2ed Semester\Mak Neeb Game 4\Java-OOP-CS30-KMITL\assets\Rok\Rok.png
โหลดไฟล์จาก: C:\Users\rm\Desktop\OOP 2ed Semester\Mak Neeb Game 4\Java-OOP-CS30-KMITL\assets\Rok\Rok.png
โหลดไฟล์จาก: C:\Users\rm\Desktop\OOP 2ed Semester\Mak Neeb Game 4\Java-OOP-CS30-KMITL\assets\Rok\Rok.png
เล่นเสียง: select
White Time: 09:59 | Black Time: 10:00
White Time: 09:59 | Black Time: 10:00
White Time: 09:59 | Black Time: 10:00
เล่นเสียง: move
White Time: 09:59 | Black Time: 10:00
DEBUG GameFrame.recordMove: Recording move for WHITE with timeSpent=0
  Timer state: White time 599s remaining, Black time 600s remaining
  Total used times - White: 1s, Black: 0s
DEBUG: Initializing timers with White=1s, Black=0s
DEBUG: Adding move #1
White moved and took: 0s
MOVE DATA: WHITE moved from (7,5) to (4,5)
==== MOVE HISTORY DUMP ====
Move 1: White f1->f4 (took 0s), Black -->- (took 0s)
=========================
White Time: 09:59 | Black Time: 09:59
White Time: 09:58 | Black Time: 10:00
White Time: 09:58 | Black Time: 10:00
เล่นเสียง: select
White Time: 09:59 | Black Time: 09:58
White Time: 09:57 | Black Time: 10:00
White Time: 09:57 | Black Time: 10:00
เล่นเสียง: move
White Time: 09:59 | Black Time: 09:58
DEBUG GameFrame.recordMove: Recording move for BLACK with timeSpent=0
  Using last white move data
  Timer state: White time 597s remaining, Black time 600s remaining
  Total used times - White: 3s, Black: 0s
DEBUG: Adding move #2
White moved and took: 2s
Black moved and took: 0s
MOVE DATA: BLACK moved from (0,6) to (5,6)
==== MOVE HISTORY DUMP ====
Move 1: White f1->f4 (took 0s), Black -->- (took 0s)
Move 2: White f1->f4 (took 2s), Black g8->g3 (took 0s)
=========================
เล่นเสียง: select
White Time: 09:58 | Black Time: 09:58
White Time: 09:56 | Black Time: 10:00
White Time: 09:56 | Black Time: 10:00
เล่นเสียง: move
White Time: 09:58 | Black Time: 09:58
DEBUG GameFrame.recordMove: Recording move for WHITE with timeSpent=0
  Using last black move data
  Timer state: White time 596s remaining, Black time 600s remaining
  Total used times - White: 4s, Black: 0s
DEBUG: Adding move #3
White moved and took: 1s
Black moved and took: 0s
MOVE DATA: WHITE moved from (7,3) to (2,3)
==== MOVE HISTORY DUMP ====
Move 1: White f1->f4 (took 0s), Black -->- (took 0s)
Move 2: White f1->f4 (took 2s), Black g8->g3 (took 0s)
Move 3: White d1->d6 (took 1s), Black g8->g3 (took 0s)
=========================
White Time: 09:58 | Black Time: 09:57
White Time: 09:55 | Black Time: 10:00
เล่นเสียง: select
White Time: 09:55 | Black Time: 10:00
เล่นเสียง: error
White Time: 09:58 | Black Time: 09:56
White Time: 09:54 | Black Time: 10:00
White Time: 09:54 | Black Time: 10:00
White Time: 09:58 | Black Time: 09:55
White Time: 09:53 | Black Time: 10:00
White Time: 09:53 | Black Time: 10:00
White Time: 09:58 | Black Time: 09:54
White Time: 09:52 | Black Time: 10:00
White Time: 09:52 | Black Time: 10:00
White Time: 09:58 | Black Time: 09:53
White Time: 09:51 | Black Time: 10:00
White Time: 09:51 | Black Time: 10:00
White Time: 09:58 | Black Time: 09:52
White Time: 09:50 | Black Time: 10:00
White Time: 09:50 | Black Time: 10:00
เล่นเสียง: select
White Time: 09:58 | Black Time: 09:51
White Time: 09:49 | Black Time: 10:00
White Time: 09:49 | Black Time: 10:00
เล่นเสียง: move
White Time: 09:58 | Black Time: 09:51
DEBUG GameFrame.recordMove: Recording move for BLACK with timeSpent=0
  Using last white move data
  Timer state: White time 589s remaining, Black time 600s remaining
  Total used times - White: 11s, Black: 0s
DEBUG: Adding move #4
White moved and took: 7s
Black moved and took: 0s
MOVE DATA: BLACK moved from (5,6) to (5,5)
==== MOVE HISTORY DUMP ====
Move 1: White f1->f4 (took 0s), Black -->- (took 0s)
Move 2: White f1->f4 (took 2s), Black g8->g3 (took 0s)
Move 3: White d1->d6 (took 1s), Black g8->g3 (took 0s)
Move 4: White d1->d6 (took 7s), Black g3->f3 (took 0s)
=========================
เล่นเสียง: select
White Time: 09:57 | Black Time: 09:51
White Time: 09:48 | Black Time: 10:00
White Time: 09:48 | Black Time: 10:00
เล่นเสียง: move
White Time: 09:57 | Black Time: 09:51
DEBUG GameFrame.recordMove: Recording move for WHITE with timeSpent=0
  Using last black move data
  Timer state: White time 588s remaining, Black time 600s remaining
  Total used times - White: 12s, Black: 0s
DEBUG: Adding move #5
White moved and took: 1s
Black moved and took: 0s
MOVE DATA: WHITE moved from (4,5) to (1,5)
==== MOVE HISTORY DUMP ====
Move 1: White f1->f4 (took 0s), Black -->- (took 0s)
Move 2: White f1->f4 (took 2s), Black g8->g3 (took 0s)
Move 3: White d1->d6 (took 1s), Black g8->g3 (took 0s)
Move 4: White d1->d6 (took 7s), Black g3->f3 (took 0s)
Move 5: White f4->f7 (took 1s), Black g3->f3 (took 0s)
=========================
White Time: 09:57 | Black Time: 09:50
White Time: 09:47 | Black Time: 10:00
White Time: 09:47 | Black Time: 10:00
White Time: 09:57 | Black Time: 09:49
White Time: 09:46 | Black Time: 10:00
White Time: 09:46 | Black Time: 10:00
White Time: 09:57 | Black Time: 09:48
White Time: 09:45 | Black Time: 10:00
White Time: 09:45 | Black Time: 10:00
White Time: 09:57 | Black Time: 09:47
White Time: 09:44 | Black Time: 10:00
White Time: 09:44 | Black Time: 10:00
White Time: 09:57 | Black Time: 09:46
White Time: 09:43 | Black Time: 10:00
White Time: 09:43 | Black Time: 10:00
เล่นเสียง: select
เล่นเสียง: move
White Time: 09:57 | Black Time: 09:46
DEBUG GameFrame.recordMove: Recording move for BLACK with timeSpent=0
  Using last white move data
  Timer state: White time 583s remaining, Black time 600s remaining
  Total used times - White: 17s, Black: 0s
DEBUG: Adding move #6
White moved and took: 5s
Black moved and took: 0s
MOVE DATA: BLACK moved from (5,5) to (3,5)
==== MOVE HISTORY DUMP ====
Move 1: White f1->f4 (took 0s), Black -->- (took 0s)
Move 2: White f1->f4 (took 2s), Black g8->g3 (took 0s)
Move 3: White d1->d6 (took 1s), Black g8->g3 (took 0s)
Move 4: White d1->d6 (took 7s), Black g3->f3 (took 0s)
Move 5: White f4->f7 (took 1s), Black g3->f3 (took 0s)
Move 6: White f4->f7 (took 5s), Black f3->f5 (took 0s)
=========================
White Time: 09:56 | Black Time: 09:46
White Time: 09:42 | Black Time: 10:00
White Time: 09:42 | Black Time: 10:00
White Time: 09:55 | Black Time: 09:46
White Time: 09:41 | Black Time: 10:00
White Time: 09:41 | Black Time: 10:00
White Time: 09:54 | Black Time: 09:46
White Time: 09:40 | Black Time: 10:00
White Time: 09:40 | Black Time: 10:00
White Time: 09:53 | Black Time: 09:46
White Time: 09:39 | Black Time: 10:00
White Time: 09:39 | Black Time: 10:00
White Time: 09:52 | Black Time: 09:46
White Time: 09:38 | Black Time: 10:00
White Time: 09:38 | Black Time: 10:00
White Time: 09:51 | Black Time: 09:46
White Time: 09:37 | Black Time: 10:00
White Time: 09:37 | Black Time: 10:00
เล่นเสียง: select
White Time: 09:50 | Black Time: 09:46
White Time: 09:36 | Black Time: 10:00
White Time: 09:36 | Black Time: 10:00
เล่นเสียง: move
White Time: 09:50 | Black Time: 09:46
DEBUG GameFrame.recordMove: Recording move for WHITE with timeSpent=0
  Using last black move data
  Timer state: White time 576s remaining, Black time 600s remaining
  Total used times - White: 24s, Black: 0s
DEBUG: Adding move #7
White moved and took: 7s
Black moved and took: 0s
MOVE DATA: WHITE moved from (1,5) to (2,5)
==== MOVE HISTORY DUMP ====
Move 1: White f1->f4 (took 0s), Black -->- (took 0s)
Move 2: White f1->f4 (took 2s), Black g8->g3 (took 0s)
Move 3: White d1->d6 (took 1s), Black g8->g3 (took 0s)
Move 4: White d1->d6 (took 7s), Black g3->f3 (took 0s)
Move 5: White f4->f7 (took 1s), Black g3->f3 (took 0s)
Move 6: White f4->f7 (took 5s), Black f3->f5 (took 0s)
Move 7: White f7->f6 (took 7s), Black f3->f5 (took 0s)
=========================
White Time: 09:50 | Black Time: 09:45
White Time: 09:35 | Black Time: 10:00
White Time: 09:35 | Black Time: 10:00
White Time: 09:50 | Black Time: 09:44
White Time: 09:34 | Black Time: 10:00
White Time: 09:34 | Black Time: 10:00
เล่นเสียง: select
เล่นเสียง: move
White Time: 09:50 | Black Time: 09:44
DEBUG GameFrame.recordMove: Recording move for BLACK with timeSpent=0
  Using last white move data
  Timer state: White time 574s remaining, Black time 600s remaining
  Total used times - White: 26s, Black: 0s
DEBUG: Adding move #8
White moved and took: 2s
Black moved and took: 0s
MOVE DATA: BLACK moved from (3,5) to (3,6)
==== MOVE HISTORY DUMP ====
Move 1: White f1->f4 (took 0s), Black -->- (took 0s)
Move 2: White f1->f4 (took 2s), Black g8->g3 (took 0s)
Move 3: White d1->d6 (took 1s), Black g8->g3 (took 0s)
Move 4: White d1->d6 (took 7s), Black g3->f3 (took 0s)
Move 5: White f4->f7 (took 1s), Black g3->f3 (took 0s)
Move 6: White f4->f7 (took 5s), Black f3->f5 (took 0s)
Move 7: White f7->f6 (took 7s), Black f3->f5 (took 0s)
Move 8: White f7->f6 (took 2s), Black f5->g5 (took 0s)
=========================
White Time: 09:49 | Black Time: 09:44
White Time: 09:33 | Black Time: 10:00
White Time: 09:33 | Black Time: 10:00
White Time: 09:48 | Black Time: 09:44
White Time: 09:32 | Black Time: 10:00
White Time: 09:32 | Black Time: 10:00
White Time: 09:47 | Black Time: 09:44
White Time: 09:31 | Black Time: 10:00
White Time: 09:31 | Black Time: 10:00
White Time: 09:46 | Black Time: 09:44
White Time: 09:30 | Black Time: 10:00
White Time: 09:30 | Black Time: 10:00
เล่นเสียง: select
เล่นเสียง: move
White Time: 09:46 | Black Time: 09:44
DEBUG GameFrame.recordMove: Recording move for WHITE with timeSpent=0
  Using last black move data
  Timer state: White time 570s remaining, Black time 600s remaining
  Total used times - White: 30s, Black: 0s
DEBUG: Adding move #9
White moved and took: 4s
Black moved and took: 0s
MOVE DATA: WHITE moved from (2,5) to (4,5)
==== MOVE HISTORY DUMP ====
Move 1: White f1->f4 (took 0s), Black -->- (took 0s)
Move 2: White f1->f4 (took 2s), Black g8->g3 (took 0s)
Move 3: White d1->d6 (took 1s), Black g8->g3 (took 0s)
Move 4: White d1->d6 (took 7s), Black g3->f3 (took 0s)
Move 5: White f4->f7 (took 1s), Black g3->f3 (took 0s)
Move 6: White f4->f7 (took 5s), Black f3->f5 (took 0s)
Move 7: White f7->f6 (took 7s), Black f3->f5 (took 0s)
Move 8: White f7->f6 (took 2s), Black f5->g5 (took 0s)
Move 9: White f6->f4 (took 4s), Black f5->g5 (took 0s)
=========================
White Time: 09:46 | Black Time: 09:43
White Time: 09:29 | Black Time: 10:00
White Time: 09:29 | Black Time: 10:00
White Time: 09:46 | Black Time: 09:42
White Time: 09:28 | Black Time: 10:00
White Time: 09:28 | Black Time: 10:00
White Time: 09:46 | Black Time: 09:41
White Time: 09:27 | Black Time: 10:00
White Time: 09:27 | Black Time: 10:00
White Time: 09:46 | Black Time: 09:40
White Time: 09:26 | Black Time: 10:00
White Time: 09:26 | Black Time: 10:00
White Time: 09:46 | Black Time: 09:39
White Time: 09:25 | Black Time: 10:00
White Time: 09:25 | Black Time: 10:00
White Time: 09:46 | Black Time: 09:38
White Time: 09:24 | Black Time: 10:00
White Time: 09:24 | Black Time: 10:00
White Time: 09:46 | Black Time: 09:37
White Time: 09:23 | Black Time: 10:00
White Time: 09:23 | Black Time: 10:00
เล่นเสียง: select
White Time: 09:46 | Black Time: 09:36
White Time: 09:22 | Black Time: 10:00
White Time: 09:22 | Black Time: 10:00
เล่นเสียง: move
White Time: 09:46 | Black Time: 09:36
DEBUG GameFrame.recordMove: Recording move for BLACK with timeSpent=0
  Using last white move data
  Timer state: White time 562s remaining, Black time 600s remaining
  Total used times - White: 38s, Black: 0s
DEBUG: Adding move #10
White moved and took: 8s
Black moved and took: 0s
MOVE DATA: BLACK moved from (3,6) to (5,6)
==== MOVE HISTORY DUMP ====
Move 1: White f1->f4 (took 0s), Black -->- (took 0s)
Move 2: White f1->f4 (took 2s), Black g8->g3 (took 0s)
Move 3: White d1->d6 (took 1s), Black g8->g3 (took 0s)
Move 4: White d1->d6 (took 7s), Black g3->f3 (took 0s)
Move 5: White f4->f7 (took 1s), Black g3->f3 (took 0s)
Move 6: White f4->f7 (took 5s), Black f3->f5 (took 0s)
Move 7: White f7->f6 (took 7s), Black f3->f5 (took 0s)
Move 8: White f7->f6 (took 2s), Black f5->g5 (took 0s)
Move 9: White f6->f4 (took 4s), Black f5->g5 (took 0s)
Move 10: White f6->f4 (took 8s), Black g5->g3 (took 0s)
=========================
White Time: 09:45 | Black Time: 09:36
White Time: 09:21 | Black Time: 10:00
White Time: 09:21 | Black Time: 10:00
White Time: 09:44 | Black Time: 09:36
White Time: 09:20 | Black Time: 10:00
White Time: 09:20 | Black Time: 10:00
White Time: 09:43 | Black Time: 09:36
White Time: 09:19 | Black Time: 10:00
White Time: 09:19 | Black Time: 10:00
เล่นเสียง: select
เล่นเสียง: move
White Time: 09:43 | Black Time: 09:36
DEBUG GameFrame.recordMove: Recording move for WHITE with timeSpent=0
  Using last black move data
  Timer state: White time 559s remaining, Black time 600s remaining
  Total used times - White: 41s, Black: 0s
DEBUG: Adding move #11
White moved and took: 3s
Black moved and took: 0s
MOVE DATA: WHITE moved from (4,5) to (5,5)
==== MOVE HISTORY DUMP ====
Move 1: White f1->f4 (took 0s), Black -->- (took 0s)
Move 2: White f1->f4 (took 2s), Black g8->g3 (took 0s)
Move 3: White d1->d6 (took 1s), Black g8->g3 (took 0s)
Move 4: White d1->d6 (took 7s), Black g3->f3 (took 0s)
Move 5: White f4->f7 (took 1s), Black g3->f3 (took 0s)
Move 6: White f4->f7 (took 5s), Black f3->f5 (took 0s)
Move 7: White f7->f6 (took 7s), Black f3->f5 (took 0s)
Move 8: White f7->f6 (took 2s), Black f5->g5 (took 0s)
Move 9: White f6->f4 (took 4s), Black f5->g5 (took 0s)
Move 10: White f6->f4 (took 8s), Black g5->g3 (took 0s)
Move 11: White f4->f3 (took 3s), Black g5->g3 (took 0s)
=========================
White Time: 09:43 | Black Time: 09:35
White Time: 09:18 | Black Time: 10:00
White Time: 09:18 | Black Time: 10:00
เล่นเสียง: select
เล่นเสียง: move
White Time: 09:43 | Black Time: 09:35
DEBUG GameFrame.recordMove: Recording move for BLACK with timeSpent=0
  Using last white move data
  Timer state: White time 558s remaining, Black time 600s remaining
  Total used times - White: 42s, Black: 0s
DEBUG: Adding move #12
White moved and took: 1s
Black moved and took: 0s
MOVE DATA: BLACK moved from (5,6) to (4,6)
==== MOVE HISTORY DUMP ====
Move 1: White f1->f4 (took 0s), Black -->- (took 0s)
Move 2: White f1->f4 (took 2s), Black g8->g3 (took 0s)
Move 3: White d1->d6 (took 1s), Black g8->g3 (took 0s)
Move 4: White d1->d6 (took 7s), Black g3->f3 (took 0s)
Move 5: White f4->f7 (took 1s), Black g3->f3 (took 0s)
Move 6: White f4->f7 (took 5s), Black f3->f5 (took 0s)
Move 7: White f7->f6 (took 7s), Black f3->f5 (took 0s)
Move 8: White f7->f6 (took 2s), Black f5->g5 (took 0s)
Move 9: White f6->f4 (took 4s), Black f5->g5 (took 0s)
Move 10: White f6->f4 (took 8s), Black g5->g3 (took 0s)
Move 11: White f4->f3 (took 3s), Black g5->g3 (took 0s)
Move 12: White f4->f3 (took 1s), Black g3->g4 (took 0s)
=========================
White Time: 09:42 | Black Time: 09:35
White Time: 09:17 | Black Time: 10:00
White Time: 09:17 | Black Time: 10:00
White Time: 09:41 | Black Time: 09:35
White Time: 09:16 | Black Time: 10:00
White Time: 09:16 | Black Time: 10:00
White Time: 09:40 | Black Time: 09:35
White Time: 09:15 | Black Time: 10:00
White Time: 09:15 | Black Time: 10:00
White Time: 09:39 | Black Time: 09:35
White Time: 09:14 | Black Time: 10:00
White Time: 09:14 | Black Time: 10:00
เล่นเสียง: select
White Time: 09:38 | Black Time: 09:35
White Time: 09:13 | Black Time: 10:00
White Time: 09:13 | Black Time: 10:00
เล่นเสียง: move
White Time: 09:38 | Black Time: 09:35
DEBUG GameFrame.recordMove: Recording move for WHITE with timeSpent=0
  Using last black move data
  Timer state: White time 553s remaining, Black time 600s remaining
  Total used times - White: 47s, Black: 0s
DEBUG: Adding move #13
White moved and took: 5s
Black moved and took: 0s
MOVE DATA: WHITE moved from (5,5) to (6,5)
==== MOVE HISTORY DUMP ====
Move 1: White f1->f4 (took 0s), Black -->- (took 0s)
Move 2: White f1->f4 (took 2s), Black g8->g3 (took 0s)
Move 3: White d1->d6 (took 1s), Black g8->g3 (took 0s)
Move 4: White d1->d6 (took 7s), Black g3->f3 (took 0s)
Move 5: White f4->f7 (took 1s), Black g3->f3 (took 0s)
Move 6: White f4->f7 (took 5s), Black f3->f5 (took 0s)
Move 7: White f7->f6 (took 7s), Black f3->f5 (took 0s)
Move 8: White f7->f6 (took 2s), Black f5->g5 (took 0s)
Move 9: White f6->f4 (took 4s), Black f5->g5 (took 0s)
Move 10: White f6->f4 (took 8s), Black g5->g3 (took 0s)
Move 11: White f4->f3 (took 3s), Black g5->g3 (took 0s)
Move 12: White f4->f3 (took 1s), Black g3->g4 (took 0s)
Move 13: White f3->f2 (took 5s), Black g3->g4 (took 0s)
=========================
White Time: 09:38 | Black Time: 09:34
White Time: 09:12 | Black Time: 10:00
White Time: 09:12 | Black Time: 10:00
White Time: 09:38 | Black Time: 09:33
White Time: 09:11 | Black Time: 10:00
White Time: 09:11 | Black Time: 10:00
White Time: 09:38 | Black Time: 09:32
White Time: 09:10 | Black Time: 10:00
White Time: 09:10 | Black Time: 10:00
White Time: 09:38 | Black Time: 09:31
White Time: 09:09 | Black Time: 10:00
White Time: 09:09 | Black Time: 10:00
White Time: 09:38 | Black Time: 09:30
White Time: 09:08 | Black Time: 10:00
White Time: 09:08 | Black Time: 10:00
White Time: 09:38 | Black Time: 09:29
White Time: 09:07 | Black Time: 10:00
White Time: 09:07 | Black Time: 10:00
เล่นเสียง: select
White Time: 09:38 | Black Time: 09:28
White Time: 09:06 | Black Time: 10:00
White Time: 09:06 | Black Time: 10:00
เล่นเสียง: move
White Time: 09:38 | Black Time: 09:28
DEBUG GameFrame.recordMove: Recording move for BLACK with timeSpent=0
  Using last white move data
  Timer state: White time 546s remaining, Black time 600s remaining
  Total used times - White: 54s, Black: 0s
DEBUG: Adding move #14
White moved and took: 7s
Black moved and took: 0s
MOVE DATA: BLACK moved from (4,6) to (5,6)
==== MOVE HISTORY DUMP ====
Move 1: White f1->f4 (took 0s), Black -->- (took 0s)
Move 2: White f1->f4 (took 2s), Black g8->g3 (took 0s)
Move 3: White d1->d6 (took 1s), Black g8->g3 (took 0s)
Move 4: White d1->d6 (took 7s), Black g3->f3 (took 0s)
Move 5: White f4->f7 (took 1s), Black g3->f3 (took 0s)
Move 6: White f4->f7 (took 5s), Black f3->f5 (took 0s)
Move 7: White f7->f6 (took 7s), Black f3->f5 (took 0s)
Move 8: White f7->f6 (took 2s), Black f5->g5 (took 0s)
Move 9: White f6->f4 (took 4s), Black f5->g5 (took 0s)
Move 10: White f6->f4 (took 8s), Black g5->g3 (took 0s)
Move 11: White f4->f3 (took 3s), Black g5->g3 (took 0s)
Move 12: White f4->f3 (took 1s), Black g3->g4 (took 0s)
Move 13: White f3->f2 (took 5s), Black g3->g4 (took 0s)
Move 14: White f3->f2 (took 7s), Black g4->g3 (took 0s)
=========================
White Time: 09:37 | Black Time: 09:28
White Time: 09:05 | Black Time: 10:00
White Time: 09:05 | Black Time: 10:00
เล่นเสียง: select
White Time: 09:36 | Black Time: 09:28
White Time: 09:04 | Black Time: 10:00
White Time: 09:04 | Black Time: 10:00
เล่นเสียง: move
White Time: 09:36 | Black Time: 09:28
DEBUG GameFrame.recordMove: Recording move for WHITE with timeSpent=0
  Using last black move data
  Timer state: White time 544s remaining, Black time 600s remaining
  Total used times - White: 56s, Black: 0s
DEBUG: Adding move #15
White moved and took: 2s
Black moved and took: 0s
MOVE DATA: WHITE moved from (7,6) to (6,6)
==== MOVE HISTORY DUMP ====
Move 1: White f1->f4 (took 0s), Black -->- (took 0s)
Move 2: White f1->f4 (took 2s), Black g8->g3 (took 0s)
Move 3: White d1->d6 (took 1s), Black g8->g3 (took 0s)
Move 4: White d1->d6 (took 7s), Black g3->f3 (took 0s)
Move 5: White f4->f7 (took 1s), Black g3->f3 (took 0s)
Move 6: White f4->f7 (took 5s), Black f3->f5 (took 0s)
Move 7: White f7->f6 (took 7s), Black f3->f5 (took 0s)
Move 8: White f7->f6 (took 2s), Black f5->g5 (took 0s)
Move 9: White f6->f4 (took 4s), Black f5->g5 (took 0s)
Move 10: White f6->f4 (took 8s), Black g5->g3 (took 0s)
Move 11: White f4->f3 (took 3s), Black g5->g3 (took 0s)
Move 12: White f4->f3 (took 1s), Black g3->g4 (took 0s)
Move 13: White f3->f2 (took 5s), Black g3->g4 (took 0s)
Move 14: White f3->f2 (took 7s), Black g4->g3 (took 0s)
Move 15: White g1->g2 (took 2s), Black g4->g3 (took 0s)
=========================
White Time: 09:36 | Black Time: 09:27
White Time: 09:03 | Black Time: 10:00
White Time: 09:03 | Black Time: 10:00
White Time: 09:36 | Black Time: 09:26
White Time: 09:02 | Black Time: 10:00
White Time: 09:02 | Black Time: 10:00
White Time: 09:36 | Black Time: 09:25
White Time: 09:01 | Black Time: 10:00
White Time: 09:01 | Black Time: 10:00
เล่นเสียง: select
White Time: 09:36 | Black Time: 09:24
White Time: 09:00 | Black Time: 10:00
White Time: 09:00 | Black Time: 10:00
เล่นเสียง: move
White Time: 09:36 | Black Time: 09:24
DEBUG GameFrame.recordMove: Recording move for BLACK with timeSpent=0
  Using last white move data
  Timer state: White time 540s remaining, Black time 600s remaining
  Total used times - White: 60s, Black: 0s
DEBUG: Adding move #16
White moved and took: 4s
Black moved and took: 0s
MOVE DATA: BLACK moved from (5,6) to (5,3)
==== MOVE HISTORY DUMP ====
Move 1: White f1->f4 (took 0s), Black -->- (took 0s)
Move 2: White f1->f4 (took 2s), Black g8->g3 (took 0s)
Move 3: White d1->d6 (took 1s), Black g8->g3 (took 0s)
Move 4: White d1->d6 (took 7s), Black g3->f3 (took 0s)
Move 5: White f4->f7 (took 1s), Black g3->f3 (took 0s)
Move 6: White f4->f7 (took 5s), Black f3->f5 (took 0s)
Move 7: White f7->f6 (took 7s), Black f3->f5 (took 0s)
Move 8: White f7->f6 (took 2s), Black f5->g5 (took 0s)
Move 9: White f6->f4 (took 4s), Black f5->g5 (took 0s)
Move 10: White f6->f4 (took 8s), Black g5->g3 (took 0s)
Move 11: White f4->f3 (took 3s), Black g5->g3 (took 0s)
Move 12: White f4->f3 (took 1s), Black g3->g4 (took 0s)
Move 13: White f3->f2 (took 5s), Black g3->g4 (took 0s)
Move 14: White f3->f2 (took 7s), Black g4->g3 (took 0s)
Move 15: White g1->g2 (took 2s), Black g4->g3 (took 0s)
Move 16: White g1->g2 (took 4s), Black g3->d3 (took 0s)
=========================
White Time: 09:35 | Black Time: 09:24
White Time: 08:59 | Black Time: 10:00
White Time: 08:59 | Black Time: 10:00
White Time: 09:34 | Black Time: 09:24
White Time: 08:58 | Black Time: 10:00
White Time: 08:58 | Black Time: 10:00
White Time: 09:33 | Black Time: 09:24
White Time: 08:57 | Black Time: 10:00
White Time: 08:57 | Black Time: 10:00
White Time: 09:32 | Black Time: 09:24
White Time: 08:56 | Black Time: 10:00
White Time: 08:56 | Black Time: 10:00
White Time: 09:31 | Black Time: 09:24
White Time: 08:55 | Black Time: 10:00
White Time: 08:55 | Black Time: 10:00
White Time: 09:30 | Black Time: 09:24
White Time: 08:54 | Black Time: 10:00
White Time: 08:54 | Black Time: 10:00
White Time: 09:29 | Black Time: 09:24
White Time: 08:53 | Black Time: 10:00
White Time: 08:53 | Black Time: 10:00
White Time: 09:28 | Black Time: 09:24
White Time: 08:52 | Black Time: 10:00
White Time: 08:52 | Black Time: 10:00
White Time: 09:27 | Black Time: 09:24
White Time: 08:51 | Black Time: 10:00
White Time: 08:51 | Black Time: 10:00
White Time: 09:26 | Black Time: 09:24
White Time: 08:50 | Black Time: 10:00
White Time: 08:50 | Black Time: 10:00
White Time: 09:25 | Black Time: 09:24
White Time: 08:49 | Black Time: 10:00
White Time: 08:49 | Black Time: 10:00
White Time: 09:24 | Black Time: 09:24
White Time: 08:48 | Black Time: 10:00
White Time: 08:48 | Black Time: 10:00
White Time: 09:23 | Black Time: 09:24
White Time: 08:47 | Black Time: 10:00
White Time: 08:47 | Black Time: 10:00
White Time: 09:22 | Black Time: 09:24
White Time: 08:46 | Black Time: 10:00
White Time: 08:46 | Black Time: 10:00
White Time: 09:21 | Black Time: 09:24
White Time: 08:45 | Black Time: 10:00
White Time: 08:45 | Black Time: 10:00
White Time: 09:20 | Black Time: 09:24
White Time: 08:44 | Black Time: 10:00
White Time: 08:44 | Black Time: 10:00
White Time: 09:19 | Black Time: 09:24
White Time: 08:43 | Black Time: 10:00
White Time: 08:43 | Black Time: 10:00
White Time: 09:18 | Black Time: 09:24
White Time: 08:42 | Black Time: 10:00
White Time: 08:42 | Black Time: 10:00
White Time: 09:17 | Black Time: 09:24
White Time: 08:41 | Black Time: 10:00
White Time: 08:41 | Black Time: 10:00
White Time: 09:16 | Black Time: 09:24
White Time: 08:40 | Black Time: 10:00
White Time: 08:40 | Black Time: 10:00
White Time: 09:15 | Black Time: 09:24
White Time: 08:39 | Black Time: 10:00
White Time: 08:39 | Black Time: 10:00
White Time: 09:14 | Black Time: 09:24
White Time: 08:38 | Black Time: 10:00
White Time: 08:38 | Black Time: 10:00
White Time: 09:13 | Black Time: 09:24
White Time: 08:37 | Black Time: 10:00
White Time: 08:37 | Black Time: 10:00
White Time: 09:12 | Black Time: 09:24
White Time: 08:36 | Black Time: 10:00
White Time: 08:36 | Black Time: 10:00
White Time: 09:11 | Black Time: 09:24
White Time: 08:35 | Black Time: 10:00
White Time: 08:35 | Black Time: 10:00
White Time: 09:10 | Black Time: 09:24
White Time: 08:34 | Black Time: 10:00
White Time: 08:34 | Black Time: 10:00
White Time: 09:09 | Black Time: 09:24
White Time: 08:33 | Black Time: 10:00
White Time: 08:33 | Black Time: 10:00
White Time: 09:08 | Black Time: 09:24
White Time: 08:32 | Black Time: 10:00
White Time: 08:32 | Black Time: 10:00
White Time: 09:07 | Black Time: 09:24
White Time: 08:31 | Black Time: 10:00
White Time: 08:31 | Black Time: 10:00
