=== Application Started at Sun Mar 09 17:31:08 ICT 2025 ===
โหลดไฟล์จาก: C:\Users\rm\Desktop\OOP 2ed Semester\Mak Neeb Game 4\Java-OOP-CS30-KMITL\assets\icon\ICONKMITL.png
โหลดไฟล์จาก: C:\Users\rm\Desktop\OOP 2ed Semester\Mak Neeb Game 4\Java-OOP-CS30-KMITL\assets\icon\minimizeButton.png
โหลดไฟล์จาก: C:\Users\rm\Desktop\OOP 2ed Semester\Mak Neeb Game 4\Java-OOP-CS30-KMITL\assets\icon\resizeButton.png
โหลดไฟล์จาก: C:\Users\rm\Desktop\OOP 2ed Semester\Mak Neeb Game 4\Java-OOP-CS30-KMITL\assets\icon\closeButton.png
โหลดไฟล์จาก: C:\Users\rm\Desktop\OOP 2ed Semester\Mak Neeb Game 4\Java-OOP-CS30-KMITL\assets\background1.jpg
โหลดไฟล์จาก: C:\Users\rm\Desktop\OOP 2ed Semester\Mak Neeb Game 4\Java-OOP-CS30-KMITL\assets\icon\ICONKMITL.png
โหลดไฟล์จาก: C:\Users\rm\Desktop\OOP 2ed Semester\Mak Neeb Game 4\Java-OOP-CS30-KMITL\assets\Rok\Rok.png
พบไฟล์ที่: C:\Users\rm\Desktop\OOP 2ed Semester\Mak Neeb Game 4\Java-OOP-CS30-KMITL\assets\sound\select.wav
โหลดไฟล์เสียงสำเร็จ: select.wav
พบไฟล์ที่: C:\Users\rm\Desktop\OOP 2ed Semester\Mak Neeb Game 4\Java-OOP-CS30-KMITL\assets\sound\move.wav
โหลดไฟล์เสียงสำเร็จ: move.wav
พบไฟล์ที่: C:\Users\rm\Desktop\OOP 2ed Semester\Mak Neeb Game 4\Java-OOP-CS30-KMITL\assets\sound\capture.wav
โหลดไฟล์เสียงสำเร็จ: capture.wav
พบไฟล์ที่: C:\Users\rm\Desktop\OOP 2ed Semester\Mak Neeb Game 4\Java-OOP-CS30-KMITL\assets\sound\start.wav
โหลดไฟล์เสียงสำเร็จ: start.wav
พบไฟล์ที่: C:\Users\rm\Desktop\OOP 2ed Semester\Mak Neeb Game 4\Java-OOP-CS30-KMITL\assets\sound\error.wav
โหลดไฟล์เสียงสำเร็จ: error.wav
พบไฟล์ที่: C:\Users\rm\Desktop\OOP 2ed Semester\Mak Neeb Game 4\Java-OOP-CS30-KMITL\assets\sound\victory.wav
โหลดไฟล์เสียงสำเร็จ: victory.wav
พบไฟล์ที่: C:\Users\rm\Desktop\OOP 2ed Semester\Mak Neeb Game 4\Java-OOP-CS30-KMITL\assets\sound\SongGame.wav
โหลดไฟล์เสียงสำเร็จ: SongGame.wav
เล่นเสียงแบบวนซ้ำ: SongGame
โหลดไฟล์จาก: C:\Users\rm\Desktop\OOP 2ed Semester\Mak Neeb Game 4\Java-OOP-CS30-KMITL\assets\icon\AppIcon.png
เล่นเสียง: select
เล่นเสียง: select
เล่นเสียง: select
หยุดเสียง: SongGame
เล่นเสียง: start
GameController set, isWhiteTurn: true
GameController: InfoPanel set
InfoPanel: Updating piece count - White: 8/0, Black: 8/0
GameController set, isWhiteTurn: true
โหลดไฟล์จาก: C:\Users\rm\Desktop\OOP 2ed Semester\Mak Neeb Game 4\Java-OOP-CS30-KMITL\assets\icon\AppIcon.png
โหลดไฟล์จาก: C:\Users\rm\Desktop\OOP 2ed Semester\Mak Neeb Game 4\Java-OOP-CS30-KMITL\assets\Rok\Rok.png
โหลดไฟล์จาก: C:\Users\rm\Desktop\OOP 2ed Semester\Mak Neeb Game 4\Java-OOP-CS30-KMITL\assets\Rok\Rok.png
โหลดไฟล์จาก: C:\Users\rm\Desktop\OOP 2ed Semester\Mak Neeb Game 4\Java-OOP-CS30-KMITL\assets\Rok\Rok.png
โหลดไฟล์จาก: C:\Users\rm\Desktop\OOP 2ed Semester\Mak Neeb Game 4\Java-OOP-CS30-KMITL\assets\Rok\Rok.png
โหลดไฟล์จาก: C:\Users\rm\Desktop\OOP 2ed Semester\Mak Neeb Game 4\Java-OOP-CS30-KMITL\assets\Rok\Rok.png
โหลดไฟล์จาก: C:\Users\rm\Desktop\OOP 2ed Semester\Mak Neeb Game 4\Java-OOP-CS30-KMITL\assets\Rok\Rok.png
โหลดไฟล์จาก: C:\Users\rm\Desktop\OOP 2ed Semester\Mak Neeb Game 4\Java-OOP-CS30-KMITL\assets\Rok\Rok.png
โหลดไฟล์จาก: C:\Users\rm\Desktop\OOP 2ed Semester\Mak Neeb Game 4\Java-OOP-CS30-KMITL\assets\Rok\Rok.png
โหลดไฟล์จาก: C:\Users\rm\Desktop\OOP 2ed Semester\Mak Neeb Game 4\Java-OOP-CS30-KMITL\assets\Rok\Rok.png
โหลดไฟล์จาก: C:\Users\rm\Desktop\OOP 2ed Semester\Mak Neeb Game 4\Java-OOP-CS30-KMITL\assets\Rok\Rok.png
โหลดไฟล์จาก: C:\Users\rm\Desktop\OOP 2ed Semester\Mak Neeb Game 4\Java-OOP-CS30-KMITL\assets\Rok\Rok.png
โหลดไฟล์จาก: C:\Users\rm\Desktop\OOP 2ed Semester\Mak Neeb Game 4\Java-OOP-CS30-KMITL\assets\Rok\Rok.png
โหลดไฟล์จาก: C:\Users\rm\Desktop\OOP 2ed Semester\Mak Neeb Game 4\Java-OOP-CS30-KMITL\assets\Rok\Rok.png
โหลดไฟล์จาก: C:\Users\rm\Desktop\OOP 2ed Semester\Mak Neeb Game 4\Java-OOP-CS30-KMITL\assets\Rok\Rok.png
โหลดไฟล์จาก: C:\Users\rm\Desktop\OOP 2ed Semester\Mak Neeb Game 4\Java-OOP-CS30-KMITL\assets\Rok\Rok.png
โหลดไฟล์จาก: C:\Users\rm\Desktop\OOP 2ed Semester\Mak Neeb Game 4\Java-OOP-CS30-KMITL\assets\Rok\Rok.png
เล่นเสียง: select
White Time: 09:59 | Black Time: 10:00
White Time: 09:59 | Black Time: 10:00
White Time: 09:59 | Black Time: 10:00
เล่นเสียง: move
White Time: 09:59 | Black Time: 10:00
DEBUG GameFrame.recordMove: Recording move for WHITE with timeSpent=0
  Timer values: White elapsed=1, Black elapsed=0
DEBUG: Adding move #1 with times - White: 1s, Black: 0s
First move detected, initializing previous times to 0
Move 1: White time taken = 1s, Black time taken = 0s
Move 1 displaying - White time: 1s, Black time: - (Raw values: white=1, black=0)
White Time: 09:59 | Black Time: 09:59
White Time: 09:58 | Black Time: 10:00
White Time: 09:58 | Black Time: 10:00
เล่นเสียง: select
เล่นเสียง: move
White Time: 09:59 | Black Time: 09:59
DEBUG GameFrame.recordMove: Recording move for BLACK with timeSpent=0
  Using last white move time: 1
  Timer values: White elapsed=2, Black elapsed=0
DEBUG: Adding move #2 with times - White: 2s, Black: 0s
Move 2: White time taken = 1s, Black time taken = 0s
Move 1 displaying - White time: 1s, Black time: - (Raw values: white=1, black=0)
Move 2 displaying - White time: 1s, Black time: - (Raw values: white=1, black=0)
White Time: 09:58 | Black Time: 09:59
White Time: 09:57 | Black Time: 10:00
White Time: 09:57 | Black Time: 10:00
White Time: 09:57 | Black Time: 09:59
White Time: 09:56 | Black Time: 10:00
White Time: 09:56 | Black Time: 10:00
White Time: 09:56 | Black Time: 09:59
White Time: 09:55 | Black Time: 10:00
White Time: 09:55 | Black Time: 10:00
White Time: 09:55 | Black Time: 09:59
White Time: 09:54 | Black Time: 10:00
White Time: 09:54 | Black Time: 10:00
White Time: 09:54 | Black Time: 09:59
White Time: 09:53 | Black Time: 10:00
White Time: 09:53 | Black Time: 10:00
White Time: 09:53 | Black Time: 09:59
White Time: 09:52 | Black Time: 10:00
White Time: 09:52 | Black Time: 10:00
White Time: 09:52 | Black Time: 09:59
White Time: 09:51 | Black Time: 10:00
White Time: 09:51 | Black Time: 10:00
เล่นเสียง: select
White Time: 09:51 | Black Time: 09:59
White Time: 09:50 | Black Time: 10:00
White Time: 09:50 | Black Time: 10:00
เล่นเสียง: move
White Time: 09:51 | Black Time: 09:59
DEBUG GameFrame.recordMove: Recording move for WHITE with timeSpent=0
  Using last black move time: 0
  Timer values: White elapsed=10, Black elapsed=0
DEBUG: Adding move #3 with times - White: 10s, Black: 0s
Move 3: White time taken = 8s, Black time taken = 0s
Move 1 displaying - White time: 1s, Black time: - (Raw values: white=1, black=0)
Move 2 displaying - White time: 1s, Black time: - (Raw values: white=1, black=0)
Move 3 displaying - White time: 8s, Black time: - (Raw values: white=8, black=0)
White Time: 09:51 | Black Time: 09:58
White Time: 09:49 | Black Time: 10:00
White Time: 09:49 | Black Time: 10:00
White Time: 09:51 | Black Time: 09:57
White Time: 09:48 | Black Time: 10:00
White Time: 09:48 | Black Time: 10:00
White Time: 09:51 | Black Time: 09:56
White Time: 09:47 | Black Time: 10:00
White Time: 09:47 | Black Time: 10:00
White Time: 09:51 | Black Time: 09:55
White Time: 09:46 | Black Time: 10:00
White Time: 09:46 | Black Time: 10:00
เล่นเสียง: select
White Time: 09:51 | Black Time: 09:54
White Time: 09:45 | Black Time: 10:00
เล่นเสียง: move
White Time: 09:51 | Black Time: 09:54
DEBUG GameFrame.recordMove: Recording move for BLACK with timeSpent=0
  Using last white move time: 10
  Timer values: White elapsed=15, Black elapsed=0
DEBUG: Adding move #4 with times - White: 15s, Black: 0s
Move 4: White time taken = 5s, Black time taken = 0s
Move 1 displaying - White time: 1s, Black time: - (Raw values: white=1, black=0)
Move 2 displaying - White time: 1s, Black time: - (Raw values: white=1, black=0)
Move 3 displaying - White time: 8s, Black time: - (Raw values: white=8, black=0)
Move 4 displaying - White time: 5s, Black time: - (Raw values: white=5, black=0)
White Time: 09:45 | Black Time: 10:00
White Time: 09:50 | Black Time: 09:54
White Time: 09:44 | Black Time: 10:00
White Time: 09:44 | Black Time: 10:00
White Time: 09:49 | Black Time: 09:54
White Time: 09:43 | Black Time: 10:00
White Time: 09:43 | Black Time: 10:00
White Time: 09:48 | Black Time: 09:54
White Time: 09:42 | Black Time: 10:00
White Time: 09:42 | Black Time: 10:00
White Time: 09:47 | Black Time: 09:54
White Time: 09:41 | Black Time: 10:00
White Time: 09:41 | Black Time: 10:00
White Time: 09:46 | Black Time: 09:54
White Time: 09:40 | Black Time: 10:00
White Time: 09:40 | Black Time: 10:00
เล่นเสียง: select
เล่นเสียง: move
White Time: 09:46 | Black Time: 09:54
DEBUG GameFrame.recordMove: Recording move for WHITE with timeSpent=0
  Using last black move time: 0
  Timer values: White elapsed=20, Black elapsed=0
DEBUG: Adding move #5 with times - White: 20s, Black: 0s
Move 5: White time taken = 5s, Black time taken = 0s
Move 1 displaying - White time: 1s, Black time: - (Raw values: white=1, black=0)
Move 2 displaying - White time: 1s, Black time: - (Raw values: white=1, black=0)
Move 3 displaying - White time: 8s, Black time: - (Raw values: white=8, black=0)
Move 4 displaying - White time: 5s, Black time: - (Raw values: white=5, black=0)
Move 5 displaying - White time: 5s, Black time: - (Raw values: white=5, black=0)
White Time: 09:46 | Black Time: 09:53
White Time: 09:39 | Black Time: 10:00
White Time: 09:39 | Black Time: 10:00
White Time: 09:46 | Black Time: 09:52
White Time: 09:38 | Black Time: 10:00
White Time: 09:38 | Black Time: 10:00
เล่นเสียง: select
White Time: 09:46 | Black Time: 09:51
White Time: 09:37 | Black Time: 10:00
White Time: 09:37 | Black Time: 10:00
เล่นเสียง: move
White Time: 09:46 | Black Time: 09:51
DEBUG GameFrame.recordMove: Recording move for BLACK with timeSpent=0
  Using last white move time: 20
  Timer values: White elapsed=23, Black elapsed=0
DEBUG: Adding move #6 with times - White: 23s, Black: 0s
Move 6: White time taken = 3s, Black time taken = 0s
Move 1 displaying - White time: 1s, Black time: - (Raw values: white=1, black=0)
Move 2 displaying - White time: 1s, Black time: - (Raw values: white=1, black=0)
Move 3 displaying - White time: 8s, Black time: - (Raw values: white=8, black=0)
Move 4 displaying - White time: 5s, Black time: - (Raw values: white=5, black=0)
Move 5 displaying - White time: 5s, Black time: - (Raw values: white=5, black=0)
Move 6 displaying - White time: 3s, Black time: - (Raw values: white=3, black=0)
White Time: 09:45 | Black Time: 09:51
White Time: 09:36 | Black Time: 10:00
White Time: 09:36 | Black Time: 10:00
White Time: 09:44 | Black Time: 09:51
เล่นเสียง: select
White Time: 09:35 | Black Time: 10:00
White Time: 09:35 | Black Time: 10:00
เล่นเสียง: move
White Time: 09:44 | Black Time: 09:51
DEBUG GameFrame.recordMove: Recording move for WHITE with timeSpent=0
  Using last black move time: 0
  Timer values: White elapsed=25, Black elapsed=0
DEBUG: Adding move #7 with times - White: 25s, Black: 0s
Move 7: White time taken = 2s, Black time taken = 0s
Move 1 displaying - White time: 1s, Black time: - (Raw values: white=1, black=0)
Move 2 displaying - White time: 1s, Black time: - (Raw values: white=1, black=0)
Move 3 displaying - White time: 8s, Black time: - (Raw values: white=8, black=0)
Move 4 displaying - White time: 5s, Black time: - (Raw values: white=5, black=0)
Move 5 displaying - White time: 5s, Black time: - (Raw values: white=5, black=0)
Move 6 displaying - White time: 3s, Black time: - (Raw values: white=3, black=0)
Move 7 displaying - White time: 2s, Black time: - (Raw values: white=2, black=0)
เล่นเสียง: select
White Time: 09:44 | Black Time: 09:50
White Time: 09:34 | Black Time: 10:00
เล่นเสียง: move
White Time: 09:44 | Black Time: 09:50
DEBUG GameFrame.recordMove: Recording move for BLACK with timeSpent=0
  Using last white move time: 25
  Timer values: White elapsed=26, Black elapsed=0
DEBUG: Adding move #8 with times - White: 26s, Black: 0s
Move 8: White time taken = 1s, Black time taken = 0s
Move 1 displaying - White time: 1s, Black time: - (Raw values: white=1, black=0)
Move 2 displaying - White time: 1s, Black time: - (Raw values: white=1, black=0)
Move 3 displaying - White time: 8s, Black time: - (Raw values: white=8, black=0)
Move 4 displaying - White time: 5s, Black time: - (Raw values: white=5, black=0)
Move 5 displaying - White time: 5s, Black time: - (Raw values: white=5, black=0)
Move 6 displaying - White time: 3s, Black time: - (Raw values: white=3, black=0)
Move 7 displaying - White time: 2s, Black time: - (Raw values: white=2, black=0)
Move 8 displaying - White time: 1s, Black time: - (Raw values: white=1, black=0)
White Time: 09:34 | Black Time: 10:00
White Time: 09:43 | Black Time: 09:50
White Time: 09:33 | Black Time: 10:00
White Time: 09:33 | Black Time: 10:00
White Time: 09:42 | Black Time: 09:50
เล่นเสียง: select
White Time: 09:32 | Black Time: 10:00
White Time: 09:32 | Black Time: 10:00
เล่นเสียง: move
White Time: 09:42 | Black Time: 09:50
DEBUG GameFrame.recordMove: Recording move for WHITE with timeSpent=0
  Using last black move time: 0
  Timer values: White elapsed=28, Black elapsed=0
DEBUG: Adding move #9 with times - White: 28s, Black: 0s
Move 9: White time taken = 2s, Black time taken = 0s
Move 1 displaying - White time: 1s, Black time: - (Raw values: white=1, black=0)
Move 2 displaying - White time: 1s, Black time: - (Raw values: white=1, black=0)
Move 3 displaying - White time: 8s, Black time: - (Raw values: white=8, black=0)
Move 4 displaying - White time: 5s, Black time: - (Raw values: white=5, black=0)
Move 5 displaying - White time: 5s, Black time: - (Raw values: white=5, black=0)
Move 6 displaying - White time: 3s, Black time: - (Raw values: white=3, black=0)
Move 7 displaying - White time: 2s, Black time: - (Raw values: white=2, black=0)
Move 8 displaying - White time: 1s, Black time: - (Raw values: white=1, black=0)
Move 9 displaying - White time: 2s, Black time: - (Raw values: white=2, black=0)
White Time: 09:42 | Black Time: 09:49
White Time: 09:31 | Black Time: 10:00
White Time: 09:31 | Black Time: 10:00
White Time: 09:42 | Black Time: 09:48
White Time: 09:30 | Black Time: 10:00
White Time: 09:30 | Black Time: 10:00
เล่นเสียง: select
White Time: 09:42 | Black Time: 09:47
White Time: 09:29 | Black Time: 10:00
White Time: 09:29 | Black Time: 10:00
เล่นเสียง: move
White Time: 09:42 | Black Time: 09:47
DEBUG GameFrame.recordMove: Recording move for BLACK with timeSpent=0
  Using last white move time: 28
  Timer values: White elapsed=31, Black elapsed=0
DEBUG: Adding move #10 with times - White: 31s, Black: 0s
Move 10: White time taken = 3s, Black time taken = 0s
Move 1 displaying - White time: 1s, Black time: - (Raw values: white=1, black=0)
Move 2 displaying - White time: 1s, Black time: - (Raw values: white=1, black=0)
Move 3 displaying - White time: 8s, Black time: - (Raw values: white=8, black=0)
Move 4 displaying - White time: 5s, Black time: - (Raw values: white=5, black=0)
Move 5 displaying - White time: 5s, Black time: - (Raw values: white=5, black=0)
Move 6 displaying - White time: 3s, Black time: - (Raw values: white=3, black=0)
Move 7 displaying - White time: 2s, Black time: - (Raw values: white=2, black=0)
Move 8 displaying - White time: 1s, Black time: - (Raw values: white=1, black=0)
Move 9 displaying - White time: 2s, Black time: - (Raw values: white=2, black=0)
Move 10 displaying - White time: 3s, Black time: - (Raw values: white=3, black=0)
White Time: 09:41 | Black Time: 09:47
White Time: 09:28 | Black Time: 10:00
White Time: 09:28 | Black Time: 10:00
White Time: 09:40 | Black Time: 09:47
White Time: 09:27 | Black Time: 10:00
White Time: 09:27 | Black Time: 10:00
White Time: 09:39 | Black Time: 09:47
White Time: 09:26 | Black Time: 10:00
White Time: 09:26 | Black Time: 10:00
White Time: 09:38 | Black Time: 09:47
White Time: 09:25 | Black Time: 10:00
White Time: 09:25 | Black Time: 10:00
White Time: 09:37 | Black Time: 09:47
White Time: 09:24 | Black Time: 10:00
White Time: 09:24 | Black Time: 10:00
White Time: 09:36 | Black Time: 09:47
White Time: 09:23 | Black Time: 10:00
White Time: 09:23 | Black Time: 10:00
White Time: 09:35 | Black Time: 09:47
White Time: 09:22 | Black Time: 10:00
White Time: 09:22 | Black Time: 10:00
White Time: 09:34 | Black Time: 09:47
White Time: 09:21 | Black Time: 10:00
White Time: 09:21 | Black Time: 10:00
White Time: 09:33 | Black Time: 09:47
White Time: 09:20 | Black Time: 10:00
White Time: 09:20 | Black Time: 10:00
เล่นเสียง: select
เล่นเสียง: move
White Time: 09:33 | Black Time: 09:47
DEBUG GameFrame.recordMove: Recording move for WHITE with timeSpent=0
  Using last black move time: 0
  Timer values: White elapsed=40, Black elapsed=0
DEBUG: Adding move #11 with times - White: 40s, Black: 0s
Move 11: White time taken = 9s, Black time taken = 0s
Move 1 displaying - White time: 1s, Black time: - (Raw values: white=1, black=0)
Move 2 displaying - White time: 1s, Black time: - (Raw values: white=1, black=0)
Move 3 displaying - White time: 8s, Black time: - (Raw values: white=8, black=0)
Move 4 displaying - White time: 5s, Black time: - (Raw values: white=5, black=0)
Move 5 displaying - White time: 5s, Black time: - (Raw values: white=5, black=0)
Move 6 displaying - White time: 3s, Black time: - (Raw values: white=3, black=0)
Move 7 displaying - White time: 2s, Black time: - (Raw values: white=2, black=0)
Move 8 displaying - White time: 1s, Black time: - (Raw values: white=1, black=0)
Move 9 displaying - White time: 2s, Black time: - (Raw values: white=2, black=0)
Move 10 displaying - White time: 3s, Black time: - (Raw values: white=3, black=0)
Move 11 displaying - White time: 9s, Black time: - (Raw values: white=9, black=0)
White Time: 09:33 | Black Time: 09:46
White Time: 09:19 | Black Time: 10:00
White Time: 09:19 | Black Time: 10:00
White Time: 09:33 | Black Time: 09:45
White Time: 09:18 | Black Time: 10:00
White Time: 09:18 | Black Time: 10:00
White Time: 09:33 | Black Time: 09:44
White Time: 09:17 | Black Time: 10:00
White Time: 09:17 | Black Time: 10:00
White Time: 09:33 | Black Time: 09:43
White Time: 09:16 | Black Time: 10:00
White Time: 09:16 | Black Time: 10:00
White Time: 09:33 | Black Time: 09:42
White Time: 09:15 | Black Time: 10:00
White Time: 09:15 | Black Time: 10:00
White Time: 09:33 | Black Time: 09:41
White Time: 09:14 | Black Time: 10:00
White Time: 09:14 | Black Time: 10:00
White Time: 09:33 | Black Time: 09:40
White Time: 09:13 | Black Time: 10:00
White Time: 09:13 | Black Time: 10:00
White Time: 09:33 | Black Time: 09:39
White Time: 09:12 | Black Time: 10:00
White Time: 09:12 | Black Time: 10:00
White Time: 09:33 | Black Time: 09:38
White Time: 09:11 | Black Time: 10:00
White Time: 09:11 | Black Time: 10:00
White Time: 09:33 | Black Time: 09:37
White Time: 09:10 | Black Time: 10:00
White Time: 09:10 | Black Time: 10:00
