=== Application Started at Mon Mar 10 18:06:59 ICT 2025 ===
โหลดไฟล์จาก: C:\Users\rm\Desktop\OOP 2ed Semester\Mak Neeb Game 5\Java-OOP-CS30-KMITL\assets\icon\ICONKMITL.png
โหลดไฟล์จาก: C:\Users\rm\Desktop\OOP 2ed Semester\Mak Neeb Game 5\Java-OOP-CS30-KMITL\assets\icon\minimizeButton.png
โหลดไฟล์จาก: C:\Users\rm\Desktop\OOP 2ed Semester\Mak Neeb Game 5\Java-OOP-CS30-KMITL\assets\icon\resizeButton.png
โหลดไฟล์จาก: C:\Users\rm\Desktop\OOP 2ed Semester\Mak Neeb Game 5\Java-OOP-CS30-KMITL\assets\icon\closeButton.png
โหลดไฟล์จาก: C:\Users\rm\Desktop\OOP 2ed Semester\Mak Neeb Game 5\Java-OOP-CS30-KMITL\assets\background1.jpg
โหลดไฟล์จาก: C:\Users\rm\Desktop\OOP 2ed Semester\Mak Neeb Game 5\Java-OOP-CS30-KMITL\assets\icon\ICONKMITL.png
โหลดไฟล์จาก: C:\Users\rm\Desktop\OOP 2ed Semester\Mak Neeb Game 5\Java-OOP-CS30-KMITL\assets\Rok\Rok.png
พบไฟล์ที่: C:\Users\rm\Desktop\OOP 2ed Semester\Mak Neeb Game 5\Java-OOP-CS30-KMITL\assets\sound\select.wav
โหลดไฟล์เสียงสำเร็จ: select.wav
พบไฟล์ที่: C:\Users\rm\Desktop\OOP 2ed Semester\Mak Neeb Game 5\Java-OOP-CS30-KMITL\assets\sound\move.wav
โหลดไฟล์เสียงสำเร็จ: move.wav
พบไฟล์ที่: C:\Users\rm\Desktop\OOP 2ed Semester\Mak Neeb Game 5\Java-OOP-CS30-KMITL\assets\sound\capture.wav
โหลดไฟล์เสียงสำเร็จ: capture.wav
พบไฟล์ที่: C:\Users\rm\Desktop\OOP 2ed Semester\Mak Neeb Game 5\Java-OOP-CS30-KMITL\assets\sound\start.wav
โหลดไฟล์เสียงสำเร็จ: start.wav
พบไฟล์ที่: C:\Users\rm\Desktop\OOP 2ed Semester\Mak Neeb Game 5\Java-OOP-CS30-KMITL\assets\sound\error.wav
โหลดไฟล์เสียงสำเร็จ: error.wav
พบไฟล์ที่: C:\Users\rm\Desktop\OOP 2ed Semester\Mak Neeb Game 5\Java-OOP-CS30-KMITL\assets\sound\victory.wav
โหลดไฟล์เสียงสำเร็จ: victory.wav
พบไฟล์ที่: C:\Users\rm\Desktop\OOP 2ed Semester\Mak Neeb Game 5\Java-OOP-CS30-KMITL\assets\sound\SongGame.wav
โหลดไฟล์เสียงสำเร็จ: SongGame.wav
เล่นเสียงแบบวนซ้ำ: SongGame
โหลดไฟล์จาก: C:\Users\rm\Desktop\OOP 2ed Semester\Mak Neeb Game 5\Java-OOP-CS30-KMITL\assets\icon\AppIcon.png
เล่นเสียง: select
เล่นเสียง: select
เล่นเสียง: select
เล่นเสียง: select
เล่นเสียง: select
เล่นเสียง: select
เล่นเสียง: select
เล่นเสียง: select
เล่นเสียง: select
เล่นเสียง: select
เล่นเสียง: select
เล่นเสียง: select
เล่นเสียง: select
เล่นเสียง: select
เล่นเสียง: select
เล่นเสียง: select
เล่นเสียง: select
เล่นเสียง: select
เล่นเสียง: select
เล่นเสียง: select
เล่นเสียง: select
เล่นเสียง: select
เล่นเสียง: select
หยุดเสียง: SongGame
เล่นเสียง: start
GameController set, isWhiteTurn: true
GameController: InfoPanel set
InfoPanel: Updating piece count - White: 8/0, Black: 8/0
GameController set, isWhiteTurn: true
โหลดไฟล์จาก: C:\Users\rm\Desktop\OOP 2ed Semester\Mak Neeb Game 5\Java-OOP-CS30-KMITL\assets\icon\AppIcon.png
โหลดไฟล์จาก: C:\Users\rm\Desktop\OOP 2ed Semester\Mak Neeb Game 5\Java-OOP-CS30-KMITL\assets\Rok\Rok.png
โหลดไฟล์จาก: C:\Users\rm\Desktop\OOP 2ed Semester\Mak Neeb Game 5\Java-OOP-CS30-KMITL\assets\Rok\Rok.png
โหลดไฟล์จาก: C:\Users\rm\Desktop\OOP 2ed Semester\Mak Neeb Game 5\Java-OOP-CS30-KMITL\assets\Rok\Rok.png
โหลดไฟล์จาก: C:\Users\rm\Desktop\OOP 2ed Semester\Mak Neeb Game 5\Java-OOP-CS30-KMITL\assets\Rok\Rok.png
โหลดไฟล์จาก: C:\Users\rm\Desktop\OOP 2ed Semester\Mak Neeb Game 5\Java-OOP-CS30-KMITL\assets\Rok\Rok.png
โหลดไฟล์จาก: C:\Users\rm\Desktop\OOP 2ed Semester\Mak Neeb Game 5\Java-OOP-CS30-KMITL\assets\Rok\Rok.png
โหลดไฟล์จาก: C:\Users\rm\Desktop\OOP 2ed Semester\Mak Neeb Game 5\Java-OOP-CS30-KMITL\assets\Rok\Rok.png
โหลดไฟล์จาก: C:\Users\rm\Desktop\OOP 2ed Semester\Mak Neeb Game 5\Java-OOP-CS30-KMITL\assets\Rok\Rok.png
โหลดไฟล์จาก: C:\Users\rm\Desktop\OOP 2ed Semester\Mak Neeb Game 5\Java-OOP-CS30-KMITL\assets\Rok\Rok.png
โหลดไฟล์จาก: C:\Users\rm\Desktop\OOP 2ed Semester\Mak Neeb Game 5\Java-OOP-CS30-KMITL\assets\Rok\Rok.png
โหลดไฟล์จาก: C:\Users\rm\Desktop\OOP 2ed Semester\Mak Neeb Game 5\Java-OOP-CS30-KMITL\assets\Rok\Rok.png
โหลดไฟล์จาก: C:\Users\rm\Desktop\OOP 2ed Semester\Mak Neeb Game 5\Java-OOP-CS30-KMITL\assets\Rok\Rok.png
โหลดไฟล์จาก: C:\Users\rm\Desktop\OOP 2ed Semester\Mak Neeb Game 5\Java-OOP-CS30-KMITL\assets\Rok\Rok.png
โหลดไฟล์จาก: C:\Users\rm\Desktop\OOP 2ed Semester\Mak Neeb Game 5\Java-OOP-CS30-KMITL\assets\Rok\Rok.png
โหลดไฟล์จาก: C:\Users\rm\Desktop\OOP 2ed Semester\Mak Neeb Game 5\Java-OOP-CS30-KMITL\assets\Rok\Rok.png
โหลดไฟล์จาก: C:\Users\rm\Desktop\OOP 2ed Semester\Mak Neeb Game 5\Java-OOP-CS30-KMITL\assets\Rok\Rok.png
เล่นเสียง: select
White Time: 09:59 | Black Time: 10:00
White Time: 09:59 | Black Time: 10:00
White Time: 09:59 | Black Time: 10:00
เล่นเสียง: move
White Time: 09:59 | Black Time: 10:00
DEBUG GameFrame.recordMove: Recording move for WHITE with timeSpent=0
  Timer state: White time 599s remaining, Black time 600s remaining
  Total used times - White: 1s, Black: 0s
DEBUG: Initializing timers with White=0s, Black=0s
DEBUG: Adding move #1 - White time: 1s, Black time: 0s
First move - initializing previous times to 0
White moved and took: 1s
MOVE DATA: WHITE moved from (7,4) to (4,4)
==== MOVE HISTORY DUMP ====
Move 1: White e1->e4 (took 1s), Black -->- (took 0s)
=========================
White Time: 09:59 | Black Time: 09:59
White Time: 09:58 | Black Time: 10:00
White Time: 09:58 | Black Time: 10:00
เล่นเสียง: select
White Time: 09:59 | Black Time: 09:58
White Time: 09:57 | Black Time: 10:00
White Time: 09:57 | Black Time: 10:00
เล่นเสียง: move
White Time: 09:59 | Black Time: 09:58
DEBUG GameFrame.recordMove: Recording move for BLACK with timeSpent=0
  Using last white move data
  Timer state: White time 597s remaining, Black time 600s remaining
  Total used times - White: 3s, Black: 0s
DEBUG: Adding move #2 - White time: 3s, Black time: 0s
White moved and took: 2s
Black moved and took: 0s
MOVE DATA: BLACK moved from (0,5) to (4,5)
==== MOVE HISTORY DUMP ====
Move 1: White e1->e4 (took 1s), Black -->- (took 0s)
Move 2: White e1->e4 (took 2s), Black f8->f4 (took 0s)
=========================
After BLACK move - ensuring timer is running
White Time: 09:58 | Black Time: 09:58
White Time: 09:56 | Black Time: 10:00
White Time: 09:56 | Black Time: 10:00
White Time: 09:57 | Black Time: 09:58
White Time: 09:55 | Black Time: 10:00
White Time: 09:55 | Black Time: 10:00
White Time: 09:56 | Black Time: 09:58
White Time: 09:54 | Black Time: 10:00
White Time: 09:54 | Black Time: 10:00
White Time: 09:55 | Black Time: 09:58
White Time: 09:53 | Black Time: 10:00
White Time: 09:53 | Black Time: 10:00
White Time: 09:54 | Black Time: 09:58
White Time: 09:52 | Black Time: 10:00
White Time: 09:52 | Black Time: 10:00
เล่นเสียง: select
เล่นเสียง: select
White Time: 09:53 | Black Time: 09:58
White Time: 09:51 | Black Time: 10:00
White Time: 09:51 | Black Time: 10:00
White Time: 09:52 | Black Time: 09:58
White Time: 09:50 | Black Time: 10:00
White Time: 09:50 | Black Time: 10:00
เล่นเสียง: error
White Time: 09:51 | Black Time: 09:58
White Time: 09:49 | Black Time: 10:00
White Time: 09:49 | Black Time: 10:00
White Time: 09:50 | Black Time: 09:58
White Time: 09:48 | Black Time: 10:00
White Time: 09:48 | Black Time: 10:00
เล่นเสียง: select
เล่นเสียง: select
White Time: 09:49 | Black Time: 09:58
White Time: 09:47 | Black Time: 10:00
White Time: 09:47 | Black Time: 10:00
InfoPanel: Updating piece count - White: 8/0, Black: 7/1
เล่นเสียง: capture
White Time: 09:49 | Black Time: 09:58
DEBUG GameFrame.recordMove: Recording move for WHITE with timeSpent=0
  Using last black move data
  Timer state: White time 587s remaining, Black time 600s remaining
  Total used times - White: 13s, Black: 0s
DEBUG: Adding move #3 - White time: 13s, Black time: 0s
White moved and took: 10s
Black moved and took: 0s
MOVE DATA: WHITE moved from (7,6) to (4,6)
==== MOVE HISTORY DUMP ====
Move 1: White e1->e4 (took 1s), Black -->- (took 0s)
Move 2: White e1->e4 (took 2s), Black f8->f4 (took 0s)
Move 3: White g1->g4 (took 10s), Black f8->f4 (took 0s)
=========================
White Time: 09:49 | Black Time: 09:57
เล่นเสียง: select
White Time: 09:46 | Black Time: 10:00
White Time: 09:46 | Black Time: 10:00
เล่นเสียง: move
White Time: 09:49 | Black Time: 09:57
DEBUG GameFrame.recordMove: Recording move for BLACK with timeSpent=0
  Using last white move data
  Timer state: White time 586s remaining, Black time 600s remaining
  Total used times - White: 14s, Black: 0s
DEBUG: Adding move #4 - White time: 14s, Black time: 0s
White moved and took: 1s
Black moved and took: 0s
MOVE DATA: BLACK moved from (0,4) to (0,5)
==== MOVE HISTORY DUMP ====
Move 1: White e1->e4 (took 1s), Black -->- (took 0s)
Move 2: White e1->e4 (took 2s), Black f8->f4 (took 0s)
Move 3: White g1->g4 (took 10s), Black f8->f4 (took 0s)
Move 4: White g1->g4 (took 1s), Black e8->f8 (took 0s)
=========================
After BLACK move - ensuring timer is running
White Time: 09:48 | Black Time: 09:57
White Time: 09:45 | Black Time: 10:00
White Time: 09:45 | Black Time: 10:00
เล่นเสียง: select
InfoPanel: Updating piece count - White: 8/0, Black: 5/3
เล่นเสียง: capture
White Time: 09:48 | Black Time: 09:57
DEBUG GameFrame.recordMove: Recording move for WHITE with timeSpent=0
  Using last black move data
  Timer state: White time 585s remaining, Black time 600s remaining
  Total used times - White: 15s, Black: 0s
DEBUG: Adding move #5 - White time: 15s, Black time: 0s
White moved and took: 1s
Black moved and took: 0s
MOVE DATA: WHITE moved from (4,4) to (0,4)
==== MOVE HISTORY DUMP ====
Move 1: White e1->e4 (took 1s), Black -->- (took 0s)
Move 2: White e1->e4 (took 2s), Black f8->f4 (took 0s)
Move 3: White g1->g4 (took 10s), Black f8->f4 (took 0s)
Move 4: White g1->g4 (took 1s), Black e8->f8 (took 0s)
Move 5: White e4->e8 (took 1s), Black e8->f8 (took 0s)
=========================
White Time: 09:48 | Black Time: 09:56
White Time: 09:44 | Black Time: 10:00
White Time: 09:44 | Black Time: 10:00
เล่นเสียง: select
เล่นเสียง: move
White Time: 09:48 | Black Time: 09:56
DEBUG GameFrame.recordMove: Recording move for BLACK with timeSpent=0
  Using last white move data
  Timer state: White time 584s remaining, Black time 600s remaining
  Total used times - White: 16s, Black: 0s
DEBUG: Adding move #6 - White time: 16s, Black time: 0s
White moved and took: 1s
Black moved and took: 0s
MOVE DATA: BLACK moved from (0,2) to (0,3)
==== MOVE HISTORY DUMP ====
Move 1: White e1->e4 (took 1s), Black -->- (took 0s)
Move 2: White e1->e4 (took 2s), Black f8->f4 (took 0s)
Move 3: White g1->g4 (took 10s), Black f8->f4 (took 0s)
Move 4: White g1->g4 (took 1s), Black e8->f8 (took 0s)
Move 5: White e4->e8 (took 1s), Black e8->f8 (took 0s)
Move 6: White e4->e8 (took 1s), Black c8->d8 (took 0s)
=========================
After BLACK move - ensuring timer is running
เล่นเสียง: select
White Time: 09:47 | Black Time: 09:56
White Time: 09:43 | Black Time: 10:00
White Time: 09:43 | Black Time: 10:00
InfoPanel: Updating piece count - White: 8/0, Black: 3/5
เล่นเสียง: capture
White Time: 09:47 | Black Time: 09:56
DEBUG GameFrame.recordMove: Recording move for WHITE with timeSpent=0
  Using last black move data
  Timer state: White time 583s remaining, Black time 600s remaining
  Total used times - White: 17s, Black: 0s
DEBUG: Adding move #7 - White time: 17s, Black time: 0s
White moved and took: 1s
Black moved and took: 0s
MOVE DATA: WHITE moved from (7,2) to (0,2)
==== MOVE HISTORY DUMP ====
Move 1: White e1->e4 (took 1s), Black -->- (took 0s)
Move 2: White e1->e4 (took 2s), Black f8->f4 (took 0s)
Move 3: White g1->g4 (took 10s), Black f8->f4 (took 0s)
Move 4: White g1->g4 (took 1s), Black e8->f8 (took 0s)
Move 5: White e4->e8 (took 1s), Black e8->f8 (took 0s)
Move 6: White e4->e8 (took 1s), Black c8->d8 (took 0s)
Move 7: White c1->c8 (took 1s), Black c8->d8 (took 0s)
=========================
White Time: 09:47 | Black Time: 09:55
White Time: 09:42 | Black Time: 10:00
White Time: 09:42 | Black Time: 10:00
เล่นเสียง: select
เล่นเสียง: move
White Time: 09:47 | Black Time: 09:55
DEBUG GameFrame.recordMove: Recording move for BLACK with timeSpent=0
  Using last white move data
  Timer state: White time 582s remaining, Black time 600s remaining
  Total used times - White: 18s, Black: 0s
DEBUG: Adding move #8 - White time: 18s, Black time: 0s
White moved and took: 1s
Black moved and took: 0s
MOVE DATA: BLACK moved from (0,6) to (0,5)
==== MOVE HISTORY DUMP ====
Move 1: White e1->e4 (took 1s), Black -->- (took 0s)
Move 2: White e1->e4 (took 2s), Black f8->f4 (took 0s)
Move 3: White g1->g4 (took 10s), Black f8->f4 (took 0s)
Move 4: White g1->g4 (took 1s), Black e8->f8 (took 0s)
Move 5: White e4->e8 (took 1s), Black e8->f8 (took 0s)
Move 6: White e4->e8 (took 1s), Black c8->d8 (took 0s)
Move 7: White c1->c8 (took 1s), Black c8->d8 (took 0s)
Move 8: White c1->c8 (took 1s), Black g8->f8 (took 0s)
=========================
After BLACK move - ensuring timer is running
White Time: 09:46 | Black Time: 09:55
White Time: 09:41 | Black Time: 10:00
White Time: 09:41 | Black Time: 10:00
เล่นเสียง: select
InfoPanel: Updating piece count - White: 8/0, Black: 1/7
เล่นเสียง: capture
White Time: 09:46 | Black Time: 09:55
DEBUG GameFrame.recordMove: Recording move for WHITE with timeSpent=0
  Using last black move data
  Timer state: White time 581s remaining, Black time 600s remaining
  Total used times - White: 19s, Black: 0s
DEBUG: Adding move #9 - White time: 19s, Black time: 0s
White moved and took: 1s
Black moved and took: 0s
MOVE DATA: WHITE moved from (4,6) to (0,6)
==== MOVE HISTORY DUMP ====
Move 1: White e1->e4 (took 1s), Black -->- (took 0s)
Move 2: White e1->e4 (took 2s), Black f8->f4 (took 0s)
Move 3: White g1->g4 (took 10s), Black f8->f4 (took 0s)
Move 4: White g1->g4 (took 1s), Black e8->f8 (took 0s)
Move 5: White e4->e8 (took 1s), Black e8->f8 (took 0s)
Move 6: White e4->e8 (took 1s), Black c8->d8 (took 0s)
Move 7: White c1->c8 (took 1s), Black c8->d8 (took 0s)
Move 8: White c1->c8 (took 1s), Black g8->f8 (took 0s)
Move 9: White g4->g8 (took 1s), Black g8->f8 (took 0s)
=========================
Game timer stopped
Game over detected after capture. Timer stopped.
White Time: 09:46 | Black Time: 09:54
White Time: 09:41 | Black Time: 10:00
เล่นเสียง: select
White Time: 09:46 | Black Time: 09:53
White Time: 09:41 | Black Time: 10:00
White Time: 09:46 | Black Time: 09:52
White Time: 09:41 | Black Time: 10:00
เล่นเสียง: error
White Time: 09:46 | Black Time: 09:51
White Time: 09:41 | Black Time: 10:00
White Time: 09:46 | Black Time: 09:50
White Time: 09:41 | Black Time: 10:00
White Time: 09:46 | Black Time: 09:49
White Time: 09:41 | Black Time: 10:00
White Time: 09:46 | Black Time: 09:48
White Time: 09:41 | Black Time: 10:00
เล่นเสียง: select
เล่นเสียง: move
White Time: 09:46 | Black Time: 09:48
DEBUG GameFrame.recordMove: Recording move for BLACK with timeSpent=0
  Using last white move data
  Timer state: White time 581s remaining, Black time 600s remaining
  Total used times - White: 19s, Black: 0s
DEBUG: Adding move #10 - White time: 19s, Black time: 0s
White moved and took: 0s
Black moved and took: 0s
MOVE DATA: BLACK moved from (0,0) to (0,1)
==== MOVE HISTORY DUMP ====
Move 1: White e1->e4 (took 1s), Black -->- (took 0s)
Move 2: White e1->e4 (took 2s), Black f8->f4 (took 0s)
Move 3: White g1->g4 (took 10s), Black f8->f4 (took 0s)
Move 4: White g1->g4 (took 1s), Black e8->f8 (took 0s)
Move 5: White e4->e8 (took 1s), Black e8->f8 (took 0s)
Move 6: White e4->e8 (took 1s), Black c8->d8 (took 0s)
Move 7: White c1->c8 (took 1s), Black c8->d8 (took 0s)
Move 8: White c1->c8 (took 1s), Black g8->f8 (took 0s)
Move 9: White g4->g8 (took 1s), Black g8->f8 (took 0s)
Move 10: White g4->g8 (took 0s), Black a8->b8 (took 0s)
=========================
After BLACK move - ensuring timer is running
Timer was stopped - restarting it
Game timer stopped
Game over detected after capture. Timer stopped.
White Time: 09:45 | Black Time: 09:48
White Time: 09:41 | Black Time: 10:00
เล่นเสียง: select
InfoPanel: Updating piece count - White: 8/0, Black: 0/8
เล่นเสียง: capture
White Time: 09:45 | Black Time: 09:48
DEBUG GameFrame.recordMove: Recording move for WHITE with timeSpent=0
  Using last black move data
  Timer state: White time 581s remaining, Black time 600s remaining
  Total used times - White: 19s, Black: 0s
DEBUG: Adding move #11 - White time: 19s, Black time: 0s
White moved and took: 0s
Black moved and took: 0s
MOVE DATA: WHITE moved from (7,0) to (0,0)
==== MOVE HISTORY DUMP ====
Move 1: White e1->e4 (took 1s), Black -->- (took 0s)
Move 2: White e1->e4 (took 2s), Black f8->f4 (took 0s)
Move 3: White g1->g4 (took 10s), Black f8->f4 (took 0s)
Move 4: White g1->g4 (took 1s), Black e8->f8 (took 0s)
Move 5: White e4->e8 (took 1s), Black e8->f8 (took 0s)
Move 6: White e4->e8 (took 1s), Black c8->d8 (took 0s)
Move 7: White c1->c8 (took 1s), Black c8->d8 (took 0s)
Move 8: White c1->c8 (took 1s), Black g8->f8 (took 0s)
Move 9: White g4->g8 (took 1s), Black g8->f8 (took 0s)
Move 10: White g4->g8 (took 0s), Black a8->b8 (took 0s)
Move 11: White a1->a8 (took 0s), Black a8->b8 (took 0s)
=========================
Game over detected after capture. Timer stopped.
White Time: 09:45 | Black Time: 09:47
White Time: 09:41 | Black Time: 10:00
White Time: 09:45 | Black Time: 09:46
White Time: 09:41 | Black Time: 10:00
White Time: 09:45 | Black Time: 09:45
White Time: 09:41 | Black Time: 10:00
White Time: 09:45 | Black Time: 09:44
White Time: 09:41 | Black Time: 10:00
White Time: 09:45 | Black Time: 09:43
White Time: 09:41 | Black Time: 10:00
White Time: 09:45 | Black Time: 09:42
White Time: 09:41 | Black Time: 10:00
White Time: 09:45 | Black Time: 09:41
White Time: 09:41 | Black Time: 10:00
White Time: 09:45 | Black Time: 09:40
White Time: 09:41 | Black Time: 10:00
White Time: 09:45 | Black Time: 09:39
White Time: 09:41 | Black Time: 10:00
White Time: 09:45 | Black Time: 09:38
White Time: 09:41 | Black Time: 10:00
White Time: 09:45 | Black Time: 09:37
White Time: 09:41 | Black Time: 10:00
White Time: 09:45 | Black Time: 09:36
White Time: 09:41 | Black Time: 10:00
White Time: 09:45 | Black Time: 09:35
White Time: 09:41 | Black Time: 10:00
White Time: 09:45 | Black Time: 09:34
White Time: 09:41 | Black Time: 10:00
White Time: 09:45 | Black Time: 09:33
White Time: 09:41 | Black Time: 10:00
White Time: 09:45 | Black Time: 09:32
White Time: 09:41 | Black Time: 10:00
White Time: 09:45 | Black Time: 09:31
White Time: 09:41 | Black Time: 10:00
White Time: 09:45 | Black Time: 09:30
White Time: 09:41 | Black Time: 10:00
White Time: 09:45 | Black Time: 09:29
White Time: 09:41 | Black Time: 10:00
White Time: 09:45 | Black Time: 09:28
White Time: 09:41 | Black Time: 10:00
White Time: 09:45 | Black Time: 09:27
White Time: 09:41 | Black Time: 10:00
White Time: 09:45 | Black Time: 09:26
White Time: 09:41 | Black Time: 10:00
White Time: 09:45 | Black Time: 09:25
White Time: 09:41 | Black Time: 10:00
White Time: 09:45 | Black Time: 09:24
