=== Application Started at Sun Mar 09 11:03:30 ICT 2025 ===
โหลดไฟล์จาก: C:\JavaOOPCS30\src\main\..\..\assets\icon\ICONKMITL.png
โหลดไฟล์จาก: C:\JavaOOPCS30\src\main\..\..\assets\icon\minimizeButton.png
โหลดไฟล์จาก: C:\JavaOOPCS30\src\main\..\..\assets\icon\resizeButton.png
โหลดไฟล์จาก: C:\JavaOOPCS30\src\main\..\..\assets\icon\closeButton.png
โหลดไฟล์จาก: C:\JavaOOPCS30\src\main\..\..\assets\background1.jpg
โหลดไฟล์จาก: C:\JavaOOPCS30\src\main\..\..\assets\icon\ICONKMITL.png
โหลดไฟล์จาก: C:\JavaOOPCS30\src\main\..\..\assets\Rok\Rok.png
พบไฟล์ที่: C:\JavaOOPCS30\src\main\..\..\assets\sound\select.wav
โหลดไฟล์เสียงสำเร็จ: select.wav
พบไฟล์ที่: C:\JavaOOPCS30\src\main\..\..\assets\sound\move.wav
โหลดไฟล์เสียงสำเร็จ: move.wav
พบไฟล์ที่: C:\JavaOOPCS30\src\main\..\..\assets\sound\capture.wav
โหลดไฟล์เสียงสำเร็จ: capture.wav
พบไฟล์ที่: C:\JavaOOPCS30\src\main\..\..\assets\sound\start.wav
โหลดไฟล์เสียงสำเร็จ: start.wav
พบไฟล์ที่: C:\JavaOOPCS30\src\main\..\..\assets\sound\error.wav
โหลดไฟล์เสียงสำเร็จ: error.wav
พบไฟล์ที่: C:\JavaOOPCS30\src\main\..\..\assets\sound\victory.wav
โหลดไฟล์เสียงสำเร็จ: victory.wav
พบไฟล์ที่: C:\JavaOOPCS30\src\main\..\..\assets\sound\SongGame.wav
โหลดไฟล์เสียงสำเร็จ: SongGame.wav
เล่นเสียงแบบวนซ้ำ: SongGame
โหลดไฟล์จาก: C:\JavaOOPCS30\src\main\..\..\assets\icon\AppIcon.png
เล่นเสียง: select
เล่นเสียง: select
โหลดไฟล์จาก: C:\JavaOOPCS30\src\main\..\..\assets\background2.jpg
เล่นเสียง: select
เล่นเสียง: select
เล่นเสียง: select
เล่นเสียง: select
เล่นเสียง: select
เล่นเสียง: select
โหลดไฟล์จาก: C:\JavaOOPCS30\src\main\..\..\assets\background2.jpg
โหลดไฟล์จาก: C:\JavaOOPCS30\src\main\..\..\assets\background2.jpg
โหลดไฟล์จาก: C:\JavaOOPCS30\src\main\..\..\assets\background2.jpg
เล่นเสียง: select
เล่นเสียง: select
เล่นเสียง: select
เล่นเสียง: select
โหลดไฟล์จาก: C:\JavaOOPCS30\src\main\..\..\assets\background2.jpg
โหลดไฟล์จาก: C:\JavaOOPCS30\src\main\..\..\assets\background2.jpg
โหลดไฟล์จาก: C:\JavaOOPCS30\src\main\..\..\assets\background2.jpg
โหลดไฟล์จาก: C:\JavaOOPCS30\src\main\..\..\assets\background2.jpg
โหลดไฟล์จาก: C:\JavaOOPCS30\src\main\..\..\assets\background2.jpg
โหลดไฟล์จาก: C:\JavaOOPCS30\src\main\..\..\assets\background2.jpg
โหลดไฟล์จาก: C:\JavaOOPCS30\src\main\..\..\assets\background2.jpg
โหลดไฟล์จาก: C:\JavaOOPCS30\src\main\..\..\assets\background2.jpg
โหลดไฟล์จาก: C:\JavaOOPCS30\src\main\..\..\assets\background2.jpg
โหลดไฟล์จาก: C:\JavaOOPCS30\src\main\..\..\assets\background2.jpg
โหลดไฟล์จาก: C:\JavaOOPCS30\src\main\..\..\assets\background2.jpg
โหลดไฟล์จาก: C:\JavaOOPCS30\src\main\..\..\assets\background2.jpg
โหลดไฟล์จาก: C:\JavaOOPCS30\src\main\..\..\assets\background2.jpg
โหลดไฟล์จาก: C:\JavaOOPCS30\src\main\..\..\assets\background2.jpg
โหลดไฟล์จาก: C:\JavaOOPCS30\src\main\..\..\assets\background2.jpg
โหลดไฟล์จาก: C:\JavaOOPCS30\src\main\..\..\assets\background2.jpg
โหลดไฟล์จาก: C:\JavaOOPCS30\src\main\..\..\assets\background2.jpg
โหลดไฟล์จาก: C:\JavaOOPCS30\src\main\..\..\assets\background2.jpg
โหลดไฟล์จาก: C:\JavaOOPCS30\src\main\..\..\assets\background2.jpg
โหลดไฟล์จาก: C:\JavaOOPCS30\src\main\..\..\assets\background2.jpg
โหลดไฟล์จาก: C:\JavaOOPCS30\src\main\..\..\assets\background2.jpg
โหลดไฟล์จาก: C:\JavaOOPCS30\src\main\..\..\assets\background2.jpg
โหลดไฟล์จาก: C:\JavaOOPCS30\src\main\..\..\assets\background2.jpg
โหลดไฟล์จาก: C:\JavaOOPCS30\src\main\..\..\assets\background2.jpg
โหลดไฟล์จาก: C:\JavaOOPCS30\src\main\..\..\assets\background2.jpg
โหลดไฟล์จาก: C:\JavaOOPCS30\src\main\..\..\assets\background2.jpg
โหลดไฟล์จาก: C:\JavaOOPCS30\src\main\..\..\assets\background2.jpg
โหลดไฟล์จาก: C:\JavaOOPCS30\src\main\..\..\assets\background2.jpg
โหลดไฟล์จาก: C:\JavaOOPCS30\src\main\..\..\assets\background2.jpg
โหลดไฟล์จาก: C:\JavaOOPCS30\src\main\..\..\assets\background2.jpg
โหลดไฟล์จาก: C:\JavaOOPCS30\src\main\..\..\assets\background2.jpg
โหลดไฟล์จาก: C:\JavaOOPCS30\src\main\..\..\assets\background2.jpg
โหลดไฟล์จาก: C:\JavaOOPCS30\src\main\..\..\assets\background2.jpg
โหลดไฟล์จาก: C:\JavaOOPCS30\src\main\..\..\assets\background2.jpg
โหลดไฟล์จาก: C:\JavaOOPCS30\src\main\..\..\assets\background2.jpg
โหลดไฟล์จาก: C:\JavaOOPCS30\src\main\..\..\assets\background2.jpg
โหลดไฟล์จาก: C:\JavaOOPCS30\src\main\..\..\assets\background2.jpg
โหลดไฟล์จาก: C:\JavaOOPCS30\src\main\..\..\assets\background2.jpg
โหลดไฟล์จาก: C:\JavaOOPCS30\src\main\..\..\assets\background2.jpg
โหลดไฟล์จาก: C:\JavaOOPCS30\src\main\..\..\assets\background2.jpg
โหลดไฟล์จาก: C:\JavaOOPCS30\src\main\..\..\assets\background2.jpg
โหลดไฟล์จาก: C:\JavaOOPCS30\src\main\..\..\assets\background2.jpg
เล่นเสียง: select
เล่นเสียง: select
เล่นเสียง: select
เล่นเสียง: select
หยุดเสียง: SongGame
เล่นเสียง: start
GameController set, isWhiteTurn: true
GameController: InfoPanel set
InfoPanel: Updating piece count - White: 8/0, Black: 8/0
โหลดไฟล์จาก: C:\JavaOOPCS30\src\main\..\..\assets\icon\AppIcon.png
โหลดไฟล์จาก: C:\JavaOOPCS30\src\main\..\..\assets\Rok\Rok.png
โหลดไฟล์จาก: C:\JavaOOPCS30\src\main\..\..\assets\Rok\Rok.png
โหลดไฟล์จาก: C:\JavaOOPCS30\src\main\..\..\assets\Rok\Rok.png
โหลดไฟล์จาก: C:\JavaOOPCS30\src\main\..\..\assets\Rok\Rok.png
โหลดไฟล์จาก: C:\JavaOOPCS30\src\main\..\..\assets\Rok\Rok.png
โหลดไฟล์จาก: C:\JavaOOPCS30\src\main\..\..\assets\Rok\Rok.png
โหลดไฟล์จาก: C:\JavaOOPCS30\src\main\..\..\assets\Rok\Rok.png
โหลดไฟล์จาก: C:\JavaOOPCS30\src\main\..\..\assets\Rok\Rok.png
โหลดไฟล์จาก: C:\JavaOOPCS30\src\main\..\..\assets\Rok\Rok.png
โหลดไฟล์จาก: C:\JavaOOPCS30\src\main\..\..\assets\Rok\Rok.png
โหลดไฟล์จาก: C:\JavaOOPCS30\src\main\..\..\assets\Rok\Rok.png
โหลดไฟล์จาก: C:\JavaOOPCS30\src\main\..\..\assets\Rok\Rok.png
โหลดไฟล์จาก: C:\JavaOOPCS30\src\main\..\..\assets\Rok\Rok.png
โหลดไฟล์จาก: C:\JavaOOPCS30\src\main\..\..\assets\Rok\Rok.png
โหลดไฟล์จาก: C:\JavaOOPCS30\src\main\..\..\assets\Rok\Rok.png
โหลดไฟล์จาก: C:\JavaOOPCS30\src\main\..\..\assets\Rok\Rok.png
เล่นเสียง: select
White Time: 09:59 | Black Time: 10:00
White Time: 09:59 | Black Time: 10:00
White Time: 09:59 | Black Time: 10:00
เล่นเสียง: move
White Time: 09:59 | Black Time: 10:00
เล่นเสียง: select
White Time: 09:59 | Black Time: 09:59
White Time: 09:58 | Black Time: 10:00
White Time: 09:58 | Black Time: 10:00
เล่นเสียง: move
White Time: 09:59 | Black Time: 09:59
เล่นเสียง: select
White Time: 09:58 | Black Time: 09:59
White Time: 09:57 | Black Time: 10:00
White Time: 09:57 | Black Time: 10:00
เล่นเสียง: move
White Time: 09:58 | Black Time: 09:59
เล่นเสียง: select
InfoPanel: Updating piece count - White: 7/1, Black: 8/0
เล่นเสียง: capture
White Time: 09:58 | Black Time: 09:59
White Time: 09:57 | Black Time: 09:59
White Time: 09:56 | Black Time: 10:00
White Time: 09:56 | Black Time: 10:00
White Time: 09:56 | Black Time: 09:59
White Time: 09:55 | Black Time: 10:00
White Time: 09:55 | Black Time: 10:00
White Time: 09:55 | Black Time: 09:59
White Time: 09:54 | Black Time: 10:00
เล่นเสียง: select
White Time: 09:54 | Black Time: 10:00
เล่นเสียง: move
White Time: 09:55 | Black Time: 09:59
เล่นเสียง: select
White Time: 09:55 | Black Time: 09:58
White Time: 09:53 | Black Time: 10:00
White Time: 09:53 | Black Time: 10:00
เล่นเสียง: move
White Time: 09:55 | Black Time: 09:58
เล่นเสียง: select
White Time: 09:54 | Black Time: 09:58
White Time: 09:52 | Black Time: 10:00
White Time: 09:52 | Black Time: 10:00
InfoPanel: Updating piece count - White: 7/1, Black: 7/1
เล่นเสียง: capture
White Time: 09:54 | Black Time: 09:58
White Time: 09:54 | Black Time: 09:57
White Time: 09:51 | Black Time: 10:00
White Time: 09:51 | Black Time: 10:00
White Time: 09:54 | Black Time: 09:56
White Time: 09:50 | Black Time: 10:00
White Time: 09:50 | Black Time: 10:00
White Time: 09:54 | Black Time: 09:55
White Time: 09:49 | Black Time: 10:00
White Time: 09:49 | Black Time: 10:00
White Time: 09:54 | Black Time: 09:54
White Time: 09:48 | Black Time: 10:00
White Time: 09:48 | Black Time: 10:00
White Time: 09:54 | Black Time: 09:53
White Time: 09:47 | Black Time: 10:00
White Time: 09:47 | Black Time: 10:00
White Time: 09:54 | Black Time: 09:52
White Time: 09:46 | Black Time: 10:00
White Time: 09:46 | Black Time: 10:00
White Time: 09:54 | Black Time: 09:51
White Time: 09:45 | Black Time: 10:00
White Time: 09:45 | Black Time: 10:00
White Time: 09:54 | Black Time: 09:50
White Time: 09:44 | Black Time: 10:00
White Time: 09:44 | Black Time: 10:00
White Time: 09:54 | Black Time: 09:49
White Time: 09:43 | Black Time: 10:00
White Time: 09:43 | Black Time: 10:00
White Time: 09:54 | Black Time: 09:48
White Time: 09:42 | Black Time: 10:00
White Time: 09:42 | Black Time: 10:00
White Time: 09:54 | Black Time: 09:47
White Time: 09:41 | Black Time: 10:00
White Time: 09:41 | Black Time: 10:00
White Time: 09:54 | Black Time: 09:46
White Time: 09:40 | Black Time: 10:00
White Time: 09:40 | Black Time: 10:00
White Time: 09:54 | Black Time: 09:45
White Time: 09:39 | Black Time: 10:00
White Time: 09:39 | Black Time: 10:00
White Time: 09:54 | Black Time: 09:44
White Time: 09:38 | Black Time: 10:00
White Time: 09:38 | Black Time: 10:00
White Time: 09:54 | Black Time: 09:43
White Time: 09:37 | Black Time: 10:00
White Time: 09:37 | Black Time: 10:00
White Time: 09:54 | Black Time: 09:42
White Time: 09:36 | Black Time: 10:00
White Time: 09:36 | Black Time: 10:00
White Time: 09:54 | Black Time: 09:41
White Time: 09:35 | Black Time: 10:00
White Time: 09:35 | Black Time: 10:00
White Time: 09:54 | Black Time: 09:40
White Time: 09:34 | Black Time: 10:00
White Time: 09:34 | Black Time: 10:00
White Time: 09:54 | Black Time: 09:39
White Time: 09:33 | Black Time: 10:00
White Time: 09:33 | Black Time: 10:00
White Time: 09:54 | Black Time: 09:38
White Time: 09:32 | Black Time: 10:00
White Time: 09:32 | Black Time: 10:00
White Time: 09:54 | Black Time: 09:37
White Time: 09:31 | Black Time: 10:00
White Time: 09:31 | Black Time: 10:00
White Time: 09:54 | Black Time: 09:36
White Time: 09:30 | Black Time: 10:00
White Time: 09:30 | Black Time: 10:00
White Time: 09:54 | Black Time: 09:35
White Time: 09:29 | Black Time: 10:00
White Time: 09:29 | Black Time: 10:00
White Time: 09:54 | Black Time: 09:34
White Time: 09:28 | Black Time: 10:00
White Time: 09:28 | Black Time: 10:00
White Time: 09:54 | Black Time: 09:33
White Time: 09:27 | Black Time: 10:00
White Time: 09:27 | Black Time: 10:00
White Time: 09:54 | Black Time: 09:32
White Time: 09:26 | Black Time: 10:00
White Time: 09:26 | Black Time: 10:00
White Time: 09:54 | Black Time: 09:31
White Time: 09:25 | Black Time: 10:00
White Time: 09:25 | Black Time: 10:00
White Time: 09:54 | Black Time: 09:30
White Time: 09:24 | Black Time: 10:00
White Time: 09:24 | Black Time: 10:00
White Time: 09:54 | Black Time: 09:29
White Time: 09:23 | Black Time: 10:00
White Time: 09:23 | Black Time: 10:00
White Time: 09:54 | Black Time: 09:28
White Time: 09:22 | Black Time: 10:00
White Time: 09:22 | Black Time: 10:00
White Time: 09:54 | Black Time: 09:27
White Time: 09:21 | Black Time: 10:00
White Time: 09:21 | Black Time: 10:00
White Time: 09:54 | Black Time: 09:26
White Time: 09:20 | Black Time: 10:00
White Time: 09:20 | Black Time: 10:00
White Time: 09:54 | Black Time: 09:25
White Time: 09:19 | Black Time: 10:00
White Time: 09:19 | Black Time: 10:00
White Time: 09:54 | Black Time: 09:24
White Time: 09:18 | Black Time: 10:00
White Time: 09:18 | Black Time: 10:00
White Time: 09:54 | Black Time: 09:23
White Time: 09:17 | Black Time: 10:00
White Time: 09:17 | Black Time: 10:00
White Time: 09:54 | Black Time: 09:22
White Time: 09:16 | Black Time: 10:00
White Time: 09:16 | Black Time: 10:00
White Time: 09:54 | Black Time: 09:21
White Time: 09:15 | Black Time: 10:00
White Time: 09:15 | Black Time: 10:00
White Time: 09:54 | Black Time: 09:20
White Time: 09:14 | Black Time: 10:00
White Time: 09:14 | Black Time: 10:00
White Time: 09:54 | Black Time: 09:19
White Time: 09:13 | Black Time: 10:00
White Time: 09:13 | Black Time: 10:00
White Time: 09:54 | Black Time: 09:18
White Time: 09:12 | Black Time: 10:00
White Time: 09:12 | Black Time: 10:00
White Time: 09:54 | Black Time: 09:17
White Time: 09:11 | Black Time: 10:00
White Time: 09:11 | Black Time: 10:00
White Time: 09:54 | Black Time: 09:16
White Time: 09:10 | Black Time: 10:00
White Time: 09:10 | Black Time: 10:00
White Time: 09:54 | Black Time: 09:15
White Time: 09:09 | Black Time: 10:00
White Time: 09:09 | Black Time: 10:00
White Time: 09:54 | Black Time: 09:14
White Time: 09:08 | Black Time: 10:00
White Time: 09:08 | Black Time: 10:00
White Time: 09:54 | Black Time: 09:13
White Time: 09:07 | Black Time: 10:00
White Time: 09:07 | Black Time: 10:00
White Time: 09:54 | Black Time: 09:12
White Time: 09:06 | Black Time: 10:00
White Time: 09:06 | Black Time: 10:00
White Time: 09:54 | Black Time: 09:11
White Time: 09:05 | Black Time: 10:00
White Time: 09:05 | Black Time: 10:00
White Time: 09:54 | Black Time: 09:10
White Time: 09:04 | Black Time: 10:00
White Time: 09:04 | Black Time: 10:00
White Time: 09:54 | Black Time: 09:09
White Time: 09:03 | Black Time: 10:00
White Time: 09:03 | Black Time: 10:00
White Time: 09:54 | Black Time: 09:08
White Time: 09:02 | Black Time: 10:00
White Time: 09:02 | Black Time: 10:00
White Time: 09:54 | Black Time: 09:07
White Time: 09:01 | Black Time: 10:00
White Time: 09:01 | Black Time: 10:00
White Time: 09:54 | Black Time: 09:06
White Time: 09:00 | Black Time: 10:00
White Time: 09:00 | Black Time: 10:00
White Time: 09:54 | Black Time: 09:05
White Time: 08:59 | Black Time: 10:00
White Time: 08:59 | Black Time: 10:00
White Time: 09:54 | Black Time: 09:04
White Time: 08:58 | Black Time: 10:00
White Time: 08:58 | Black Time: 10:00
White Time: 09:54 | Black Time: 09:03
White Time: 08:57 | Black Time: 10:00
White Time: 08:57 | Black Time: 10:00
White Time: 09:54 | Black Time: 09:02
White Time: 08:56 | Black Time: 10:00
White Time: 08:56 | Black Time: 10:00
