=== Application Started at Wed Mar 05 08:45:56 ICT 2025 ===
โหลดไฟล์จาก: C:\Java-OOP-CS30-KMITL\src\main\..\..\assets\icon\ICONKMITL.png
โหลดไฟล์จาก: C:\Java-OOP-CS30-KMITL\src\main\..\..\assets\icon\minimizeButton.png
โหลดไฟล์จาก: C:\Java-OOP-CS30-KMITL\src\main\..\..\assets\icon\resizeButton.png
โหลดไฟล์จาก: C:\Java-OOP-CS30-KMITL\src\main\..\..\assets\icon\closeButton.png
โหลดไฟล์จาก: C:\Java-OOP-CS30-KMITL\src\main\..\..\assets\background1.jpg
โหลดไฟล์จาก: C:\Java-OOP-CS30-KMITL\src\main\..\..\assets\icon\ICONKMITL.png
โหลดไฟล์จาก: C:\Java-OOP-CS30-KMITL\src\main\..\..\assets\Rok\Rok.png
พบไฟล์ที่: C:\Java-OOP-CS30-KMITL\src\main\..\..\assets\sound\select.wav
โหลดไฟล์เสียงสำเร็จ: select.wav
พบไฟล์ที่: C:\Java-OOP-CS30-KMITL\src\main\..\..\assets\sound\move.wav
โหลดไฟล์เสียงสำเร็จ: move.wav
พบไฟล์ที่: C:\Java-OOP-CS30-KMITL\src\main\..\..\assets\sound\capture.wav
โหลดไฟล์เสียงสำเร็จ: capture.wav
พบไฟล์ที่: C:\Java-OOP-CS30-KMITL\src\main\..\..\assets\sound\start.wav
โหลดไฟล์เสียงสำเร็จ: start.wav
พบไฟล์ที่: C:\Java-OOP-CS30-KMITL\src\main\..\..\assets\sound\error.wav
โหลดไฟล์เสียงสำเร็จ: error.wav
พบไฟล์ที่: C:\Java-OOP-CS30-KMITL\src\main\..\..\assets\sound\victory.wav
โหลดไฟล์เสียงสำเร็จ: victory.wav
พบไฟล์ที่: C:\Java-OOP-CS30-KMITL\src\main\..\..\assets\sound\SongGame.wav
โหลดไฟล์เสียงสำเร็จ: SongGame.wav
เล่นเสียงแบบวนซ้ำ: SongGame
โหลดไฟล์จาก: C:\Java-OOP-CS30-KMITL\src\main\..\..\assets\icon\AppIcon.png
เล่นเสียง: select
เล่นเสียง: select
เล่นเสียง: select
เล่นเสียง: select
เล่นเสียง: select
เล่นเสียง: select
โหลดไฟล์จาก: C:\Java-OOP-CS30-KMITL\src\main\..\..\assets\background.jpg
เล่นเสียง: select
เล่นเสียง: select
เล่นเสียง: select
โหลดไฟล์จาก: C:\Java-OOP-CS30-KMITL\src\main\..\..\assets\background1.jpg
โหลดไฟล์จาก: C:\Java-OOP-CS30-KMITL\src\main\..\..\assets\background2.jpg
โหลดไฟล์จาก: C:\Java-OOP-CS30-KMITL\src\main\..\..\assets\background.jpg
โหลดไฟล์จาก: C:\Java-OOP-CS30-KMITL\src\main\..\..\assets\background1.jpg
โหลดไฟล์จาก: C:\Java-OOP-CS30-KMITL\src\main\..\..\assets\background2.jpg
เล่นเสียง: select
เล่นเสียง: select
หยุดเสียง: SongGame
เล่นเสียง: start
GameController set, isWhiteTurn: true
GameController: InfoPanel set
InfoPanel: Updating piece count - White: 8/0, Black: 8/0
โหลดไฟล์จาก: C:\Java-OOP-CS30-KMITL\src\main\..\..\assets\icon\AppIcon.png
โหลดไฟล์จาก: C:\Java-OOP-CS30-KMITL\src\main\..\..\assets\Rok\Rok.png
โหลดไฟล์จาก: C:\Java-OOP-CS30-KMITL\src\main\..\..\assets\Rok\Rok.png
โหลดไฟล์จาก: C:\Java-OOP-CS30-KMITL\src\main\..\..\assets\Rok\Rok.png
โหลดไฟล์จาก: C:\Java-OOP-CS30-KMITL\src\main\..\..\assets\Rok\Rok.png
โหลดไฟล์จาก: C:\Java-OOP-CS30-KMITL\src\main\..\..\assets\Rok\Rok.png
โหลดไฟล์จาก: C:\Java-OOP-CS30-KMITL\src\main\..\..\assets\Rok\Rok.png
โหลดไฟล์จาก: C:\Java-OOP-CS30-KMITL\src\main\..\..\assets\Rok\Rok.png
โหลดไฟล์จาก: C:\Java-OOP-CS30-KMITL\src\main\..\..\assets\Rok\Rok.png
โหลดไฟล์จาก: C:\Java-OOP-CS30-KMITL\src\main\..\..\assets\Rok\Rok.png
โหลดไฟล์จาก: C:\Java-OOP-CS30-KMITL\src\main\..\..\assets\Rok\Rok.png
โหลดไฟล์จาก: C:\Java-OOP-CS30-KMITL\src\main\..\..\assets\Rok\Rok.png
โหลดไฟล์จาก: C:\Java-OOP-CS30-KMITL\src\main\..\..\assets\Rok\Rok.png
โหลดไฟล์จาก: C:\Java-OOP-CS30-KMITL\src\main\..\..\assets\Rok\Rok.png
โหลดไฟล์จาก: C:\Java-OOP-CS30-KMITL\src\main\..\..\assets\Rok\Rok.png
โหลดไฟล์จาก: C:\Java-OOP-CS30-KMITL\src\main\..\..\assets\Rok\Rok.png
โหลดไฟล์จาก: C:\Java-OOP-CS30-KMITL\src\main\..\..\assets\Rok\Rok.png
White Time: 09:59 | Black Time: 10:00
White Time: 09:59 | Black Time: 10:00
White Time: 09:59 | Black Time: 10:00
เล่นเสียง: select
เล่นเสียง: move
White Time: 09:59 | Black Time: 10:00
DEBUG: ตรวจสอบ Atari สำหรับหมากดำ
DEBUG: ตรวจสอบหมากดำ ที่ตำแหน่ง (0,0)
DEBUG: ตรวจสอบหมากดำ ที่ตำแหน่ง (0,1)
DEBUG: ตรวจสอบหมากดำ ที่ตำแหน่ง (0,2)
DEBUG: ตรวจสอบหมากดำ ที่ตำแหน่ง (0,3)
DEBUG: ตรวจสอบหมากดำ ที่ตำแหน่ง (0,4)
DEBUG: ตรวจสอบหมากดำ ที่ตำแหน่ง (0,5)
DEBUG: ตรวจสอบหมากดำ ที่ตำแหน่ง (0,6)
DEBUG: ตรวจสอบหมากดำ ที่ตำแหน่ง (0,7)
White Time: 09:59 | Black Time: 09:59
White Time: 09:58 | Black Time: 10:00
White Time: 09:58 | Black Time: 10:00
เล่นเสียง: select
เล่นเสียง: move
White Time: 09:59 | Black Time: 09:59
DEBUG: ตรวจสอบ Atari สำหรับหมากขาว
DEBUG: ตรวจสอบหมากขาว ที่ตำแหน่ง (3,2)
DEBUG: ตรวจสอบหมากขาว ที่ตำแหน่ง (7,0)
DEBUG: ตรวจสอบหมากขาว ที่ตำแหน่ง (7,1)
DEBUG: ตรวจสอบหมากขาว ที่ตำแหน่ง (7,3)
DEBUG: ตรวจสอบหมากขาว ที่ตำแหน่ง (7,4)
DEBUG: ตรวจสอบหมากขาว ที่ตำแหน่ง (7,5)
DEBUG: ตรวจสอบหมากขาว ที่ตำแหน่ง (7,6)
DEBUG: ตรวจสอบหมากขาว ที่ตำแหน่ง (7,7)
White Time: 09:58 | Black Time: 09:59
White Time: 09:57 | Black Time: 10:00
White Time: 09:57 | Black Time: 10:00
เล่นเสียง: select
เล่นเสียง: move
White Time: 09:58 | Black Time: 09:59
DEBUG: ตรวจสอบ Atari สำหรับหมากดำ
DEBUG: ตรวจสอบหมากดำ ที่ตำแหน่ง (0,0)
DEBUG: ตรวจสอบหมากดำ ที่ตำแหน่ง (0,1)
DEBUG: ตรวจสอบหมากดำ ที่ตำแหน่ง (0,3)
DEBUG: ตรวจสอบหมากดำ ที่ตำแหน่ง (0,4)
DEBUG: ตรวจสอบหมากดำ ที่ตำแหน่ง (0,5)
DEBUG: ตรวจสอบหมากดำ ที่ตำแหน่ง (0,6)
DEBUG: ตรวจสอบหมากดำ ที่ตำแหน่ง (0,7)
DEBUG: ตรวจสอบหมากดำ ที่ตำแหน่ง (2,2)
เล่นเสียง: select
White Time: 09:58 | Black Time: 09:58
White Time: 09:56 | Black Time: 10:00
White Time: 09:56 | Black Time: 10:00
เล่นเสียง: move
White Time: 09:58 | Black Time: 09:58
DEBUG: ตรวจสอบ Atari สำหรับหมากขาว
DEBUG: ตรวจสอบหมากขาว ที่ตำแหน่ง (3,1)
DEBUG: ตรวจสอบหมากขาว ที่ตำแหน่ง (7,0)
DEBUG: ตรวจสอบหมากขาว ที่ตำแหน่ง (7,1)
DEBUG: ตรวจสอบหมากขาว ที่ตำแหน่ง (7,3)
DEBUG: ตรวจสอบหมากขาว ที่ตำแหน่ง (7,4)
DEBUG: ตรวจสอบหมากขาว ที่ตำแหน่ง (7,5)
DEBUG: ตรวจสอบหมากขาว ที่ตำแหน่ง (7,6)
DEBUG: ตรวจสอบหมากขาว ที่ตำแหน่ง (7,7)
White Time: 09:57 | Black Time: 09:58
White Time: 09:55 | Black Time: 10:00
White Time: 09:55 | Black Time: 10:00
เล่นเสียง: select
White Time: 09:56 | Black Time: 09:58
White Time: 09:54 | Black Time: 10:00
White Time: 09:54 | Black Time: 10:00
เล่นเสียง: select
เล่นเสียง: select
White Time: 09:55 | Black Time: 09:58
White Time: 09:53 | Black Time: 10:00
White Time: 09:53 | Black Time: 10:00
เล่นเสียง: select
White Time: 09:54 | Black Time: 09:58
White Time: 09:52 | Black Time: 10:00
White Time: 09:52 | Black Time: 10:00
White Time: 09:53 | Black Time: 09:58
White Time: 09:51 | Black Time: 10:00
White Time: 09:51 | Black Time: 10:00
