=== Application Started at Sun Mar 09 12:10:38 ICT 2025 ===
โหลดไฟล์จาก: C:\JavaOOPCS30\src\main\..\..\assets\icon\ICONKMITL.png
โหลดไฟล์จาก: C:\JavaOOPCS30\src\main\..\..\assets\icon\minimizeButton.png
โหลดไฟล์จาก: C:\JavaOOPCS30\src\main\..\..\assets\icon\resizeButton.png
โหลดไฟล์จาก: C:\JavaOOPCS30\src\main\..\..\assets\icon\closeButton.png
โหลดไฟล์จาก: C:\JavaOOPCS30\src\main\..\..\assets\background1.jpg
โหลดไฟล์จาก: C:\JavaOOPCS30\src\main\..\..\assets\icon\ICONKMITL.png
โหลดไฟล์จาก: C:\JavaOOPCS30\src\main\..\..\assets\Rok\Rok.png
พบไฟล์ที่: C:\JavaOOPCS30\src\main\..\..\assets\sound\select.wav
โหลดไฟล์เสียงสำเร็จ: select.wav
พบไฟล์ที่: C:\JavaOOPCS30\src\main\..\..\assets\sound\move.wav
โหลดไฟล์เสียงสำเร็จ: move.wav
พบไฟล์ที่: C:\JavaOOPCS30\src\main\..\..\assets\sound\capture.wav
โหลดไฟล์เสียงสำเร็จ: capture.wav
พบไฟล์ที่: C:\JavaOOPCS30\src\main\..\..\assets\sound\start.wav
โหลดไฟล์เสียงสำเร็จ: start.wav
พบไฟล์ที่: C:\JavaOOPCS30\src\main\..\..\assets\sound\error.wav
โหลดไฟล์เสียงสำเร็จ: error.wav
พบไฟล์ที่: C:\JavaOOPCS30\src\main\..\..\assets\sound\victory.wav
โหลดไฟล์เสียงสำเร็จ: victory.wav
พบไฟล์ที่: C:\JavaOOPCS30\src\main\..\..\assets\sound\SongGame.wav
โหลดไฟล์เสียงสำเร็จ: SongGame.wav
เล่นเสียงแบบวนซ้ำ: SongGame
โหลดไฟล์จาก: C:\JavaOOPCS30\src\main\..\..\assets\icon\AppIcon.png
เล่นเสียง: select
เล่นเสียง: select
เล่นเสียง: select
เล่นเสียง: select
เล่นเสียง: select
เล่นเสียง: select
เล่นเสียง: select
เล่นเสียง: select
เล่นเสียง: select
เล่นเสียง: select
เล่นเสียง: select
เล่นเสียง: select
เล่นเสียง: select
โหลดไฟล์จาก: C:\JavaOOPCS30\src\main\..\..\assets\background2.jpg
โหลดไฟล์จาก: C:\JavaOOPCS30\src\main\..\..\assets\background2.jpg
โหลดไฟล์จาก: C:\JavaOOPCS30\src\main\..\..\assets\background2.jpg
โหลดไฟล์จาก: C:\JavaOOPCS30\src\main\..\..\assets\background2.jpg
โหลดไฟล์จาก: C:\JavaOOPCS30\src\main\..\..\assets\background2.jpg
โหลดไฟล์จาก: C:\JavaOOPCS30\src\main\..\..\assets\background2.jpg
โหลดไฟล์จาก: C:\JavaOOPCS30\src\main\..\..\assets\background2.jpg
โหลดไฟล์จาก: C:\JavaOOPCS30\src\main\..\..\assets\background2.jpg
โหลดไฟล์จาก: C:\JavaOOPCS30\src\main\..\..\assets\background2.jpg
เสียง: ปิด
หยุดเสียงทั้งหมด
เสียง: เปิด
เล่นเสียงแบบวนซ้ำ: SongGame
ตั้งความดังเสียง SongGame: 1.0
โหลดไฟล์จาก: C:\JavaOOPCS30\src\main\..\..\assets\background2.jpg
ตั้งความดังเสียง SongGame: 0.9
เล่นเสียง: select
ตั้งความดังเสียง SongGame: 0.79999995
เล่นเสียง: select
ตั้งความดังเสียง SongGame: 0.9
เล่นเสียง: select
ตั้งความดังเสียง SongGame: 1.0
เล่นเสียง: select
เล่นเสียง: select
เล่นเสียง: select
เล่นเสียง: select
