=== Application Started at Sun Mar 09 11:26:55 ICT 2025 ===
โหลดไฟล์จาก: C:\JavaOOPCS30\src\main\..\..\assets\icon\ICONKMITL.png
โหลดไฟล์จาก: C:\JavaOOPCS30\src\main\..\..\assets\icon\minimizeButton.png
โหลดไฟล์จาก: C:\JavaOOPCS30\src\main\..\..\assets\icon\resizeButton.png
โหลดไฟล์จาก: C:\JavaOOPCS30\src\main\..\..\assets\icon\closeButton.png
โหลดไฟล์จาก: C:\JavaOOPCS30\src\main\..\..\assets\background1.jpg
โหลดไฟล์จาก: C:\JavaOOPCS30\src\main\..\..\assets\icon\ICONKMITL.png
โหลดไฟล์จาก: C:\JavaOOPCS30\src\main\..\..\assets\Rok\Rok.png
พบไฟล์ที่: C:\JavaOOPCS30\src\main\..\..\assets\sound\select.wav
โหลดไฟล์เสียงสำเร็จ: select.wav
พบไฟล์ที่: C:\JavaOOPCS30\src\main\..\..\assets\sound\move.wav
โหลดไฟล์เสียงสำเร็จ: move.wav
พบไฟล์ที่: C:\JavaOOPCS30\src\main\..\..\assets\sound\capture.wav
โหลดไฟล์เสียงสำเร็จ: capture.wav
พบไฟล์ที่: C:\JavaOOPCS30\src\main\..\..\assets\sound\start.wav
โหลดไฟล์เสียงสำเร็จ: start.wav
พบไฟล์ที่: C:\JavaOOPCS30\src\main\..\..\assets\sound\error.wav
โหลดไฟล์เสียงสำเร็จ: error.wav
พบไฟล์ที่: C:\JavaOOPCS30\src\main\..\..\assets\sound\victory.wav
โหลดไฟล์เสียงสำเร็จ: victory.wav
พบไฟล์ที่: C:\JavaOOPCS30\src\main\..\..\assets\sound\SongGame.wav
โหลดไฟล์เสียงสำเร็จ: SongGame.wav
เล่นเสียงแบบวนซ้ำ: SongGame
โหลดไฟล์จาก: C:\JavaOOPCS30\src\main\..\..\assets\icon\AppIcon.png
เล่นเสียง: select
หยุดเสียง: SongGame
เล่นเสียง: start
GameController set, isWhiteTurn: true
GameController: InfoPanel set
InfoPanel: Updating piece count - White: 8/0, Black: 8/0
GameController set, isWhiteTurn: true
โหลดไฟล์จาก: C:\JavaOOPCS30\src\main\..\..\assets\icon\AppIcon.png
โหลดไฟล์จาก: C:\JavaOOPCS30\src\main\..\..\assets\Rok\Rok.png
โหลดไฟล์จาก: C:\JavaOOPCS30\src\main\..\..\assets\Rok\Rok.png
โหลดไฟล์จาก: C:\JavaOOPCS30\src\main\..\..\assets\Rok\Rok.png
โหลดไฟล์จาก: C:\JavaOOPCS30\src\main\..\..\assets\Rok\Rok.png
โหลดไฟล์จาก: C:\JavaOOPCS30\src\main\..\..\assets\Rok\Rok.png
โหลดไฟล์จาก: C:\JavaOOPCS30\src\main\..\..\assets\Rok\Rok.png
โหลดไฟล์จาก: C:\JavaOOPCS30\src\main\..\..\assets\Rok\Rok.png
โหลดไฟล์จาก: C:\JavaOOPCS30\src\main\..\..\assets\Rok\Rok.png
โหลดไฟล์จาก: C:\JavaOOPCS30\src\main\..\..\assets\Rok\Rok.png
โหลดไฟล์จาก: C:\JavaOOPCS30\src\main\..\..\assets\Rok\Rok.png
โหลดไฟล์จาก: C:\JavaOOPCS30\src\main\..\..\assets\Rok\Rok.png
โหลดไฟล์จาก: C:\JavaOOPCS30\src\main\..\..\assets\Rok\Rok.png
โหลดไฟล์จาก: C:\JavaOOPCS30\src\main\..\..\assets\Rok\Rok.png
โหลดไฟล์จาก: C:\JavaOOPCS30\src\main\..\..\assets\Rok\Rok.png
โหลดไฟล์จาก: C:\JavaOOPCS30\src\main\..\..\assets\Rok\Rok.png
โหลดไฟล์จาก: C:\JavaOOPCS30\src\main\..\..\assets\Rok\Rok.png
เล่นเสียง: select
White Time: 09:59 | Black Time: 10:00
White Time: 09:59 | Black Time: 10:00
White Time: 09:59 | Black Time: 10:00
เล่นเสียง: move
White Time: 09:59 | Black Time: 10:00
White Time: 09:59 | Black Time: 09:59
White Time: 09:58 | Black Time: 10:00
White Time: 09:58 | Black Time: 10:00
เล่นเสียง: select
White Time: 09:59 | Black Time: 09:58
White Time: 09:57 | Black Time: 10:00
White Time: 09:57 | Black Time: 10:00
เล่นเสียง: move
White Time: 09:59 | Black Time: 09:58
White Time: 09:58 | Black Time: 09:58
White Time: 09:56 | Black Time: 10:00
White Time: 09:56 | Black Time: 10:00
เล่นเสียง: select
White Time: 09:57 | Black Time: 09:58
White Time: 09:55 | Black Time: 10:00
White Time: 09:55 | Black Time: 10:00
เล่นเสียง: error
เล่นเสียง: select
White Time: 09:56 | Black Time: 09:58
White Time: 09:54 | Black Time: 10:00
White Time: 09:54 | Black Time: 10:00
เล่นเสียง: error
เล่นเสียง: select
White Time: 09:55 | Black Time: 09:58
White Time: 09:53 | Black Time: 10:00
White Time: 09:53 | Black Time: 10:00
InfoPanel: Updating piece count - White: 8/0, Black: 7/1
เล่นเสียง: capture
White Time: 09:55 | Black Time: 09:58
White Time: 09:55 | Black Time: 09:57
White Time: 09:52 | Black Time: 10:00
White Time: 09:52 | Black Time: 10:00
White Time: 09:55 | Black Time: 09:56
White Time: 09:51 | Black Time: 10:00
White Time: 09:51 | Black Time: 10:00
White Time: 09:55 | Black Time: 09:55
White Time: 09:50 | Black Time: 10:00
White Time: 09:50 | Black Time: 10:00
White Time: 09:55 | Black Time: 09:54
White Time: 09:49 | Black Time: 10:00
White Time: 09:49 | Black Time: 10:00
White Time: 09:55 | Black Time: 09:53
White Time: 09:48 | Black Time: 10:00
White Time: 09:48 | Black Time: 10:00
White Time: 09:55 | Black Time: 09:52
White Time: 09:47 | Black Time: 10:00
White Time: 09:47 | Black Time: 10:00
White Time: 09:55 | Black Time: 09:51
White Time: 09:46 | Black Time: 10:00
White Time: 09:46 | Black Time: 10:00
White Time: 09:55 | Black Time: 09:50
White Time: 09:45 | Black Time: 10:00
White Time: 09:45 | Black Time: 10:00
White Time: 09:55 | Black Time: 09:49
White Time: 09:44 | Black Time: 10:00
White Time: 09:44 | Black Time: 10:00
White Time: 09:55 | Black Time: 09:48
White Time: 09:43 | Black Time: 10:00
White Time: 09:43 | Black Time: 10:00
White Time: 09:55 | Black Time: 09:47
White Time: 09:42 | Black Time: 10:00
White Time: 09:42 | Black Time: 10:00
White Time: 09:55 | Black Time: 09:46
White Time: 09:41 | Black Time: 10:00
White Time: 09:41 | Black Time: 10:00
White Time: 09:55 | Black Time: 09:45
White Time: 09:40 | Black Time: 10:00
White Time: 09:40 | Black Time: 10:00
White Time: 09:55 | Black Time: 09:44
White Time: 09:39 | Black Time: 10:00
White Time: 09:39 | Black Time: 10:00
White Time: 09:55 | Black Time: 09:43
White Time: 09:38 | Black Time: 10:00
White Time: 09:38 | Black Time: 10:00
White Time: 09:55 | Black Time: 09:42
White Time: 09:37 | Black Time: 10:00
White Time: 09:37 | Black Time: 10:00
White Time: 09:55 | Black Time: 09:41
White Time: 09:36 | Black Time: 10:00
White Time: 09:36 | Black Time: 10:00
White Time: 09:55 | Black Time: 09:40
White Time: 09:35 | Black Time: 10:00
White Time: 09:35 | Black Time: 10:00
White Time: 09:55 | Black Time: 09:39
White Time: 09:34 | Black Time: 10:00
White Time: 09:34 | Black Time: 10:00
White Time: 09:55 | Black Time: 09:38
White Time: 09:33 | Black Time: 10:00
White Time: 09:33 | Black Time: 10:00
White Time: 09:55 | Black Time: 09:37
White Time: 09:32 | Black Time: 10:00
White Time: 09:32 | Black Time: 10:00
White Time: 09:55 | Black Time: 09:36
White Time: 09:31 | Black Time: 10:00
White Time: 09:31 | Black Time: 10:00
White Time: 09:55 | Black Time: 09:35
White Time: 09:30 | Black Time: 10:00
White Time: 09:30 | Black Time: 10:00
White Time: 09:55 | Black Time: 09:34
White Time: 09:29 | Black Time: 10:00
White Time: 09:29 | Black Time: 10:00
White Time: 09:55 | Black Time: 09:33
White Time: 09:28 | Black Time: 10:00
White Time: 09:28 | Black Time: 10:00
White Time: 09:55 | Black Time: 09:32
White Time: 09:27 | Black Time: 10:00
White Time: 09:27 | Black Time: 10:00
White Time: 09:55 | Black Time: 09:31
White Time: 09:26 | Black Time: 10:00
White Time: 09:26 | Black Time: 10:00
White Time: 09:55 | Black Time: 09:30
White Time: 09:25 | Black Time: 10:00
White Time: 09:25 | Black Time: 10:00
White Time: 09:55 | Black Time: 09:29
White Time: 09:24 | Black Time: 10:00
White Time: 09:24 | Black Time: 10:00
White Time: 09:55 | Black Time: 09:28
White Time: 09:23 | Black Time: 10:00
White Time: 09:23 | Black Time: 10:00
White Time: 09:55 | Black Time: 09:27
White Time: 09:22 | Black Time: 10:00
White Time: 09:22 | Black Time: 10:00
White Time: 09:55 | Black Time: 09:26
White Time: 09:21 | Black Time: 10:00
White Time: 09:21 | Black Time: 10:00
White Time: 09:55 | Black Time: 09:25
White Time: 09:20 | Black Time: 10:00
White Time: 09:20 | Black Time: 10:00
White Time: 09:55 | Black Time: 09:24
White Time: 09:19 | Black Time: 10:00
White Time: 09:19 | Black Time: 10:00
White Time: 09:55 | Black Time: 09:23
White Time: 09:18 | Black Time: 10:00
White Time: 09:18 | Black Time: 10:00
White Time: 09:55 | Black Time: 09:22
White Time: 09:17 | Black Time: 10:00
White Time: 09:17 | Black Time: 10:00
White Time: 09:55 | Black Time: 09:21
White Time: 09:16 | Black Time: 10:00
White Time: 09:16 | Black Time: 10:00
White Time: 09:55 | Black Time: 09:20
White Time: 09:15 | Black Time: 10:00
White Time: 09:15 | Black Time: 10:00
White Time: 09:55 | Black Time: 09:19
White Time: 09:14 | Black Time: 10:00
White Time: 09:14 | Black Time: 10:00
White Time: 09:55 | Black Time: 09:18
White Time: 09:13 | Black Time: 10:00
White Time: 09:13 | Black Time: 10:00
White Time: 09:55 | Black Time: 09:17
White Time: 09:12 | Black Time: 10:00
White Time: 09:12 | Black Time: 10:00
White Time: 09:55 | Black Time: 09:16
White Time: 09:11 | Black Time: 10:00
White Time: 09:11 | Black Time: 10:00
White Time: 09:55 | Black Time: 09:15
White Time: 09:10 | Black Time: 10:00
White Time: 09:10 | Black Time: 10:00
White Time: 09:55 | Black Time: 09:14
White Time: 09:09 | Black Time: 10:00
White Time: 09:09 | Black Time: 10:00
White Time: 09:55 | Black Time: 09:13
White Time: 09:08 | Black Time: 10:00
White Time: 09:08 | Black Time: 10:00
White Time: 09:55 | Black Time: 09:12
White Time: 09:07 | Black Time: 10:00
White Time: 09:07 | Black Time: 10:00
White Time: 09:55 | Black Time: 09:11
White Time: 09:06 | Black Time: 10:00
White Time: 09:06 | Black Time: 10:00
White Time: 09:55 | Black Time: 09:10
White Time: 09:05 | Black Time: 10:00
White Time: 09:05 | Black Time: 10:00
White Time: 09:55 | Black Time: 09:09
White Time: 09:04 | Black Time: 10:00
White Time: 09:04 | Black Time: 10:00
White Time: 09:55 | Black Time: 09:08
White Time: 09:03 | Black Time: 10:00
White Time: 09:03 | Black Time: 10:00
White Time: 09:55 | Black Time: 09:07
White Time: 09:02 | Black Time: 10:00
White Time: 09:02 | Black Time: 10:00
White Time: 09:55 | Black Time: 09:06
White Time: 09:01 | Black Time: 10:00
White Time: 09:01 | Black Time: 10:00
White Time: 09:55 | Black Time: 09:05
White Time: 09:00 | Black Time: 10:00
White Time: 09:00 | Black Time: 10:00
White Time: 09:55 | Black Time: 09:04
White Time: 08:59 | Black Time: 10:00
White Time: 08:59 | Black Time: 10:00
White Time: 09:55 | Black Time: 09:03
White Time: 08:58 | Black Time: 10:00
White Time: 08:58 | Black Time: 10:00
White Time: 09:55 | Black Time: 09:02
White Time: 08:57 | Black Time: 10:00
White Time: 08:57 | Black Time: 10:00
White Time: 09:55 | Black Time: 09:01
White Time: 08:56 | Black Time: 10:00
White Time: 08:56 | Black Time: 10:00
White Time: 09:55 | Black Time: 09:00
White Time: 08:55 | Black Time: 10:00
White Time: 08:55 | Black Time: 10:00
White Time: 09:55 | Black Time: 08:59
White Time: 08:54 | Black Time: 10:00
White Time: 08:54 | Black Time: 10:00
White Time: 09:55 | Black Time: 08:58
White Time: 08:53 | Black Time: 10:00
White Time: 08:53 | Black Time: 10:00
White Time: 09:55 | Black Time: 08:57
White Time: 08:52 | Black Time: 10:00
White Time: 08:52 | Black Time: 10:00
White Time: 09:55 | Black Time: 08:56
White Time: 08:51 | Black Time: 10:00
White Time: 08:51 | Black Time: 10:00
White Time: 09:55 | Black Time: 08:55
White Time: 08:50 | Black Time: 10:00
White Time: 08:50 | Black Time: 10:00
White Time: 09:55 | Black Time: 08:54
White Time: 08:49 | Black Time: 10:00
White Time: 08:49 | Black Time: 10:00
White Time: 09:55 | Black Time: 08:53
White Time: 08:48 | Black Time: 10:00
White Time: 08:48 | Black Time: 10:00
White Time: 09:55 | Black Time: 08:52
White Time: 08:47 | Black Time: 10:00
White Time: 08:47 | Black Time: 10:00
White Time: 09:55 | Black Time: 08:51
White Time: 08:46 | Black Time: 10:00
White Time: 08:46 | Black Time: 10:00
White Time: 09:55 | Black Time: 08:50
White Time: 08:45 | Black Time: 10:00
White Time: 08:45 | Black Time: 10:00
White Time: 09:55 | Black Time: 08:49
White Time: 08:44 | Black Time: 10:00
White Time: 08:44 | Black Time: 10:00
White Time: 09:55 | Black Time: 08:48
White Time: 08:43 | Black Time: 10:00
White Time: 08:43 | Black Time: 10:00
White Time: 09:55 | Black Time: 08:47
White Time: 08:42 | Black Time: 10:00
White Time: 08:42 | Black Time: 10:00
White Time: 09:55 | Black Time: 08:46
White Time: 08:41 | Black Time: 10:00
White Time: 08:41 | Black Time: 10:00
White Time: 09:55 | Black Time: 08:45
White Time: 08:40 | Black Time: 10:00
White Time: 08:40 | Black Time: 10:00
White Time: 09:55 | Black Time: 08:44
White Time: 08:39 | Black Time: 10:00
White Time: 08:39 | Black Time: 10:00
White Time: 09:55 | Black Time: 08:43
White Time: 08:38 | Black Time: 10:00
White Time: 08:38 | Black Time: 10:00
White Time: 09:55 | Black Time: 08:42
White Time: 08:37 | Black Time: 10:00
White Time: 08:37 | Black Time: 10:00
White Time: 09:55 | Black Time: 08:41
White Time: 08:36 | Black Time: 10:00
White Time: 08:36 | Black Time: 10:00
White Time: 09:55 | Black Time: 08:40
White Time: 08:35 | Black Time: 10:00
White Time: 08:35 | Black Time: 10:00
White Time: 09:55 | Black Time: 08:39
White Time: 08:34 | Black Time: 10:00
White Time: 08:34 | Black Time: 10:00
White Time: 09:55 | Black Time: 08:38
White Time: 08:33 | Black Time: 10:00
White Time: 08:33 | Black Time: 10:00
White Time: 09:55 | Black Time: 08:37
White Time: 08:32 | Black Time: 10:00
White Time: 08:32 | Black Time: 10:00
White Time: 09:55 | Black Time: 08:36
White Time: 08:31 | Black Time: 10:00
White Time: 08:31 | Black Time: 10:00
White Time: 09:55 | Black Time: 08:35
White Time: 08:30 | Black Time: 10:00
White Time: 08:30 | Black Time: 10:00
White Time: 09:55 | Black Time: 08:34
White Time: 08:29 | Black Time: 10:00
White Time: 08:29 | Black Time: 10:00
White Time: 09:55 | Black Time: 08:33
White Time: 08:28 | Black Time: 10:00
White Time: 08:28 | Black Time: 10:00
White Time: 09:55 | Black Time: 08:32
White Time: 08:27 | Black Time: 10:00
White Time: 08:27 | Black Time: 10:00
White Time: 09:55 | Black Time: 08:31
White Time: 08:26 | Black Time: 10:00
White Time: 08:26 | Black Time: 10:00
White Time: 09:55 | Black Time: 08:30
White Time: 08:25 | Black Time: 10:00
White Time: 08:25 | Black Time: 10:00
White Time: 09:55 | Black Time: 08:29
White Time: 08:24 | Black Time: 10:00
White Time: 08:24 | Black Time: 10:00
White Time: 09:55 | Black Time: 08:28
White Time: 08:23 | Black Time: 10:00
White Time: 08:23 | Black Time: 10:00
White Time: 09:55 | Black Time: 08:27
White Time: 08:22 | Black Time: 10:00
White Time: 08:22 | Black Time: 10:00
White Time: 09:55 | Black Time: 08:26
White Time: 08:21 | Black Time: 10:00
White Time: 08:21 | Black Time: 10:00
White Time: 09:55 | Black Time: 08:25
White Time: 08:20 | Black Time: 10:00
White Time: 08:20 | Black Time: 10:00
White Time: 09:55 | Black Time: 08:24
White Time: 08:19 | Black Time: 10:00
White Time: 08:19 | Black Time: 10:00
White Time: 09:55 | Black Time: 08:23
White Time: 08:18 | Black Time: 10:00
White Time: 08:18 | Black Time: 10:00
White Time: 09:55 | Black Time: 08:22
White Time: 08:17 | Black Time: 10:00
White Time: 08:17 | Black Time: 10:00
White Time: 09:55 | Black Time: 08:21
White Time: 08:16 | Black Time: 10:00
White Time: 08:16 | Black Time: 10:00
White Time: 09:55 | Black Time: 08:20
White Time: 08:15 | Black Time: 10:00
White Time: 08:15 | Black Time: 10:00
White Time: 09:55 | Black Time: 08:19
White Time: 08:14 | Black Time: 10:00
White Time: 08:14 | Black Time: 10:00
White Time: 09:55 | Black Time: 08:18
White Time: 08:13 | Black Time: 10:00
White Time: 08:13 | Black Time: 10:00
White Time: 09:55 | Black Time: 08:17
White Time: 08:12 | Black Time: 10:00
White Time: 08:12 | Black Time: 10:00
White Time: 09:55 | Black Time: 08:16
White Time: 08:11 | Black Time: 10:00
White Time: 08:11 | Black Time: 10:00
White Time: 09:55 | Black Time: 08:15
White Time: 08:10 | Black Time: 10:00
White Time: 08:10 | Black Time: 10:00
White Time: 09:55 | Black Time: 08:14
White Time: 08:09 | Black Time: 10:00
White Time: 08:09 | Black Time: 10:00
White Time: 09:55 | Black Time: 08:13
White Time: 08:08 | Black Time: 10:00
White Time: 08:08 | Black Time: 10:00
White Time: 09:55 | Black Time: 08:12
White Time: 08:07 | Black Time: 10:00
White Time: 08:07 | Black Time: 10:00
White Time: 09:55 | Black Time: 08:11
White Time: 08:06 | Black Time: 10:00
White Time: 08:06 | Black Time: 10:00
White Time: 09:55 | Black Time: 08:10
White Time: 08:05 | Black Time: 10:00
White Time: 08:05 | Black Time: 10:00
White Time: 09:55 | Black Time: 08:09
White Time: 08:04 | Black Time: 10:00
White Time: 08:04 | Black Time: 10:00
White Time: 09:55 | Black Time: 08:08
White Time: 08:03 | Black Time: 10:00
White Time: 08:03 | Black Time: 10:00
White Time: 09:55 | Black Time: 08:07
White Time: 08:02 | Black Time: 10:00
White Time: 08:02 | Black Time: 10:00
White Time: 09:55 | Black Time: 08:06
White Time: 08:01 | Black Time: 10:00
White Time: 08:01 | Black Time: 10:00
White Time: 09:55 | Black Time: 08:05
White Time: 08:00 | Black Time: 10:00
White Time: 08:00 | Black Time: 10:00
White Time: 09:55 | Black Time: 08:04
White Time: 07:59 | Black Time: 10:00
White Time: 07:59 | Black Time: 10:00
White Time: 09:55 | Black Time: 08:03
White Time: 07:58 | Black Time: 10:00
White Time: 07:58 | Black Time: 10:00
White Time: 09:55 | Black Time: 08:02
White Time: 07:57 | Black Time: 10:00
White Time: 07:57 | Black Time: 10:00
White Time: 09:55 | Black Time: 08:01
White Time: 07:56 | Black Time: 10:00
White Time: 07:56 | Black Time: 10:00
White Time: 09:55 | Black Time: 08:00
White Time: 07:55 | Black Time: 10:00
White Time: 07:55 | Black Time: 10:00
White Time: 09:55 | Black Time: 07:59
White Time: 07:54 | Black Time: 10:00
White Time: 07:54 | Black Time: 10:00
White Time: 09:55 | Black Time: 07:58
White Time: 07:53 | Black Time: 10:00
White Time: 07:53 | Black Time: 10:00
White Time: 09:55 | Black Time: 07:57
White Time: 07:52 | Black Time: 10:00
White Time: 07:52 | Black Time: 10:00
White Time: 09:55 | Black Time: 07:56
White Time: 07:51 | Black Time: 10:00
White Time: 07:51 | Black Time: 10:00
White Time: 09:55 | Black Time: 07:55
White Time: 07:50 | Black Time: 10:00
White Time: 07:50 | Black Time: 10:00
White Time: 09:55 | Black Time: 07:54
White Time: 07:49 | Black Time: 10:00
White Time: 07:49 | Black Time: 10:00
White Time: 09:55 | Black Time: 07:53
White Time: 07:48 | Black Time: 10:00
White Time: 07:48 | Black Time: 10:00
White Time: 09:55 | Black Time: 07:52
White Time: 07:47 | Black Time: 10:00
White Time: 07:47 | Black Time: 10:00
White Time: 09:55 | Black Time: 07:51
White Time: 07:46 | Black Time: 10:00
White Time: 07:46 | Black Time: 10:00
White Time: 09:55 | Black Time: 07:50
White Time: 07:45 | Black Time: 10:00
White Time: 07:45 | Black Time: 10:00
White Time: 09:55 | Black Time: 07:49
White Time: 07:44 | Black Time: 10:00
White Time: 07:44 | Black Time: 10:00
White Time: 09:55 | Black Time: 07:48
White Time: 07:43 | Black Time: 10:00
White Time: 07:43 | Black Time: 10:00
White Time: 09:55 | Black Time: 07:47
White Time: 07:42 | Black Time: 10:00
White Time: 07:42 | Black Time: 10:00
White Time: 09:55 | Black Time: 07:46
White Time: 07:41 | Black Time: 10:00
White Time: 07:41 | Black Time: 10:00
White Time: 09:55 | Black Time: 07:45
White Time: 07:40 | Black Time: 10:00
White Time: 07:40 | Black Time: 10:00
White Time: 09:55 | Black Time: 07:44
White Time: 07:39 | Black Time: 10:00
White Time: 07:39 | Black Time: 10:00
White Time: 09:55 | Black Time: 07:43
White Time: 07:38 | Black Time: 10:00
White Time: 07:38 | Black Time: 10:00
White Time: 09:55 | Black Time: 07:42
White Time: 07:37 | Black Time: 10:00
White Time: 07:37 | Black Time: 10:00
White Time: 09:55 | Black Time: 07:41
White Time: 07:36 | Black Time: 10:00
White Time: 07:36 | Black Time: 10:00
White Time: 09:55 | Black Time: 07:40
White Time: 07:35 | Black Time: 10:00
White Time: 07:35 | Black Time: 10:00
White Time: 09:55 | Black Time: 07:39
White Time: 07:34 | Black Time: 10:00
White Time: 07:34 | Black Time: 10:00
White Time: 09:55 | Black Time: 07:38
White Time: 07:33 | Black Time: 10:00
White Time: 07:33 | Black Time: 10:00
White Time: 09:55 | Black Time: 07:37
White Time: 07:32 | Black Time: 10:00
White Time: 07:32 | Black Time: 10:00
White Time: 09:55 | Black Time: 07:36
White Time: 07:31 | Black Time: 10:00
White Time: 07:31 | Black Time: 10:00
White Time: 09:55 | Black Time: 07:35
White Time: 07:30 | Black Time: 10:00
White Time: 07:30 | Black Time: 10:00
White Time: 09:55 | Black Time: 07:34
White Time: 07:29 | Black Time: 10:00
White Time: 07:29 | Black Time: 10:00
White Time: 09:55 | Black Time: 07:33
White Time: 07:28 | Black Time: 10:00
White Time: 07:28 | Black Time: 10:00
White Time: 09:55 | Black Time: 07:32
White Time: 07:27 | Black Time: 10:00
White Time: 07:27 | Black Time: 10:00
White Time: 09:55 | Black Time: 07:31
White Time: 07:26 | Black Time: 10:00
White Time: 07:26 | Black Time: 10:00
White Time: 09:55 | Black Time: 07:30
White Time: 07:25 | Black Time: 10:00
White Time: 07:25 | Black Time: 10:00
White Time: 09:55 | Black Time: 07:29
White Time: 07:24 | Black Time: 10:00
White Time: 07:24 | Black Time: 10:00
White Time: 09:55 | Black Time: 07:28
White Time: 07:23 | Black Time: 10:00
White Time: 07:23 | Black Time: 10:00
White Time: 09:55 | Black Time: 07:27
White Time: 07:22 | Black Time: 10:00
White Time: 07:22 | Black Time: 10:00
White Time: 09:55 | Black Time: 07:26
White Time: 07:21 | Black Time: 10:00
White Time: 07:21 | Black Time: 10:00
White Time: 09:55 | Black Time: 07:25
White Time: 07:20 | Black Time: 10:00
White Time: 07:20 | Black Time: 10:00
White Time: 09:55 | Black Time: 07:24
White Time: 07:19 | Black Time: 10:00
White Time: 07:19 | Black Time: 10:00
White Time: 09:55 | Black Time: 07:23
White Time: 07:18 | Black Time: 10:00
White Time: 07:18 | Black Time: 10:00
White Time: 09:55 | Black Time: 07:22
White Time: 07:17 | Black Time: 10:00
White Time: 07:17 | Black Time: 10:00
White Time: 09:55 | Black Time: 07:21
White Time: 07:16 | Black Time: 10:00
White Time: 07:16 | Black Time: 10:00
White Time: 09:55 | Black Time: 07:20
White Time: 07:15 | Black Time: 10:00
White Time: 07:15 | Black Time: 10:00
White Time: 09:55 | Black Time: 07:19
White Time: 07:14 | Black Time: 10:00
White Time: 07:14 | Black Time: 10:00
White Time: 09:55 | Black Time: 07:18
White Time: 07:13 | Black Time: 10:00
White Time: 07:13 | Black Time: 10:00
White Time: 09:55 | Black Time: 07:17
White Time: 07:12 | Black Time: 10:00
White Time: 07:12 | Black Time: 10:00
White Time: 09:55 | Black Time: 07:16
White Time: 07:11 | Black Time: 10:00
White Time: 07:11 | Black Time: 10:00
White Time: 09:55 | Black Time: 07:15
White Time: 07:10 | Black Time: 10:00
White Time: 07:10 | Black Time: 10:00
White Time: 09:55 | Black Time: 07:14
White Time: 07:09 | Black Time: 10:00
White Time: 07:09 | Black Time: 10:00
White Time: 09:55 | Black Time: 07:13
White Time: 07:08 | Black Time: 10:00
White Time: 07:08 | Black Time: 10:00
White Time: 09:55 | Black Time: 07:12
White Time: 07:07 | Black Time: 10:00
White Time: 07:07 | Black Time: 10:00
White Time: 09:55 | Black Time: 07:11
White Time: 07:06 | Black Time: 10:00
White Time: 07:06 | Black Time: 10:00
White Time: 09:55 | Black Time: 07:10
White Time: 07:05 | Black Time: 10:00
White Time: 07:05 | Black Time: 10:00
White Time: 09:55 | Black Time: 07:09
White Time: 07:04 | Black Time: 10:00
White Time: 07:04 | Black Time: 10:00
White Time: 09:55 | Black Time: 07:08
White Time: 07:03 | Black Time: 10:00
White Time: 07:03 | Black Time: 10:00
White Time: 09:55 | Black Time: 07:07
White Time: 07:02 | Black Time: 10:00
White Time: 07:02 | Black Time: 10:00
White Time: 09:55 | Black Time: 07:06
White Time: 07:01 | Black Time: 10:00
White Time: 07:01 | Black Time: 10:00
White Time: 09:55 | Black Time: 07:05
White Time: 07:00 | Black Time: 10:00
White Time: 07:00 | Black Time: 10:00
White Time: 09:55 | Black Time: 07:04
White Time: 06:59 | Black Time: 10:00
White Time: 06:59 | Black Time: 10:00
White Time: 09:55 | Black Time: 07:03
White Time: 06:58 | Black Time: 10:00
White Time: 06:58 | Black Time: 10:00
White Time: 09:55 | Black Time: 07:02
White Time: 06:57 | Black Time: 10:00
White Time: 06:57 | Black Time: 10:00
White Time: 09:55 | Black Time: 07:01
White Time: 06:56 | Black Time: 10:00
White Time: 06:56 | Black Time: 10:00
White Time: 09:55 | Black Time: 07:00
White Time: 06:55 | Black Time: 10:00
White Time: 06:55 | Black Time: 10:00
White Time: 09:55 | Black Time: 06:59
White Time: 06:54 | Black Time: 10:00
White Time: 06:54 | Black Time: 10:00
White Time: 09:55 | Black Time: 06:58
White Time: 06:53 | Black Time: 10:00
White Time: 06:53 | Black Time: 10:00
White Time: 09:55 | Black Time: 06:57
White Time: 06:52 | Black Time: 10:00
White Time: 06:52 | Black Time: 10:00
White Time: 09:55 | Black Time: 06:56
White Time: 06:51 | Black Time: 10:00
White Time: 06:51 | Black Time: 10:00
White Time: 09:55 | Black Time: 06:55
White Time: 06:50 | Black Time: 10:00
White Time: 06:50 | Black Time: 10:00
White Time: 09:55 | Black Time: 06:54
White Time: 06:49 | Black Time: 10:00
White Time: 06:49 | Black Time: 10:00
White Time: 09:55 | Black Time: 06:53
White Time: 06:48 | Black Time: 10:00
White Time: 06:48 | Black Time: 10:00
White Time: 09:55 | Black Time: 06:52
White Time: 06:47 | Black Time: 10:00
White Time: 06:47 | Black Time: 10:00
White Time: 09:55 | Black Time: 06:51
White Time: 06:46 | Black Time: 10:00
White Time: 06:46 | Black Time: 10:00
White Time: 09:55 | Black Time: 06:50
White Time: 06:45 | Black Time: 10:00
White Time: 06:45 | Black Time: 10:00
White Time: 09:55 | Black Time: 06:49
White Time: 06:44 | Black Time: 10:00
White Time: 06:44 | Black Time: 10:00
White Time: 09:55 | Black Time: 06:48
White Time: 06:43 | Black Time: 10:00
White Time: 06:43 | Black Time: 10:00
White Time: 09:55 | Black Time: 06:47
White Time: 06:42 | Black Time: 10:00
White Time: 06:42 | Black Time: 10:00
White Time: 09:55 | Black Time: 06:46
White Time: 06:41 | Black Time: 10:00
White Time: 06:41 | Black Time: 10:00
White Time: 09:55 | Black Time: 06:45
White Time: 06:40 | Black Time: 10:00
White Time: 06:40 | Black Time: 10:00
White Time: 09:55 | Black Time: 06:44
White Time: 06:39 | Black Time: 10:00
White Time: 06:39 | Black Time: 10:00
White Time: 09:55 | Black Time: 06:43
White Time: 06:38 | Black Time: 10:00
White Time: 06:38 | Black Time: 10:00
White Time: 09:55 | Black Time: 06:42
White Time: 06:37 | Black Time: 10:00
White Time: 06:37 | Black Time: 10:00
White Time: 09:55 | Black Time: 06:41
White Time: 06:36 | Black Time: 10:00
White Time: 06:36 | Black Time: 10:00
White Time: 09:55 | Black Time: 06:40
White Time: 06:35 | Black Time: 10:00
White Time: 06:35 | Black Time: 10:00
White Time: 09:55 | Black Time: 06:39
White Time: 06:34 | Black Time: 10:00
White Time: 06:34 | Black Time: 10:00
White Time: 09:55 | Black Time: 06:38
White Time: 06:33 | Black Time: 10:00
White Time: 06:33 | Black Time: 10:00
White Time: 09:55 | Black Time: 06:37
White Time: 06:32 | Black Time: 10:00
White Time: 06:32 | Black Time: 10:00
White Time: 09:55 | Black Time: 06:36
White Time: 06:31 | Black Time: 10:00
White Time: 06:31 | Black Time: 10:00
White Time: 09:55 | Black Time: 06:35
White Time: 06:30 | Black Time: 10:00
White Time: 06:30 | Black Time: 10:00
White Time: 09:55 | Black Time: 06:34
White Time: 06:29 | Black Time: 10:00
White Time: 06:29 | Black Time: 10:00
White Time: 09:55 | Black Time: 06:33
White Time: 06:28 | Black Time: 10:00
White Time: 06:28 | Black Time: 10:00
White Time: 09:55 | Black Time: 06:32
White Time: 06:27 | Black Time: 10:00
White Time: 06:27 | Black Time: 10:00
White Time: 09:55 | Black Time: 06:31
White Time: 06:26 | Black Time: 10:00
White Time: 06:26 | Black Time: 10:00
White Time: 09:55 | Black Time: 06:30
White Time: 06:25 | Black Time: 10:00
White Time: 06:25 | Black Time: 10:00
White Time: 09:55 | Black Time: 06:29
White Time: 06:24 | Black Time: 10:00
White Time: 06:24 | Black Time: 10:00
White Time: 09:55 | Black Time: 06:28
White Time: 06:23 | Black Time: 10:00
White Time: 06:23 | Black Time: 10:00
White Time: 09:55 | Black Time: 06:27
White Time: 06:22 | Black Time: 10:00
White Time: 06:22 | Black Time: 10:00
White Time: 09:55 | Black Time: 06:26
White Time: 06:21 | Black Time: 10:00
White Time: 06:21 | Black Time: 10:00
White Time: 09:55 | Black Time: 06:25
White Time: 06:20 | Black Time: 10:00
White Time: 06:20 | Black Time: 10:00
White Time: 09:55 | Black Time: 06:24
White Time: 06:19 | Black Time: 10:00
White Time: 06:19 | Black Time: 10:00
White Time: 09:55 | Black Time: 06:23
White Time: 06:18 | Black Time: 10:00
White Time: 06:18 | Black Time: 10:00
White Time: 09:55 | Black Time: 06:22
White Time: 06:17 | Black Time: 10:00
White Time: 06:17 | Black Time: 10:00
White Time: 09:55 | Black Time: 06:21
White Time: 06:16 | Black Time: 10:00
White Time: 06:16 | Black Time: 10:00
White Time: 09:55 | Black Time: 06:20
White Time: 06:15 | Black Time: 10:00
White Time: 06:15 | Black Time: 10:00
White Time: 09:55 | Black Time: 06:19
White Time: 06:14 | Black Time: 10:00
White Time: 06:14 | Black Time: 10:00
White Time: 09:55 | Black Time: 06:18
White Time: 06:13 | Black Time: 10:00
White Time: 06:13 | Black Time: 10:00
White Time: 09:55 | Black Time: 06:17
White Time: 06:12 | Black Time: 10:00
White Time: 06:12 | Black Time: 10:00
White Time: 09:55 | Black Time: 06:16
White Time: 06:11 | Black Time: 10:00
White Time: 06:11 | Black Time: 10:00
White Time: 09:55 | Black Time: 06:15
White Time: 06:10 | Black Time: 10:00
White Time: 06:10 | Black Time: 10:00
White Time: 09:55 | Black Time: 06:14
White Time: 06:09 | Black Time: 10:00
White Time: 06:09 | Black Time: 10:00
White Time: 09:55 | Black Time: 06:13
White Time: 06:08 | Black Time: 10:00
White Time: 06:08 | Black Time: 10:00
White Time: 09:55 | Black Time: 06:12
White Time: 06:07 | Black Time: 10:00
White Time: 06:07 | Black Time: 10:00
White Time: 09:55 | Black Time: 06:11
White Time: 06:06 | Black Time: 10:00
White Time: 06:06 | Black Time: 10:00
White Time: 09:55 | Black Time: 06:10
White Time: 06:05 | Black Time: 10:00
White Time: 06:05 | Black Time: 10:00
White Time: 09:55 | Black Time: 06:09
White Time: 06:04 | Black Time: 10:00
White Time: 06:04 | Black Time: 10:00
White Time: 09:55 | Black Time: 06:08
White Time: 06:03 | Black Time: 10:00
White Time: 06:03 | Black Time: 10:00
White Time: 09:55 | Black Time: 06:07
White Time: 06:02 | Black Time: 10:00
White Time: 06:02 | Black Time: 10:00
White Time: 09:55 | Black Time: 06:06
White Time: 06:01 | Black Time: 10:00
White Time: 06:01 | Black Time: 10:00
White Time: 09:55 | Black Time: 06:05
White Time: 06:00 | Black Time: 10:00
White Time: 06:00 | Black Time: 10:00
White Time: 09:55 | Black Time: 06:04
White Time: 05:59 | Black Time: 10:00
White Time: 05:59 | Black Time: 10:00
White Time: 09:55 | Black Time: 06:03
White Time: 05:58 | Black Time: 10:00
White Time: 05:58 | Black Time: 10:00
White Time: 09:55 | Black Time: 06:02
White Time: 05:57 | Black Time: 10:00
White Time: 05:57 | Black Time: 10:00
White Time: 09:55 | Black Time: 06:01
White Time: 05:56 | Black Time: 10:00
White Time: 05:56 | Black Time: 10:00
White Time: 09:55 | Black Time: 06:00
White Time: 05:55 | Black Time: 10:00
White Time: 05:55 | Black Time: 10:00
White Time: 09:55 | Black Time: 05:59
White Time: 05:54 | Black Time: 10:00
White Time: 05:54 | Black Time: 10:00
White Time: 09:55 | Black Time: 05:58
White Time: 05:53 | Black Time: 10:00
White Time: 05:53 | Black Time: 10:00
White Time: 09:55 | Black Time: 05:57
White Time: 05:52 | Black Time: 10:00
White Time: 05:52 | Black Time: 10:00
White Time: 09:55 | Black Time: 05:56
White Time: 05:51 | Black Time: 10:00
White Time: 05:51 | Black Time: 10:00
White Time: 09:55 | Black Time: 05:55
White Time: 05:50 | Black Time: 10:00
White Time: 05:50 | Black Time: 10:00
White Time: 09:55 | Black Time: 05:54
White Time: 05:49 | Black Time: 10:00
White Time: 05:49 | Black Time: 10:00
White Time: 09:55 | Black Time: 05:53
White Time: 05:48 | Black Time: 10:00
White Time: 05:48 | Black Time: 10:00
White Time: 09:55 | Black Time: 05:52
White Time: 05:47 | Black Time: 10:00
White Time: 05:47 | Black Time: 10:00
White Time: 09:55 | Black Time: 05:51
White Time: 05:46 | Black Time: 10:00
White Time: 05:46 | Black Time: 10:00
White Time: 09:55 | Black Time: 05:50
White Time: 05:45 | Black Time: 10:00
White Time: 05:45 | Black Time: 10:00
White Time: 09:55 | Black Time: 05:49
White Time: 05:44 | Black Time: 10:00
White Time: 05:44 | Black Time: 10:00
White Time: 09:55 | Black Time: 05:48
White Time: 05:43 | Black Time: 10:00
White Time: 05:43 | Black Time: 10:00
White Time: 09:55 | Black Time: 05:47
White Time: 05:42 | Black Time: 10:00
White Time: 05:42 | Black Time: 10:00
White Time: 09:55 | Black Time: 05:46
White Time: 05:41 | Black Time: 10:00
White Time: 05:41 | Black Time: 10:00
White Time: 09:55 | Black Time: 05:45
White Time: 05:40 | Black Time: 10:00
White Time: 05:40 | Black Time: 10:00
White Time: 09:55 | Black Time: 05:44
White Time: 05:39 | Black Time: 10:00
White Time: 05:39 | Black Time: 10:00
White Time: 09:55 | Black Time: 05:43
White Time: 05:38 | Black Time: 10:00
White Time: 05:38 | Black Time: 10:00
White Time: 09:55 | Black Time: 05:42
White Time: 05:37 | Black Time: 10:00
White Time: 05:37 | Black Time: 10:00
White Time: 09:55 | Black Time: 05:41
White Time: 05:36 | Black Time: 10:00
White Time: 05:36 | Black Time: 10:00
White Time: 09:55 | Black Time: 05:40
White Time: 05:35 | Black Time: 10:00
White Time: 05:35 | Black Time: 10:00
White Time: 09:55 | Black Time: 05:39
White Time: 05:34 | Black Time: 10:00
White Time: 05:34 | Black Time: 10:00
White Time: 09:55 | Black Time: 05:38
White Time: 05:33 | Black Time: 10:00
White Time: 05:33 | Black Time: 10:00
White Time: 09:55 | Black Time: 05:37
White Time: 05:32 | Black Time: 10:00
White Time: 05:32 | Black Time: 10:00
White Time: 09:55 | Black Time: 05:36
White Time: 05:31 | Black Time: 10:00
White Time: 05:31 | Black Time: 10:00
White Time: 09:55 | Black Time: 05:35
White Time: 05:30 | Black Time: 10:00
White Time: 05:30 | Black Time: 10:00
White Time: 09:55 | Black Time: 05:34
White Time: 05:29 | Black Time: 10:00
White Time: 05:29 | Black Time: 10:00
White Time: 09:55 | Black Time: 05:33
White Time: 05:28 | Black Time: 10:00
White Time: 05:28 | Black Time: 10:00
White Time: 09:55 | Black Time: 05:32
White Time: 05:27 | Black Time: 10:00
White Time: 05:27 | Black Time: 10:00
White Time: 09:55 | Black Time: 05:31
White Time: 05:26 | Black Time: 10:00
White Time: 05:26 | Black Time: 10:00
White Time: 09:55 | Black Time: 05:30
White Time: 05:25 | Black Time: 10:00
White Time: 05:25 | Black Time: 10:00
White Time: 09:55 | Black Time: 05:29
White Time: 05:24 | Black Time: 10:00
White Time: 05:24 | Black Time: 10:00
White Time: 09:55 | Black Time: 05:28
White Time: 05:23 | Black Time: 10:00
White Time: 05:23 | Black Time: 10:00
White Time: 09:55 | Black Time: 05:27
White Time: 05:22 | Black Time: 10:00
White Time: 05:22 | Black Time: 10:00
White Time: 09:55 | Black Time: 05:26
White Time: 05:21 | Black Time: 10:00
White Time: 05:21 | Black Time: 10:00
White Time: 09:55 | Black Time: 05:25
White Time: 05:20 | Black Time: 10:00
White Time: 05:20 | Black Time: 10:00
White Time: 09:55 | Black Time: 05:24
White Time: 05:19 | Black Time: 10:00
White Time: 05:19 | Black Time: 10:00
White Time: 09:55 | Black Time: 05:23
White Time: 05:18 | Black Time: 10:00
White Time: 05:18 | Black Time: 10:00
White Time: 09:55 | Black Time: 05:22
White Time: 05:17 | Black Time: 10:00
White Time: 05:17 | Black Time: 10:00
White Time: 09:55 | Black Time: 05:21
White Time: 05:16 | Black Time: 10:00
White Time: 05:16 | Black Time: 10:00
White Time: 09:55 | Black Time: 05:20
White Time: 05:15 | Black Time: 10:00
White Time: 05:15 | Black Time: 10:00
White Time: 09:55 | Black Time: 05:19
White Time: 05:14 | Black Time: 10:00
White Time: 05:14 | Black Time: 10:00
White Time: 09:55 | Black Time: 05:18
White Time: 05:13 | Black Time: 10:00
White Time: 05:13 | Black Time: 10:00
White Time: 09:55 | Black Time: 05:17
White Time: 05:12 | Black Time: 10:00
White Time: 05:12 | Black Time: 10:00
White Time: 09:55 | Black Time: 05:16
White Time: 05:11 | Black Time: 10:00
White Time: 05:11 | Black Time: 10:00
White Time: 09:55 | Black Time: 05:15
White Time: 05:10 | Black Time: 10:00
White Time: 05:10 | Black Time: 10:00
White Time: 09:55 | Black Time: 05:14
White Time: 05:09 | Black Time: 10:00
White Time: 05:09 | Black Time: 10:00
White Time: 09:55 | Black Time: 05:13
White Time: 05:08 | Black Time: 10:00
White Time: 05:08 | Black Time: 10:00
White Time: 09:55 | Black Time: 05:12
White Time: 05:07 | Black Time: 10:00
White Time: 05:07 | Black Time: 10:00
White Time: 09:55 | Black Time: 05:11
White Time: 05:06 | Black Time: 10:00
White Time: 05:06 | Black Time: 10:00
White Time: 09:55 | Black Time: 05:10
White Time: 05:05 | Black Time: 10:00
White Time: 05:05 | Black Time: 10:00
White Time: 09:55 | Black Time: 05:09
White Time: 05:04 | Black Time: 10:00
White Time: 05:04 | Black Time: 10:00
White Time: 09:55 | Black Time: 05:08
White Time: 05:03 | Black Time: 10:00
White Time: 05:03 | Black Time: 10:00
White Time: 09:55 | Black Time: 05:07
White Time: 05:02 | Black Time: 10:00
White Time: 05:02 | Black Time: 10:00
White Time: 09:55 | Black Time: 05:06
White Time: 05:01 | Black Time: 10:00
White Time: 05:01 | Black Time: 10:00
White Time: 09:55 | Black Time: 05:05
White Time: 05:00 | Black Time: 10:00
White Time: 05:00 | Black Time: 10:00
White Time: 09:55 | Black Time: 05:04
White Time: 04:59 | Black Time: 10:00
White Time: 04:59 | Black Time: 10:00
White Time: 09:55 | Black Time: 05:03
White Time: 04:58 | Black Time: 10:00
White Time: 04:58 | Black Time: 10:00
White Time: 09:55 | Black Time: 05:02
White Time: 04:57 | Black Time: 10:00
White Time: 04:57 | Black Time: 10:00
White Time: 09:55 | Black Time: 05:01
White Time: 04:56 | Black Time: 10:00
White Time: 04:56 | Black Time: 10:00
White Time: 09:55 | Black Time: 05:00
White Time: 04:55 | Black Time: 10:00
White Time: 04:55 | Black Time: 10:00
White Time: 09:55 | Black Time: 04:59
White Time: 04:54 | Black Time: 10:00
White Time: 04:54 | Black Time: 10:00
White Time: 09:55 | Black Time: 04:58
White Time: 04:53 | Black Time: 10:00
White Time: 04:53 | Black Time: 10:00
White Time: 09:55 | Black Time: 04:57
White Time: 04:52 | Black Time: 10:00
White Time: 04:52 | Black Time: 10:00
White Time: 09:55 | Black Time: 04:56
White Time: 04:51 | Black Time: 10:00
White Time: 04:51 | Black Time: 10:00
White Time: 09:55 | Black Time: 04:55
White Time: 04:50 | Black Time: 10:00
White Time: 04:50 | Black Time: 10:00
White Time: 09:55 | Black Time: 04:54
White Time: 04:49 | Black Time: 10:00
White Time: 04:49 | Black Time: 10:00
White Time: 09:55 | Black Time: 04:53
White Time: 04:48 | Black Time: 10:00
White Time: 04:48 | Black Time: 10:00
White Time: 09:55 | Black Time: 04:52
White Time: 04:47 | Black Time: 10:00
White Time: 04:47 | Black Time: 10:00
White Time: 09:55 | Black Time: 04:51
White Time: 04:46 | Black Time: 10:00
White Time: 04:46 | Black Time: 10:00
White Time: 09:55 | Black Time: 04:50
White Time: 04:45 | Black Time: 10:00
White Time: 04:45 | Black Time: 10:00
White Time: 09:55 | Black Time: 04:49
White Time: 04:44 | Black Time: 10:00
White Time: 04:44 | Black Time: 10:00
White Time: 09:55 | Black Time: 04:48
White Time: 04:43 | Black Time: 10:00
White Time: 04:43 | Black Time: 10:00
White Time: 09:55 | Black Time: 04:47
White Time: 04:42 | Black Time: 10:00
White Time: 04:42 | Black Time: 10:00
White Time: 09:55 | Black Time: 04:46
White Time: 04:41 | Black Time: 10:00
White Time: 04:41 | Black Time: 10:00
White Time: 09:55 | Black Time: 04:45
White Time: 04:40 | Black Time: 10:00
White Time: 04:40 | Black Time: 10:00
White Time: 09:55 | Black Time: 04:44
White Time: 04:39 | Black Time: 10:00
White Time: 04:39 | Black Time: 10:00
White Time: 09:55 | Black Time: 04:43
White Time: 04:38 | Black Time: 10:00
White Time: 04:38 | Black Time: 10:00
White Time: 09:55 | Black Time: 04:42
White Time: 04:37 | Black Time: 10:00
White Time: 04:37 | Black Time: 10:00
White Time: 09:55 | Black Time: 04:41
White Time: 04:36 | Black Time: 10:00
White Time: 04:36 | Black Time: 10:00
White Time: 09:55 | Black Time: 04:40
White Time: 04:35 | Black Time: 10:00
White Time: 04:35 | Black Time: 10:00
White Time: 09:55 | Black Time: 04:39
White Time: 04:34 | Black Time: 10:00
White Time: 04:34 | Black Time: 10:00
White Time: 09:55 | Black Time: 04:38
White Time: 04:33 | Black Time: 10:00
White Time: 04:33 | Black Time: 10:00
White Time: 09:55 | Black Time: 04:37
White Time: 04:32 | Black Time: 10:00
White Time: 04:32 | Black Time: 10:00
White Time: 09:55 | Black Time: 04:36
White Time: 04:31 | Black Time: 10:00
White Time: 04:31 | Black Time: 10:00
White Time: 09:55 | Black Time: 04:35
White Time: 04:30 | Black Time: 10:00
White Time: 04:30 | Black Time: 10:00
White Time: 09:55 | Black Time: 04:34
White Time: 04:29 | Black Time: 10:00
White Time: 04:29 | Black Time: 10:00
White Time: 09:55 | Black Time: 04:33
White Time: 04:28 | Black Time: 10:00
White Time: 04:28 | Black Time: 10:00
White Time: 09:55 | Black Time: 04:32
White Time: 04:27 | Black Time: 10:00
White Time: 04:27 | Black Time: 10:00
White Time: 09:55 | Black Time: 04:31
White Time: 04:26 | Black Time: 10:00
White Time: 04:26 | Black Time: 10:00
White Time: 09:55 | Black Time: 04:30
White Time: 04:25 | Black Time: 10:00
White Time: 04:25 | Black Time: 10:00
White Time: 09:55 | Black Time: 04:29
White Time: 04:24 | Black Time: 10:00
White Time: 04:24 | Black Time: 10:00
White Time: 09:55 | Black Time: 04:28
White Time: 04:23 | Black Time: 10:00
White Time: 04:23 | Black Time: 10:00
White Time: 09:55 | Black Time: 04:27
White Time: 04:22 | Black Time: 10:00
White Time: 04:22 | Black Time: 10:00
White Time: 09:55 | Black Time: 04:26
White Time: 04:21 | Black Time: 10:00
White Time: 04:21 | Black Time: 10:00
White Time: 09:55 | Black Time: 04:25
White Time: 04:20 | Black Time: 10:00
White Time: 04:20 | Black Time: 10:00
White Time: 09:55 | Black Time: 04:24
White Time: 04:19 | Black Time: 10:00
White Time: 04:19 | Black Time: 10:00
White Time: 09:55 | Black Time: 04:23
White Time: 04:18 | Black Time: 10:00
White Time: 04:18 | Black Time: 10:00
White Time: 09:55 | Black Time: 04:22
White Time: 04:17 | Black Time: 10:00
White Time: 04:17 | Black Time: 10:00
White Time: 09:55 | Black Time: 04:21
White Time: 04:16 | Black Time: 10:00
White Time: 04:16 | Black Time: 10:00
White Time: 09:55 | Black Time: 04:20
White Time: 04:15 | Black Time: 10:00
White Time: 04:15 | Black Time: 10:00
White Time: 09:55 | Black Time: 04:19
White Time: 04:14 | Black Time: 10:00
White Time: 04:14 | Black Time: 10:00
White Time: 09:55 | Black Time: 04:18
White Time: 04:13 | Black Time: 10:00
White Time: 04:13 | Black Time: 10:00
White Time: 09:55 | Black Time: 04:17
White Time: 04:12 | Black Time: 10:00
White Time: 04:12 | Black Time: 10:00
White Time: 09:55 | Black Time: 04:16
White Time: 04:11 | Black Time: 10:00
White Time: 04:11 | Black Time: 10:00
White Time: 09:55 | Black Time: 04:15
White Time: 04:10 | Black Time: 10:00
White Time: 04:10 | Black Time: 10:00
White Time: 09:55 | Black Time: 04:14
White Time: 04:09 | Black Time: 10:00
White Time: 04:09 | Black Time: 10:00
White Time: 09:55 | Black Time: 04:13
White Time: 04:08 | Black Time: 10:00
White Time: 04:08 | Black Time: 10:00
White Time: 09:55 | Black Time: 04:12
White Time: 04:07 | Black Time: 10:00
White Time: 04:07 | Black Time: 10:00
White Time: 09:55 | Black Time: 04:11
White Time: 04:06 | Black Time: 10:00
White Time: 04:06 | Black Time: 10:00
White Time: 09:55 | Black Time: 04:10
White Time: 04:05 | Black Time: 10:00
White Time: 04:05 | Black Time: 10:00
White Time: 09:55 | Black Time: 04:09
White Time: 04:04 | Black Time: 10:00
White Time: 04:04 | Black Time: 10:00
White Time: 09:55 | Black Time: 04:08
White Time: 04:03 | Black Time: 10:00
White Time: 04:03 | Black Time: 10:00
White Time: 09:55 | Black Time: 04:07
White Time: 04:02 | Black Time: 10:00
White Time: 04:02 | Black Time: 10:00
White Time: 09:55 | Black Time: 04:06
White Time: 04:01 | Black Time: 10:00
White Time: 04:01 | Black Time: 10:00
White Time: 09:55 | Black Time: 04:05
White Time: 04:00 | Black Time: 10:00
White Time: 04:00 | Black Time: 10:00
White Time: 09:55 | Black Time: 04:04
White Time: 03:59 | Black Time: 10:00
White Time: 03:59 | Black Time: 10:00
White Time: 09:55 | Black Time: 04:03
White Time: 03:58 | Black Time: 10:00
White Time: 03:58 | Black Time: 10:00
White Time: 09:55 | Black Time: 04:02
White Time: 03:57 | Black Time: 10:00
White Time: 03:57 | Black Time: 10:00
White Time: 09:55 | Black Time: 04:01
White Time: 03:56 | Black Time: 10:00
White Time: 03:56 | Black Time: 10:00
White Time: 09:55 | Black Time: 04:00
White Time: 03:55 | Black Time: 10:00
White Time: 03:55 | Black Time: 10:00
White Time: 09:55 | Black Time: 03:59
White Time: 03:54 | Black Time: 10:00
White Time: 03:54 | Black Time: 10:00
White Time: 09:55 | Black Time: 03:58
White Time: 03:53 | Black Time: 10:00
White Time: 03:53 | Black Time: 10:00
White Time: 09:55 | Black Time: 03:57
White Time: 03:52 | Black Time: 10:00
White Time: 03:52 | Black Time: 10:00
White Time: 09:55 | Black Time: 03:56
White Time: 03:51 | Black Time: 10:00
White Time: 03:51 | Black Time: 10:00
White Time: 09:55 | Black Time: 03:55
White Time: 03:50 | Black Time: 10:00
White Time: 03:50 | Black Time: 10:00
White Time: 09:55 | Black Time: 03:54
White Time: 03:49 | Black Time: 10:00
White Time: 03:49 | Black Time: 10:00
White Time: 09:55 | Black Time: 03:53
White Time: 03:48 | Black Time: 10:00
White Time: 03:48 | Black Time: 10:00
White Time: 09:55 | Black Time: 03:52
White Time: 03:47 | Black Time: 10:00
White Time: 03:47 | Black Time: 10:00
White Time: 09:55 | Black Time: 03:51
White Time: 03:46 | Black Time: 10:00
White Time: 03:46 | Black Time: 10:00
White Time: 09:55 | Black Time: 03:50
White Time: 03:45 | Black Time: 10:00
White Time: 03:45 | Black Time: 10:00
White Time: 09:55 | Black Time: 03:49
White Time: 03:44 | Black Time: 10:00
White Time: 03:44 | Black Time: 10:00
White Time: 09:55 | Black Time: 03:48
White Time: 03:43 | Black Time: 10:00
White Time: 03:43 | Black Time: 10:00
White Time: 09:55 | Black Time: 03:47
White Time: 03:42 | Black Time: 10:00
White Time: 03:42 | Black Time: 10:00
White Time: 09:55 | Black Time: 03:46
White Time: 03:41 | Black Time: 10:00
White Time: 03:41 | Black Time: 10:00
White Time: 09:55 | Black Time: 03:45
White Time: 03:40 | Black Time: 10:00
White Time: 03:40 | Black Time: 10:00
White Time: 09:55 | Black Time: 03:44
White Time: 03:39 | Black Time: 10:00
White Time: 03:39 | Black Time: 10:00
White Time: 09:55 | Black Time: 03:43
White Time: 03:38 | Black Time: 10:00
White Time: 03:38 | Black Time: 10:00
White Time: 09:55 | Black Time: 03:42
White Time: 03:37 | Black Time: 10:00
White Time: 03:37 | Black Time: 10:00
White Time: 09:55 | Black Time: 03:41
White Time: 03:36 | Black Time: 10:00
White Time: 03:36 | Black Time: 10:00
White Time: 09:55 | Black Time: 03:40
White Time: 03:35 | Black Time: 10:00
White Time: 03:35 | Black Time: 10:00
White Time: 09:55 | Black Time: 03:39
White Time: 03:34 | Black Time: 10:00
White Time: 03:34 | Black Time: 10:00
White Time: 09:55 | Black Time: 03:38
White Time: 03:33 | Black Time: 10:00
White Time: 03:33 | Black Time: 10:00
White Time: 09:55 | Black Time: 03:37
White Time: 03:32 | Black Time: 10:00
White Time: 03:32 | Black Time: 10:00
White Time: 09:55 | Black Time: 03:36
White Time: 03:31 | Black Time: 10:00
White Time: 03:31 | Black Time: 10:00
White Time: 09:55 | Black Time: 03:35
White Time: 03:30 | Black Time: 10:00
White Time: 03:30 | Black Time: 10:00
White Time: 09:55 | Black Time: 03:34
White Time: 03:29 | Black Time: 10:00
White Time: 03:29 | Black Time: 10:00
White Time: 09:55 | Black Time: 03:33
White Time: 03:28 | Black Time: 10:00
White Time: 03:28 | Black Time: 10:00
White Time: 09:55 | Black Time: 03:32
White Time: 03:27 | Black Time: 10:00
White Time: 03:27 | Black Time: 10:00
White Time: 09:55 | Black Time: 03:31
White Time: 03:26 | Black Time: 10:00
White Time: 03:26 | Black Time: 10:00
White Time: 09:55 | Black Time: 03:30
White Time: 03:25 | Black Time: 10:00
White Time: 03:25 | Black Time: 10:00
White Time: 09:55 | Black Time: 03:29
White Time: 03:24 | Black Time: 10:00
White Time: 03:24 | Black Time: 10:00
White Time: 09:55 | Black Time: 03:28
White Time: 03:23 | Black Time: 10:00
White Time: 03:23 | Black Time: 10:00
White Time: 09:55 | Black Time: 03:27
White Time: 03:22 | Black Time: 10:00
White Time: 03:22 | Black Time: 10:00
White Time: 09:55 | Black Time: 03:26
White Time: 03:21 | Black Time: 10:00
White Time: 03:21 | Black Time: 10:00
White Time: 09:55 | Black Time: 03:25
White Time: 03:20 | Black Time: 10:00
White Time: 03:20 | Black Time: 10:00
White Time: 09:55 | Black Time: 03:24
White Time: 03:19 | Black Time: 10:00
White Time: 03:19 | Black Time: 10:00
White Time: 09:55 | Black Time: 03:23
White Time: 03:18 | Black Time: 10:00
White Time: 03:18 | Black Time: 10:00
White Time: 09:55 | Black Time: 03:22
White Time: 03:17 | Black Time: 10:00
White Time: 03:17 | Black Time: 10:00
White Time: 09:55 | Black Time: 03:21
White Time: 03:16 | Black Time: 10:00
White Time: 03:16 | Black Time: 10:00
White Time: 09:55 | Black Time: 03:20
White Time: 03:15 | Black Time: 10:00
White Time: 03:15 | Black Time: 10:00
White Time: 09:55 | Black Time: 03:19
White Time: 03:14 | Black Time: 10:00
White Time: 03:14 | Black Time: 10:00
White Time: 09:55 | Black Time: 03:18
White Time: 03:13 | Black Time: 10:00
White Time: 03:13 | Black Time: 10:00
White Time: 09:55 | Black Time: 03:17
White Time: 03:12 | Black Time: 10:00
White Time: 03:12 | Black Time: 10:00
White Time: 09:55 | Black Time: 03:16
White Time: 03:11 | Black Time: 10:00
White Time: 03:11 | Black Time: 10:00
White Time: 09:55 | Black Time: 03:15
White Time: 03:10 | Black Time: 10:00
White Time: 03:10 | Black Time: 10:00
White Time: 09:55 | Black Time: 03:14
White Time: 03:09 | Black Time: 10:00
White Time: 03:09 | Black Time: 10:00
White Time: 09:55 | Black Time: 03:13
White Time: 03:08 | Black Time: 10:00
White Time: 03:08 | Black Time: 10:00
White Time: 09:55 | Black Time: 03:12
White Time: 03:07 | Black Time: 10:00
White Time: 03:07 | Black Time: 10:00
White Time: 09:55 | Black Time: 03:11
White Time: 03:06 | Black Time: 10:00
White Time: 03:06 | Black Time: 10:00
White Time: 09:55 | Black Time: 03:10
White Time: 03:05 | Black Time: 10:00
White Time: 03:05 | Black Time: 10:00
White Time: 09:55 | Black Time: 03:09
White Time: 03:04 | Black Time: 10:00
White Time: 03:04 | Black Time: 10:00
White Time: 09:55 | Black Time: 03:08
White Time: 03:03 | Black Time: 10:00
White Time: 03:03 | Black Time: 10:00
White Time: 09:55 | Black Time: 03:07
White Time: 03:02 | Black Time: 10:00
White Time: 03:02 | Black Time: 10:00
White Time: 09:55 | Black Time: 03:06
White Time: 03:01 | Black Time: 10:00
White Time: 03:01 | Black Time: 10:00
White Time: 09:55 | Black Time: 03:05
White Time: 03:00 | Black Time: 10:00
White Time: 03:00 | Black Time: 10:00
White Time: 09:55 | Black Time: 03:04
White Time: 02:59 | Black Time: 10:00
White Time: 02:59 | Black Time: 10:00
White Time: 09:55 | Black Time: 03:03
White Time: 02:58 | Black Time: 10:00
White Time: 02:58 | Black Time: 10:00
White Time: 09:55 | Black Time: 03:02
White Time: 02:57 | Black Time: 10:00
White Time: 02:57 | Black Time: 10:00
White Time: 09:55 | Black Time: 03:01
White Time: 02:56 | Black Time: 10:00
White Time: 02:56 | Black Time: 10:00
White Time: 09:55 | Black Time: 03:00
White Time: 02:55 | Black Time: 10:00
White Time: 02:55 | Black Time: 10:00
White Time: 09:55 | Black Time: 02:59
White Time: 02:54 | Black Time: 10:00
White Time: 02:54 | Black Time: 10:00
White Time: 09:55 | Black Time: 02:58
White Time: 02:53 | Black Time: 10:00
White Time: 02:53 | Black Time: 10:00
White Time: 09:55 | Black Time: 02:57
White Time: 02:52 | Black Time: 10:00
White Time: 02:52 | Black Time: 10:00
White Time: 09:55 | Black Time: 02:56
White Time: 02:51 | Black Time: 10:00
White Time: 02:51 | Black Time: 10:00
White Time: 09:55 | Black Time: 02:55
White Time: 02:50 | Black Time: 10:00
White Time: 02:50 | Black Time: 10:00
White Time: 09:55 | Black Time: 02:54
White Time: 02:49 | Black Time: 10:00
White Time: 02:49 | Black Time: 10:00
White Time: 09:55 | Black Time: 02:53
White Time: 02:48 | Black Time: 10:00
White Time: 02:48 | Black Time: 10:00
White Time: 09:55 | Black Time: 02:52
White Time: 02:47 | Black Time: 10:00
White Time: 02:47 | Black Time: 10:00
White Time: 09:55 | Black Time: 02:51
White Time: 02:46 | Black Time: 10:00
White Time: 02:46 | Black Time: 10:00
White Time: 09:55 | Black Time: 02:50
White Time: 02:45 | Black Time: 10:00
White Time: 02:45 | Black Time: 10:00
White Time: 09:55 | Black Time: 02:49
White Time: 02:44 | Black Time: 10:00
White Time: 02:44 | Black Time: 10:00
White Time: 09:55 | Black Time: 02:48
White Time: 02:43 | Black Time: 10:00
White Time: 02:43 | Black Time: 10:00
White Time: 09:55 | Black Time: 02:47
White Time: 02:42 | Black Time: 10:00
White Time: 02:42 | Black Time: 10:00
White Time: 09:55 | Black Time: 02:46
White Time: 02:41 | Black Time: 10:00
White Time: 02:41 | Black Time: 10:00
White Time: 09:55 | Black Time: 02:45
White Time: 02:40 | Black Time: 10:00
White Time: 02:40 | Black Time: 10:00
White Time: 09:55 | Black Time: 02:44
White Time: 02:39 | Black Time: 10:00
White Time: 02:39 | Black Time: 10:00
White Time: 09:55 | Black Time: 02:43
White Time: 02:38 | Black Time: 10:00
White Time: 02:38 | Black Time: 10:00
White Time: 09:55 | Black Time: 02:42
White Time: 02:37 | Black Time: 10:00
White Time: 02:37 | Black Time: 10:00
White Time: 09:55 | Black Time: 02:41
White Time: 02:36 | Black Time: 10:00
White Time: 02:36 | Black Time: 10:00
White Time: 09:55 | Black Time: 02:40
White Time: 02:35 | Black Time: 10:00
White Time: 02:35 | Black Time: 10:00
White Time: 09:55 | Black Time: 02:39
White Time: 02:34 | Black Time: 10:00
White Time: 02:34 | Black Time: 10:00
White Time: 09:55 | Black Time: 02:38
White Time: 02:33 | Black Time: 10:00
White Time: 02:33 | Black Time: 10:00
White Time: 09:55 | Black Time: 02:37
White Time: 02:32 | Black Time: 10:00
White Time: 02:32 | Black Time: 10:00
White Time: 09:55 | Black Time: 02:36
White Time: 02:31 | Black Time: 10:00
White Time: 02:31 | Black Time: 10:00
White Time: 09:55 | Black Time: 02:35
White Time: 02:30 | Black Time: 10:00
White Time: 02:30 | Black Time: 10:00
White Time: 09:55 | Black Time: 02:34
White Time: 02:29 | Black Time: 10:00
White Time: 02:29 | Black Time: 10:00
White Time: 09:55 | Black Time: 02:33
White Time: 02:28 | Black Time: 10:00
White Time: 02:28 | Black Time: 10:00
White Time: 09:55 | Black Time: 02:32
White Time: 02:27 | Black Time: 10:00
White Time: 02:27 | Black Time: 10:00
White Time: 09:55 | Black Time: 02:31
White Time: 02:26 | Black Time: 10:00
White Time: 02:26 | Black Time: 10:00
White Time: 09:55 | Black Time: 02:30
White Time: 02:25 | Black Time: 10:00
White Time: 02:25 | Black Time: 10:00
White Time: 09:55 | Black Time: 02:29
White Time: 02:24 | Black Time: 10:00
White Time: 02:24 | Black Time: 10:00
White Time: 09:55 | Black Time: 02:28
White Time: 02:23 | Black Time: 10:00
White Time: 02:23 | Black Time: 10:00
White Time: 09:55 | Black Time: 02:27
White Time: 02:22 | Black Time: 10:00
White Time: 02:22 | Black Time: 10:00
White Time: 09:55 | Black Time: 02:26
White Time: 02:21 | Black Time: 10:00
White Time: 02:21 | Black Time: 10:00
White Time: 09:55 | Black Time: 02:25
White Time: 02:20 | Black Time: 10:00
White Time: 02:20 | Black Time: 10:00
White Time: 09:55 | Black Time: 02:24
White Time: 02:19 | Black Time: 10:00
White Time: 02:19 | Black Time: 10:00
White Time: 09:55 | Black Time: 02:23
White Time: 02:18 | Black Time: 10:00
White Time: 02:18 | Black Time: 10:00
White Time: 09:55 | Black Time: 02:22
White Time: 02:17 | Black Time: 10:00
White Time: 02:17 | Black Time: 10:00
White Time: 09:55 | Black Time: 02:21
White Time: 02:16 | Black Time: 10:00
White Time: 02:16 | Black Time: 10:00
White Time: 09:55 | Black Time: 02:20
White Time: 02:15 | Black Time: 10:00
White Time: 02:15 | Black Time: 10:00
White Time: 09:55 | Black Time: 02:19
White Time: 02:14 | Black Time: 10:00
White Time: 02:14 | Black Time: 10:00
White Time: 09:55 | Black Time: 02:18
White Time: 02:13 | Black Time: 10:00
White Time: 02:13 | Black Time: 10:00
White Time: 09:55 | Black Time: 02:17
White Time: 02:12 | Black Time: 10:00
White Time: 02:12 | Black Time: 10:00
White Time: 09:55 | Black Time: 02:16
White Time: 02:11 | Black Time: 10:00
White Time: 02:11 | Black Time: 10:00
White Time: 09:55 | Black Time: 02:15
White Time: 02:10 | Black Time: 10:00
White Time: 02:10 | Black Time: 10:00
White Time: 09:55 | Black Time: 02:14
White Time: 02:09 | Black Time: 10:00
White Time: 02:09 | Black Time: 10:00
White Time: 09:55 | Black Time: 02:13
White Time: 02:08 | Black Time: 10:00
White Time: 02:08 | Black Time: 10:00
White Time: 09:55 | Black Time: 02:12
White Time: 02:07 | Black Time: 10:00
White Time: 02:07 | Black Time: 10:00
White Time: 09:55 | Black Time: 02:11
White Time: 02:06 | Black Time: 10:00
White Time: 02:06 | Black Time: 10:00
White Time: 09:55 | Black Time: 02:10
White Time: 02:05 | Black Time: 10:00
White Time: 02:05 | Black Time: 10:00
White Time: 09:55 | Black Time: 02:09
White Time: 02:04 | Black Time: 10:00
White Time: 02:04 | Black Time: 10:00
White Time: 09:55 | Black Time: 02:08
White Time: 02:03 | Black Time: 10:00
White Time: 02:03 | Black Time: 10:00
White Time: 09:55 | Black Time: 02:07
White Time: 02:02 | Black Time: 10:00
White Time: 02:02 | Black Time: 10:00
White Time: 09:55 | Black Time: 02:06
White Time: 02:01 | Black Time: 10:00
White Time: 02:01 | Black Time: 10:00
White Time: 09:55 | Black Time: 02:05
White Time: 02:00 | Black Time: 10:00
White Time: 02:00 | Black Time: 10:00
White Time: 09:55 | Black Time: 02:04
White Time: 01:59 | Black Time: 10:00
White Time: 01:59 | Black Time: 10:00
White Time: 09:55 | Black Time: 02:03
White Time: 01:58 | Black Time: 10:00
White Time: 01:58 | Black Time: 10:00
White Time: 09:55 | Black Time: 02:02
White Time: 01:57 | Black Time: 10:00
White Time: 01:57 | Black Time: 10:00
White Time: 09:55 | Black Time: 02:01
White Time: 01:56 | Black Time: 10:00
White Time: 01:56 | Black Time: 10:00
White Time: 09:55 | Black Time: 02:00
White Time: 01:55 | Black Time: 10:00
White Time: 01:55 | Black Time: 10:00
White Time: 09:55 | Black Time: 01:59
White Time: 01:54 | Black Time: 10:00
White Time: 01:54 | Black Time: 10:00
White Time: 09:55 | Black Time: 01:58
White Time: 01:53 | Black Time: 10:00
White Time: 01:53 | Black Time: 10:00
White Time: 09:55 | Black Time: 01:57
White Time: 01:52 | Black Time: 10:00
White Time: 01:52 | Black Time: 10:00
White Time: 09:55 | Black Time: 01:56
White Time: 01:51 | Black Time: 10:00
White Time: 01:51 | Black Time: 10:00
White Time: 09:55 | Black Time: 01:55
White Time: 01:50 | Black Time: 10:00
White Time: 01:50 | Black Time: 10:00
White Time: 09:55 | Black Time: 01:54
White Time: 01:49 | Black Time: 10:00
White Time: 01:49 | Black Time: 10:00
White Time: 09:55 | Black Time: 01:53
White Time: 01:48 | Black Time: 10:00
White Time: 01:48 | Black Time: 10:00
White Time: 09:55 | Black Time: 01:52
White Time: 01:47 | Black Time: 10:00
White Time: 01:47 | Black Time: 10:00
White Time: 09:55 | Black Time: 01:51
White Time: 01:46 | Black Time: 10:00
White Time: 01:46 | Black Time: 10:00
White Time: 09:55 | Black Time: 01:50
White Time: 01:45 | Black Time: 10:00
White Time: 01:45 | Black Time: 10:00
White Time: 09:55 | Black Time: 01:49
White Time: 01:44 | Black Time: 10:00
White Time: 01:44 | Black Time: 10:00
White Time: 09:55 | Black Time: 01:48
White Time: 01:43 | Black Time: 10:00
White Time: 01:43 | Black Time: 10:00
White Time: 09:55 | Black Time: 01:47
White Time: 01:42 | Black Time: 10:00
White Time: 01:42 | Black Time: 10:00
White Time: 09:55 | Black Time: 01:46
White Time: 01:41 | Black Time: 10:00
White Time: 01:41 | Black Time: 10:00
White Time: 09:55 | Black Time: 01:45
White Time: 01:40 | Black Time: 10:00
White Time: 01:40 | Black Time: 10:00
White Time: 09:55 | Black Time: 01:44
White Time: 01:39 | Black Time: 10:00
White Time: 01:39 | Black Time: 10:00
White Time: 09:55 | Black Time: 01:43
White Time: 01:38 | Black Time: 10:00
White Time: 01:38 | Black Time: 10:00
White Time: 09:55 | Black Time: 01:42
White Time: 01:37 | Black Time: 10:00
White Time: 01:37 | Black Time: 10:00
White Time: 09:55 | Black Time: 01:41
White Time: 01:36 | Black Time: 10:00
White Time: 01:36 | Black Time: 10:00
White Time: 09:55 | Black Time: 01:40
White Time: 01:35 | Black Time: 10:00
White Time: 01:35 | Black Time: 10:00
White Time: 09:55 | Black Time: 01:39
White Time: 01:34 | Black Time: 10:00
White Time: 01:34 | Black Time: 10:00
White Time: 09:55 | Black Time: 01:38
White Time: 01:33 | Black Time: 10:00
White Time: 01:33 | Black Time: 10:00
White Time: 09:55 | Black Time: 01:37
White Time: 01:32 | Black Time: 10:00
White Time: 01:32 | Black Time: 10:00
White Time: 09:55 | Black Time: 01:36
White Time: 01:31 | Black Time: 10:00
White Time: 01:31 | Black Time: 10:00
White Time: 09:55 | Black Time: 01:35
White Time: 01:30 | Black Time: 10:00
White Time: 01:30 | Black Time: 10:00
White Time: 09:55 | Black Time: 01:34
White Time: 01:29 | Black Time: 10:00
White Time: 01:29 | Black Time: 10:00
White Time: 09:55 | Black Time: 01:33
White Time: 01:28 | Black Time: 10:00
White Time: 01:28 | Black Time: 10:00
White Time: 09:55 | Black Time: 01:32
White Time: 01:27 | Black Time: 10:00
White Time: 01:27 | Black Time: 10:00
White Time: 09:55 | Black Time: 01:31
White Time: 01:26 | Black Time: 10:00
White Time: 01:26 | Black Time: 10:00
White Time: 09:55 | Black Time: 01:30
White Time: 01:25 | Black Time: 10:00
White Time: 01:25 | Black Time: 10:00
White Time: 09:55 | Black Time: 01:29
White Time: 01:24 | Black Time: 10:00
White Time: 01:24 | Black Time: 10:00
White Time: 09:55 | Black Time: 01:28
White Time: 01:23 | Black Time: 10:00
White Time: 01:23 | Black Time: 10:00
White Time: 09:55 | Black Time: 01:27
White Time: 01:22 | Black Time: 10:00
White Time: 01:22 | Black Time: 10:00
White Time: 09:55 | Black Time: 01:26
White Time: 01:21 | Black Time: 10:00
White Time: 01:21 | Black Time: 10:00
White Time: 09:55 | Black Time: 01:25
White Time: 01:20 | Black Time: 10:00
White Time: 01:20 | Black Time: 10:00
White Time: 09:55 | Black Time: 01:24
White Time: 01:19 | Black Time: 10:00
White Time: 01:19 | Black Time: 10:00
White Time: 09:55 | Black Time: 01:23
White Time: 01:18 | Black Time: 10:00
White Time: 01:18 | Black Time: 10:00
White Time: 09:55 | Black Time: 01:22
White Time: 01:17 | Black Time: 10:00
White Time: 01:17 | Black Time: 10:00
White Time: 09:55 | Black Time: 01:21
White Time: 01:16 | Black Time: 10:00
White Time: 01:16 | Black Time: 10:00
White Time: 09:55 | Black Time: 01:20
White Time: 01:15 | Black Time: 10:00
White Time: 01:15 | Black Time: 10:00
White Time: 09:55 | Black Time: 01:19
White Time: 01:14 | Black Time: 10:00
White Time: 01:14 | Black Time: 10:00
White Time: 09:55 | Black Time: 01:18
White Time: 01:13 | Black Time: 10:00
White Time: 01:13 | Black Time: 10:00
White Time: 09:55 | Black Time: 01:17
White Time: 01:12 | Black Time: 10:00
White Time: 01:12 | Black Time: 10:00
White Time: 09:55 | Black Time: 01:16
White Time: 01:11 | Black Time: 10:00
White Time: 01:11 | Black Time: 10:00
White Time: 09:55 | Black Time: 01:15
White Time: 01:10 | Black Time: 10:00
White Time: 01:10 | Black Time: 10:00
White Time: 09:55 | Black Time: 01:14
White Time: 01:09 | Black Time: 10:00
White Time: 01:09 | Black Time: 10:00
White Time: 09:55 | Black Time: 01:13
White Time: 01:08 | Black Time: 10:00
White Time: 01:08 | Black Time: 10:00
White Time: 09:55 | Black Time: 01:12
White Time: 01:07 | Black Time: 10:00
White Time: 01:07 | Black Time: 10:00
White Time: 09:55 | Black Time: 01:11
White Time: 01:06 | Black Time: 10:00
White Time: 01:06 | Black Time: 10:00
White Time: 09:55 | Black Time: 01:10
White Time: 01:05 | Black Time: 10:00
White Time: 01:05 | Black Time: 10:00
White Time: 09:55 | Black Time: 01:09
White Time: 01:04 | Black Time: 10:00
White Time: 01:04 | Black Time: 10:00
White Time: 09:55 | Black Time: 01:08
White Time: 01:03 | Black Time: 10:00
White Time: 01:03 | Black Time: 10:00
White Time: 09:55 | Black Time: 01:07
White Time: 01:02 | Black Time: 10:00
White Time: 01:02 | Black Time: 10:00
White Time: 09:55 | Black Time: 01:06
White Time: 01:01 | Black Time: 10:00
White Time: 01:01 | Black Time: 10:00
White Time: 09:55 | Black Time: 01:05
White Time: 01:00 | Black Time: 10:00
White Time: 01:00 | Black Time: 10:00
White Time: 09:55 | Black Time: 01:04
White Time: 00:59 | Black Time: 10:00
White Time: 00:59 | Black Time: 10:00
White Time: 09:55 | Black Time: 01:03
White Time: 00:58 | Black Time: 10:00
White Time: 00:58 | Black Time: 10:00
White Time: 09:55 | Black Time: 01:02
White Time: 00:57 | Black Time: 10:00
White Time: 00:57 | Black Time: 10:00
White Time: 09:55 | Black Time: 01:01
White Time: 00:56 | Black Time: 10:00
White Time: 00:56 | Black Time: 10:00
White Time: 09:55 | Black Time: 01:00
White Time: 00:55 | Black Time: 10:00
White Time: 00:55 | Black Time: 10:00
White Time: 09:55 | Black Time: 00:59
White Time: 00:54 | Black Time: 10:00
White Time: 00:54 | Black Time: 10:00
White Time: 09:55 | Black Time: 00:58
White Time: 00:53 | Black Time: 10:00
White Time: 00:53 | Black Time: 10:00
White Time: 09:55 | Black Time: 00:57
White Time: 00:52 | Black Time: 10:00
White Time: 00:52 | Black Time: 10:00
White Time: 09:55 | Black Time: 00:56
White Time: 00:51 | Black Time: 10:00
White Time: 00:51 | Black Time: 10:00
White Time: 09:55 | Black Time: 00:55
White Time: 00:50 | Black Time: 10:00
White Time: 00:50 | Black Time: 10:00
White Time: 09:55 | Black Time: 00:54
White Time: 00:49 | Black Time: 10:00
White Time: 00:49 | Black Time: 10:00
White Time: 09:55 | Black Time: 00:53
White Time: 00:48 | Black Time: 10:00
White Time: 00:48 | Black Time: 10:00
White Time: 09:55 | Black Time: 00:52
White Time: 00:47 | Black Time: 10:00
White Time: 00:47 | Black Time: 10:00
White Time: 09:55 | Black Time: 00:51
White Time: 00:46 | Black Time: 10:00
White Time: 00:46 | Black Time: 10:00
White Time: 09:55 | Black Time: 00:50
White Time: 00:45 | Black Time: 10:00
White Time: 00:45 | Black Time: 10:00
White Time: 09:55 | Black Time: 00:49
White Time: 00:44 | Black Time: 10:00
White Time: 00:44 | Black Time: 10:00
White Time: 09:55 | Black Time: 00:48
White Time: 00:43 | Black Time: 10:00
White Time: 00:43 | Black Time: 10:00
White Time: 09:55 | Black Time: 00:47
White Time: 00:42 | Black Time: 10:00
White Time: 00:42 | Black Time: 10:00
White Time: 09:55 | Black Time: 00:46
White Time: 00:41 | Black Time: 10:00
White Time: 00:41 | Black Time: 10:00
White Time: 09:55 | Black Time: 00:45
White Time: 00:40 | Black Time: 10:00
White Time: 00:40 | Black Time: 10:00
White Time: 09:55 | Black Time: 00:44
White Time: 00:39 | Black Time: 10:00
White Time: 00:39 | Black Time: 10:00
White Time: 09:55 | Black Time: 00:43
White Time: 00:38 | Black Time: 10:00
White Time: 00:38 | Black Time: 10:00
White Time: 09:55 | Black Time: 00:42
White Time: 00:37 | Black Time: 10:00
White Time: 00:37 | Black Time: 10:00
White Time: 09:55 | Black Time: 00:41
White Time: 00:36 | Black Time: 10:00
White Time: 00:36 | Black Time: 10:00
White Time: 09:55 | Black Time: 00:40
White Time: 00:35 | Black Time: 10:00
White Time: 00:35 | Black Time: 10:00
White Time: 09:55 | Black Time: 00:39
White Time: 00:34 | Black Time: 10:00
White Time: 00:34 | Black Time: 10:00
White Time: 09:55 | Black Time: 00:38
White Time: 00:33 | Black Time: 10:00
White Time: 00:33 | Black Time: 10:00
White Time: 09:55 | Black Time: 00:37
White Time: 00:32 | Black Time: 10:00
White Time: 00:32 | Black Time: 10:00
White Time: 09:55 | Black Time: 00:36
White Time: 00:31 | Black Time: 10:00
White Time: 00:31 | Black Time: 10:00
White Time: 09:55 | Black Time: 00:35
White Time: 00:30 | Black Time: 10:00
White Time: 00:30 | Black Time: 10:00
White Time: 09:55 | Black Time: 00:34
White Time: 00:29 | Black Time: 10:00
White Time: 00:29 | Black Time: 10:00
White Time: 09:55 | Black Time: 00:33
White Time: 00:28 | Black Time: 10:00
White Time: 00:28 | Black Time: 10:00
White Time: 09:55 | Black Time: 00:32
White Time: 00:27 | Black Time: 10:00
White Time: 00:27 | Black Time: 10:00
White Time: 09:55 | Black Time: 00:31
White Time: 00:26 | Black Time: 10:00
White Time: 00:26 | Black Time: 10:00
White Time: 09:55 | Black Time: 00:30
White Time: 00:25 | Black Time: 10:00
White Time: 00:25 | Black Time: 10:00
White Time: 09:55 | Black Time: 00:29
White Time: 00:24 | Black Time: 10:00
White Time: 00:24 | Black Time: 10:00
White Time: 09:55 | Black Time: 00:28
White Time: 00:23 | Black Time: 10:00
White Time: 00:23 | Black Time: 10:00
White Time: 09:55 | Black Time: 00:27
White Time: 00:22 | Black Time: 10:00
White Time: 00:22 | Black Time: 10:00
White Time: 09:55 | Black Time: 00:26
White Time: 00:21 | Black Time: 10:00
White Time: 00:21 | Black Time: 10:00
White Time: 09:55 | Black Time: 00:25
White Time: 00:20 | Black Time: 10:00
White Time: 00:20 | Black Time: 10:00
White Time: 09:55 | Black Time: 00:24
White Time: 00:19 | Black Time: 10:00
White Time: 00:19 | Black Time: 10:00
White Time: 09:55 | Black Time: 00:23
White Time: 00:18 | Black Time: 10:00
White Time: 00:18 | Black Time: 10:00
White Time: 09:55 | Black Time: 00:22
White Time: 00:17 | Black Time: 10:00
White Time: 00:17 | Black Time: 10:00
White Time: 09:55 | Black Time: 00:21
White Time: 00:16 | Black Time: 10:00
White Time: 00:16 | Black Time: 10:00
White Time: 09:55 | Black Time: 00:20
White Time: 00:15 | Black Time: 10:00
White Time: 00:15 | Black Time: 10:00
White Time: 09:55 | Black Time: 00:19
White Time: 00:14 | Black Time: 10:00
White Time: 00:14 | Black Time: 10:00
White Time: 09:55 | Black Time: 00:18
White Time: 00:13 | Black Time: 10:00
White Time: 00:13 | Black Time: 10:00
White Time: 09:55 | Black Time: 00:17
White Time: 00:12 | Black Time: 10:00
White Time: 00:12 | Black Time: 10:00
White Time: 09:55 | Black Time: 00:16
White Time: 00:11 | Black Time: 10:00
White Time: 00:11 | Black Time: 10:00
White Time: 09:55 | Black Time: 00:15
White Time: 00:10 | Black Time: 10:00
White Time: 00:10 | Black Time: 10:00
White Time: 09:55 | Black Time: 00:14
White Time: 00:09 | Black Time: 10:00
White Time: 00:09 | Black Time: 10:00
White Time: 09:55 | Black Time: 00:13
White Time: 00:08 | Black Time: 10:00
White Time: 00:08 | Black Time: 10:00
White Time: 09:55 | Black Time: 00:12
White Time: 00:07 | Black Time: 10:00
White Time: 00:07 | Black Time: 10:00
White Time: 09:55 | Black Time: 00:11
White Time: 00:06 | Black Time: 10:00
White Time: 00:06 | Black Time: 10:00
White Time: 09:55 | Black Time: 00:10
White Time: 00:05 | Black Time: 10:00
White Time: 00:05 | Black Time: 10:00
White Time: 09:55 | Black Time: 00:09
White Time: 00:04 | Black Time: 10:00
White Time: 00:04 | Black Time: 10:00
White Time: 09:55 | Black Time: 00:08
White Time: 00:03 | Black Time: 10:00
White Time: 00:03 | Black Time: 10:00
White Time: 09:55 | Black Time: 00:07
White Time: 00:02 | Black Time: 10:00
White Time: 00:02 | Black Time: 10:00
White Time: 09:55 | Black Time: 00:06
White Time: 00:01 | Black Time: 10:00
White Time: 00:01 | Black Time: 10:00
White Time: 09:55 | Black Time: 00:05
เล่นเสียง: victory
White Time: 00:00 | Black Time: 10:00
White Time: 09:55 | Black Time: 00:04
White Time: 00:00 | Black Time: 10:00
White Time: 09:55 | Black Time: 00:03
White Time: 00:00 | Black Time: 10:00
White Time: 09:55 | Black Time: 00:02
White Time: 00:00 | Black Time: 10:00
White Time: 09:55 | Black Time: 00:01
White Time: 00:00 | Black Time: 10:00
เล่นเสียง: victory
White Time: 00:00 | Black Time: 10:00
White Time: 00:00 | Black Time: 10:00
White Time: 00:00 | Black Time: 10:00
Game over! Winner: WHITE
เล่นเสียง: victory
White Time: 00:00 | Black Time: 10:00
White Time: 09:55 | Black Time: 00:00
White Time: 00:00 | Black Time: 10:00
Game over! Winner: BLACK
เล่นเสียง: victory
White Time: 00:00 | Black Time: 10:00
White Time: 00:00 | Black Time: 10:00
White Time: 00:00 | Black Time: 10:00
White Time: 00:00 | Black Time: 10:00
White Time: 00:00 | Black Time: 10:00
White Time: 00:00 | Black Time: 10:00
White Time: 00:00 | Black Time: 10:00
White Time: 00:00 | Black Time: 10:00
White Time: 00:00 | Black Time: 10:00
White Time: 00:00 | Black Time: 10:00
White Time: 00:00 | Black Time: 10:00
White Time: 00:00 | Black Time: 10:00
White Time: 00:00 | Black Time: 10:00
White Time: 00:00 | Black Time: 10:00
White Time: 00:00 | Black Time: 10:00
