=== Application Started at Thu Mar 13 01:55:30 GMT+07:00 2025 ===
โหลดไฟล์จาก: C:\Project OOP Final\OOP FINAL\src\main\..\..\assets\icon\ICONKMITL.png
โหลดไฟล์จาก: C:\Project OOP Final\OOP FINAL\src\main\..\..\assets\icon\minimizeButton.png
โหลดไฟล์จาก: C:\Project OOP Final\OOP FINAL\src\main\..\..\assets\icon\resizeButton.png
โหลดไฟล์จาก: C:\Project OOP Final\OOP FINAL\src\main\..\..\assets\icon\closeButton.png
โหลดไฟล์จาก: C:\Project OOP Final\OOP FINAL\src\main\..\..\assets\background1.jpg
โหลดไฟล์จาก: C:\Project OOP Final\OOP FINAL\src\main\..\..\assets\icon\ICONKMITL.png
โหลดไฟล์จาก: C:\Project OOP Final\OOP FINAL\src\main\..\..\assets\Rok\Rok.png
พบไฟล์ที่: C:\Project OOP Final\OOP FINAL\src\main\..\..\assets\sound\select.wav
โหลดไฟล์เสียงสำเร็จ: select.wav
พบไฟล์ที่: C:\Project OOP Final\OOP FINAL\src\main\..\..\assets\sound\move.wav
โหลดไฟล์เสียงสำเร็จ: move.wav
พบไฟล์ที่: C:\Project OOP Final\OOP FINAL\src\main\..\..\assets\sound\capture.wav
โหลดไฟล์เสียงสำเร็จ: capture.wav
พบไฟล์ที่: C:\Project OOP Final\OOP FINAL\src\main\..\..\assets\sound\start.wav
โหลดไฟล์เสียงสำเร็จ: start.wav
พบไฟล์ที่: C:\Project OOP Final\OOP FINAL\src\main\..\..\assets\sound\error.wav
โหลดไฟล์เสียงสำเร็จ: error.wav
พบไฟล์ที่: C:\Project OOP Final\OOP FINAL\src\main\..\..\assets\sound\victory.wav
โหลดไฟล์เสียงสำเร็จ: victory.wav
พบไฟล์ที่: C:\Project OOP Final\OOP FINAL\src\main\..\..\assets\sound\SongGame.wav
โหลดไฟล์เสียงสำเร็จ: SongGame.wav
เล่นเสียงแบบวนซ้ำ: SongGame
โหลดไฟล์จาก: C:\Project OOP Final\OOP FINAL\src\main\..\..\assets\icon\AppIcon.png
เล่นเสียง: select
เล่นเสียง: select
เล่นเสียง: select
เล่นเสียง: select
เล่นเสียง: select
เล่นเสียง: select
เล่นเสียง: select
เล่นเสียง: select
โหลดไฟล์จาก: C:\Project OOP Final\OOP FINAL\src\main\..\..\assets\background2.jpg
เล่นเสียง: select
เล่นเสียง: select
เล่นเสียง: select
เล่นเสียง: select
โหลดไฟล์จาก: C:\Project OOP Final\OOP FINAL\src\main\..\..\assets\background2.jpg
Dialog shown successfully
โหลดไฟล์จาก: C:\Project OOP Final\OOP FINAL\src\main\..\..\assets\background2.jpg
เล่นเสียง: select
เล่นเสียง: select
โหลดไฟล์จาก: C:\Project OOP Final\OOP FINAL\src\main\..\..\assets\background2.jpg
เล่นเสียง: select
เล่นเสียง: select
Dialog shown successfully
เล่นเสียง: select
เสียง: ปิด
หยุดเสียงทั้งหมด
โหลดไฟล์จาก: C:\Project OOP Final\OOP FINAL\src\main\..\..\assets\background2.jpg
โหลดไฟล์จาก: C:\Project OOP Final\OOP FINAL\src\main\..\..\assets\background2.jpg
โหลดไฟล์จาก: C:\Project OOP Final\OOP FINAL\src\main\..\..\assets\background2.jpg
โหลดไฟล์จาก: C:\Project OOP Final\OOP FINAL\src\main\..\..\assets\background2.jpg
โหลดไฟล์จาก: C:\Project OOP Final\OOP FINAL\src\main\..\..\assets\background2.jpg
โหลดไฟล์จาก: C:\Project OOP Final\OOP FINAL\src\main\..\..\assets\background2.jpg
โหลดไฟล์จาก: C:\Project OOP Final\OOP FINAL\src\main\..\..\assets\background2.jpg
โหลดไฟล์จาก: C:\Project OOP Final\OOP FINAL\src\main\..\..\assets\background2.jpg
โหลดไฟล์จาก: C:\Project OOP Final\OOP FINAL\src\main\..\..\assets\background2.jpg
โหลดไฟล์จาก: C:\Project OOP Final\OOP FINAL\src\main\..\..\assets\background2.jpg
โหลดไฟล์จาก: C:\Project OOP Final\OOP FINAL\src\main\..\..\assets\background2.jpg
เสียง: เปิด
เล่นเสียงแบบวนซ้ำ: SongGame
ตั้งความดังเสียง SongGame: 1.0
เสียง: ปิด
หยุดเสียงทั้งหมด
